mode: set
github.com/freiheit-com/kuberpult/services/cd-service/cmd/server/main.go:22.13,24.2 1 0
github.com/freiheit-com/kuberpult/services/cd-service/pkg/cloudrun/cloudrun.go:34.65,36.16 2 0
github.com/freiheit-com/kuberpult/services/cd-service/pkg/cloudrun/cloudrun.go:36.16,38.3 1 0
github.com/freiheit-com/kuberpult/services/cd-service/pkg/cloudrun/cloudrun.go:40.2,49.16 4 0
github.com/freiheit-com/kuberpult/services/cd-service/pkg/cloudrun/cloudrun.go:49.16,51.3 1 0
github.com/freiheit-com/kuberpult/services/cd-service/pkg/cloudrun/cloudrun.go:52.2,53.60 2 0
github.com/freiheit-com/kuberpult/services/cd-service/pkg/cloudrun/cloudrun.go:56.94,57.21 1 0
github.com/freiheit-com/kuberpult/services/cd-service/pkg/cloudrun/cloudrun.go:57.21,59.3 1 0
github.com/freiheit-com/kuberpult/services/cd-service/pkg/cloudrun/cloudrun.go:61.2,62.12 2 0
github.com/freiheit-com/kuberpult/services/cd-service/pkg/notify/notify.go:32.61,38.30 5 0
github.com/freiheit-com/kuberpult/services/cd-service/pkg/notify/notify.go:38.30,40.3 1 0
github.com/freiheit-com/kuberpult/services/cd-service/pkg/notify/notify.go:42.2,43.20 2 0
github.com/freiheit-com/kuberpult/services/cd-service/pkg/notify/notify.go:43.20,47.3 3 0
github.com/freiheit-com/kuberpult/services/cd-service/pkg/notify/notify.go:50.27,53.36 3 0
github.com/freiheit-com/kuberpult/services/cd-service/pkg/notify/notify.go:53.36,54.10 1 0
github.com/freiheit-com/kuberpult/services/cd-service/pkg/notify/notify.go:55.25,55.25 0 0
github.com/freiheit-com/kuberpult/services/cd-service/pkg/notify/notify.go:56.11,56.11 0 0
github.com/freiheit-com/kuberpult/services/cd-service/pkg/notify/notify.go:63.79,69.33 5 0
github.com/freiheit-com/kuberpult/services/cd-service/pkg/notify/notify.go:69.33,71.3 1 0
github.com/freiheit-com/kuberpult/services/cd-service/pkg/notify/notify.go:72.2,73.20 2 0
github.com/freiheit-com/kuberpult/services/cd-service/pkg/notify/notify.go:73.20,77.3 3 0
github.com/freiheit-com/kuberpult/services/cd-service/pkg/notify/notify.go:80.65,83.39 3 0
github.com/freiheit-com/kuberpult/services/cd-service/pkg/notify/notify.go:83.39,84.10 1 0
github.com/freiheit-com/kuberpult/services/cd-service/pkg/notify/notify.go:85.26,85.26 0 0
github.com/freiheit-com/kuberpult/services/cd-service/pkg/notify/notify.go:86.11,86.11 0 0
github.com/freiheit-com/kuberpult/services/cd-service/pkg/notify/notify.go:91.74,97.36 5 0
github.com/freiheit-com/kuberpult/services/cd-service/pkg/notify/notify.go:97.36,99.3 1 0
github.com/freiheit-com/kuberpult/services/cd-service/pkg/notify/notify.go:101.2,102.20 2 0
github.com/freiheit-com/kuberpult/services/cd-service/pkg/notify/notify.go:102.20,106.3 3 0
github.com/freiheit-com/kuberpult/services/cd-service/pkg/notify/notify.go:109.40,112.42 3 0
github.com/freiheit-com/kuberpult/services/cd-service/pkg/notify/notify.go:112.42,113.10 1 0
github.com/freiheit-com/kuberpult/services/cd-service/pkg/notify/notify.go:114.25,114.25 0 0
github.com/freiheit-com/kuberpult/services/cd-service/pkg/notify/notify.go:115.11,115.11 0 0
github.com/freiheit-com/kuberpult/services/cd-service/pkg/interceptors/interceptors.go:34.54,36.74 1 0
github.com/freiheit-com/kuberpult/services/cd-service/pkg/interceptors/interceptors.go:36.74,38.3 1 0
github.com/freiheit-com/kuberpult/services/cd-service/pkg/interceptors/interceptors.go:39.2,40.16 2 0
github.com/freiheit-com/kuberpult/services/cd-service/pkg/interceptors/interceptors.go:40.16,42.3 1 0
github.com/freiheit-com/kuberpult/services/cd-service/pkg/interceptors/interceptors.go:43.2,45.15 3 0
github.com/freiheit-com/kuberpult/services/cd-service/pkg/repository/testrepository/testrepository.go:27.47,30.2 1 0
github.com/freiheit-com/kuberpult/services/cd-service/pkg/repository/testrepository/testrepository.go:37.103,39.2 1 0
github.com/freiheit-com/kuberpult/services/cd-service/pkg/repository/testrepository/testrepository.go:41.87,43.2 1 0
github.com/freiheit-com/kuberpult/services/cd-service/pkg/repository/testrepository/testrepository.go:44.62,46.2 1 0
github.com/freiheit-com/kuberpult/services/cd-service/pkg/repository/testrepository/testrepository.go:48.241,50.2 1 0
github.com/freiheit-com/kuberpult/services/cd-service/pkg/repository/testrepository/testrepository.go:52.56,55.2 1 0
github.com/freiheit-com/kuberpult/services/cd-service/pkg/repository/testrepository/testrepository.go:57.67,60.2 1 0
github.com/freiheit-com/kuberpult/services/cd-service/pkg/repository/testrepository/testrepository.go:62.54,64.2 1 0
github.com/freiheit-com/kuberpult/services/cd-service/pkg/repository/testssh/server.go:60.38,76.95 9 0
github.com/freiheit-com/kuberpult/services/cd-service/pkg/repository/testssh/server.go:76.95,79.4 1 0
github.com/freiheit-com/kuberpult/services/cd-service/pkg/repository/testssh/server.go:81.2,95.12 7 0
github.com/freiheit-com/kuberpult/services/cd-service/pkg/repository/testssh/server.go:95.12,96.7 1 0
github.com/freiheit-com/kuberpult/services/cd-service/pkg/repository/testssh/server.go:96.7,98.18 2 0
github.com/freiheit-com/kuberpult/services/cd-service/pkg/repository/testssh/server.go:98.18,101.5 2 0
github.com/freiheit-com/kuberpult/services/cd-service/pkg/repository/testssh/server.go:102.4,102.38 1 0
github.com/freiheit-com/kuberpult/services/cd-service/pkg/repository/testssh/server.go:105.2,105.12 1 0
github.com/freiheit-com/kuberpult/services/cd-service/pkg/repository/testssh/server.go:108.86,111.16 3 0
github.com/freiheit-com/kuberpult/services/cd-service/pkg/repository/testssh/server.go:111.16,114.3 2 0
github.com/freiheit-com/kuberpult/services/cd-service/pkg/repository/testssh/server.go:115.2,117.27 3 0
github.com/freiheit-com/kuberpult/services/cd-service/pkg/repository/testssh/server.go:117.27,118.39 1 0
github.com/freiheit-com/kuberpult/services/cd-service/pkg/repository/testssh/server.go:118.39,120.4 1 0
github.com/freiheit-com/kuberpult/services/cd-service/pkg/repository/testssh/server.go:121.3,122.17 2 0
github.com/freiheit-com/kuberpult/services/cd-service/pkg/repository/testssh/server.go:122.17,125.4 2 0
github.com/freiheit-com/kuberpult/services/cd-service/pkg/repository/testssh/server.go:126.3,127.25 2 0
github.com/freiheit-com/kuberpult/services/cd-service/pkg/repository/testssh/server.go:127.25,128.20 1 0
github.com/freiheit-com/kuberpult/services/cd-service/pkg/repository/testssh/server.go:129.15,132.72 3 0
github.com/freiheit-com/kuberpult/services/cd-service/pkg/repository/testssh/server.go:133.16,137.70 4 0
github.com/freiheit-com/kuberpult/services/cd-service/pkg/repository/testssh/server.go:137.70,142.6 4 0
github.com/freiheit-com/kuberpult/services/cd-service/pkg/repository/testssh/server.go:143.5,143.38 1 0
github.com/freiheit-com/kuberpult/services/cd-service/pkg/repository/testssh/server.go:143.38,145.6 1 0
github.com/freiheit-com/kuberpult/services/cd-service/pkg/repository/testssh/server.go:146.5,159.19 14 0
github.com/freiheit-com/kuberpult/services/cd-service/pkg/repository/testssh/server.go:159.19,161.6 1 0
github.com/freiheit-com/kuberpult/services/cd-service/pkg/repository/testssh/server.go:162.5,163.15 2 0
github.com/freiheit-com/kuberpult/services/cd-service/pkg/repository/testssh/server.go:164.12,166.15 2 0
github.com/freiheit-com/kuberpult/services/cd-service/pkg/repository/testssh/server.go:173.52,175.2 1 0
github.com/freiheit-com/kuberpult/services/cd-service/pkg/repository/testssh/server.go:177.31,179.2 1 0
github.com/freiheit-com/kuberpult/services/cd-service/pkg/cmd/errors.go:25.51,27.2 1 0
github.com/freiheit-com/kuberpult/services/cd-service/pkg/cmd/errors.go:34.51,35.29 1 0
github.com/freiheit-com/kuberpult/services/cd-service/pkg/cmd/errors.go:35.29,37.3 1 0
github.com/freiheit-com/kuberpult/services/cd-service/pkg/cmd/errors.go:38.2,38.29 1 0
github.com/freiheit-com/kuberpult/services/cd-service/pkg/cmd/errors.go:38.29,40.3 1 0
github.com/freiheit-com/kuberpult/services/cd-service/pkg/cmd/errors.go:41.2,41.32 1 0
github.com/freiheit-com/kuberpult/services/cd-service/pkg/cmd/server.go:129.61,130.20 1 0
github.com/freiheit-com/kuberpult/services/cd-service/pkg/cmd/server.go:130.20,132.3 1 0
github.com/freiheit-com/kuberpult/services/cd-service/pkg/cmd/server.go:132.8,134.3 1 0
github.com/freiheit-com/kuberpult/services/cd-service/pkg/cmd/server.go:137.18,138.75 1 0
github.com/freiheit-com/kuberpult/services/cd-service/pkg/cmd/server.go:138.75,143.17 3 0
github.com/freiheit-com/kuberpult/services/cd-service/pkg/cmd/server.go:143.17,145.4 1 0
github.com/freiheit-com/kuberpult/services/cd-service/pkg/cmd/server.go:146.3,148.17 3 0
github.com/freiheit-com/kuberpult/services/cd-service/pkg/cmd/server.go:148.17,150.4 1 0
github.com/freiheit-com/kuberpult/services/cd-service/pkg/cmd/server.go:152.3,152.24 1 0
github.com/freiheit-com/kuberpult/services/cd-service/pkg/cmd/server.go:152.24,154.24 2 0
github.com/freiheit-com/kuberpult/services/cd-service/pkg/cmd/server.go:154.24,156.5 1 0
github.com/freiheit-com/kuberpult/services/cd-service/pkg/cmd/server.go:157.4,158.18 2 0
github.com/freiheit-com/kuberpult/services/cd-service/pkg/cmd/server.go:158.18,160.5 1 0
github.com/freiheit-com/kuberpult/services/cd-service/pkg/cmd/server.go:161.4,163.18 3 0
github.com/freiheit-com/kuberpult/services/cd-service/pkg/cmd/server.go:163.18,165.5 1 0
github.com/freiheit-com/kuberpult/services/cd-service/pkg/cmd/server.go:166.4,166.25 1 0
github.com/freiheit-com/kuberpult/services/cd-service/pkg/cmd/server.go:169.3,170.16 2 0
github.com/freiheit-com/kuberpult/services/cd-service/pkg/cmd/server.go:170.16,171.21 1 0
github.com/freiheit-com/kuberpult/services/cd-service/pkg/cmd/server.go:171.21,173.5 1 0
github.com/freiheit-com/kuberpult/services/cd-service/pkg/cmd/server.go:174.4,174.27 1 0
github.com/freiheit-com/kuberpult/services/cd-service/pkg/cmd/server.go:174.27,176.5 1 0
github.com/freiheit-com/kuberpult/services/cd-service/pkg/cmd/server.go:177.4,177.62 1 0
github.com/freiheit-com/kuberpult/services/cd-service/pkg/cmd/server.go:178.9,180.4 1 0
github.com/freiheit-com/kuberpult/services/cd-service/pkg/cmd/server.go:181.3,182.17 2 0
github.com/freiheit-com/kuberpult/services/cd-service/pkg/cmd/server.go:182.17,184.4 1 0
github.com/freiheit-com/kuberpult/services/cd-service/pkg/cmd/server.go:185.3,186.17 2 0
github.com/freiheit-com/kuberpult/services/cd-service/pkg/cmd/server.go:186.17,188.4 1 0
github.com/freiheit-com/kuberpult/services/cd-service/pkg/cmd/server.go:190.3,197.52 3 0
github.com/freiheit-com/kuberpult/services/cd-service/pkg/cmd/server.go:197.52,199.4 1 0
github.com/freiheit-com/kuberpult/services/cd-service/pkg/cmd/server.go:201.3,209.22 3 0
github.com/freiheit-com/kuberpult/services/cd-service/pkg/cmd/server.go:209.22,219.4 4 0
github.com/freiheit-com/kuberpult/services/cd-service/pkg/cmd/server.go:221.3,221.22 1 0
github.com/freiheit-com/kuberpult/services/cd-service/pkg/cmd/server.go:221.22,223.18 2 0
github.com/freiheit-com/kuberpult/services/cd-service/pkg/cmd/server.go:223.18,225.5 1 0
github.com/freiheit-com/kuberpult/services/cd-service/pkg/cmd/server.go:226.4,226.68 1 0
github.com/freiheit-com/kuberpult/services/cd-service/pkg/cmd/server.go:228.3,229.27 2 0
github.com/freiheit-com/kuberpult/services/cd-service/pkg/cmd/server.go:229.27,230.69 1 0
github.com/freiheit-com/kuberpult/services/cd-service/pkg/cmd/server.go:230.69,232.19 2 0
github.com/freiheit-com/kuberpult/services/cd-service/pkg/cmd/server.go:232.19,234.14 2 0
github.com/freiheit-com/kuberpult/services/cd-service/pkg/cmd/server.go:236.5,236.47 1 0
github.com/freiheit-com/kuberpult/services/cd-service/pkg/cmd/server.go:241.3,243.43 2 0
github.com/freiheit-com/kuberpult/services/cd-service/pkg/cmd/server.go:243.43,247.4 1 0
github.com/freiheit-com/kuberpult/services/cd-service/pkg/cmd/server.go:248.3,248.38 1 0
github.com/freiheit-com/kuberpult/services/cd-service/pkg/cmd/server.go:248.38,252.4 1 0
github.com/freiheit-com/kuberpult/services/cd-service/pkg/cmd/server.go:253.3,253.57 1 0
github.com/freiheit-com/kuberpult/services/cd-service/pkg/cmd/server.go:253.57,257.4 1 0
github.com/freiheit-com/kuberpult/services/cd-service/pkg/cmd/server.go:258.3,258.74 1 0
github.com/freiheit-com/kuberpult/services/cd-service/pkg/cmd/server.go:258.74,262.4 1 0
github.com/freiheit-com/kuberpult/services/cd-service/pkg/cmd/server.go:263.3,263.48 1 0
github.com/freiheit-com/kuberpult/services/cd-service/pkg/cmd/server.go:263.48,267.4 1 0
github.com/freiheit-com/kuberpult/services/cd-service/pkg/cmd/server.go:269.3,270.37 2 0
github.com/freiheit-com/kuberpult/services/cd-service/pkg/cmd/server.go:270.37,272.18 2 0
github.com/freiheit-com/kuberpult/services/cd-service/pkg/cmd/server.go:272.18,274.5 1 0
github.com/freiheit-com/kuberpult/services/cd-service/pkg/cmd/server.go:276.3,277.28 2 0
github.com/freiheit-com/kuberpult/services/cd-service/pkg/cmd/server.go:277.28,279.34 2 0
github.com/freiheit-com/kuberpult/services/cd-service/pkg/cmd/server.go:279.34,294.5 1 0
github.com/freiheit-com/kuberpult/services/cd-service/pkg/cmd/server.go:294.10,294.37 1 0
github.com/freiheit-com/kuberpult/services/cd-service/pkg/cmd/server.go:294.37,309.5 1 0
github.com/freiheit-com/kuberpult/services/cd-service/pkg/cmd/server.go:309.10,311.5 1 0
github.com/freiheit-com/kuberpult/services/cd-service/pkg/cmd/server.go:312.4,313.18 2 0
github.com/freiheit-com/kuberpult/services/cd-service/pkg/cmd/server.go:313.18,315.5 1 0
github.com/freiheit-com/kuberpult/services/cd-service/pkg/cmd/server.go:316.4,317.19 2 0
github.com/freiheit-com/kuberpult/services/cd-service/pkg/cmd/server.go:317.19,319.5 1 0
github.com/freiheit-com/kuberpult/services/cd-service/pkg/cmd/server.go:321.4,322.21 2 0
github.com/freiheit-com/kuberpult/services/cd-service/pkg/cmd/server.go:322.21,324.5 1 0
github.com/freiheit-com/kuberpult/services/cd-service/pkg/cmd/server.go:325.4,325.75 1 0
github.com/freiheit-com/kuberpult/services/cd-service/pkg/cmd/server.go:328.3,351.17 3 0
github.com/freiheit-com/kuberpult/services/cd-service/pkg/cmd/server.go:351.17,353.4 1 0
github.com/freiheit-com/kuberpult/services/cd-service/pkg/cmd/server.go:355.3,360.66 2 0
github.com/freiheit-com/kuberpult/services/cd-service/pkg/cmd/server.go:360.66,365.31 3 0
github.com/freiheit-com/kuberpult/services/cd-service/pkg/cmd/server.go:365.31,367.5 1 0
github.com/freiheit-com/kuberpult/services/cd-service/pkg/cmd/server.go:368.4,369.31 2 0
github.com/freiheit-com/kuberpult/services/cd-service/pkg/cmd/server.go:369.31,371.19 2 0
github.com/freiheit-com/kuberpult/services/cd-service/pkg/cmd/server.go:371.19,373.6 1 0
github.com/freiheit-com/kuberpult/services/cd-service/pkg/cmd/server.go:375.5,377.7 1 0
github.com/freiheit-com/kuberpult/services/cd-service/pkg/cmd/server.go:379.4,385.18 3 0
github.com/freiheit-com/kuberpult/services/cd-service/pkg/cmd/server.go:385.18,387.5 1 0
github.com/freiheit-com/kuberpult/services/cd-service/pkg/cmd/server.go:388.4,391.18 3 0
github.com/freiheit-com/kuberpult/services/cd-service/pkg/cmd/server.go:391.18,393.5 1 0
github.com/freiheit-com/kuberpult/services/cd-service/pkg/cmd/server.go:395.4,399.21 2 0
github.com/freiheit-com/kuberpult/services/cd-service/pkg/cmd/server.go:399.21,401.5 1 0
github.com/freiheit-com/kuberpult/services/cd-service/pkg/cmd/server.go:402.4,402.23 1 0
github.com/freiheit-com/kuberpult/services/cd-service/pkg/cmd/server.go:402.23,404.5 1 0
github.com/freiheit-com/kuberpult/services/cd-service/pkg/cmd/server.go:405.4,405.35 1 0
github.com/freiheit-com/kuberpult/services/cd-service/pkg/cmd/server.go:405.35,407.5 1 0
github.com/freiheit-com/kuberpult/services/cd-service/pkg/cmd/server.go:409.4,409.79 1 0
github.com/freiheit-com/kuberpult/services/cd-service/pkg/cmd/server.go:410.9,412.4 1 0
github.com/freiheit-com/kuberpult/services/cd-service/pkg/cmd/server.go:414.3,424.41 3 0
github.com/freiheit-com/kuberpult/services/cd-service/pkg/cmd/server.go:424.41,426.26 2 0
github.com/freiheit-com/kuberpult/services/cd-service/pkg/cmd/server.go:426.26,428.8 1 0
github.com/freiheit-com/kuberpult/services/cd-service/pkg/cmd/server.go:429.7,429.31 1 0
github.com/freiheit-com/kuberpult/services/cd-service/pkg/cmd/server.go:440.38,478.30 10 0
github.com/freiheit-com/kuberpult/services/cd-service/pkg/cmd/server.go:478.30,481.7 2 0
github.com/freiheit-com/kuberpult/services/cd-service/pkg/cmd/server.go:483.6,483.26 1 0
github.com/freiheit-com/kuberpult/services/cd-service/pkg/cmd/server.go:483.26,485.7 1 0
github.com/freiheit-com/kuberpult/services/cd-service/pkg/cmd/server.go:492.75,494.108 2 0
github.com/freiheit-com/kuberpult/services/cd-service/pkg/cmd/server.go:494.108,496.8 1 0
github.com/freiheit-com/kuberpult/services/cd-service/pkg/cmd/server.go:497.7,497.17 1 0
github.com/freiheit-com/kuberpult/services/cd-service/pkg/cmd/server.go:506.46,509.5 2 0
github.com/freiheit-com/kuberpult/services/cd-service/pkg/cmd/server.go:512.3,512.13 1 0
github.com/freiheit-com/kuberpult/services/cd-service/pkg/cmd/server.go:514.2,514.16 1 0
github.com/freiheit-com/kuberpult/services/cd-service/pkg/cmd/server.go:514.16,516.3 1 0
github.com/freiheit-com/kuberpult/services/cd-service/pkg/cmd/server.go:519.49,520.72 1 1
github.com/freiheit-com/kuberpult/services/cd-service/pkg/cmd/server.go:520.72,522.3 1 1
github.com/freiheit-com/kuberpult/services/cd-service/pkg/cmd/server.go:523.2,523.12 1 1
github.com/freiheit-com/kuberpult/services/cd-service/pkg/cmd/server.go:526.42,527.65 1 1
github.com/freiheit-com/kuberpult/services/cd-service/pkg/cmd/server.go:527.65,529.3 1 1
github.com/freiheit-com/kuberpult/services/cd-service/pkg/cmd/server.go:530.2,530.36 1 1
github.com/freiheit-com/kuberpult/services/cd-service/pkg/cmd/server.go:530.36,531.29 1 1
github.com/freiheit-com/kuberpult/services/cd-service/pkg/cmd/server.go:531.29,533.4 1 1
github.com/freiheit-com/kuberpult/services/cd-service/pkg/cmd/server.go:535.2,535.12 1 1
github.com/freiheit-com/kuberpult/services/cd-service/pkg/argocd/reposerver/reposerver.go:53.127,65.21 7 1
github.com/freiheit-com/kuberpult/services/cd-service/pkg/argocd/reposerver/reposerver.go:65.21,67.3 1 0
github.com/freiheit-com/kuberpult/services/cd-service/pkg/argocd/reposerver/reposerver.go:68.2,76.155 4 1
github.com/freiheit-com/kuberpult/services/cd-service/pkg/argocd/reposerver/reposerver.go:76.155,78.17 2 1
github.com/freiheit-com/kuberpult/services/cd-service/pkg/argocd/reposerver/reposerver.go:78.17,80.4 1 0
github.com/freiheit-com/kuberpult/services/cd-service/pkg/argocd/reposerver/reposerver.go:81.3,81.24 1 1
github.com/freiheit-com/kuberpult/services/cd-service/pkg/argocd/reposerver/reposerver.go:81.24,83.4 1 0
github.com/freiheit-com/kuberpult/services/cd-service/pkg/argocd/reposerver/reposerver.go:84.3,84.47 1 1
github.com/freiheit-com/kuberpult/services/cd-service/pkg/argocd/reposerver/reposerver.go:84.47,86.4 1 0
github.com/freiheit-com/kuberpult/services/cd-service/pkg/argocd/reposerver/reposerver.go:87.3,91.17 4 1
github.com/freiheit-com/kuberpult/services/cd-service/pkg/argocd/reposerver/reposerver.go:91.17,93.4 1 0
github.com/freiheit-com/kuberpult/services/cd-service/pkg/argocd/reposerver/reposerver.go:94.3,98.21 2 1
github.com/freiheit-com/kuberpult/services/cd-service/pkg/argocd/reposerver/reposerver.go:100.2,100.40 1 1
github.com/freiheit-com/kuberpult/services/cd-service/pkg/argocd/reposerver/reposerver.go:100.40,102.3 1 0
github.com/freiheit-com/kuberpult/services/cd-service/pkg/argocd/reposerver/reposerver.go:103.2,104.16 2 1
github.com/freiheit-com/kuberpult/services/cd-service/pkg/argocd/reposerver/reposerver.go:104.16,106.3 1 0
github.com/freiheit-com/kuberpult/services/cd-service/pkg/argocd/reposerver/reposerver.go:107.2,118.18 2 1
github.com/freiheit-com/kuberpult/services/cd-service/pkg/argocd/reposerver/reposerver.go:123.56,125.2 1 1
github.com/freiheit-com/kuberpult/services/cd-service/pkg/argocd/reposerver/reposerver.go:127.69,129.2 1 1
github.com/freiheit-com/kuberpult/services/cd-service/pkg/argocd/reposerver/reposerver.go:131.79,134.16 3 1
github.com/freiheit-com/kuberpult/services/cd-service/pkg/argocd/reposerver/reposerver.go:134.16,136.3 1 0
github.com/freiheit-com/kuberpult/services/cd-service/pkg/argocd/reposerver/reposerver.go:137.2,137.28 1 1
github.com/freiheit-com/kuberpult/services/cd-service/pkg/argocd/reposerver/reposerver.go:137.28,138.69 1 1
github.com/freiheit-com/kuberpult/services/cd-service/pkg/argocd/reposerver/reposerver.go:138.69,140.18 2 0
github.com/freiheit-com/kuberpult/services/cd-service/pkg/argocd/reposerver/reposerver.go:140.18,142.5 1 0
github.com/freiheit-com/kuberpult/services/cd-service/pkg/argocd/reposerver/reposerver.go:144.3,145.17 2 1
github.com/freiheit-com/kuberpult/services/cd-service/pkg/argocd/reposerver/reposerver.go:145.17,147.4 1 0
github.com/freiheit-com/kuberpult/services/cd-service/pkg/argocd/reposerver/reposerver.go:148.3,148.36 1 1
github.com/freiheit-com/kuberpult/services/cd-service/pkg/argocd/reposerver/reposerver.go:150.2,150.16 1 1
github.com/freiheit-com/kuberpult/services/cd-service/pkg/argocd/reposerver/reposerver.go:154.112,156.2 1 0
github.com/freiheit-com/kuberpult/services/cd-service/pkg/argocd/reposerver/reposerver.go:159.130,161.2 1 0
github.com/freiheit-com/kuberpult/services/cd-service/pkg/argocd/reposerver/reposerver.go:164.118,166.2 1 0
github.com/freiheit-com/kuberpult/services/cd-service/pkg/argocd/reposerver/reposerver.go:169.146,180.2 1 1
github.com/freiheit-com/kuberpult/services/cd-service/pkg/argocd/reposerver/reposerver.go:183.100,185.2 1 0
github.com/freiheit-com/kuberpult/services/cd-service/pkg/argocd/reposerver/reposerver.go:188.95,190.2 1 0
github.com/freiheit-com/kuberpult/services/cd-service/pkg/argocd/reposerver/reposerver.go:193.97,195.2 1 0
github.com/freiheit-com/kuberpult/services/cd-service/pkg/argocd/reposerver/reposerver.go:198.140,214.2 2 0
github.com/freiheit-com/kuberpult/services/cd-service/pkg/argocd/reposerver/reposerver.go:217.127,219.2 1 0
github.com/freiheit-com/kuberpult/services/cd-service/pkg/argocd/reposerver/reposerver.go:221.130,223.2 1 0
github.com/freiheit-com/kuberpult/services/cd-service/pkg/argocd/reposerver/reposerver.go:225.112,227.2 1 0
github.com/freiheit-com/kuberpult/services/cd-service/pkg/argocd/reposerver/reposerver.go:229.142,231.2 1 0
github.com/freiheit-com/kuberpult/services/cd-service/pkg/argocd/reposerver/reposerver.go:233.157,235.2 1 0
github.com/freiheit-com/kuberpult/services/cd-service/pkg/argocd/reposerver/reposerver.go:237.107,239.2 1 1
github.com/freiheit-com/kuberpult/services/cd-service/pkg/argocd/reposerver/reposerver.go:241.95,243.2 1 0
github.com/freiheit-com/kuberpult/services/cd-service/pkg/service/batch.go:48.50,49.31 1 0
github.com/freiheit-com/kuberpult/services/cd-service/pkg/service/batch.go:49.31,51.3 1 0
github.com/freiheit-com/kuberpult/services/cd-service/pkg/service/batch.go:51.8,51.38 1 0
github.com/freiheit-com/kuberpult/services/cd-service/pkg/service/batch.go:51.38,53.3 1 0
github.com/freiheit-com/kuberpult/services/cd-service/pkg/service/batch.go:53.8,53.40 1 0
github.com/freiheit-com/kuberpult/services/cd-service/pkg/service/batch.go:53.40,55.3 1 0
github.com/freiheit-com/kuberpult/services/cd-service/pkg/service/batch.go:55.8,63.3 1 0
github.com/freiheit-com/kuberpult/services/cd-service/pkg/service/batch.go:86.9,87.33 1 1
github.com/freiheit-com/kuberpult/services/cd-service/pkg/service/batch.go:87.33,89.3 1 0
github.com/freiheit-com/kuberpult/services/cd-service/pkg/service/batch.go:90.2,90.23 1 1
github.com/freiheit-com/kuberpult/services/cd-service/pkg/service/batch.go:90.23,92.3 1 0
github.com/freiheit-com/kuberpult/services/cd-service/pkg/service/batch.go:93.2,93.12 1 1
github.com/freiheit-com/kuberpult/services/cd-service/pkg/service/batch.go:101.9,102.33 1 1
github.com/freiheit-com/kuberpult/services/cd-service/pkg/service/batch.go:102.33,104.3 1 0
github.com/freiheit-com/kuberpult/services/cd-service/pkg/service/batch.go:105.2,105.33 1 1
github.com/freiheit-com/kuberpult/services/cd-service/pkg/service/batch.go:105.33,107.3 1 0
github.com/freiheit-com/kuberpult/services/cd-service/pkg/service/batch.go:108.2,108.23 1 1
github.com/freiheit-com/kuberpult/services/cd-service/pkg/service/batch.go:108.23,110.3 1 0
github.com/freiheit-com/kuberpult/services/cd-service/pkg/service/batch.go:111.2,111.12 1 1
github.com/freiheit-com/kuberpult/services/cd-service/pkg/service/batch.go:119.9,122.2 1 1
github.com/freiheit-com/kuberpult/services/cd-service/pkg/service/batch.go:127.9,128.33 1 1
github.com/freiheit-com/kuberpult/services/cd-service/pkg/service/batch.go:128.33,130.3 1 0
github.com/freiheit-com/kuberpult/services/cd-service/pkg/service/batch.go:131.2,131.33 1 1
github.com/freiheit-com/kuberpult/services/cd-service/pkg/service/batch.go:131.33,133.3 1 0
github.com/freiheit-com/kuberpult/services/cd-service/pkg/service/batch.go:134.2,134.12 1 1
github.com/freiheit-com/kuberpult/services/cd-service/pkg/service/batch.go:139.9,140.33 1 0
github.com/freiheit-com/kuberpult/services/cd-service/pkg/service/batch.go:140.33,142.3 1 0
github.com/freiheit-com/kuberpult/services/cd-service/pkg/service/batch.go:143.2,143.12 1 0
github.com/freiheit-com/kuberpult/services/cd-service/pkg/service/batch.go:149.9,150.79 1 1
github.com/freiheit-com/kuberpult/services/cd-service/pkg/service/batch.go:150.79,152.3 1 0
github.com/freiheit-com/kuberpult/services/cd-service/pkg/service/batch.go:153.2,153.79 1 1
github.com/freiheit-com/kuberpult/services/cd-service/pkg/service/batch.go:153.79,155.3 1 1
github.com/freiheit-com/kuberpult/services/cd-service/pkg/service/batch.go:156.2,156.45 1 1
github.com/freiheit-com/kuberpult/services/cd-service/pkg/service/batch.go:156.45,158.3 1 1
github.com/freiheit-com/kuberpult/services/cd-service/pkg/service/batch.go:160.2,160.44 1 1
github.com/freiheit-com/kuberpult/services/cd-service/pkg/service/batch.go:160.44,167.77 5 1
github.com/freiheit-com/kuberpult/services/cd-service/pkg/service/batch.go:167.77,169.4 1 1
github.com/freiheit-com/kuberpult/services/cd-service/pkg/service/batch.go:170.3,170.41 1 1
github.com/freiheit-com/kuberpult/services/cd-service/pkg/service/batch.go:170.41,172.77 2 1
github.com/freiheit-com/kuberpult/services/cd-service/pkg/service/batch.go:172.77,174.5 1 1
github.com/freiheit-com/kuberpult/services/cd-service/pkg/service/batch.go:174.10,176.5 1 1
github.com/freiheit-com/kuberpult/services/cd-service/pkg/service/batch.go:178.4,178.58 1 1
github.com/freiheit-com/kuberpult/services/cd-service/pkg/service/batch.go:178.58,180.5 1 1
github.com/freiheit-com/kuberpult/services/cd-service/pkg/service/batch.go:182.4,182.67 1 1
github.com/freiheit-com/kuberpult/services/cd-service/pkg/service/batch.go:182.67,184.5 1 0
github.com/freiheit-com/kuberpult/services/cd-service/pkg/service/batch.go:185.4,185.55 1 1
github.com/freiheit-com/kuberpult/services/cd-service/pkg/service/batch.go:187.3,187.29 1 1
github.com/freiheit-com/kuberpult/services/cd-service/pkg/service/batch.go:187.29,189.4 1 1
github.com/freiheit-com/kuberpult/services/cd-service/pkg/service/batch.go:191.2,191.12 1 1
github.com/freiheit-com/kuberpult/services/cd-service/pkg/service/batch.go:196.53,197.45 1 1
github.com/freiheit-com/kuberpult/services/cd-service/pkg/service/batch.go:198.46,200.103 2 1
github.com/freiheit-com/kuberpult/services/cd-service/pkg/service/batch.go:200.103,202.4 1 0
github.com/freiheit-com/kuberpult/services/cd-service/pkg/service/batch.go:203.3,212.14 1 1
github.com/freiheit-com/kuberpult/services/cd-service/pkg/service/batch.go:213.46,215.103 2 1
github.com/freiheit-com/kuberpult/services/cd-service/pkg/service/batch.go:215.103,217.4 1 0
github.com/freiheit-com/kuberpult/services/cd-service/pkg/service/batch.go:218.3,223.14 1 1
github.com/freiheit-com/kuberpult/services/cd-service/pkg/service/batch.go:224.57,226.131 2 1
github.com/freiheit-com/kuberpult/services/cd-service/pkg/service/batch.go:226.131,228.4 1 0
github.com/freiheit-com/kuberpult/services/cd-service/pkg/service/batch.go:229.3,239.14 1 1
github.com/freiheit-com/kuberpult/services/cd-service/pkg/service/batch.go:240.57,242.131 2 1
github.com/freiheit-com/kuberpult/services/cd-service/pkg/service/batch.go:242.131,244.4 1 0
github.com/freiheit-com/kuberpult/services/cd-service/pkg/service/batch.go:245.3,251.14 1 1
github.com/freiheit-com/kuberpult/services/cd-service/pkg/service/batch.go:252.50,254.102 2 1
github.com/freiheit-com/kuberpult/services/cd-service/pkg/service/batch.go:254.102,256.4 1 0
github.com/freiheit-com/kuberpult/services/cd-service/pkg/service/batch.go:257.3,267.14 1 1
github.com/freiheit-com/kuberpult/services/cd-service/pkg/service/batch.go:268.50,270.102 2 1
github.com/freiheit-com/kuberpult/services/cd-service/pkg/service/batch.go:270.102,272.4 1 0
github.com/freiheit-com/kuberpult/services/cd-service/pkg/service/batch.go:273.3,279.14 1 1
github.com/freiheit-com/kuberpult/services/cd-service/pkg/service/batch.go:280.40,282.62 2 0
github.com/freiheit-com/kuberpult/services/cd-service/pkg/service/batch.go:282.62,284.4 1 0
github.com/freiheit-com/kuberpult/services/cd-service/pkg/service/batch.go:285.3,290.14 1 0
github.com/freiheit-com/kuberpult/services/cd-service/pkg/service/batch.go:291.33,293.62 2 0
github.com/freiheit-com/kuberpult/services/cd-service/pkg/service/batch.go:293.62,295.4 1 0
github.com/freiheit-com/kuberpult/services/cd-service/pkg/service/batch.go:296.3,300.14 1 0
github.com/freiheit-com/kuberpult/services/cd-service/pkg/service/batch.go:301.31,303.93 2 1
github.com/freiheit-com/kuberpult/services/cd-service/pkg/service/batch.go:303.93,305.4 1 0
github.com/freiheit-com/kuberpult/services/cd-service/pkg/service/batch.go:306.3,307.25 2 1
github.com/freiheit-com/kuberpult/services/cd-service/pkg/service/batch.go:307.25,311.4 1 0
github.com/freiheit-com/kuberpult/services/cd-service/pkg/service/batch.go:312.3,324.14 1 1
github.com/freiheit-com/kuberpult/services/cd-service/pkg/service/batch.go:325.41,332.14 2 0
github.com/freiheit-com/kuberpult/services/cd-service/pkg/service/batch.go:333.37,335.55 2 1
github.com/freiheit-com/kuberpult/services/cd-service/pkg/service/batch.go:335.55,337.4 1 0
github.com/freiheit-com/kuberpult/services/cd-service/pkg/service/batch.go:338.3,338.48 1 1
github.com/freiheit-com/kuberpult/services/cd-service/pkg/service/batch.go:338.48,340.4 1 0
github.com/freiheit-com/kuberpult/services/cd-service/pkg/service/batch.go:341.3,356.10 1 1
github.com/freiheit-com/kuberpult/services/cd-service/pkg/service/batch.go:357.38,384.10 3 1
github.com/freiheit-com/kuberpult/services/cd-service/pkg/service/batch.go:385.42,388.18 3 1
github.com/freiheit-com/kuberpult/services/cd-service/pkg/service/batch.go:388.18,391.4 1 0
github.com/freiheit-com/kuberpult/services/cd-service/pkg/service/batch.go:392.3,393.25 2 1
github.com/freiheit-com/kuberpult/services/cd-service/pkg/service/batch.go:393.25,395.4 1 1
github.com/freiheit-com/kuberpult/services/cd-service/pkg/service/batch.go:396.3,397.30 2 1
github.com/freiheit-com/kuberpult/services/cd-service/pkg/service/batch.go:397.30,399.4 1 0
github.com/freiheit-com/kuberpult/services/cd-service/pkg/service/batch.go:400.3,407.103 3 1
github.com/freiheit-com/kuberpult/services/cd-service/pkg/service/batch.go:407.103,409.4 1 0
github.com/freiheit-com/kuberpult/services/cd-service/pkg/service/batch.go:410.3,416.31 2 1
github.com/freiheit-com/kuberpult/services/cd-service/pkg/service/batch.go:417.51,428.14 2 0
github.com/freiheit-com/kuberpult/services/cd-service/pkg/service/batch.go:429.51,436.14 2 0
github.com/freiheit-com/kuberpult/services/cd-service/pkg/service/batch.go:437.42,443.14 2 0
github.com/freiheit-com/kuberpult/services/cd-service/pkg/service/batch.go:446.2,446.115 1 0
github.com/freiheit-com/kuberpult/services/cd-service/pkg/service/batch.go:455.31,460.16 5 1
github.com/freiheit-com/kuberpult/services/cd-service/pkg/service/batch.go:460.16,462.3 1 0
github.com/freiheit-com/kuberpult/services/cd-service/pkg/service/batch.go:463.2,464.44 2 1
github.com/freiheit-com/kuberpult/services/cd-service/pkg/service/batch.go:464.44,466.3 1 1
github.com/freiheit-com/kuberpult/services/cd-service/pkg/service/batch.go:468.2,471.46 4 1
github.com/freiheit-com/kuberpult/services/cd-service/pkg/service/batch.go:471.46,473.17 2 1
github.com/freiheit-com/kuberpult/services/cd-service/pkg/service/batch.go:473.17,476.4 1 0
github.com/freiheit-com/kuberpult/services/cd-service/pkg/service/batch.go:478.3,479.68 2 1
github.com/freiheit-com/kuberpult/services/cd-service/pkg/service/batch.go:479.68,480.54 1 1
github.com/freiheit-com/kuberpult/services/cd-service/pkg/service/batch.go:480.54,482.5 1 0
github.com/freiheit-com/kuberpult/services/cd-service/pkg/service/batch.go:484.3,485.36 2 1
github.com/freiheit-com/kuberpult/services/cd-service/pkg/service/batch.go:487.2,487.23 1 1
github.com/freiheit-com/kuberpult/services/cd-service/pkg/service/batch.go:487.23,490.38 2 0
github.com/freiheit-com/kuberpult/services/cd-service/pkg/service/batch.go:490.38,494.4 2 0
github.com/freiheit-com/kuberpult/services/cd-service/pkg/service/batch.go:495.3,495.25 1 0
github.com/freiheit-com/kuberpult/services/cd-service/pkg/service/batch.go:496.8,499.38 2 1
github.com/freiheit-com/kuberpult/services/cd-service/pkg/service/batch.go:499.38,502.4 2 0
github.com/freiheit-com/kuberpult/services/cd-service/pkg/service/batch.go:503.3,503.25 1 1
github.com/freiheit-com/kuberpult/services/cd-service/pkg/service/batch.go:506.2,506.37 1 1
github.com/freiheit-com/kuberpult/services/cd-service/pkg/service/batch.go:506.37,508.113 2 0
github.com/freiheit-com/kuberpult/services/cd-service/pkg/service/batch.go:508.113,510.4 1 0
github.com/freiheit-com/kuberpult/services/cd-service/pkg/service/batch.go:511.8,512.40 1 1
github.com/freiheit-com/kuberpult/services/cd-service/pkg/service/batch.go:512.40,514.4 1 0
github.com/freiheit-com/kuberpult/services/cd-service/pkg/service/batch.go:515.3,515.49 1 1
github.com/freiheit-com/kuberpult/services/cd-service/pkg/service/batch.go:517.2,517.16 1 1
github.com/freiheit-com/kuberpult/services/cd-service/pkg/service/batch.go:517.16,519.46 2 1
github.com/freiheit-com/kuberpult/services/cd-service/pkg/service/batch.go:519.46,521.4 1 0
github.com/freiheit-com/kuberpult/services/cd-service/pkg/service/batch.go:522.3,523.22 2 1
github.com/freiheit-com/kuberpult/services/cd-service/pkg/service/batch.go:523.22,526.4 2 1
github.com/freiheit-com/kuberpult/services/cd-service/pkg/service/batch.go:527.3,527.25 1 0
github.com/freiheit-com/kuberpult/services/cd-service/pkg/service/batch.go:529.2,529.50 1 1
github.com/freiheit-com/kuberpult/services/cd-service/pkg/service/batch.go:532.123,533.62 1 1
github.com/freiheit-com/kuberpult/services/cd-service/pkg/service/batch.go:534.38,535.3 1 1
github.com/freiheit-com/kuberpult/services/cd-service/pkg/service/batch.go:535.3,543.4 3 1
github.com/freiheit-com/kuberpult/services/cd-service/pkg/service/batch.go:544.35,545.152 1 0
github.com/freiheit-com/kuberpult/services/cd-service/pkg/service/batch.go:546.10,548.23 2 1
github.com/freiheit-com/kuberpult/services/cd-service/pkg/service/batch.go:548.23,551.4 1 0
github.com/freiheit-com/kuberpult/services/cd-service/pkg/service/batch.go:552.3,552.18 1 1
github.com/freiheit-com/kuberpult/services/cd-service/pkg/service/commit_deployment.go:39.165,54.101 10 0
github.com/freiheit-com/kuberpult/services/cd-service/pkg/service/commit_deployment.go:54.101,59.17 4 0
github.com/freiheit-com/kuberpult/services/cd-service/pkg/service/commit_deployment.go:59.17,60.37 1 0
github.com/freiheit-com/kuberpult/services/cd-service/pkg/service/commit_deployment.go:60.37,62.5 1 0
github.com/freiheit-com/kuberpult/services/cd-service/pkg/service/commit_deployment.go:63.4,63.14 1 0
github.com/freiheit-com/kuberpult/services/cd-service/pkg/service/commit_deployment.go:67.3,69.17 3 0
github.com/freiheit-com/kuberpult/services/cd-service/pkg/service/commit_deployment.go:69.17,71.4 1 0
github.com/freiheit-com/kuberpult/services/cd-service/pkg/service/commit_deployment.go:72.3,73.22 2 0
github.com/freiheit-com/kuberpult/services/cd-service/pkg/service/commit_deployment.go:73.22,76.18 3 0
github.com/freiheit-com/kuberpult/services/cd-service/pkg/service/commit_deployment.go:76.18,77.38 1 0
github.com/freiheit-com/kuberpult/services/cd-service/pkg/service/commit_deployment.go:77.38,79.6 1 0
github.com/freiheit-com/kuberpult/services/cd-service/pkg/service/commit_deployment.go:80.5,80.15 1 0
github.com/freiheit-com/kuberpult/services/cd-service/pkg/service/commit_deployment.go:82.4,82.54 1 0
github.com/freiheit-com/kuberpult/services/cd-service/pkg/service/commit_deployment.go:86.3,87.17 2 0
github.com/freiheit-com/kuberpult/services/cd-service/pkg/service/commit_deployment.go:87.17,89.4 1 0
github.com/freiheit-com/kuberpult/services/cd-service/pkg/service/commit_deployment.go:90.3,92.19 2 0
github.com/freiheit-com/kuberpult/services/cd-service/pkg/service/commit_deployment.go:92.19,97.18 5 0
github.com/freiheit-com/kuberpult/services/cd-service/pkg/service/commit_deployment.go:97.18,99.5 1 0
github.com/freiheit-com/kuberpult/services/cd-service/pkg/service/commit_deployment.go:100.4,100.50 1 0
github.com/freiheit-com/kuberpult/services/cd-service/pkg/service/commit_deployment.go:100.50,102.5 1 0
github.com/freiheit-com/kuberpult/services/cd-service/pkg/service/commit_deployment.go:103.4,103.54 1 0
github.com/freiheit-com/kuberpult/services/cd-service/pkg/service/commit_deployment.go:105.3,105.13 1 0
github.com/freiheit-com/kuberpult/services/cd-service/pkg/service/commit_deployment.go:107.2,107.16 1 0
github.com/freiheit-com/kuberpult/services/cd-service/pkg/service/commit_deployment.go:107.16,109.3 1 0
github.com/freiheit-com/kuberpult/services/cd-service/pkg/service/commit_deployment.go:111.2,112.16 2 0
github.com/freiheit-com/kuberpult/services/cd-service/pkg/service/commit_deployment.go:112.16,114.3 1 0
github.com/freiheit-com/kuberpult/services/cd-service/pkg/service/commit_deployment.go:116.2,116.49 1 0
github.com/freiheit-com/kuberpult/services/cd-service/pkg/service/commit_deployment.go:116.49,118.17 2 0
github.com/freiheit-com/kuberpult/services/cd-service/pkg/service/commit_deployment.go:118.17,120.4 1 0
github.com/freiheit-com/kuberpult/services/cd-service/pkg/service/commit_deployment.go:121.3,121.61 1 0
github.com/freiheit-com/kuberpult/services/cd-service/pkg/service/commit_deployment.go:124.2,126.8 1 0
github.com/freiheit-com/kuberpult/services/cd-service/pkg/service/commit_deployment.go:129.165,135.101 2 1
github.com/freiheit-com/kuberpult/services/cd-service/pkg/service/commit_deployment.go:135.101,137.17 2 1
github.com/freiheit-com/kuberpult/services/cd-service/pkg/service/commit_deployment.go:137.17,139.4 1 0
github.com/freiheit-com/kuberpult/services/cd-service/pkg/service/commit_deployment.go:140.3,140.24 1 1
github.com/freiheit-com/kuberpult/services/cd-service/pkg/service/commit_deployment.go:140.24,142.4 1 1
github.com/freiheit-com/kuberpult/services/cd-service/pkg/service/commit_deployment.go:143.3,144.17 2 1
github.com/freiheit-com/kuberpult/services/cd-service/pkg/service/commit_deployment.go:144.17,146.4 1 0
github.com/freiheit-com/kuberpult/services/cd-service/pkg/service/commit_deployment.go:147.3,150.13 4 1
github.com/freiheit-com/kuberpult/services/cd-service/pkg/service/commit_deployment.go:152.2,152.16 1 1
github.com/freiheit-com/kuberpult/services/cd-service/pkg/service/commit_deployment.go:152.16,154.3 1 0
github.com/freiheit-com/kuberpult/services/cd-service/pkg/service/commit_deployment.go:155.2,155.34 1 1
github.com/freiheit-com/kuberpult/services/cd-service/pkg/service/commit_deployment.go:158.216,167.2 5 0
github.com/freiheit-com/kuberpult/services/cd-service/pkg/service/commit_deployment.go:169.128,171.30 2 1
github.com/freiheit-com/kuberpult/services/cd-service/pkg/service/commit_deployment.go:171.30,174.39 1 1
github.com/freiheit-com/kuberpult/services/cd-service/pkg/service/commit_deployment.go:174.39,176.4 1 1
github.com/freiheit-com/kuberpult/services/cd-service/pkg/service/commit_deployment.go:177.3,177.22 1 1
github.com/freiheit-com/kuberpult/services/cd-service/pkg/service/commit_deployment.go:180.2,180.38 1 1
github.com/freiheit-com/kuberpult/services/cd-service/pkg/service/commit_deployment.go:180.38,183.3 1 1
github.com/freiheit-com/kuberpult/services/cd-service/pkg/service/commit_deployment.go:185.2,185.66 1 1
github.com/freiheit-com/kuberpult/services/cd-service/pkg/service/commit_deployment.go:185.66,186.55 1 1
github.com/freiheit-com/kuberpult/services/cd-service/pkg/service/commit_deployment.go:186.55,188.4 1 1
github.com/freiheit-com/kuberpult/services/cd-service/pkg/service/commit_deployment.go:188.9,190.4 1 1
github.com/freiheit-com/kuberpult/services/cd-service/pkg/service/commit_deployment.go:192.2,192.21 1 1
github.com/freiheit-com/kuberpult/services/cd-service/pkg/service/commit_deployment.go:195.63,208.16 3 1
github.com/freiheit-com/kuberpult/services/cd-service/pkg/service/commit_deployment.go:208.16,210.3 1 0
github.com/freiheit-com/kuberpult/services/cd-service/pkg/service/commit_deployment.go:211.2,211.55 1 1
github.com/freiheit-com/kuberpult/services/cd-service/pkg/service/environment.go:37.82,40.169 2 0
github.com/freiheit-com/kuberpult/services/cd-service/pkg/service/environment.go:40.169,42.3 1 0
github.com/freiheit-com/kuberpult/services/cd-service/pkg/service/environment.go:43.2,43.16 1 0
github.com/freiheit-com/kuberpult/services/cd-service/pkg/service/environment.go:43.16,45.3 1 0
github.com/freiheit-com/kuberpult/services/cd-service/pkg/service/environment.go:46.2,46.19 1 0
github.com/freiheit-com/kuberpult/services/cd-service/pkg/service/environment.go:46.19,48.3 1 0
github.com/freiheit-com/kuberpult/services/cd-service/pkg/service/environment.go:49.2,51.18 3 0
github.com/freiheit-com/kuberpult/services/cd-service/pkg/service/environment.go:54.90,61.2 1 1
github.com/freiheit-com/kuberpult/services/cd-service/pkg/service/environment.go:63.98,77.2 5 1
github.com/freiheit-com/kuberpult/services/cd-service/pkg/service/environment.go:79.108,80.21 1 1
github.com/freiheit-com/kuberpult/services/cd-service/pkg/service/environment.go:80.21,82.3 1 1
github.com/freiheit-com/kuberpult/services/cd-service/pkg/service/environment.go:83.2,83.26 1 1
github.com/freiheit-com/kuberpult/services/cd-service/pkg/service/environment.go:83.26,88.3 1 1
github.com/freiheit-com/kuberpult/services/cd-service/pkg/service/environment.go:89.2,89.37 1 1
github.com/freiheit-com/kuberpult/services/cd-service/pkg/service/environment.go:89.37,94.3 1 1
github.com/freiheit-com/kuberpult/services/cd-service/pkg/service/environment.go:95.2,95.12 1 0
github.com/freiheit-com/kuberpult/services/cd-service/pkg/service/environment.go:98.99,99.15 1 1
github.com/freiheit-com/kuberpult/services/cd-service/pkg/service/environment.go:99.15,101.3 1 0
github.com/freiheit-com/kuberpult/services/cd-service/pkg/service/environment.go:103.2,106.3 1 1
github.com/freiheit-com/kuberpult/services/cd-service/pkg/service/environment.go:109.93,110.15 1 1
github.com/freiheit-com/kuberpult/services/cd-service/pkg/service/environment.go:110.15,112.3 1 0
github.com/freiheit-com/kuberpult/services/cd-service/pkg/service/environment.go:113.2,121.3 1 1
github.com/freiheit-com/kuberpult/services/cd-service/pkg/service/environment.go:124.95,125.15 1 1
github.com/freiheit-com/kuberpult/services/cd-service/pkg/service/environment.go:125.15,127.3 1 1
github.com/freiheit-com/kuberpult/services/cd-service/pkg/service/environment.go:129.2,134.46 2 1
github.com/freiheit-com/kuberpult/services/cd-service/pkg/service/environment.go:134.46,136.3 1 1
github.com/freiheit-com/kuberpult/services/cd-service/pkg/service/environment.go:137.2,137.17 1 1
github.com/freiheit-com/kuberpult/services/cd-service/pkg/service/environment.go:140.98,141.15 1 0
github.com/freiheit-com/kuberpult/services/cd-service/pkg/service/environment.go:141.15,143.3 1 0
github.com/freiheit-com/kuberpult/services/cd-service/pkg/service/environment.go:145.2,150.33 2 0
github.com/freiheit-com/kuberpult/services/cd-service/pkg/service/environment.go:150.33,152.3 1 0
github.com/freiheit-com/kuberpult/services/cd-service/pkg/service/environment.go:153.2,153.17 1 0
github.com/freiheit-com/kuberpult/services/cd-service/pkg/service/environment.go:156.118,158.41 2 1
github.com/freiheit-com/kuberpult/services/cd-service/pkg/service/environment.go:158.41,165.3 1 1
github.com/freiheit-com/kuberpult/services/cd-service/pkg/service/environment.go:166.2,166.31 1 1
github.com/freiheit-com/kuberpult/services/cd-service/pkg/service/environment.go:169.106,171.32 2 1
github.com/freiheit-com/kuberpult/services/cd-service/pkg/service/environment.go:171.32,178.3 1 1
github.com/freiheit-com/kuberpult/services/cd-service/pkg/service/environment.go:179.2,179.12 1 1
github.com/freiheit-com/kuberpult/services/cd-service/pkg/service/environment.go:182.124,184.46 2 1
github.com/freiheit-com/kuberpult/services/cd-service/pkg/service/environment.go:184.46,194.3 1 1
github.com/freiheit-com/kuberpult/services/cd-service/pkg/service/environment.go:195.2,195.12 1 1
github.com/freiheit-com/kuberpult/services/cd-service/pkg/service/environment.go:198.111,200.41 2 1
github.com/freiheit-com/kuberpult/services/cd-service/pkg/service/environment.go:200.41,205.3 1 1
github.com/freiheit-com/kuberpult/services/cd-service/pkg/service/environment.go:206.2,206.30 1 1
github.com/freiheit-com/kuberpult/services/cd-service/pkg/service/environment.go:209.101,211.33 2 1
github.com/freiheit-com/kuberpult/services/cd-service/pkg/service/environment.go:211.33,216.3 1 1
github.com/freiheit-com/kuberpult/services/cd-service/pkg/service/environment.go:217.2,217.12 1 1
github.com/freiheit-com/kuberpult/services/cd-service/pkg/service/environment.go:220.142,222.53 2 1
github.com/freiheit-com/kuberpult/services/cd-service/pkg/service/environment.go:222.53,232.3 1 1
github.com/freiheit-com/kuberpult/services/cd-service/pkg/service/environment.go:233.2,233.37 1 1
github.com/freiheit-com/kuberpult/services/cd-service/pkg/service/environment.go:236.106,237.15 1 1
github.com/freiheit-com/kuberpult/services/cd-service/pkg/service/environment.go:237.15,240.3 1 1
github.com/freiheit-com/kuberpult/services/cd-service/pkg/service/environment.go:241.2,247.3 1 1
github.com/freiheit-com/kuberpult/services/cd-service/pkg/service/environment.go:250.104,251.15 1 1
github.com/freiheit-com/kuberpult/services/cd-service/pkg/service/environment.go:251.15,254.3 1 0
github.com/freiheit-com/kuberpult/services/cd-service/pkg/service/environment.go:255.2,261.3 1 1
github.com/freiheit-com/kuberpult/services/cd-service/pkg/service/esl.go:34.130,40.106 3 1
github.com/freiheit-com/kuberpult/services/cd-service/pkg/service/esl.go:40.106,42.17 2 1
github.com/freiheit-com/kuberpult/services/cd-service/pkg/service/esl.go:42.17,44.4 1 0
github.com/freiheit-com/kuberpult/services/cd-service/pkg/service/esl.go:46.3,46.36 1 1
github.com/freiheit-com/kuberpult/services/cd-service/pkg/service/esl.go:46.36,49.4 2 0
github.com/freiheit-com/kuberpult/services/cd-service/pkg/service/esl.go:51.3,52.46 2 1
github.com/freiheit-com/kuberpult/services/cd-service/pkg/service/esl.go:52.46,61.4 1 1
github.com/freiheit-com/kuberpult/services/cd-service/pkg/service/esl.go:62.3,63.13 2 1
github.com/freiheit-com/kuberpult/services/cd-service/pkg/service/esl.go:65.2,65.16 1 1
github.com/freiheit-com/kuberpult/services/cd-service/pkg/service/esl.go:65.16,67.3 1 0
github.com/freiheit-com/kuberpult/services/cd-service/pkg/service/esl.go:68.2,68.22 1 1
github.com/freiheit-com/kuberpult/services/cd-service/pkg/service/git.go:55.112,57.2 1 0
github.com/freiheit-com/kuberpult/services/cd-service/pkg/service/git.go:59.134,60.57 1 1
github.com/freiheit-com/kuberpult/services/cd-service/pkg/service/git.go:60.57,62.3 1 1
github.com/freiheit-com/kuberpult/services/cd-service/pkg/service/git.go:63.2,63.57 1 1
github.com/freiheit-com/kuberpult/services/cd-service/pkg/service/git.go:63.57,64.58 1 1
github.com/freiheit-com/kuberpult/services/cd-service/pkg/service/git.go:64.58,66.4 1 1
github.com/freiheit-com/kuberpult/services/cd-service/pkg/service/git.go:68.2,68.37 1 1
github.com/freiheit-com/kuberpult/services/cd-service/pkg/service/git.go:68.37,70.3 1 0
github.com/freiheit-com/kuberpult/services/cd-service/pkg/service/git.go:71.2,74.201 4 1
github.com/freiheit-com/kuberpult/services/cd-service/pkg/service/git.go:74.201,77.17 2 1
github.com/freiheit-com/kuberpult/services/cd-service/pkg/service/git.go:77.17,79.4 1 0
github.com/freiheit-com/kuberpult/services/cd-service/pkg/service/git.go:81.3,81.16 1 1
github.com/freiheit-com/kuberpult/services/cd-service/pkg/service/git.go:81.16,83.4 1 0
github.com/freiheit-com/kuberpult/services/cd-service/pkg/service/git.go:84.3,84.53 1 1
github.com/freiheit-com/kuberpult/services/cd-service/pkg/service/git.go:84.53,87.18 2 1
github.com/freiheit-com/kuberpult/services/cd-service/pkg/service/git.go:87.18,89.5 1 0
github.com/freiheit-com/kuberpult/services/cd-service/pkg/service/git.go:90.4,90.31 1 1
github.com/freiheit-com/kuberpult/services/cd-service/pkg/service/git.go:90.31,94.5 1 1
github.com/freiheit-com/kuberpult/services/cd-service/pkg/service/git.go:95.4,95.45 1 1
github.com/freiheit-com/kuberpult/services/cd-service/pkg/service/git.go:95.45,97.19 2 1
github.com/freiheit-com/kuberpult/services/cd-service/pkg/service/git.go:97.19,99.6 1 0
github.com/freiheit-com/kuberpult/services/cd-service/pkg/service/git.go:101.5,101.81 1 1
github.com/freiheit-com/kuberpult/services/cd-service/pkg/service/git.go:101.81,111.6 1 1
github.com/freiheit-com/kuberpult/services/cd-service/pkg/service/git.go:113.4,113.32 1 1
github.com/freiheit-com/kuberpult/services/cd-service/pkg/service/git.go:113.32,117.5 1 0
github.com/freiheit-com/kuberpult/services/cd-service/pkg/service/git.go:118.4,118.51 1 1
github.com/freiheit-com/kuberpult/services/cd-service/pkg/service/git.go:118.51,122.5 3 0
github.com/freiheit-com/kuberpult/services/cd-service/pkg/service/git.go:123.9,128.18 3 1
github.com/freiheit-com/kuberpult/services/cd-service/pkg/service/git.go:128.18,130.5 1 0
github.com/freiheit-com/kuberpult/services/cd-service/pkg/service/git.go:130.10,132.5 1 1
github.com/freiheit-com/kuberpult/services/cd-service/pkg/service/git.go:133.4,133.47 1 1
github.com/freiheit-com/kuberpult/services/cd-service/pkg/service/git.go:133.47,134.62 1 1
github.com/freiheit-com/kuberpult/services/cd-service/pkg/service/git.go:134.62,135.48 1 1
github.com/freiheit-com/kuberpult/services/cd-service/pkg/service/git.go:135.48,138.21 3 1
github.com/freiheit-com/kuberpult/services/cd-service/pkg/service/git.go:138.21,140.8 1 0
github.com/freiheit-com/kuberpult/services/cd-service/pkg/service/git.go:141.7,141.34 1 1
github.com/freiheit-com/kuberpult/services/cd-service/pkg/service/git.go:141.34,145.8 1 0
github.com/freiheit-com/kuberpult/services/cd-service/pkg/service/git.go:146.7,146.48 1 1
github.com/freiheit-com/kuberpult/services/cd-service/pkg/service/git.go:146.48,149.22 2 1
github.com/freiheit-com/kuberpult/services/cd-service/pkg/service/git.go:149.22,151.9 1 0
github.com/freiheit-com/kuberpult/services/cd-service/pkg/service/git.go:152.8,152.61 1 1
github.com/freiheit-com/kuberpult/services/cd-service/pkg/service/git.go:152.61,162.9 1 1
github.com/freiheit-com/kuberpult/services/cd-service/pkg/service/git.go:167.4,167.32 1 1
github.com/freiheit-com/kuberpult/services/cd-service/pkg/service/git.go:167.32,171.5 1 1
github.com/freiheit-com/kuberpult/services/cd-service/pkg/service/git.go:172.4,172.51 1 1
github.com/freiheit-com/kuberpult/services/cd-service/pkg/service/git.go:172.51,176.5 3 0
github.com/freiheit-com/kuberpult/services/cd-service/pkg/service/git.go:179.3,180.38 2 1
github.com/freiheit-com/kuberpult/services/cd-service/pkg/service/git.go:180.38,182.18 2 1
github.com/freiheit-com/kuberpult/services/cd-service/pkg/service/git.go:182.18,184.5 1 0
github.com/freiheit-com/kuberpult/services/cd-service/pkg/service/git.go:185.4,186.18 2 1
github.com/freiheit-com/kuberpult/services/cd-service/pkg/service/git.go:186.18,188.5 1 0
github.com/freiheit-com/kuberpult/services/cd-service/pkg/service/git.go:189.4,190.18 2 1
github.com/freiheit-com/kuberpult/services/cd-service/pkg/service/git.go:190.18,192.5 1 0
github.com/freiheit-com/kuberpult/services/cd-service/pkg/service/git.go:193.4,193.234 1 1
github.com/freiheit-com/kuberpult/services/cd-service/pkg/service/git.go:195.3,195.77 1 1
github.com/freiheit-com/kuberpult/services/cd-service/pkg/service/git.go:197.2,197.22 1 1
github.com/freiheit-com/kuberpult/services/cd-service/pkg/service/git.go:200.122,202.2 1 0
github.com/freiheit-com/kuberpult/services/cd-service/pkg/service/git.go:204.154,210.16 5 0
github.com/freiheit-com/kuberpult/services/cd-service/pkg/service/git.go:210.16,212.3 1 0
github.com/freiheit-com/kuberpult/services/cd-service/pkg/service/git.go:213.2,213.35 1 0
github.com/freiheit-com/kuberpult/services/cd-service/pkg/service/git.go:213.35,215.17 2 0
github.com/freiheit-com/kuberpult/services/cd-service/pkg/service/git.go:215.17,217.4 1 0
github.com/freiheit-com/kuberpult/services/cd-service/pkg/service/git.go:218.3,219.17 2 0
github.com/freiheit-com/kuberpult/services/cd-service/pkg/service/git.go:219.17,221.4 1 0
github.com/freiheit-com/kuberpult/services/cd-service/pkg/service/git.go:223.3,223.67 1 0
github.com/freiheit-com/kuberpult/services/cd-service/pkg/service/git.go:225.2,225.20 1 0
github.com/freiheit-com/kuberpult/services/cd-service/pkg/service/git.go:228.134,230.16 2 0
github.com/freiheit-com/kuberpult/services/cd-service/pkg/service/git.go:230.16,232.3 1 0
github.com/freiheit-com/kuberpult/services/cd-service/pkg/service/git.go:233.2,233.46 1 0
github.com/freiheit-com/kuberpult/services/cd-service/pkg/service/git.go:237.130,239.2 1 0
github.com/freiheit-com/kuberpult/services/cd-service/pkg/service/git.go:241.98,249.103 5 0
github.com/freiheit-com/kuberpult/services/cd-service/pkg/service/git.go:249.103,251.17 2 0
github.com/freiheit-com/kuberpult/services/cd-service/pkg/service/git.go:251.17,253.4 1 0
github.com/freiheit-com/kuberpult/services/cd-service/pkg/service/git.go:255.3,256.17 2 0
github.com/freiheit-com/kuberpult/services/cd-service/pkg/service/git.go:256.17,258.4 1 0
github.com/freiheit-com/kuberpult/services/cd-service/pkg/service/git.go:259.3,261.13 2 0
github.com/freiheit-com/kuberpult/services/cd-service/pkg/service/git.go:264.2,264.29 1 0
github.com/freiheit-com/kuberpult/services/cd-service/pkg/service/git.go:267.77,269.38 2 0
github.com/freiheit-com/kuberpult/services/cd-service/pkg/service/git.go:269.38,270.55 1 0
github.com/freiheit-com/kuberpult/services/cd-service/pkg/service/git.go:270.55,274.4 1 0
github.com/freiheit-com/kuberpult/services/cd-service/pkg/service/git.go:275.3,276.46 2 0
github.com/freiheit-com/kuberpult/services/cd-service/pkg/service/git.go:276.46,278.4 1 0
github.com/freiheit-com/kuberpult/services/cd-service/pkg/service/git.go:278.9,278.50 1 0
github.com/freiheit-com/kuberpult/services/cd-service/pkg/service/git.go:278.50,280.4 1 0
github.com/freiheit-com/kuberpult/services/cd-service/pkg/service/git.go:280.9,282.4 1 0
github.com/freiheit-com/kuberpult/services/cd-service/pkg/service/git.go:284.3,284.83 1 0
github.com/freiheit-com/kuberpult/services/cd-service/pkg/service/git.go:286.2,286.15 1 0
github.com/freiheit-com/kuberpult/services/cd-service/pkg/service/git.go:289.84,290.42 1 0
github.com/freiheit-com/kuberpult/services/cd-service/pkg/service/git.go:290.42,294.13 3 0
github.com/freiheit-com/kuberpult/services/cd-service/pkg/service/git.go:294.13,296.8 2 0
github.com/freiheit-com/kuberpult/services/cd-service/pkg/service/git.go:296.8,297.12 1 0
github.com/freiheit-com/kuberpult/services/cd-service/pkg/service/git.go:298.23,299.12 1 0
github.com/freiheit-com/kuberpult/services/cd-service/pkg/service/git.go:300.15,301.36 1 0
github.com/freiheit-com/kuberpult/services/cd-service/pkg/service/git.go:306.2,306.42 1 0
github.com/freiheit-com/kuberpult/services/cd-service/pkg/service/git.go:310.57,316.6 6 0
github.com/freiheit-com/kuberpult/services/cd-service/pkg/service/git.go:316.6,317.10 1 0
github.com/freiheit-com/kuberpult/services/cd-service/pkg/service/git.go:318.21,319.14 1 0
github.com/freiheit-com/kuberpult/services/cd-service/pkg/service/git.go:320.13,322.18 2 0
github.com/freiheit-com/kuberpult/services/cd-service/pkg/service/git.go:322.18,324.5 1 0
github.com/freiheit-com/kuberpult/services/cd-service/pkg/service/git.go:325.4,325.48 1 0
github.com/freiheit-com/kuberpult/services/cd-service/pkg/service/git.go:325.48,328.5 2 0
github.com/freiheit-com/kuberpult/services/cd-service/pkg/service/git.go:329.15,330.14 1 0
github.com/freiheit-com/kuberpult/services/cd-service/pkg/service/git.go:335.130,337.2 1 0
github.com/freiheit-com/kuberpult/services/cd-service/pkg/service/git.go:339.118,341.2 1 0
github.com/freiheit-com/kuberpult/services/cd-service/pkg/service/overview.go:60.68,80.140 6 1
github.com/freiheit-com/kuberpult/services/cd-service/pkg/service/overview.go:80.140,94.17 5 1
github.com/freiheit-com/kuberpult/services/cd-service/pkg/service/overview.go:94.17,96.4 1 0
github.com/freiheit-com/kuberpult/services/cd-service/pkg/service/overview.go:97.3,97.36 1 1
github.com/freiheit-com/kuberpult/services/cd-service/pkg/service/overview.go:97.36,99.4 1 1
github.com/freiheit-com/kuberpult/services/cd-service/pkg/service/overview.go:101.3,102.28 2 1
github.com/freiheit-com/kuberpult/services/cd-service/pkg/service/overview.go:102.28,104.4 1 1
github.com/freiheit-com/kuberpult/services/cd-service/pkg/service/overview.go:106.3,107.17 2 1
github.com/freiheit-com/kuberpult/services/cd-service/pkg/service/overview.go:107.17,109.4 1 0
github.com/freiheit-com/kuberpult/services/cd-service/pkg/service/overview.go:110.3,110.43 1 1
github.com/freiheit-com/kuberpult/services/cd-service/pkg/service/overview.go:110.43,125.4 2 1
github.com/freiheit-com/kuberpult/services/cd-service/pkg/service/overview.go:127.3,127.51 1 1
github.com/freiheit-com/kuberpult/services/cd-service/pkg/service/overview.go:127.51,129.4 1 1
github.com/freiheit-com/kuberpult/services/cd-service/pkg/service/overview.go:131.3,132.17 2 1
github.com/freiheit-com/kuberpult/services/cd-service/pkg/service/overview.go:132.17,134.4 1 0
github.com/freiheit-com/kuberpult/services/cd-service/pkg/service/overview.go:135.3,137.22 2 1
github.com/freiheit-com/kuberpult/services/cd-service/pkg/service/overview.go:137.22,139.4 1 0
github.com/freiheit-com/kuberpult/services/cd-service/pkg/service/overview.go:140.3,141.17 2 1
github.com/freiheit-com/kuberpult/services/cd-service/pkg/service/overview.go:141.17,143.4 1 0
github.com/freiheit-com/kuberpult/services/cd-service/pkg/service/overview.go:144.3,144.23 1 1
github.com/freiheit-com/kuberpult/services/cd-service/pkg/service/overview.go:144.23,146.4 1 0
github.com/freiheit-com/kuberpult/services/cd-service/pkg/service/overview.go:147.3,148.17 2 1
github.com/freiheit-com/kuberpult/services/cd-service/pkg/service/overview.go:148.17,150.4 1 0
github.com/freiheit-com/kuberpult/services/cd-service/pkg/service/overview.go:152.3,154.29 3 1
github.com/freiheit-com/kuberpult/services/cd-service/pkg/service/overview.go:154.29,157.4 2 1
github.com/freiheit-com/kuberpult/services/cd-service/pkg/service/overview.go:159.3,163.17 3 1
github.com/freiheit-com/kuberpult/services/cd-service/pkg/service/overview.go:163.17,165.4 1 0
github.com/freiheit-com/kuberpult/services/cd-service/pkg/service/overview.go:166.3,166.40 1 1
github.com/freiheit-com/kuberpult/services/cd-service/pkg/service/overview.go:166.40,168.42 2 1
github.com/freiheit-com/kuberpult/services/cd-service/pkg/service/overview.go:168.42,170.5 1 1
github.com/freiheit-com/kuberpult/services/cd-service/pkg/service/overview.go:171.4,181.6 1 1
github.com/freiheit-com/kuberpult/services/cd-service/pkg/service/overview.go:185.3,186.17 2 1
github.com/freiheit-com/kuberpult/services/cd-service/pkg/service/overview.go:186.17,188.4 1 0
github.com/freiheit-com/kuberpult/services/cd-service/pkg/service/overview.go:189.3,189.45 1 1
github.com/freiheit-com/kuberpult/services/cd-service/pkg/service/overview.go:189.45,191.43 2 1
github.com/freiheit-com/kuberpult/services/cd-service/pkg/service/overview.go:191.43,193.5 1 1
github.com/freiheit-com/kuberpult/services/cd-service/pkg/service/overview.go:194.4,204.6 1 1
github.com/freiheit-com/kuberpult/services/cd-service/pkg/service/overview.go:208.3,209.17 2 1
github.com/freiheit-com/kuberpult/services/cd-service/pkg/service/overview.go:209.17,211.4 1 0
github.com/freiheit-com/kuberpult/services/cd-service/pkg/service/overview.go:213.3,214.17 2 1
github.com/freiheit-com/kuberpult/services/cd-service/pkg/service/overview.go:214.17,216.4 1 0
github.com/freiheit-com/kuberpult/services/cd-service/pkg/service/overview.go:219.3,220.54 2 1
github.com/freiheit-com/kuberpult/services/cd-service/pkg/service/overview.go:220.54,221.39 1 1
github.com/freiheit-com/kuberpult/services/cd-service/pkg/service/overview.go:221.39,224.5 2 1
github.com/freiheit-com/kuberpult/services/cd-service/pkg/service/overview.go:226.3,226.55 1 1
github.com/freiheit-com/kuberpult/services/cd-service/pkg/service/overview.go:226.55,230.93 2 1
github.com/freiheit-com/kuberpult/services/cd-service/pkg/service/overview.go:230.93,231.13 1 1
github.com/freiheit-com/kuberpult/services/cd-service/pkg/service/overview.go:234.4,246.35 3 1
github.com/freiheit-com/kuberpult/services/cd-service/pkg/service/overview.go:246.35,248.5 1 1
github.com/freiheit-com/kuberpult/services/cd-service/pkg/service/overview.go:248.10,250.5 1 1
github.com/freiheit-com/kuberpult/services/cd-service/pkg/service/overview.go:252.4,252.32 1 1
github.com/freiheit-com/kuberpult/services/cd-service/pkg/service/overview.go:252.32,254.5 1 1
github.com/freiheit-com/kuberpult/services/cd-service/pkg/service/overview.go:255.4,255.54 1 1
github.com/freiheit-com/kuberpult/services/cd-service/pkg/service/overview.go:257.3,259.21 3 1
github.com/freiheit-com/kuberpult/services/cd-service/pkg/service/overview.go:261.2,261.16 1 1
github.com/freiheit-com/kuberpult/services/cd-service/pkg/service/overview.go:261.16,263.3 1 0
github.com/freiheit-com/kuberpult/services/cd-service/pkg/service/overview.go:264.2,265.22 2 1
github.com/freiheit-com/kuberpult/services/cd-service/pkg/service/overview.go:268.108,269.32 1 1
github.com/freiheit-com/kuberpult/services/cd-service/pkg/service/overview.go:269.32,270.36 1 1
github.com/freiheit-com/kuberpult/services/cd-service/pkg/service/overview.go:270.36,272.4 1 1
github.com/freiheit-com/kuberpult/services/cd-service/pkg/service/overview.go:274.2,274.12 1 0
github.com/freiheit-com/kuberpult/services/cd-service/pkg/service/overview.go:279.64,285.2 3 1
github.com/freiheit-com/kuberpult/services/cd-service/pkg/service/overview.go:288.70,293.140 3 1
github.com/freiheit-com/kuberpult/services/cd-service/pkg/service/overview.go:293.140,297.17 3 1
github.com/freiheit-com/kuberpult/services/cd-service/pkg/service/overview.go:297.17,299.4 1 0
github.com/freiheit-com/kuberpult/services/cd-service/pkg/service/overview.go:301.3,306.17 3 1
github.com/freiheit-com/kuberpult/services/cd-service/pkg/service/overview.go:306.17,308.4 1 0
github.com/freiheit-com/kuberpult/services/cd-service/pkg/service/overview.go:309.3,309.40 1 1
github.com/freiheit-com/kuberpult/services/cd-service/pkg/service/overview.go:309.40,311.45 2 1
github.com/freiheit-com/kuberpult/services/cd-service/pkg/service/overview.go:311.45,314.5 1 1
github.com/freiheit-com/kuberpult/services/cd-service/pkg/service/overview.go:315.4,315.71 1 1
github.com/freiheit-com/kuberpult/services/cd-service/pkg/service/overview.go:315.71,317.5 1 1
github.com/freiheit-com/kuberpult/services/cd-service/pkg/service/overview.go:319.4,329.6 1 1
github.com/freiheit-com/kuberpult/services/cd-service/pkg/service/overview.go:331.3,331.24 1 1
github.com/freiheit-com/kuberpult/services/cd-service/pkg/service/overview.go:336.78,341.144 3 1
github.com/freiheit-com/kuberpult/services/cd-service/pkg/service/overview.go:341.144,347.17 3 1
github.com/freiheit-com/kuberpult/services/cd-service/pkg/service/overview.go:347.17,349.4 1 0
github.com/freiheit-com/kuberpult/services/cd-service/pkg/service/overview.go:350.3,350.46 1 1
github.com/freiheit-com/kuberpult/services/cd-service/pkg/service/overview.go:350.46,352.41 2 1
github.com/freiheit-com/kuberpult/services/cd-service/pkg/service/overview.go:352.41,353.46 1 1
github.com/freiheit-com/kuberpult/services/cd-service/pkg/service/overview.go:353.46,356.6 1 1
github.com/freiheit-com/kuberpult/services/cd-service/pkg/service/overview.go:357.5,367.7 1 1
github.com/freiheit-com/kuberpult/services/cd-service/pkg/service/overview.go:370.3,371.17 2 1
github.com/freiheit-com/kuberpult/services/cd-service/pkg/service/overview.go:371.17,373.4 1 0
github.com/freiheit-com/kuberpult/services/cd-service/pkg/service/overview.go:374.3,374.44 1 1
github.com/freiheit-com/kuberpult/services/cd-service/pkg/service/overview.go:374.44,376.35 2 1
github.com/freiheit-com/kuberpult/services/cd-service/pkg/service/overview.go:376.35,377.39 1 1
github.com/freiheit-com/kuberpult/services/cd-service/pkg/service/overview.go:377.39,378.48 1 1
github.com/freiheit-com/kuberpult/services/cd-service/pkg/service/overview.go:378.48,380.7 1 1
github.com/freiheit-com/kuberpult/services/cd-service/pkg/service/overview.go:381.6,381.64 1 1
github.com/freiheit-com/kuberpult/services/cd-service/pkg/service/overview.go:381.64,383.7 1 1
github.com/freiheit-com/kuberpult/services/cd-service/pkg/service/overview.go:384.6,394.8 1 1
github.com/freiheit-com/kuberpult/services/cd-service/pkg/service/overview.go:398.3,398.24 1 1
github.com/freiheit-com/kuberpult/services/cd-service/pkg/service/overview.go:404.57,406.192 1 1
github.com/freiheit-com/kuberpult/services/cd-service/pkg/service/overview.go:406.192,409.18 3 1
github.com/freiheit-com/kuberpult/services/cd-service/pkg/service/overview.go:409.18,411.4 1 0
github.com/freiheit-com/kuberpult/services/cd-service/pkg/service/overview.go:412.3,412.23 1 1
github.com/freiheit-com/kuberpult/services/cd-service/pkg/service/overview.go:414.2,414.16 1 1
github.com/freiheit-com/kuberpult/services/cd-service/pkg/service/overview.go:414.16,416.3 1 0
github.com/freiheit-com/kuberpult/services/cd-service/pkg/service/overview.go:417.2,417.22 1 1
github.com/freiheit-com/kuberpult/services/cd-service/pkg/service/overview.go:424.37,437.75 7 1
github.com/freiheit-com/kuberpult/services/cd-service/pkg/service/overview.go:437.75,439.3 1 0
github.com/freiheit-com/kuberpult/services/cd-service/pkg/service/overview.go:439.8,441.37 2 1
github.com/freiheit-com/kuberpult/services/cd-service/pkg/service/overview.go:441.37,450.28 5 1
github.com/freiheit-com/kuberpult/services/cd-service/pkg/service/overview.go:450.28,452.5 1 0
github.com/freiheit-com/kuberpult/services/cd-service/pkg/service/overview.go:453.4,453.35 1 1
github.com/freiheit-com/kuberpult/services/cd-service/pkg/service/overview.go:453.35,455.5 1 1
github.com/freiheit-com/kuberpult/services/cd-service/pkg/service/overview.go:456.4,467.34 2 1
github.com/freiheit-com/kuberpult/services/cd-service/pkg/service/overview.go:471.2,471.82 1 1
github.com/freiheit-com/kuberpult/services/cd-service/pkg/service/overview.go:471.82,473.3 1 0
github.com/freiheit-com/kuberpult/services/cd-service/pkg/service/overview.go:473.8,474.39 1 1
github.com/freiheit-com/kuberpult/services/cd-service/pkg/service/overview.go:474.39,476.4 1 1
github.com/freiheit-com/kuberpult/services/cd-service/pkg/service/overview.go:479.2,479.21 1 1
github.com/freiheit-com/kuberpult/services/cd-service/pkg/service/overview.go:482.134,483.38 1 1
github.com/freiheit-com/kuberpult/services/cd-service/pkg/service/overview.go:483.38,484.61 1 1
github.com/freiheit-com/kuberpult/services/cd-service/pkg/service/overview.go:484.61,485.57 1 1
github.com/freiheit-com/kuberpult/services/cd-service/pkg/service/overview.go:485.57,486.51 1 1
github.com/freiheit-com/kuberpult/services/cd-service/pkg/service/overview.go:486.51,488.6 1 1
github.com/freiheit-com/kuberpult/services/cd-service/pkg/service/overview.go:492.2,492.12 1 0
github.com/freiheit-com/kuberpult/services/cd-service/pkg/service/overview.go:496.57,500.6 4 1
github.com/freiheit-com/kuberpult/services/cd-service/pkg/service/overview.go:500.6,501.10 1 1
github.com/freiheit-com/kuberpult/services/cd-service/pkg/service/overview.go:502.21,503.14 1 0
github.com/freiheit-com/kuberpult/services/cd-service/pkg/service/overview.go:504.13,507.21 3 1
github.com/freiheit-com/kuberpult/services/cd-service/pkg/service/overview.go:507.21,509.19 2 0
github.com/freiheit-com/kuberpult/services/cd-service/pkg/service/overview.go:509.19,511.6 1 0
github.com/freiheit-com/kuberpult/services/cd-service/pkg/service/overview.go:512.5,512.25 1 0
github.com/freiheit-com/kuberpult/services/cd-service/pkg/service/overview.go:513.10,515.5 1 1
github.com/freiheit-com/kuberpult/services/cd-service/pkg/service/overview.go:517.4,517.42 1 1
github.com/freiheit-com/kuberpult/services/cd-service/pkg/service/overview.go:517.42,524.5 2 0
github.com/freiheit-com/kuberpult/services/cd-service/pkg/service/overview.go:526.15,527.14 1 1
github.com/freiheit-com/kuberpult/services/cd-service/pkg/service/overview.go:533.60,537.6 4 0
github.com/freiheit-com/kuberpult/services/cd-service/pkg/service/overview.go:537.6,538.10 1 0
github.com/freiheit-com/kuberpult/services/cd-service/pkg/service/overview.go:539.21,540.14 1 0
github.com/freiheit-com/kuberpult/services/cd-service/pkg/service/overview.go:541.33,542.34 1 0
github.com/freiheit-com/kuberpult/services/cd-service/pkg/service/overview.go:542.34,544.19 2 0
github.com/freiheit-com/kuberpult/services/cd-service/pkg/service/overview.go:544.19,546.6 1 0
github.com/freiheit-com/kuberpult/services/cd-service/pkg/service/overview.go:547.5,547.31 1 0
github.com/freiheit-com/kuberpult/services/cd-service/pkg/service/overview.go:549.4,552.47 2 0
github.com/freiheit-com/kuberpult/services/cd-service/pkg/service/overview.go:552.47,554.19 2 0
github.com/freiheit-com/kuberpult/services/cd-service/pkg/service/overview.go:554.19,556.6 1 0
github.com/freiheit-com/kuberpult/services/cd-service/pkg/service/overview.go:557.5,557.35 1 0
github.com/freiheit-com/kuberpult/services/cd-service/pkg/service/overview.go:560.4,561.42 2 0
github.com/freiheit-com/kuberpult/services/cd-service/pkg/service/overview.go:561.42,564.5 2 0
github.com/freiheit-com/kuberpult/services/cd-service/pkg/service/overview.go:566.15,567.14 1 0
github.com/freiheit-com/kuberpult/services/cd-service/pkg/service/overview.go:572.83,573.40 1 1
github.com/freiheit-com/kuberpult/services/cd-service/pkg/service/overview.go:573.40,580.13 4 1
github.com/freiheit-com/kuberpult/services/cd-service/pkg/service/overview.go:580.13,582.8 2 1
github.com/freiheit-com/kuberpult/services/cd-service/pkg/service/overview.go:582.8,583.12 1 1
github.com/freiheit-com/kuberpult/services/cd-service/pkg/service/overview.go:584.23,585.12 1 1
github.com/freiheit-com/kuberpult/services/cd-service/pkg/service/overview.go:586.15,588.36 1 1
github.com/freiheit-com/kuberpult/services/cd-service/pkg/service/overview.go:593.2,593.29 1 1
github.com/freiheit-com/kuberpult/services/cd-service/pkg/service/overview.go:596.108,597.43 1 0
github.com/freiheit-com/kuberpult/services/cd-service/pkg/service/overview.go:597.43,603.13 3 0
github.com/freiheit-com/kuberpult/services/cd-service/pkg/service/overview.go:603.13,605.8 2 0
github.com/freiheit-com/kuberpult/services/cd-service/pkg/service/overview.go:605.8,606.12 1 0
github.com/freiheit-com/kuberpult/services/cd-service/pkg/service/overview.go:607.23,608.12 1 0
github.com/freiheit-com/kuberpult/services/cd-service/pkg/service/overview.go:609.30,610.45 1 0
github.com/freiheit-com/kuberpult/services/cd-service/pkg/service/overview.go:615.2,615.40 1 0
github.com/freiheit-com/kuberpult/services/cd-service/pkg/service/overview.go:618.87,619.133 1 0
github.com/freiheit-com/kuberpult/services/cd-service/pkg/service/overview.go:619.133,621.3 1 0
github.com/freiheit-com/kuberpult/services/cd-service/pkg/service/overview.go:624.61,626.16 2 1
github.com/freiheit-com/kuberpult/services/cd-service/pkg/service/overview.go:626.16,629.3 2 0
github.com/freiheit-com/kuberpult/services/cd-service/pkg/service/overview.go:630.2,630.14 1 1
github.com/freiheit-com/kuberpult/services/cd-service/pkg/service/overview.go:630.14,633.3 2 0
github.com/freiheit-com/kuberpult/services/cd-service/pkg/service/overview.go:634.2,635.19 2 1
github.com/freiheit-com/kuberpult/services/cd-service/pkg/service/overview.go:638.104,641.48 3 1
github.com/freiheit-com/kuberpult/services/cd-service/pkg/service/overview.go:641.48,642.40 1 1
github.com/freiheit-com/kuberpult/services/cd-service/pkg/service/overview.go:642.40,644.4 1 1
github.com/freiheit-com/kuberpult/services/cd-service/pkg/service/overview.go:644.9,646.4 1 1
github.com/freiheit-com/kuberpult/services/cd-service/pkg/service/overview.go:648.2,648.17 1 1
github.com/freiheit-com/kuberpult/services/cd-service/pkg/service/overview.go:648.17,650.3 1 1
github.com/freiheit-com/kuberpult/services/cd-service/pkg/service/overview.go:651.2,651.15 1 1
github.com/freiheit-com/kuberpult/services/cd-service/pkg/service/overview.go:651.15,653.3 1 1
github.com/freiheit-com/kuberpult/services/cd-service/pkg/service/overview.go:654.2,654.34 1 1
github.com/freiheit-com/kuberpult/services/cd-service/pkg/service/overview.go:657.150,659.35 2 1
github.com/freiheit-com/kuberpult/services/cd-service/pkg/service/overview.go:659.35,661.52 2 1
github.com/freiheit-com/kuberpult/services/cd-service/pkg/service/overview.go:661.52,663.76 2 1
github.com/freiheit-com/kuberpult/services/cd-service/pkg/service/overview.go:663.76,665.13 1 1
github.com/freiheit-com/kuberpult/services/cd-service/pkg/service/overview.go:667.4,668.30 2 1
github.com/freiheit-com/kuberpult/services/cd-service/pkg/service/overview.go:668.30,670.13 1 0
github.com/freiheit-com/kuberpult/services/cd-service/pkg/service/overview.go:673.4,675.11 2 1
github.com/freiheit-com/kuberpult/services/cd-service/pkg/service/overview.go:675.11,677.13 1 1
github.com/freiheit-com/kuberpult/services/cd-service/pkg/service/overview.go:679.4,682.11 3 1
github.com/freiheit-com/kuberpult/services/cd-service/pkg/service/overview.go:682.11,694.13 3 1
github.com/freiheit-com/kuberpult/services/cd-service/pkg/service/overview.go:696.4,697.67 2 1
github.com/freiheit-com/kuberpult/services/cd-service/pkg/service/overview.go:697.67,709.5 2 1
github.com/freiheit-com/kuberpult/services/cd-service/pkg/service/overview.go:712.2,712.15 1 1
github.com/freiheit-com/kuberpult/services/cd-service/pkg/service/overview.go:716.66,722.31 5 1
github.com/freiheit-com/kuberpult/services/cd-service/pkg/service/overview.go:722.31,725.3 2 1
github.com/freiheit-com/kuberpult/services/cd-service/pkg/service/overview.go:727.2,727.101 1 1
github.com/freiheit-com/kuberpult/services/cd-service/pkg/service/overview.go:727.101,729.17 2 1
github.com/freiheit-com/kuberpult/services/cd-service/pkg/service/overview.go:729.17,731.4 1 0
github.com/freiheit-com/kuberpult/services/cd-service/pkg/service/overview.go:733.3,737.17 2 1
github.com/freiheit-com/kuberpult/services/cd-service/pkg/service/overview.go:737.17,739.4 1 0
github.com/freiheit-com/kuberpult/services/cd-service/pkg/service/overview.go:740.3,743.17 3 1
github.com/freiheit-com/kuberpult/services/cd-service/pkg/service/overview.go:743.17,745.4 1 0
github.com/freiheit-com/kuberpult/services/cd-service/pkg/service/overview.go:746.3,754.17 3 1
github.com/freiheit-com/kuberpult/services/cd-service/pkg/service/overview.go:754.17,756.4 1 0
github.com/freiheit-com/kuberpult/services/cd-service/pkg/service/overview.go:758.3,761.50 3 1
github.com/freiheit-com/kuberpult/services/cd-service/pkg/service/overview.go:761.50,768.18 6 1
github.com/freiheit-com/kuberpult/services/cd-service/pkg/service/overview.go:768.18,770.5 1 0
github.com/freiheit-com/kuberpult/services/cd-service/pkg/service/overview.go:772.4,774.15 3 1
github.com/freiheit-com/kuberpult/services/cd-service/pkg/service/overview.go:774.15,777.19 2 0
github.com/freiheit-com/kuberpult/services/cd-service/pkg/service/overview.go:777.19,779.6 1 0
github.com/freiheit-com/kuberpult/services/cd-service/pkg/service/overview.go:780.5,780.28 1 0
github.com/freiheit-com/kuberpult/services/cd-service/pkg/service/overview.go:780.28,783.6 2 0
github.com/freiheit-com/kuberpult/services/cd-service/pkg/service/overview.go:783.11,785.6 1 0
github.com/freiheit-com/kuberpult/services/cd-service/pkg/service/overview.go:787.4,788.26 2 1
github.com/freiheit-com/kuberpult/services/cd-service/pkg/service/overview.go:788.26,790.5 1 1
github.com/freiheit-com/kuberpult/services/cd-service/pkg/service/overview.go:790.10,792.5 1 1
github.com/freiheit-com/kuberpult/services/cd-service/pkg/service/overview.go:794.4,798.18 2 1
github.com/freiheit-com/kuberpult/services/cd-service/pkg/service/overview.go:798.18,800.5 1 0
github.com/freiheit-com/kuberpult/services/cd-service/pkg/service/overview.go:801.4,801.53 1 1
github.com/freiheit-com/kuberpult/services/cd-service/pkg/service/overview.go:804.3,804.13 1 1
github.com/freiheit-com/kuberpult/services/cd-service/pkg/service/overview.go:807.2,807.16 1 1
github.com/freiheit-com/kuberpult/services/cd-service/pkg/service/overview.go:807.16,809.3 1 0
github.com/freiheit-com/kuberpult/services/cd-service/pkg/service/overview.go:811.2,811.12 1 1
github.com/freiheit-com/kuberpult/services/cd-service/pkg/service/release_train_prognosis.go:34.161,51.96 4 1
github.com/freiheit-com/kuberpult/services/cd-service/pkg/service/release_train_prognosis.go:51.96,53.17 2 1
github.com/freiheit-com/kuberpult/services/cd-service/pkg/service/release_train_prognosis.go:53.17,55.4 1 0
github.com/freiheit-com/kuberpult/services/cd-service/pkg/service/release_train_prognosis.go:56.3,57.13 2 1
github.com/freiheit-com/kuberpult/services/cd-service/pkg/service/release_train_prognosis.go:60.2,60.28 1 1
github.com/freiheit-com/kuberpult/services/cd-service/pkg/service/release_train_prognosis.go:60.28,62.3 1 1
github.com/freiheit-com/kuberpult/services/cd-service/pkg/service/release_train_prognosis.go:64.2,68.68 2 1
github.com/freiheit-com/kuberpult/services/cd-service/pkg/service/release_train_prognosis.go:68.68,71.10 2 1
github.com/freiheit-com/kuberpult/services/cd-service/pkg/service/release_train_prognosis.go:72.38,74.52 2 1
github.com/freiheit-com/kuberpult/services/cd-service/pkg/service/release_train_prognosis.go:75.34,77.124 1 0
github.com/freiheit-com/kuberpult/services/cd-service/pkg/service/release_train_prognosis.go:78.42,84.66 2 1
github.com/freiheit-com/kuberpult/services/cd-service/pkg/service/release_train_prognosis.go:84.66,89.38 4 1
github.com/freiheit-com/kuberpult/services/cd-service/pkg/service/release_train_prognosis.go:89.38,91.6 1 1
github.com/freiheit-com/kuberpult/services/cd-service/pkg/service/release_train_prognosis.go:91.11,95.6 1 1
github.com/freiheit-com/kuberpult/services/cd-service/pkg/service/release_train_prognosis.go:96.5,96.76 1 1
github.com/freiheit-com/kuberpult/services/cd-service/pkg/service/release_train_prognosis.go:99.3,99.55 1 1
github.com/freiheit-com/kuberpult/services/cd-service/pkg/service/release_train_prognosis.go:102.2,102.17 1 1
github.com/freiheit-com/kuberpult/services/cd-service/pkg/service/service.go:31.69,33.14 2 0
github.com/freiheit-com/kuberpult/services/cd-service/pkg/service/service.go:34.16,35.26 1 0
github.com/freiheit-com/kuberpult/services/cd-service/pkg/service/service.go:36.17,38.82 2 0
github.com/freiheit-com/kuberpult/services/cd-service/pkg/service/service.go:42.75,45.2 2 0
github.com/freiheit-com/kuberpult/services/cd-service/pkg/service/version.go:40.62,42.2 1 0
github.com/freiheit-com/kuberpult/services/cd-service/pkg/service/version.go:44.131,45.27 1 1
[...]
github.com/freiheit-com/kuberpult/services/cd-service/pkg/repository/transformer.go:1457.16,1459.3 1 0
github.com/freiheit-com/kuberpult/services/cd-service/pkg/repository/transformer.go:1461.2,1461.24 1 1
github.com/freiheit-com/kuberpult/services/cd-service/pkg/repository/transformer.go:1461.24,1470.3 1 1
github.com/freiheit-com/kuberpult/services/cd-service/pkg/repository/transformer.go:1472.2,1472.54 1 1
github.com/freiheit-com/kuberpult/services/cd-service/pkg/repository/transformer.go:1472.54,1475.17 3 1
github.com/freiheit-com/kuberpult/services/cd-service/pkg/repository/transformer.go:1475.17,1477.4 1 0
github.com/freiheit-com/kuberpult/services/cd-service/pkg/repository/transformer.go:1479.2,1480.87 2 1
github.com/freiheit-com/kuberpult/services/cd-service/pkg/repository/transformer.go:1491.63,1493.2 1 1
github.com/freiheit-com/kuberpult/services/cd-service/pkg/repository/transformer.go:1495.68,1497.2 1 1
github.com/freiheit-com/kuberpult/services/cd-service/pkg/repository/transformer.go:1499.66,1501.2 1 0
github.com/freiheit-com/kuberpult/services/cd-service/pkg/repository/transformer.go:1508.19,1511.16 3 1
github.com/freiheit-com/kuberpult/services/cd-service/pkg/repository/transformer.go:1511.16,1513.3 1 1
github.com/freiheit-com/kuberpult/services/cd-service/pkg/repository/transformer.go:1514.2,1523.16 3 1
github.com/freiheit-com/kuberpult/services/cd-service/pkg/repository/transformer.go:1523.16,1525.3 1 0
github.com/freiheit-com/kuberpult/services/cd-service/pkg/repository/transformer.go:1526.2,1527.16 2 1
github.com/freiheit-com/kuberpult/services/cd-service/pkg/repository/transformer.go:1527.16,1529.3 1 0
github.com/freiheit-com/kuberpult/services/cd-service/pkg/repository/transformer.go:1530.2,1531.24 2 1
github.com/freiheit-com/kuberpult/services/cd-service/pkg/repository/transformer.go:1531.24,1534.17 3 1
github.com/freiheit-com/kuberpult/services/cd-service/pkg/repository/transformer.go:1534.17,1536.4 1 0
github.com/freiheit-com/kuberpult/services/cd-service/pkg/repository/transformer.go:1539.2,1540.16 2 1
github.com/freiheit-com/kuberpult/services/cd-service/pkg/repository/transformer.go:1540.16,1542.3 1 0
github.com/freiheit-com/kuberpult/services/cd-service/pkg/repository/transformer.go:1543.2,1544.122 2 1
github.com/freiheit-com/kuberpult/services/cd-service/pkg/repository/transformer.go:1559.68,1561.2 1 1
github.com/freiheit-com/kuberpult/services/cd-service/pkg/repository/transformer.go:1563.73,1565.2 1 1
github.com/freiheit-com/kuberpult/services/cd-service/pkg/repository/transformer.go:1567.71,1569.2 1 0
github.com/freiheit-com/kuberpult/services/cd-service/pkg/repository/transformer.go:1576.19,1578.16 2 1
github.com/freiheit-com/kuberpult/services/cd-service/pkg/repository/transformer.go:1578.16,1580.3 1 0
github.com/freiheit-com/kuberpult/services/cd-service/pkg/repository/transformer.go:1581.2,1581.64 1 1
github.com/freiheit-com/kuberpult/services/cd-service/pkg/repository/transformer.go:1581.64,1583.3 1 0
github.com/freiheit-com/kuberpult/services/cd-service/pkg/repository/transformer.go:1584.2,1584.104 1 1
github.com/freiheit-com/kuberpult/services/cd-service/pkg/repository/transformer.go:1584.104,1586.3 1 0
github.com/freiheit-com/kuberpult/services/cd-service/pkg/repository/transformer.go:1587.2,1588.16 2 1
github.com/freiheit-com/kuberpult/services/cd-service/pkg/repository/transformer.go:1588.16,1590.3 1 1
github.com/freiheit-com/kuberpult/services/cd-service/pkg/repository/transformer.go:1591.2,1592.36 2 1
github.com/freiheit-com/kuberpult/services/cd-service/pkg/repository/transformer.go:1592.36,1604.57 3 1
github.com/freiheit-com/kuberpult/services/cd-service/pkg/repository/transformer.go:1604.57,1606.4 1 0
github.com/freiheit-com/kuberpult/services/cd-service/pkg/repository/transformer.go:1608.2,1608.106 1 1
github.com/freiheit-com/kuberpult/services/cd-service/pkg/repository/transformer.go:1619.68,1621.2 1 1
github.com/freiheit-com/kuberpult/services/cd-service/pkg/repository/transformer.go:1623.73,1625.2 1 1
github.com/freiheit-com/kuberpult/services/cd-service/pkg/repository/transformer.go:1627.71,1629.2 1 0
github.com/freiheit-com/kuberpult/services/cd-service/pkg/repository/transformer.go:1636.19,1639.16 2 1
github.com/freiheit-com/kuberpult/services/cd-service/pkg/repository/transformer.go:1639.16,1641.3 1 0
github.com/freiheit-com/kuberpult/services/cd-service/pkg/repository/transformer.go:1642.2,1643.16 2 1
github.com/freiheit-com/kuberpult/services/cd-service/pkg/repository/transformer.go:1643.16,1645.3 1 0
github.com/freiheit-com/kuberpult/services/cd-service/pkg/repository/transformer.go:1646.2,1646.36 1 1
github.com/freiheit-com/kuberpult/services/cd-service/pkg/repository/transformer.go:1646.36,1654.57 3 1
github.com/freiheit-com/kuberpult/services/cd-service/pkg/repository/transformer.go:1654.57,1656.4 1 0
github.com/freiheit-com/kuberpult/services/cd-service/pkg/repository/transformer.go:1658.2,1658.106 1 1
github.com/freiheit-com/kuberpult/services/cd-service/pkg/repository/transformer.go:1674.74,1676.2 1 1
github.com/freiheit-com/kuberpult/services/cd-service/pkg/repository/transformer.go:1678.79,1680.2 1 1
github.com/freiheit-com/kuberpult/services/cd-service/pkg/repository/transformer.go:1682.77,1684.2 1 1
github.com/freiheit-com/kuberpult/services/cd-service/pkg/repository/transformer.go:1691.19,1695.16 3 1
github.com/freiheit-com/kuberpult/services/cd-service/pkg/repository/transformer.go:1695.16,1697.3 1 1
github.com/freiheit-com/kuberpult/services/cd-service/pkg/repository/transformer.go:1698.2,1698.64 1 1
github.com/freiheit-com/kuberpult/services/cd-service/pkg/repository/transformer.go:1698.64,1700.3 1 0
github.com/freiheit-com/kuberpult/services/cd-service/pkg/repository/transformer.go:1701.2,1701.104 1 1
github.com/freiheit-com/kuberpult/services/cd-service/pkg/repository/transformer.go:1701.104,1703.3 1 0
github.com/freiheit-com/kuberpult/services/cd-service/pkg/repository/transformer.go:1704.2,1705.16 2 1
github.com/freiheit-com/kuberpult/services/cd-service/pkg/repository/transformer.go:1705.16,1707.3 1 0
github.com/freiheit-com/kuberpult/services/cd-service/pkg/repository/transformer.go:1708.2,1709.16 2 1
github.com/freiheit-com/kuberpult/services/cd-service/pkg/repository/transformer.go:1709.16,1711.3 1 0
github.com/freiheit-com/kuberpult/services/cd-service/pkg/repository/transformer.go:1712.2,1712.16 1 1
github.com/freiheit-com/kuberpult/services/cd-service/pkg/repository/transformer.go:1712.16,1714.3 1 0
github.com/freiheit-com/kuberpult/services/cd-service/pkg/repository/transformer.go:1716.2,1724.32 2 1
github.com/freiheit-com/kuberpult/services/cd-service/pkg/repository/transformer.go:1724.32,1726.3 1 1
github.com/freiheit-com/kuberpult/services/cd-service/pkg/repository/transformer.go:1728.2,1729.17 2 1
github.com/freiheit-com/kuberpult/services/cd-service/pkg/repository/transformer.go:1729.17,1731.3 1 0
github.com/freiheit-com/kuberpult/services/cd-service/pkg/repository/transformer.go:1734.2,1735.16 2 1
github.com/freiheit-com/kuberpult/services/cd-service/pkg/repository/transformer.go:1735.16,1737.3 1 0
github.com/freiheit-com/kuberpult/services/cd-service/pkg/repository/transformer.go:1738.2,1738.24 1 1
github.com/freiheit-com/kuberpult/services/cd-service/pkg/repository/transformer.go:1738.24,1740.3 1 0
github.com/freiheit-com/kuberpult/services/cd-service/pkg/repository/transformer.go:1742.2,1742.45 1 1
github.com/freiheit-com/kuberpult/services/cd-service/pkg/repository/transformer.go:1742.45,1744.3 1 0
github.com/freiheit-com/kuberpult/services/cd-service/pkg/repository/transformer.go:1745.2,1748.121 2 1
github.com/freiheit-com/kuberpult/services/cd-service/pkg/repository/transformer.go:1760.74,1762.2 1 1
github.com/freiheit-com/kuberpult/services/cd-service/pkg/repository/transformer.go:1764.79,1766.2 1 1
github.com/freiheit-com/kuberpult/services/cd-service/pkg/repository/transformer.go:1768.77,1770.2 1 0
github.com/freiheit-com/kuberpult/services/cd-service/pkg/repository/transformer.go:1777.19,1781.16 3 1
github.com/freiheit-com/kuberpult/services/cd-service/pkg/repository/transformer.go:1781.16,1783.3 1 1
github.com/freiheit-com/kuberpult/services/cd-service/pkg/repository/transformer.go:1784.2,1786.16 3 1
github.com/freiheit-com/kuberpult/services/cd-service/pkg/repository/transformer.go:1786.16,1788.3 1 0
github.com/freiheit-com/kuberpult/services/cd-service/pkg/repository/transformer.go:1789.2,1790.16 2 1
github.com/freiheit-com/kuberpult/services/cd-service/pkg/repository/transformer.go:1790.16,1792.3 1 0
github.com/freiheit-com/kuberpult/services/cd-service/pkg/repository/transformer.go:1793.2,1794.24 2 1
github.com/freiheit-com/kuberpult/services/cd-service/pkg/repository/transformer.go:1794.24,1796.3 1 0
github.com/freiheit-com/kuberpult/services/cd-service/pkg/repository/transformer.go:1798.2,1799.137 2 1
github.com/freiheit-com/kuberpult/services/cd-service/pkg/repository/transformer.go:1815.67,1817.2 1 1
github.com/freiheit-com/kuberpult/services/cd-service/pkg/repository/transformer.go:1819.72,1821.2 1 1
github.com/freiheit-com/kuberpult/services/cd-service/pkg/repository/transformer.go:1823.70,1825.2 1 1
github.com/freiheit-com/kuberpult/services/cd-service/pkg/repository/transformer.go:1832.19,1837.16 3 1
github.com/freiheit-com/kuberpult/services/cd-service/pkg/repository/transformer.go:1837.16,1839.3 1 1
github.com/freiheit-com/kuberpult/services/cd-service/pkg/repository/transformer.go:1841.2,1841.64 1 1
github.com/freiheit-com/kuberpult/services/cd-service/pkg/repository/transformer.go:1841.64,1843.3 1 0
github.com/freiheit-com/kuberpult/services/cd-service/pkg/repository/transformer.go:1844.2,1844.104 1 1
github.com/freiheit-com/kuberpult/services/cd-service/pkg/repository/transformer.go:1844.104,1846.3 1 0
github.com/freiheit-com/kuberpult/services/cd-service/pkg/repository/transformer.go:1847.2,1848.16 2 1
github.com/freiheit-com/kuberpult/services/cd-service/pkg/repository/transformer.go:1848.16,1850.3 1 0
github.com/freiheit-com/kuberpult/services/cd-service/pkg/repository/transformer.go:1852.2,1853.16 2 1
github.com/freiheit-com/kuberpult/services/cd-service/pkg/repository/transformer.go:1853.16,1855.3 1 0
github.com/freiheit-com/kuberpult/services/cd-service/pkg/repository/transformer.go:1856.2,1864.32 2 1
github.com/freiheit-com/kuberpult/services/cd-service/pkg/repository/transformer.go:1864.32,1866.3 1 1
github.com/freiheit-com/kuberpult/services/cd-service/pkg/repository/transformer.go:1868.2,1870.17 2 1
github.com/freiheit-com/kuberpult/services/cd-service/pkg/repository/transformer.go:1870.17,1872.3 1 0
github.com/freiheit-com/kuberpult/services/cd-service/pkg/repository/transformer.go:1874.2,1874.107 1 1
github.com/freiheit-com/kuberpult/services/cd-service/pkg/repository/transformer.go:1885.67,1887.2 1 1
github.com/freiheit-com/kuberpult/services/cd-service/pkg/repository/transformer.go:1889.72,1891.2 1 1
github.com/freiheit-com/kuberpult/services/cd-service/pkg/repository/transformer.go:1893.70,1895.2 1 0
github.com/freiheit-com/kuberpult/services/cd-service/pkg/repository/transformer.go:1902.19,1906.16 3 1
github.com/freiheit-com/kuberpult/services/cd-service/pkg/repository/transformer.go:1906.16,1908.3 1 1
github.com/freiheit-com/kuberpult/services/cd-service/pkg/repository/transformer.go:1909.2,1910.16 2 1
github.com/freiheit-com/kuberpult/services/cd-service/pkg/repository/transformer.go:1910.16,1912.3 1 0
github.com/freiheit-com/kuberpult/services/cd-service/pkg/repository/transformer.go:1913.2,1913.107 1 1
github.com/freiheit-com/kuberpult/services/cd-service/pkg/repository/transformer.go:1925.59,1927.2 1 1
github.com/freiheit-com/kuberpult/services/cd-service/pkg/repository/transformer.go:1929.64,1931.2 1 1
github.com/freiheit-com/kuberpult/services/cd-service/pkg/repository/transformer.go:1933.62,1935.2 1 1
github.com/freiheit-com/kuberpult/services/cd-service/pkg/repository/transformer.go:1942.19,1945.16 3 1
github.com/freiheit-com/kuberpult/services/cd-service/pkg/repository/transformer.go:1945.16,1947.3 1 1
github.com/freiheit-com/kuberpult/services/cd-service/pkg/repository/transformer.go:1949.2,1950.16 2 1
github.com/freiheit-com/kuberpult/services/cd-service/pkg/repository/transformer.go:1950.16,1952.3 1 0
github.com/freiheit-com/kuberpult/services/cd-service/pkg/repository/transformer.go:1956.2,1957.16 2 1
github.com/freiheit-com/kuberpult/services/cd-service/pkg/repository/transformer.go:1957.16,1959.3 1 1
github.com/freiheit-com/kuberpult/services/cd-service/pkg/repository/transformer.go:1960.2,1961.16 2 1
github.com/freiheit-com/kuberpult/services/cd-service/pkg/repository/transformer.go:1961.16,1963.3 1 0
github.com/freiheit-com/kuberpult/services/cd-service/pkg/repository/transformer.go:1966.2,1967.16 2 1
github.com/freiheit-com/kuberpult/services/cd-service/pkg/repository/transformer.go:1967.16,1970.3 1 0
github.com/freiheit-com/kuberpult/services/cd-service/pkg/repository/transformer.go:1971.2,1971.30 1 1
github.com/freiheit-com/kuberpult/services/cd-service/pkg/repository/transformer.go:1971.30,1973.3 1 1
github.com/freiheit-com/kuberpult/services/cd-service/pkg/repository/transformer.go:1976.2,1976.65 1 1
github.com/freiheit-com/kuberpult/services/cd-service/pkg/repository/transformer.go:1986.59,1988.2 1 1
github.com/freiheit-com/kuberpult/services/cd-service/pkg/repository/transformer.go:1990.64,1992.2 1 1
github.com/freiheit-com/kuberpult/services/cd-service/pkg/repository/transformer.go:1994.62,1996.2 1 0
github.com/freiheit-com/kuberpult/services/cd-service/pkg/repository/transformer.go:2003.19,2006.16 3 1
github.com/freiheit-com/kuberpult/services/cd-service/pkg/repository/transformer.go:2006.16,2008.3 1 0
github.com/freiheit-com/kuberpult/services/cd-service/pkg/repository/transformer.go:2010.2,2011.34 2 1
github.com/freiheit-com/kuberpult/services/cd-service/pkg/repository/transformer.go:2011.34,2013.3 1 0
github.com/freiheit-com/kuberpult/services/cd-service/pkg/repository/transformer.go:2016.2,2017.16 2 1
github.com/freiheit-com/kuberpult/services/cd-service/pkg/repository/transformer.go:2017.16,2019.3 1 0
github.com/freiheit-com/kuberpult/services/cd-service/pkg/repository/transformer.go:2020.2,2020.52 1 1
github.com/freiheit-com/kuberpult/services/cd-service/pkg/repository/transformer.go:2020.52,2022.3 1 1
github.com/freiheit-com/kuberpult/services/cd-service/pkg/repository/transformer.go:2024.2,2025.16 2 1
github.com/freiheit-com/kuberpult/services/cd-service/pkg/repository/transformer.go:2025.16,2027.3 1 0
github.com/freiheit-com/kuberpult/services/cd-service/pkg/repository/transformer.go:2028.2,2028.30 1 1
github.com/freiheit-com/kuberpult/services/cd-service/pkg/repository/transformer.go:2028.30,2030.3 1 1
github.com/freiheit-com/kuberpult/services/cd-service/pkg/repository/transformer.go:2032.2,2033.16 2 1
github.com/freiheit-com/kuberpult/services/cd-service/pkg/repository/transformer.go:2033.16,2035.3 1 0
github.com/freiheit-com/kuberpult/services/cd-service/pkg/repository/transformer.go:2036.2,2036.31 1 1
github.com/freiheit-com/kuberpult/services/cd-service/pkg/repository/transformer.go:2036.31,2038.3 1 1
github.com/freiheit-com/kuberpult/services/cd-service/pkg/repository/transformer.go:2041.2,2042.16 2 1
github.com/freiheit-com/kuberpult/services/cd-service/pkg/repository/transformer.go:2042.16,2044.3 1 0
github.com/freiheit-com/kuberpult/services/cd-service/pkg/repository/transformer.go:2046.2,2053.41 5 1
github.com/freiheit-com/kuberpult/services/cd-service/pkg/repository/transformer.go:2053.41,2054.61 1 1
github.com/freiheit-com/kuberpult/services/cd-service/pkg/repository/transformer.go:2054.61,2056.4 1 1
github.com/freiheit-com/kuberpult/services/cd-service/pkg/repository/transformer.go:2059.2,2059.48 1 1
github.com/freiheit-com/kuberpult/services/cd-service/pkg/repository/transformer.go:2059.48,2060.83 1 1
github.com/freiheit-com/kuberpult/services/cd-service/pkg/repository/transformer.go:2060.83,2062.4 1 1
github.com/freiheit-com/kuberpult/services/cd-service/pkg/repository/transformer.go:2066.3,2066.123 1 1
github.com/freiheit-com/kuberpult/services/cd-service/pkg/repository/transformer.go:2066.123,2075.4 1 1
github.com/freiheit-com/kuberpult/services/cd-service/pkg/repository/transformer.go:2079.2,2080.16 2 1
github.com/freiheit-com/kuberpult/services/cd-service/pkg/repository/transformer.go:2080.16,2082.3 1 0
github.com/freiheit-com/kuberpult/services/cd-service/pkg/repository/transformer.go:2085.2,2085.36 1 1
github.com/freiheit-com/kuberpult/services/cd-service/pkg/repository/transformer.go:2085.36,2094.17 4 1
github.com/freiheit-com/kuberpult/services/cd-service/pkg/repository/transformer.go:2094.17,2096.4 1 0
github.com/freiheit-com/kuberpult/services/cd-service/pkg/repository/transformer.go:2100.2,2102.16 2 1
github.com/freiheit-com/kuberpult/services/cd-service/pkg/repository/transformer.go:2102.16,2104.3 1 1
github.com/freiheit-com/kuberpult/services/cd-service/pkg/repository/transformer.go:2106.2,2106.81 1 1
github.com/freiheit-com/kuberpult/services/cd-service/pkg/repository/transformer.go:2120.19,2123.16 3 1
github.com/freiheit-com/kuberpult/services/cd-service/pkg/repository/transformer.go:2123.16,2125.3 1 0
github.com/freiheit-com/kuberpult/services/cd-service/pkg/repository/transformer.go:2126.2,2126.107 1 1
github.com/freiheit-com/kuberpult/services/cd-service/pkg/repository/transformer.go:2134.161,2137.16 3 1
github.com/freiheit-com/kuberpult/services/cd-service/pkg/repository/transformer.go:2137.16,2139.3 1 0
github.com/freiheit-com/kuberpult/services/cd-service/pkg/repository/transformer.go:2139.8,2139.22 1 1
github.com/freiheit-com/kuberpult/services/cd-service/pkg/repository/transformer.go:2139.22,2141.3 1 0
github.com/freiheit-com/kuberpult/services/cd-service/pkg/repository/transformer.go:2143.2,2144.16 2 1
github.com/freiheit-com/kuberpult/services/cd-service/pkg/repository/transformer.go:2144.16,2146.3 1 0
github.com/freiheit-com/kuberpult/services/cd-service/pkg/repository/transformer.go:2148.2,2148.31 1 1
github.com/freiheit-com/kuberpult/services/cd-service/pkg/repository/transformer.go:2148.31,2150.17 2 1
github.com/freiheit-com/kuberpult/services/cd-service/pkg/repository/transformer.go:2150.17,2152.4 1 0
github.com/freiheit-com/kuberpult/services/cd-service/pkg/repository/transformer.go:2154.3,2154.64 1 1
github.com/freiheit-com/kuberpult/services/cd-service/pkg/repository/transformer.go:2154.64,2156.4 1 1
github.com/freiheit-com/kuberpult/services/cd-service/pkg/repository/transformer.go:2159.2,2159.18 1 1
github.com/freiheit-com/kuberpult/services/cd-service/pkg/repository/transformer.go:2170.57,2172.2 1 1
github.com/freiheit-com/kuberpult/services/cd-service/pkg/repository/transformer.go:2174.62,2176.2 1 0
github.com/freiheit-com/kuberpult/services/cd-service/pkg/repository/transformer.go:2178.60,2180.2 1 0
github.com/freiheit-com/kuberpult/services/cd-service/pkg/repository/transformer.go:2187.19,2188.26 1 1
github.com/freiheit-com/kuberpult/services/cd-service/pkg/repository/transformer.go:2188.26,2190.3 1 1
github.com/freiheit-com/kuberpult/services/cd-service/pkg/repository/transformer.go:2191.2,2191.33 1 1
github.com/freiheit-com/kuberpult/services/cd-service/pkg/repository/transformer.go:2191.33,2192.132 1 1
github.com/freiheit-com/kuberpult/services/cd-service/pkg/repository/transformer.go:2192.132,2194.4 1 0
github.com/freiheit-com/kuberpult/services/cd-service/pkg/repository/transformer.go:2196.2,2196.32 1 1
github.com/freiheit-com/kuberpult/services/cd-service/pkg/repository/transformer.go:2205.56,2207.2 1 1
github.com/freiheit-com/kuberpult/services/cd-service/pkg/repository/transformer.go:2209.61,2211.2 1 0
github.com/freiheit-com/kuberpult/services/cd-service/pkg/repository/transformer.go:2213.59,2215.2 1 0
github.com/freiheit-com/kuberpult/services/cd-service/pkg/repository/transformer.go:2217.114,2219.2 1 1
