mode: set
github.com/freiheit-com/kuberpult/services/cd-service/pkg/repository/releasetrain.go:43.145,51.2 2 1
github.com/freiheit-com/kuberpult/services/cd-service/pkg/repository/releasetrain.go:66.54,68.2 1 1
github.com/freiheit-com/kuberpult/services/cd-service/pkg/repository/releasetrain.go:70.59,72.2 1 1
github.com/freiheit-com/kuberpult/services/cd-service/pkg/repository/releasetrain.go:74.57,76.2 1 1
github.com/freiheit-com/kuberpult/services/cd-service/pkg/repository/releasetrain.go:78.270,79.22 1 1
github.com/freiheit-com/kuberpult/services/cd-service/pkg/repository/releasetrain.go:79.22,81.17 2 1
github.com/freiheit-com/kuberpult/services/cd-service/pkg/repository/releasetrain.go:81.17,83.4 1 0
github.com/freiheit-com/kuberpult/services/cd-service/pkg/repository/releasetrain.go:85.3,85.35 1 1
github.com/freiheit-com/kuberpult/services/cd-service/pkg/repository/releasetrain.go:85.35,88.18 3 1
github.com/freiheit-com/kuberpult/services/cd-service/pkg/repository/releasetrain.go:88.18,90.5 1 0
github.com/freiheit-com/kuberpult/services/cd-service/pkg/repository/releasetrain.go:91.4,91.54 1 1
github.com/freiheit-com/kuberpult/services/cd-service/pkg/repository/releasetrain.go:91.54,93.5 1 0
github.com/freiheit-com/kuberpult/services/cd-service/pkg/repository/releasetrain.go:96.3,96.32 1 1
github.com/freiheit-com/kuberpult/services/cd-service/pkg/repository/releasetrain.go:98.2,98.20 1 1
github.com/freiheit-com/kuberpult/services/cd-service/pkg/repository/releasetrain.go:98.20,102.17 2 1
github.com/freiheit-com/kuberpult/services/cd-service/pkg/repository/releasetrain.go:102.17,104.4 1 0
github.com/freiheit-com/kuberpult/services/cd-service/pkg/repository/releasetrain.go:105.3,105.24 1 1
github.com/freiheit-com/kuberpult/services/cd-service/pkg/repository/releasetrain.go:107.2,108.16 2 1
github.com/freiheit-com/kuberpult/services/cd-service/pkg/repository/releasetrain.go:108.16,110.3 1 0
github.com/freiheit-com/kuberpult/services/cd-service/pkg/repository/releasetrain.go:111.2,111.23 1 1
github.com/freiheit-com/kuberpult/services/cd-service/pkg/repository/releasetrain.go:143.67,151.2 1 1
github.com/freiheit-com/kuberpult/services/cd-service/pkg/repository/releasetrain.go:158.25,167.31 8 1
github.com/freiheit-com/kuberpult/services/cd-service/pkg/repository/releasetrain.go:167.31,168.136 1 1
github.com/freiheit-com/kuberpult/services/cd-service/pkg/repository/releasetrain.go:168.136,173.4 1 0
github.com/freiheit-com/kuberpult/services/cd-service/pkg/repository/releasetrain.go:174.3,177.4 1 1
github.com/freiheit-com/kuberpult/services/cd-service/pkg/repository/releasetrain.go:180.2,181.16 2 1
github.com/freiheit-com/kuberpult/services/cd-service/pkg/repository/releasetrain.go:181.16,186.3 1 0
github.com/freiheit-com/kuberpult/services/cd-service/pkg/repository/releasetrain.go:189.2,190.35 2 1
github.com/freiheit-com/kuberpult/services/cd-service/pkg/repository/releasetrain.go:190.35,192.3 1 1
github.com/freiheit-com/kuberpult/services/cd-service/pkg/repository/releasetrain.go:193.2,196.36 3 1
github.com/freiheit-com/kuberpult/services/cd-service/pkg/repository/releasetrain.go:196.36,198.17 2 1
github.com/freiheit-com/kuberpult/services/cd-service/pkg/repository/releasetrain.go:198.17,200.4 1 1
github.com/freiheit-com/kuberpult/services/cd-service/pkg/repository/releasetrain.go:202.3,216.32 3 1
github.com/freiheit-com/kuberpult/services/cd-service/pkg/repository/releasetrain.go:216.32,221.4 1 0
github.com/freiheit-com/kuberpult/services/cd-service/pkg/repository/releasetrain.go:223.3,223.40 1 1
github.com/freiheit-com/kuberpult/services/cd-service/pkg/repository/releasetrain.go:226.2,229.3 1 1
github.com/freiheit-com/kuberpult/services/cd-service/pkg/repository/releasetrain.go:237.19,241.64 3 1
github.com/freiheit-com/kuberpult/services/cd-service/pkg/repository/releasetrain.go:241.64,243.3 1 0
github.com/freiheit-com/kuberpult/services/cd-service/pkg/repository/releasetrain.go:244.2,245.16 2 1
github.com/freiheit-com/kuberpult/services/cd-service/pkg/repository/releasetrain.go:245.16,247.3 1 0
github.com/freiheit-com/kuberpult/services/cd-service/pkg/repository/releasetrain.go:249.2,251.31 3 1
github.com/freiheit-com/kuberpult/services/cd-service/pkg/repository/releasetrain.go:251.31,252.136 1 1
github.com/freiheit-com/kuberpult/services/cd-service/pkg/repository/releasetrain.go:252.136,254.4 1 0
github.com/freiheit-com/kuberpult/services/cd-service/pkg/repository/releasetrain.go:255.3,255.132 1 1
github.com/freiheit-com/kuberpult/services/cd-service/pkg/repository/releasetrain.go:259.2,260.35 2 1
github.com/freiheit-com/kuberpult/services/cd-service/pkg/repository/releasetrain.go:260.35,262.3 1 1
github.com/freiheit-com/kuberpult/services/cd-service/pkg/repository/releasetrain.go:263.2,267.16 4 1
github.com/freiheit-com/kuberpult/services/cd-service/pkg/repository/releasetrain.go:267.16,269.3 1 0
github.com/freiheit-com/kuberpult/services/cd-service/pkg/repository/releasetrain.go:271.2,271.63 1 1
github.com/freiheit-com/kuberpult/services/cd-service/pkg/repository/releasetrain.go:271.63,273.30 2 1
github.com/freiheit-com/kuberpult/services/cd-service/pkg/repository/releasetrain.go:273.30,275.4 1 0
github.com/freiheit-com/kuberpult/services/cd-service/pkg/repository/releasetrain.go:276.3,276.38 1 1
github.com/freiheit-com/kuberpult/services/cd-service/pkg/repository/releasetrain.go:276.38,289.19 4 1
github.com/freiheit-com/kuberpult/services/cd-service/pkg/repository/releasetrain.go:289.19,291.5 1 0
github.com/freiheit-com/kuberpult/services/cd-service/pkg/repository/releasetrain.go:291.10,293.5 1 1
github.com/freiheit-com/kuberpult/services/cd-service/pkg/repository/releasetrain.go:294.9,295.37 1 0
github.com/freiheit-com/kuberpult/services/cd-service/pkg/repository/releasetrain.go:295.37,298.42 3 0
github.com/freiheit-com/kuberpult/services/cd-service/pkg/repository/releasetrain.go:298.42,300.6 1 0
github.com/freiheit-com/kuberpult/services/cd-service/pkg/repository/releasetrain.go:303.3,304.17 2 1
github.com/freiheit-com/kuberpult/services/cd-service/pkg/repository/releasetrain.go:304.17,306.4 1 0
github.com/freiheit-com/kuberpult/services/cd-service/pkg/repository/releasetrain.go:307.8,308.36 1 1
github.com/freiheit-com/kuberpult/services/cd-service/pkg/repository/releasetrain.go:308.36,310.18 2 1
github.com/freiheit-com/kuberpult/services/cd-service/pkg/repository/releasetrain.go:310.18,312.5 1 0
github.com/freiheit-com/kuberpult/services/cd-service/pkg/repository/releasetrain.go:313.4,325.18 2 1
github.com/freiheit-com/kuberpult/services/cd-service/pkg/repository/releasetrain.go:325.18,327.5 1 1
github.com/freiheit-com/kuberpult/services/cd-service/pkg/repository/releasetrain.go:331.2,333.24 1 1
github.com/freiheit-com/kuberpult/services/cd-service/pkg/repository/releasetrain.go:348.3,358.16 6 1
github.com/freiheit-com/kuberpult/services/cd-service/pkg/repository/releasetrain.go:358.16,360.3 1 0
github.com/freiheit-com/kuberpult/services/cd-service/pkg/repository/releasetrain.go:361.2,364.12 3 1
github.com/freiheit-com/kuberpult/services/cd-service/pkg/repository/releasetrain.go:364.12,368.21 4 1
github.com/freiheit-com/kuberpult/services/cd-service/pkg/repository/releasetrain.go:368.21,370.4 1 0
github.com/freiheit-com/kuberpult/services/cd-service/pkg/repository/releasetrain.go:371.3,371.36 1 1
github.com/freiheit-com/kuberpult/services/cd-service/pkg/repository/releasetrain.go:371.36,376.26 3 1
github.com/freiheit-com/kuberpult/services/cd-service/pkg/repository/releasetrain.go:376.26,398.19 8 1
github.com/freiheit-com/kuberpult/services/cd-service/pkg/repository/releasetrain.go:398.19,404.6 1 0
github.com/freiheit-com/kuberpult/services/cd-service/pkg/repository/releasetrain.go:404.11,410.6 1 1
github.com/freiheit-com/kuberpult/services/cd-service/pkg/repository/releasetrain.go:411.5,411.15 1 1
github.com/freiheit-com/kuberpult/services/cd-service/pkg/repository/releasetrain.go:414.3,417.17 3 1
github.com/freiheit-com/kuberpult/services/cd-service/pkg/repository/releasetrain.go:417.17,419.4 1 0
github.com/freiheit-com/kuberpult/services/cd-service/pkg/repository/releasetrain.go:420.3,420.32 1 1
github.com/freiheit-com/kuberpult/services/cd-service/pkg/repository/releasetrain.go:423.2,429.45 6 1
github.com/freiheit-com/kuberpult/services/cd-service/pkg/repository/releasetrain.go:429.45,432.26 3 1
github.com/freiheit-com/kuberpult/services/cd-service/pkg/repository/releasetrain.go:432.26,434.4 1 0
github.com/freiheit-com/kuberpult/services/cd-service/pkg/repository/releasetrain.go:435.3,437.17 3 1
github.com/freiheit-com/kuberpult/services/cd-service/pkg/repository/releasetrain.go:437.17,439.4 1 0
github.com/freiheit-com/kuberpult/services/cd-service/pkg/repository/releasetrain.go:440.3,441.19 2 1
github.com/freiheit-com/kuberpult/services/cd-service/pkg/repository/releasetrain.go:444.2,444.16 1 1
github.com/freiheit-com/kuberpult/services/cd-service/pkg/repository/releasetrain.go:447.240,452.111 4 0
github.com/freiheit-com/kuberpult/services/cd-service/pkg/repository/releasetrain.go:452.111,466.3 2 0
github.com/freiheit-com/kuberpult/services/cd-service/pkg/repository/releasetrain.go:467.2,467.19 1 0
github.com/freiheit-com/kuberpult/services/cd-service/pkg/repository/releasetrain.go:475.46,476.159 1 1
github.com/freiheit-com/kuberpult/services/cd-service/pkg/repository/releasetrain.go:476.159,479.3 2 1
github.com/freiheit-com/kuberpult/services/cd-service/pkg/repository/releasetrain.go:480.2,480.16 1 1
github.com/freiheit-com/kuberpult/services/cd-service/pkg/repository/releasetrain.go:480.16,482.3 1 0
github.com/freiheit-com/kuberpult/services/cd-service/pkg/repository/releasetrain.go:483.2,483.20 1 1
github.com/freiheit-com/kuberpult/services/cd-service/pkg/repository/releasetrain.go:501.57,503.2 1 1
github.com/freiheit-com/kuberpult/services/cd-service/pkg/repository/releasetrain.go:505.62,507.2 1 0
github.com/freiheit-com/kuberpult/services/cd-service/pkg/repository/releasetrain.go:509.60,511.2 1 0
github.com/freiheit-com/kuberpult/services/cd-service/pkg/repository/releasetrain.go:513.169,521.31 6 1
github.com/freiheit-com/kuberpult/services/cd-service/pkg/repository/releasetrain.go:521.31,531.3 1 1
github.com/freiheit-com/kuberpult/services/cd-service/pkg/repository/releasetrain.go:533.2,545.16 2 1
github.com/freiheit-com/kuberpult/services/cd-service/pkg/repository/releasetrain.go:545.16,547.3 1 1
github.com/freiheit-com/kuberpult/services/cd-service/pkg/repository/releasetrain.go:549.2,551.46 3 1
github.com/freiheit-com/kuberpult/services/cd-service/pkg/repository/releasetrain.go:551.46,561.3 1 1
github.com/freiheit-com/kuberpult/services/cd-service/pkg/repository/releasetrain.go:563.2,563.45 1 1
github.com/freiheit-com/kuberpult/services/cd-service/pkg/repository/releasetrain.go:563.45,573.3 1 1
github.com/freiheit-com/kuberpult/services/cd-service/pkg/repository/releasetrain.go:575.2,575.21 1 1
github.com/freiheit-com/kuberpult/services/cd-service/pkg/repository/releasetrain.go:575.21,577.10 2 1
github.com/freiheit-com/kuberpult/services/cd-service/pkg/repository/releasetrain.go:577.10,587.4 1 0
github.com/freiheit-com/kuberpult/services/cd-service/pkg/repository/releasetrain.go:589.2,590.16 2 1
github.com/freiheit-com/kuberpult/services/cd-service/pkg/repository/releasetrain.go:590.16,592.3 1 0
github.com/freiheit-com/kuberpult/services/cd-service/pkg/repository/releasetrain.go:594.2,595.20 2 1
github.com/freiheit-com/kuberpult/services/cd-service/pkg/repository/releasetrain.go:595.20,597.3 1 1
github.com/freiheit-com/kuberpult/services/cd-service/pkg/repository/releasetrain.go:599.2,600.16 2 1
github.com/freiheit-com/kuberpult/services/cd-service/pkg/repository/releasetrain.go:600.16,602.3 1 0
github.com/freiheit-com/kuberpult/services/cd-service/pkg/repository/releasetrain.go:603.2,608.16 4 1
github.com/freiheit-com/kuberpult/services/cd-service/pkg/repository/releasetrain.go:608.16,610.3 1 0
github.com/freiheit-com/kuberpult/services/cd-service/pkg/repository/releasetrain.go:612.2,613.16 2 1
github.com/freiheit-com/kuberpult/services/cd-service/pkg/repository/releasetrain.go:613.16,615.3 1 0
github.com/freiheit-com/kuberpult/services/cd-service/pkg/repository/releasetrain.go:617.2,617.23 1 1
github.com/freiheit-com/kuberpult/services/cd-service/pkg/repository/releasetrain.go:617.23,620.37 3 1
github.com/freiheit-com/kuberpult/services/cd-service/pkg/repository/releasetrain.go:620.37,633.4 2 1
github.com/freiheit-com/kuberpult/services/cd-service/pkg/repository/releasetrain.go:635.3,635.32 1 1
github.com/freiheit-com/kuberpult/services/cd-service/pkg/repository/releasetrain.go:635.32,638.23 3 1
github.com/freiheit-com/kuberpult/services/cd-service/pkg/repository/releasetrain.go:638.23,640.5 1 0
github.com/freiheit-com/kuberpult/services/cd-service/pkg/repository/releasetrain.go:640.10,642.5 1 1
github.com/freiheit-com/kuberpult/services/cd-service/pkg/repository/releasetrain.go:643.4,644.18 2 1
github.com/freiheit-com/kuberpult/services/cd-service/pkg/repository/releasetrain.go:644.18,646.5 1 1
github.com/freiheit-com/kuberpult/services/cd-service/pkg/repository/releasetrain.go:647.4,657.5 1 1
github.com/freiheit-com/kuberpult/services/cd-service/pkg/repository/releasetrain.go:659.3,667.4 1 1
github.com/freiheit-com/kuberpult/services/cd-service/pkg/repository/releasetrain.go:670.2,671.43 2 1
github.com/freiheit-com/kuberpult/services/cd-service/pkg/repository/releasetrain.go:671.43,673.17 2 1
github.com/freiheit-com/kuberpult/services/cd-service/pkg/repository/releasetrain.go:673.17,675.4 1 0
github.com/freiheit-com/kuberpult/services/cd-service/pkg/repository/releasetrain.go:676.8,678.3 1 1
github.com/freiheit-com/kuberpult/services/cd-service/pkg/repository/releasetrain.go:679.2,681.16 3 1
github.com/freiheit-com/kuberpult/services/cd-service/pkg/repository/releasetrain.go:681.16,683.3 1 0
github.com/freiheit-com/kuberpult/services/cd-service/pkg/repository/releasetrain.go:684.2,684.31 1 1
github.com/freiheit-com/kuberpult/services/cd-service/pkg/repository/releasetrain.go:684.31,687.22 3 1
github.com/freiheit-com/kuberpult/services/cd-service/pkg/repository/releasetrain.go:687.22,689.4 1 0
github.com/freiheit-com/kuberpult/services/cd-service/pkg/repository/releasetrain.go:689.9,691.4 1 1
github.com/freiheit-com/kuberpult/services/cd-service/pkg/repository/releasetrain.go:692.3,693.17 2 1
github.com/freiheit-com/kuberpult/services/cd-service/pkg/repository/releasetrain.go:693.17,695.4 1 1
github.com/freiheit-com/kuberpult/services/cd-service/pkg/repository/releasetrain.go:697.3,697.26 1 1
github.com/freiheit-com/kuberpult/services/cd-service/pkg/repository/releasetrain.go:697.26,699.11 2 1
github.com/freiheit-com/kuberpult/services/cd-service/pkg/repository/releasetrain.go:699.11,715.13 2 0
github.com/freiheit-com/kuberpult/services/cd-service/pkg/repository/releasetrain.go:719.4,719.29 1 1
github.com/freiheit-com/kuberpult/services/cd-service/pkg/repository/releasetrain.go:719.29,720.13 1 0
github.com/freiheit-com/kuberpult/services/cd-service/pkg/repository/releasetrain.go:723.3,726.30 3 1
github.com/freiheit-com/kuberpult/services/cd-service/pkg/repository/releasetrain.go:726.30,727.46 1 1
github.com/freiheit-com/kuberpult/services/cd-service/pkg/repository/releasetrain.go:727.46,728.32 1 1
github.com/freiheit-com/kuberpult/services/cd-service/pkg/repository/releasetrain.go:728.32,730.6 1 1
github.com/freiheit-com/kuberpult/services/cd-service/pkg/repository/releasetrain.go:732.9,732.28 1 1
github.com/freiheit-com/kuberpult/services/cd-service/pkg/repository/releasetrain.go:732.28,734.79 2 1
github.com/freiheit-com/kuberpult/services/cd-service/pkg/repository/releasetrain.go:734.79,736.13 2 0
github.com/freiheit-com/kuberpult/services/cd-service/pkg/repository/releasetrain.go:738.4,738.88 1 1
github.com/freiheit-com/kuberpult/services/cd-service/pkg/repository/releasetrain.go:739.9,742.30 2 1
github.com/freiheit-com/kuberpult/services/cd-service/pkg/repository/releasetrain.go:742.30,756.13 2 1
github.com/freiheit-com/kuberpult/services/cd-service/pkg/repository/releasetrain.go:758.4,758.46 1 1
github.com/freiheit-com/kuberpult/services/cd-service/pkg/repository/releasetrain.go:760.3,760.93 1 1
github.com/freiheit-com/kuberpult/services/cd-service/pkg/repository/releasetrain.go:760.93,774.12 2 0
github.com/freiheit-com/kuberpult/services/cd-service/pkg/repository/releasetrain.go:777.3,779.17 2 1
github.com/freiheit-com/kuberpult/services/cd-service/pkg/repository/releasetrain.go:779.17,781.4 1 0
github.com/freiheit-com/kuberpult/services/cd-service/pkg/repository/releasetrain.go:783.3,783.24 1 1
github.com/freiheit-com/kuberpult/services/cd-service/pkg/repository/releasetrain.go:783.24,786.38 3 1
github.com/freiheit-com/kuberpult/services/cd-service/pkg/repository/releasetrain.go:786.38,799.5 2 1
github.com/freiheit-com/kuberpult/services/cd-service/pkg/repository/releasetrain.go:801.4,814.12 2 1
github.com/freiheit-com/kuberpult/services/cd-service/pkg/repository/releasetrain.go:817.3,818.14 2 1
github.com/freiheit-com/kuberpult/services/cd-service/pkg/repository/releasetrain.go:818.14,820.4 1 0
github.com/freiheit-com/kuberpult/services/cd-service/pkg/repository/releasetrain.go:822.3,823.35 2 1
github.com/freiheit-com/kuberpult/services/cd-service/pkg/repository/releasetrain.go:823.35,824.22 1 1
github.com/freiheit-com/kuberpult/services/cd-service/pkg/repository/releasetrain.go:824.22,826.10 2 1
github.com/freiheit-com/kuberpult/services/cd-service/pkg/repository/releasetrain.go:829.3,829.13 1 1
github.com/freiheit-com/kuberpult/services/cd-service/pkg/repository/releasetrain.go:829.13,843.12 2 0
github.com/freiheit-com/kuberpult/services/cd-service/pkg/repository/releasetrain.go:846.3,848.9 2 1
github.com/freiheit-com/kuberpult/services/cd-service/pkg/repository/releasetrain.go:848.9,851.18 3 1
github.com/freiheit-com/kuberpult/services/cd-service/pkg/repository/releasetrain.go:851.18,865.13 2 0
github.com/freiheit-com/kuberpult/services/cd-service/pkg/repository/releasetrain.go:868.4,870.18 2 1
github.com/freiheit-com/kuberpult/services/cd-service/pkg/repository/releasetrain.go:870.18,872.5 1 0
github.com/freiheit-com/kuberpult/services/cd-service/pkg/repository/releasetrain.go:874.4,874.26 1 1
github.com/freiheit-com/kuberpult/services/cd-service/pkg/repository/releasetrain.go:874.26,877.39 3 1
github.com/freiheit-com/kuberpult/services/cd-service/pkg/repository/releasetrain.go:877.39,890.6 2 1
github.com/freiheit-com/kuberpult/services/cd-service/pkg/repository/releasetrain.go:892.5,905.13 2 1
github.com/freiheit-com/kuberpult/services/cd-service/pkg/repository/releasetrain.go:909.3,910.17 2 1
github.com/freiheit-com/kuberpult/services/cd-service/pkg/repository/releasetrain.go:910.17,912.4 1 0
github.com/freiheit-com/kuberpult/services/cd-service/pkg/repository/releasetrain.go:914.3,915.84 2 1
github.com/freiheit-com/kuberpult/services/cd-service/pkg/repository/releasetrain.go:915.84,918.4 2 1
github.com/freiheit-com/kuberpult/services/cd-service/pkg/repository/releasetrain.go:919.3,920.29 2 1
github.com/freiheit-com/kuberpult/services/cd-service/pkg/repository/releasetrain.go:920.29,923.4 1 1
github.com/freiheit-com/kuberpult/services/cd-service/pkg/repository/releasetrain.go:925.3,937.4 1 1
github.com/freiheit-com/kuberpult/services/cd-service/pkg/repository/releasetrain.go:939.2,945.3 1 1
github.com/freiheit-com/kuberpult/services/cd-service/pkg/repository/releasetrain.go:953.19,961.2 5 1
github.com/freiheit-com/kuberpult/services/cd-service/pkg/repository/releasetrain.go:970.19,976.28 4 1
github.com/freiheit-com/kuberpult/services/cd-service/pkg/repository/releasetrain.go:976.28,978.3 1 1
github.com/freiheit-com/kuberpult/services/cd-service/pkg/repository/releasetrain.go:979.2,979.32 1 1
github.com/freiheit-com/kuberpult/services/cd-service/pkg/repository/releasetrain.go:979.32,980.25 1 1
github.com/freiheit-com/kuberpult/services/cd-service/pkg/repository/releasetrain.go:980.25,982.4 1 1
github.com/freiheit-com/kuberpult/services/cd-service/pkg/repository/releasetrain.go:983.3,983.62 1 1
github.com/freiheit-com/kuberpult/services/cd-service/pkg/repository/releasetrain.go:983.62,985.35 2 1
github.com/freiheit-com/kuberpult/services/cd-service/pkg/repository/releasetrain.go:985.35,986.39 1 1
github.com/freiheit-com/kuberpult/services/cd-service/pkg/repository/releasetrain.go:986.39,988.11 2 1
github.com/freiheit-com/kuberpult/services/cd-service/pkg/repository/releasetrain.go:991.4,993.22 3 1
github.com/freiheit-com/kuberpult/services/cd-service/pkg/repository/releasetrain.go:993.23,995.5 0 0
github.com/freiheit-com/kuberpult/services/cd-service/pkg/repository/releasetrain.go:995.10,999.19 4 1
github.com/freiheit-com/kuberpult/services/cd-service/pkg/repository/releasetrain.go:999.19,1001.6 1 0
github.com/freiheit-com/kuberpult/services/cd-service/pkg/repository/releasetrain.go:1005.3,1005.62 1 1
github.com/freiheit-com/kuberpult/services/cd-service/pkg/repository/releasetrain.go:1008.2,1013.20 5 1
github.com/freiheit-com/kuberpult/services/cd-service/pkg/repository/releasetrain.go:1013.20,1015.3 1 1
github.com/freiheit-com/kuberpult/services/cd-service/pkg/repository/releasetrain.go:1018.2,1022.47 3 1
github.com/freiheit-com/kuberpult/services/cd-service/pkg/repository/releasetrain.go:1022.47,1024.3 1 1
github.com/freiheit-com/kuberpult/services/cd-service/pkg/repository/releasetrain.go:1025.2,1029.35 4 1
github.com/freiheit-com/kuberpult/services/cd-service/pkg/repository/releasetrain.go:1029.35,1031.36 2 1
github.com/freiheit-com/kuberpult/services/cd-service/pkg/repository/releasetrain.go:1031.36,1033.12 2 1
github.com/freiheit-com/kuberpult/services/cd-service/pkg/repository/releasetrain.go:1035.3,1069.17 4 1
github.com/freiheit-com/kuberpult/services/cd-service/pkg/repository/releasetrain.go:1069.17,1071.4 1 1
github.com/freiheit-com/kuberpult/services/cd-service/pkg/repository/releasetrain.go:1072.3,1072.18 1 1
github.com/freiheit-com/kuberpult/services/cd-service/pkg/repository/releasetrain.go:1074.2,1077.25 3 1
github.com/freiheit-com/kuberpult/services/cd-service/pkg/repository/releasetrain.go:1077.25,1079.3 1 1
github.com/freiheit-com/kuberpult/services/cd-service/pkg/repository/releasetrain.go:1080.2,1083.30 1 1
github.com/freiheit-com/kuberpult/services/cd-service/pkg/repository/releasetrain.go:1083.30,1085.3 1 0
github.com/freiheit-com/kuberpult/services/cd-service/pkg/repository/releasetrain.go:1086.2,1087.50 2 1
github.com/freiheit-com/kuberpult/services/cd-service/pkg/repository/releasetrain.go:1087.50,1088.31 1 1
github.com/freiheit-com/kuberpult/services/cd-service/pkg/repository/releasetrain.go:1088.31,1090.4 1 1
github.com/freiheit-com/kuberpult/services/cd-service/pkg/repository/releasetrain.go:1093.2,1096.8 1 1
github.com/freiheit-com/kuberpult/services/cd-service/pkg/repository/releasetrain.go:1099.119,1100.72 1 1
github.com/freiheit-com/kuberpult/services/cd-service/pkg/repository/releasetrain.go:1100.72,1103.30 3 1
github.com/freiheit-com/kuberpult/services/cd-service/pkg/repository/releasetrain.go:1104.57,1105.95 1 1
github.com/freiheit-com/kuberpult/services/cd-service/pkg/repository/releasetrain.go:1106.80,1107.124 1 1
github.com/freiheit-com/kuberpult/services/cd-service/pkg/repository/releasetrain.go:1108.83,1109.120 1 1
github.com/freiheit-com/kuberpult/services/cd-service/pkg/repository/releasetrain.go:1110.67,1111.122 1 0
github.com/freiheit-com/kuberpult/services/cd-service/pkg/repository/releasetrain.go:1112.51,1113.78 1 1
github.com/freiheit-com/kuberpult/services/cd-service/pkg/repository/releasetrain.go:1114.11,1115.87 1 0
github.com/freiheit-com/kuberpult/services/cd-service/pkg/repository/releasetrain.go:1123.76,1124.82 1 1
github.com/freiheit-com/kuberpult/services/cd-service/pkg/repository/releasetrain.go:1124.82,1128.111 4 1
github.com/freiheit-com/kuberpult/services/cd-service/pkg/repository/releasetrain.go:1128.111,1130.4 1 0
github.com/freiheit-com/kuberpult/services/cd-service/pkg/repository/releasetrain.go:1131.3,1131.40 1 1
github.com/freiheit-com/kuberpult/services/cd-service/pkg/repository/releasetrain.go:1132.72,1133.120 1 1
github.com/freiheit-com/kuberpult/services/cd-service/pkg/repository/releasetrain.go:1134.69,1135.114 1 0
github.com/freiheit-com/kuberpult/services/cd-service/pkg/repository/releasetrain.go:1136.51,1137.107 1 1
github.com/freiheit-com/kuberpult/services/cd-service/pkg/repository/releasetrain.go:1138.63,1139.114 1 0
github.com/freiheit-com/kuberpult/services/cd-service/pkg/repository/releasetrain.go:1140.52,1141.127 1 1
github.com/freiheit-com/kuberpult/services/cd-service/pkg/repository/releasetrain.go:1142.56,1143.159 1 0
github.com/freiheit-com/kuberpult/services/cd-service/pkg/repository/releasetrain.go:1144.11,1145.110 1 0
github.com/freiheit-com/kuberpult/services/cd-service/pkg/repository/releasetrain.go:1152.121,1156.64 3 1
github.com/freiheit-com/kuberpult/services/cd-service/pkg/repository/releasetrain.go:1156.64,1158.36 1 1
github.com/freiheit-com/kuberpult/services/cd-service/pkg/repository/releasetrain.go:1158.36,1159.80 1 1
github.com/freiheit-com/kuberpult/services/cd-service/pkg/repository/releasetrain.go:1159.80,1162.5 2 1
github.com/freiheit-com/kuberpult/services/cd-service/pkg/repository/releasetrain.go:1165.2,1165.69 1 1
github.com/freiheit-com/kuberpult/services/cd-service/pkg/repository/releasetrain.go:1165.69,1166.32 1 1
github.com/freiheit-com/kuberpult/services/cd-service/pkg/repository/releasetrain.go:1166.32,1168.10 2 1
github.com/freiheit-com/kuberpult/services/cd-service/pkg/repository/releasetrain.go:1168.10,1170.5 1 1
github.com/freiheit-com/kuberpult/services/cd-service/pkg/repository/releasetrain.go:1173.2,1173.36 1 1
github.com/freiheit-com/kuberpult/services/cd-service/pkg/repository/releasetrain.go:1176.65,1178.31 2 1
github.com/freiheit-com/kuberpult/services/cd-service/pkg/repository/releasetrain.go:1178.31,1180.3 1 0
github.com/freiheit-com/kuberpult/services/cd-service/pkg/repository/releasetrain.go:1181.2,1181.15 1 1
github.com/freiheit-com/kuberpult/services/cd-service/pkg/repository/releasetrain.go:1184.71,1186.29 2 0
github.com/freiheit-com/kuberpult/services/cd-service/pkg/repository/releasetrain.go:1186.29,1188.3 1 0
github.com/freiheit-com/kuberpult/services/cd-service/pkg/repository/releasetrain.go:1189.2,1189.15 1 0
github.com/freiheit-com/kuberpult/services/cd-service/pkg/repository/releasetrain.go:1192.40,1197.27 2 0
github.com/freiheit-com/kuberpult/services/cd-service/pkg/repository/releasetrain.go:1197.27,1200.3 2 0
github.com/freiheit-com/kuberpult/services/cd-service/pkg/repository/releasetrain.go:1201.2,1202.27 2 0
github.com/freiheit-com/kuberpult/services/cd-service/pkg/repository/releasetrain.go:1202.27,1204.3 1 0
github.com/freiheit-com/kuberpult/services/cd-service/pkg/repository/releasetrain.go:1205.2,1213.11 2 0
