mode: set
github.com/freiheit-com/kuberpult/services/cd-service/pkg/repository/deployment.go:39.19,41.16 2 1
github.com/freiheit-com/kuberpult/services/cd-service/pkg/repository/deployment.go:41.16,43.3 1 1
github.com/freiheit-com/kuberpult/services/cd-service/pkg/repository/deployment.go:44.2,44.64 1 1
github.com/freiheit-com/kuberpult/services/cd-service/pkg/repository/deployment.go:61.66,63.2 1 1
github.com/freiheit-com/kuberpult/services/cd-service/pkg/repository/deployment.go:65.71,67.2 1 1
github.com/freiheit-com/kuberpult/services/cd-service/pkg/repository/deployment.go:69.69,71.2 1 1
github.com/freiheit-com/kuberpult/services/cd-service/pkg/repository/deployment.go:96.29,99.16 3 1
github.com/freiheit-com/kuberpult/services/cd-service/pkg/repository/deployment.go:99.16,101.3 1 0
github.com/freiheit-com/kuberpult/services/cd-service/pkg/repository/deployment.go:102.2,102.20 1 1
github.com/freiheit-com/kuberpult/services/cd-service/pkg/repository/deployment.go:102.20,104.3 1 0
github.com/freiheit-com/kuberpult/services/cd-service/pkg/repository/deployment.go:105.2,108.16 3 1
github.com/freiheit-com/kuberpult/services/cd-service/pkg/repository/deployment.go:108.16,110.3 1 0
github.com/freiheit-com/kuberpult/services/cd-service/pkg/repository/deployment.go:112.2,113.16 2 1
github.com/freiheit-com/kuberpult/services/cd-service/pkg/repository/deployment.go:113.16,115.3 1 0
github.com/freiheit-com/kuberpult/services/cd-service/pkg/repository/deployment.go:117.2,118.16 2 1
github.com/freiheit-com/kuberpult/services/cd-service/pkg/repository/deployment.go:118.16,120.3 1 1
github.com/freiheit-com/kuberpult/services/cd-service/pkg/repository/deployment.go:122.2,126.16 3 1
github.com/freiheit-com/kuberpult/services/cd-service/pkg/repository/deployment.go:126.16,128.3 1 0
github.com/freiheit-com/kuberpult/services/cd-service/pkg/repository/deployment.go:129.2,130.16 2 1
github.com/freiheit-com/kuberpult/services/cd-service/pkg/repository/deployment.go:130.16,132.3 1 0
github.com/freiheit-com/kuberpult/services/cd-service/pkg/repository/deployment.go:133.2,134.16 2 1
github.com/freiheit-com/kuberpult/services/cd-service/pkg/repository/deployment.go:134.16,136.3 1 0
github.com/freiheit-com/kuberpult/services/cd-service/pkg/repository/deployment.go:138.2,142.16 3 1
github.com/freiheit-com/kuberpult/services/cd-service/pkg/repository/deployment.go:142.16,144.3 1 0
github.com/freiheit-com/kuberpult/services/cd-service/pkg/repository/deployment.go:146.2,147.83 2 1
github.com/freiheit-com/kuberpult/services/cd-service/pkg/repository/deployment.go:147.83,150.3 2 1
github.com/freiheit-com/kuberpult/services/cd-service/pkg/repository/deployment.go:151.2,152.28 2 1
github.com/freiheit-com/kuberpult/services/cd-service/pkg/repository/deployment.go:152.28,155.3 1 1
github.com/freiheit-com/kuberpult/services/cd-service/pkg/repository/deployment.go:157.2,167.8 1 1
github.com/freiheit-com/kuberpult/services/cd-service/pkg/repository/deployment.go:176.19,179.16 3 1
github.com/freiheit-com/kuberpult/services/cd-service/pkg/repository/deployment.go:179.16,181.3 1 1
github.com/freiheit-com/kuberpult/services/cd-service/pkg/repository/deployment.go:183.2,184.48 2 1
github.com/freiheit-com/kuberpult/services/cd-service/pkg/repository/deployment.go:184.48,186.109 1 1
github.com/freiheit-com/kuberpult/services/cd-service/pkg/repository/deployment.go:186.109,187.25 1 1
github.com/freiheit-com/kuberpult/services/cd-service/pkg/repository/deployment.go:187.25,189.40 2 1
github.com/freiheit-com/kuberpult/services/cd-service/pkg/repository/deployment.go:189.40,191.50 2 1
github.com/freiheit-com/kuberpult/services/cd-service/pkg/repository/deployment.go:191.50,193.12 2 1
github.com/freiheit-com/kuberpult/services/cd-service/pkg/repository/deployment.go:195.11,196.41 1 1
github.com/freiheit-com/kuberpult/services/cd-service/pkg/repository/deployment.go:196.41,198.51 2 1
github.com/freiheit-com/kuberpult/services/cd-service/pkg/repository/deployment.go:198.51,200.13 2 1
github.com/freiheit-com/kuberpult/services/cd-service/pkg/repository/deployment.go:202.12,204.52 2 1
github.com/freiheit-com/kuberpult/services/cd-service/pkg/repository/deployment.go:204.52,206.13 2 1
github.com/freiheit-com/kuberpult/services/cd-service/pkg/repository/deployment.go:210.5,211.47 2 1
github.com/freiheit-com/kuberpult/services/cd-service/pkg/repository/deployment.go:211.47,213.6 1 1
github.com/freiheit-com/kuberpult/services/cd-service/pkg/repository/deployment.go:213.11,217.20 4 1
github.com/freiheit-com/kuberpult/services/cd-service/pkg/repository/deployment.go:217.20,219.7 1 0
github.com/freiheit-com/kuberpult/services/cd-service/pkg/repository/deployment.go:221.5,221.35 1 1
github.com/freiheit-com/kuberpult/services/cd-service/pkg/repository/deployment.go:223.4,223.27 1 1
github.com/freiheit-com/kuberpult/services/cd-service/pkg/repository/deployment.go:224.33,230.51 2 1
github.com/freiheit-com/kuberpult/services/cd-service/pkg/repository/deployment.go:231.31,236.6 1 0
github.com/freiheit-com/kuberpult/services/cd-service/pkg/repository/deployment.go:241.2,242.16 2 1
github.com/freiheit-com/kuberpult/services/cd-service/pkg/repository/deployment.go:242.16,244.3 1 0
github.com/freiheit-com/kuberpult/services/cd-service/pkg/repository/deployment.go:246.2,249.33 3 1
github.com/freiheit-com/kuberpult/services/cd-service/pkg/repository/deployment.go:249.33,251.17 2 0
github.com/freiheit-com/kuberpult/services/cd-service/pkg/repository/deployment.go:251.17,253.4 1 0
github.com/freiheit-com/kuberpult/services/cd-service/pkg/repository/deployment.go:255.2,255.111 1 1
github.com/freiheit-com/kuberpult/services/cd-service/pkg/repository/deployment.go:255.111,257.3 1 1
github.com/freiheit-com/kuberpult/services/cd-service/pkg/repository/deployment.go:257.8,259.3 1 1
github.com/freiheit-com/kuberpult/services/cd-service/pkg/repository/deployment.go:261.2,277.16 3 1
github.com/freiheit-com/kuberpult/services/cd-service/pkg/repository/deployment.go:277.16,279.3 1 0
github.com/freiheit-com/kuberpult/services/cd-service/pkg/repository/deployment.go:280.2,290.16 4 1
github.com/freiheit-com/kuberpult/services/cd-service/pkg/repository/deployment.go:290.16,292.3 1 0
github.com/freiheit-com/kuberpult/services/cd-service/pkg/repository/deployment.go:293.2,293.20 1 1
github.com/freiheit-com/kuberpult/services/cd-service/pkg/repository/deployment.go:293.20,299.56 2 1
github.com/freiheit-com/kuberpult/services/cd-service/pkg/repository/deployment.go:299.56,301.4 1 0
github.com/freiheit-com/kuberpult/services/cd-service/pkg/repository/deployment.go:303.2,303.23 1 1
github.com/freiheit-com/kuberpult/services/cd-service/pkg/repository/deployment.go:303.23,306.31 3 1
github.com/freiheit-com/kuberpult/services/cd-service/pkg/repository/deployment.go:306.31,308.4 1 1
github.com/freiheit-com/kuberpult/services/cd-service/pkg/repository/deployment.go:308.9,309.47 1 1
github.com/freiheit-com/kuberpult/services/cd-service/pkg/repository/deployment.go:309.47,311.5 1 0
github.com/freiheit-com/kuberpult/services/cd-service/pkg/repository/deployment.go:311.10,315.19 4 1
github.com/freiheit-com/kuberpult/services/cd-service/pkg/repository/deployment.go:315.19,317.6 1 0
github.com/freiheit-com/kuberpult/services/cd-service/pkg/repository/deployment.go:321.3,321.51 1 1
github.com/freiheit-com/kuberpult/services/cd-service/pkg/repository/deployment.go:321.51,323.47 1 1
github.com/freiheit-com/kuberpult/services/cd-service/pkg/repository/deployment.go:323.47,327.5 1 1
github.com/freiheit-com/kuberpult/services/cd-service/pkg/repository/deployment.go:327.10,329.26 2 1
github.com/freiheit-com/kuberpult/services/cd-service/pkg/repository/deployment.go:329.26,331.6 1 0
github.com/freiheit-com/kuberpult/services/cd-service/pkg/repository/deployment.go:331.11,336.34 5 1
github.com/freiheit-com/kuberpult/services/cd-service/pkg/repository/deployment.go:336.34,338.7 1 0
github.com/freiheit-com/kuberpult/services/cd-service/pkg/repository/deployment.go:338.12,340.21 2 1
github.com/freiheit-com/kuberpult/services/cd-service/pkg/repository/deployment.go:340.21,342.8 1 0
github.com/freiheit-com/kuberpult/services/cd-service/pkg/repository/deployment.go:347.9,350.4 1 1
github.com/freiheit-com/kuberpult/services/cd-service/pkg/repository/deployment.go:353.2,353.101 1 1
github.com/freiheit-com/kuberpult/services/cd-service/pkg/repository/deployment.go:356.118,358.16 2 1
github.com/freiheit-com/kuberpult/services/cd-service/pkg/repository/deployment.go:358.16,360.3 1 0
github.com/freiheit-com/kuberpult/services/cd-service/pkg/repository/deployment.go:361.2,361.16 1 1
github.com/freiheit-com/kuberpult/services/cd-service/pkg/repository/deployment.go:361.16,363.3 1 0
github.com/freiheit-com/kuberpult/services/cd-service/pkg/repository/deployment.go:364.2,364.39 1 1
github.com/freiheit-com/kuberpult/services/cd-service/pkg/repository/deployment.go:364.39,366.3 1 1
github.com/freiheit-com/kuberpult/services/cd-service/pkg/repository/deployment.go:367.2,367.41 1 1
github.com/freiheit-com/kuberpult/services/cd-service/pkg/repository/deployment.go:370.138,377.24 2 1
github.com/freiheit-com/kuberpult/services/cd-service/pkg/repository/deployment.go:377.24,378.37 1 1
github.com/freiheit-com/kuberpult/services/cd-service/pkg/repository/deployment.go:378.37,380.4 1 1
github.com/freiheit-com/kuberpult/services/cd-service/pkg/repository/deployment.go:381.3,381.65 1 1
github.com/freiheit-com/kuberpult/services/cd-service/pkg/repository/deployment.go:383.2,383.12 1 1
github.com/freiheit-com/kuberpult/services/cd-service/pkg/repository/deployment.go:386.110,393.2 2 1
