mode: set
github.com/freiheit-com/kuberpult/pkg/api/v1/api.pb.go:49.46,53.2 3 0
github.com/freiheit-com/kuberpult/pkg/api/v1/api.pb.go:55.40,57.2 1 0
github.com/freiheit-com/kuberpult/pkg/api/v1/api.pb.go:59.63,61.2 1 0
github.com/freiheit-com/kuberpult/pkg/api/v1/api.pb.go:63.51,65.2 1 0
github.com/freiheit-com/kuberpult/pkg/api/v1/api.pb.go:67.57,69.2 1 0
github.com/freiheit-com/kuberpult/pkg/api/v1/api.pb.go:72.55,74.2 1 0
github.com/freiheit-com/kuberpult/pkg/api/v1/api.pb.go:110.48,114.2 3 0
github.com/freiheit-com/kuberpult/pkg/api/v1/api.pb.go:116.41,118.2 1 0
github.com/freiheit-com/kuberpult/pkg/api/v1/api.pb.go:120.64,122.2 1 0
github.com/freiheit-com/kuberpult/pkg/api/v1/api.pb.go:124.52,126.2 1 0
github.com/freiheit-com/kuberpult/pkg/api/v1/api.pb.go:128.58,130.2 1 0
github.com/freiheit-com/kuberpult/pkg/api/v1/api.pb.go:133.56,135.2 1 0
github.com/freiheit-com/kuberpult/pkg/api/v1/api.pb.go:159.44,163.2 3 0
github.com/freiheit-com/kuberpult/pkg/api/v1/api.pb.go:165.39,167.2 1 0
github.com/freiheit-com/kuberpult/pkg/api/v1/api.pb.go:169.62,171.2 1 0
github.com/freiheit-com/kuberpult/pkg/api/v1/api.pb.go:173.50,175.2 1 0
github.com/freiheit-com/kuberpult/pkg/api/v1/api.pb.go:177.56,179.2 1 0
github.com/freiheit-com/kuberpult/pkg/api/v1/api.pb.go:182.54,184.2 1 0
github.com/freiheit-com/kuberpult/pkg/api/v1/api.pb.go:224.36,228.2 3 0
github.com/freiheit-com/kuberpult/pkg/api/v1/api.pb.go:230.35,232.2 1 0
github.com/freiheit-com/kuberpult/pkg/api/v1/api.pb.go:234.58,236.2 1 0
github.com/freiheit-com/kuberpult/pkg/api/v1/api.pb.go:238.46,240.2 1 0
github.com/freiheit-com/kuberpult/pkg/api/v1/api.pb.go:242.52,244.2 1 0
github.com/freiheit-com/kuberpult/pkg/api/v1/api.pb.go:247.50,249.2 1 0
github.com/freiheit-com/kuberpult/pkg/api/v1/api.pb.go:276.50,280.2 3 0
github.com/freiheit-com/kuberpult/pkg/api/v1/api.pb.go:282.42,284.2 1 0
github.com/freiheit-com/kuberpult/pkg/api/v1/api.pb.go:286.65,288.2 1 0
github.com/freiheit-com/kuberpult/pkg/api/v1/api.pb.go:290.53,292.2 1 0
github.com/freiheit-com/kuberpult/pkg/api/v1/api.pb.go:294.59,296.2 1 0
github.com/freiheit-com/kuberpult/pkg/api/v1/api.pb.go:299.57,301.2 1 0
github.com/freiheit-com/kuberpult/pkg/api/v1/api.pb.go:338.46,342.2 3 0
github.com/freiheit-com/kuberpult/pkg/api/v1/api.pb.go:344.40,346.2 1 0
github.com/freiheit-com/kuberpult/pkg/api/v1/api.pb.go:348.63,350.2 1 0
github.com/freiheit-com/kuberpult/pkg/api/v1/api.pb.go:352.51,354.2 1 0
github.com/freiheit-com/kuberpult/pkg/api/v1/api.pb.go:356.57,358.2 1 0
github.com/freiheit-com/kuberpult/pkg/api/v1/api.pb.go:361.55,363.2 1 0
github.com/freiheit-com/kuberpult/pkg/api/v1/api.pb.go:402.68,406.2 3 0
github.com/freiheit-com/kuberpult/pkg/api/v1/api.pb.go:408.51,410.2 1 0
github.com/freiheit-com/kuberpult/pkg/api/v1/api.pb.go:412.74,414.2 1 0
github.com/freiheit-com/kuberpult/pkg/api/v1/api.pb.go:416.62,418.2 1 0
github.com/freiheit-com/kuberpult/pkg/api/v1/api.pb.go:420.68,422.2 1 0
github.com/freiheit-com/kuberpult/pkg/api/v1/api.pb.go:425.66,427.2 1 0
github.com/freiheit-com/kuberpult/pkg/api/v1/api.pb.go:457.68,461.2 3 0
github.com/freiheit-com/kuberpult/pkg/api/v1/api.pb.go:463.51,465.2 1 0
github.com/freiheit-com/kuberpult/pkg/api/v1/api.pb.go:467.74,469.2 1 0
github.com/freiheit-com/kuberpult/pkg/api/v1/api.pb.go:471.62,473.2 1 0
github.com/freiheit-com/kuberpult/pkg/api/v1/api.pb.go:475.68,477.2 1 0
github.com/freiheit-com/kuberpult/pkg/api/v1/api.pb.go:480.66,482.2 1 0
github.com/freiheit-com/kuberpult/pkg/api/v1/api.pb.go:506.64,510.2 3 0
github.com/freiheit-com/kuberpult/pkg/api/v1/api.pb.go:512.49,514.2 1 0
github.com/freiheit-com/kuberpult/pkg/api/v1/api.pb.go:516.72,518.2 1 0
github.com/freiheit-com/kuberpult/pkg/api/v1/api.pb.go:520.60,522.2 1 0
github.com/freiheit-com/kuberpult/pkg/api/v1/api.pb.go:524.66,526.2 1 0
github.com/freiheit-com/kuberpult/pkg/api/v1/api.pb.go:529.64,531.2 1 0
github.com/freiheit-com/kuberpult/pkg/api/v1/api.pb.go:558.94,562.2 3 0
github.com/freiheit-com/kuberpult/pkg/api/v1/api.pb.go:564.64,566.2 1 0
github.com/freiheit-com/kuberpult/pkg/api/v1/api.pb.go:568.87,570.2 1 0
github.com/freiheit-com/kuberpult/pkg/api/v1/api.pb.go:572.75,574.2 1 0
github.com/freiheit-com/kuberpult/pkg/api/v1/api.pb.go:576.81,578.2 1 0
github.com/freiheit-com/kuberpult/pkg/api/v1/api.pb.go:581.79,583.2 1 0
github.com/freiheit-com/kuberpult/pkg/api/v1/api.pb.go:607.80,611.2 3 0
github.com/freiheit-com/kuberpult/pkg/api/v1/api.pb.go:613.57,615.2 1 0
github.com/freiheit-com/kuberpult/pkg/api/v1/api.pb.go:617.80,619.2 1 0
github.com/freiheit-com/kuberpult/pkg/api/v1/api.pb.go:621.68,623.2 1 0
github.com/freiheit-com/kuberpult/pkg/api/v1/api.pb.go:625.74,627.2 1 0
github.com/freiheit-com/kuberpult/pkg/api/v1/api.pb.go:630.72,632.2 1 0
github.com/freiheit-com/kuberpult/pkg/api/v1/api.pb.go:640.37,642.29 2 0
github.com/freiheit-com/kuberpult/pkg/api/v1/api.pb.go:642.29,646.3 3 0
github.com/freiheit-com/kuberpult/pkg/api/v1/api.pb.go:649.45,651.2 1 0
github.com/freiheit-com/kuberpult/pkg/api/v1/api.pb.go:653.43,653.44 0 0
github.com/freiheit-com/kuberpult/pkg/api/v1/api.pb.go:655.65,657.41 2 0
github.com/freiheit-com/kuberpult/pkg/api/v1/api.pb.go:657.41,659.34 2 0
github.com/freiheit-com/kuberpult/pkg/api/v1/api.pb.go:659.34,661.4 1 0
github.com/freiheit-com/kuberpult/pkg/api/v1/api.pb.go:662.3,662.12 1 0
github.com/freiheit-com/kuberpult/pkg/api/v1/api.pb.go:664.2,664.24 1 0
github.com/freiheit-com/kuberpult/pkg/api/v1/api.pb.go:668.56,670.2 1 0
github.com/freiheit-com/kuberpult/pkg/api/v1/api.pb.go:680.43,682.29 2 0
github.com/freiheit-com/kuberpult/pkg/api/v1/api.pb.go:682.29,686.3 3 0
github.com/freiheit-com/kuberpult/pkg/api/v1/api.pb.go:689.51,691.2 1 0
github.com/freiheit-com/kuberpult/pkg/api/v1/api.pb.go:693.49,693.50 0 0
github.com/freiheit-com/kuberpult/pkg/api/v1/api.pb.go:695.71,697.41 2 0
github.com/freiheit-com/kuberpult/pkg/api/v1/api.pb.go:697.41,699.34 2 0
github.com/freiheit-com/kuberpult/pkg/api/v1/api.pb.go:699.34,701.4 1 0
github.com/freiheit-com/kuberpult/pkg/api/v1/api.pb.go:702.3,702.12 1 0
github.com/freiheit-com/kuberpult/pkg/api/v1/api.pb.go:704.2,704.24 1 0
github.com/freiheit-com/kuberpult/pkg/api/v1/api.pb.go:708.62,710.2 1 0
github.com/freiheit-com/kuberpult/pkg/api/v1/api.pb.go:712.58,713.14 1 0
github.com/freiheit-com/kuberpult/pkg/api/v1/api.pb.go:713.14,715.3 1 0
github.com/freiheit-com/kuberpult/pkg/api/v1/api.pb.go:716.2,716.10 1 0
github.com/freiheit-com/kuberpult/pkg/api/v1/api.pb.go:725.44,727.29 2 0
github.com/freiheit-com/kuberpult/pkg/api/v1/api.pb.go:727.29,731.3 3 0
github.com/freiheit-com/kuberpult/pkg/api/v1/api.pb.go:734.52,736.2 1 0
github.com/freiheit-com/kuberpult/pkg/api/v1/api.pb.go:738.50,738.51 0 0
github.com/freiheit-com/kuberpult/pkg/api/v1/api.pb.go:740.72,742.41 2 0
github.com/freiheit-com/kuberpult/pkg/api/v1/api.pb.go:742.41,744.34 2 0
github.com/freiheit-com/kuberpult/pkg/api/v1/api.pb.go:744.34,746.4 1 0
github.com/freiheit-com/kuberpult/pkg/api/v1/api.pb.go:747.3,747.12 1 0
github.com/freiheit-com/kuberpult/pkg/api/v1/api.pb.go:749.2,749.24 1 0
github.com/freiheit-com/kuberpult/pkg/api/v1/api.pb.go:753.63,755.2 1 0
github.com/freiheit-com/kuberpult/pkg/api/v1/api.pb.go:765.38,767.29 2 0
github.com/freiheit-com/kuberpult/pkg/api/v1/api.pb.go:767.29,771.3 3 0
github.com/freiheit-com/kuberpult/pkg/api/v1/api.pb.go:774.46,776.2 1 0
github.com/freiheit-com/kuberpult/pkg/api/v1/api.pb.go:778.44,778.45 0 0
github.com/freiheit-com/kuberpult/pkg/api/v1/api.pb.go:780.66,782.41 2 0
github.com/freiheit-com/kuberpult/pkg/api/v1/api.pb.go:782.41,784.34 2 0
github.com/freiheit-com/kuberpult/pkg/api/v1/api.pb.go:784.34,786.4 1 0
github.com/freiheit-com/kuberpult/pkg/api/v1/api.pb.go:787.3,787.12 1 0
github.com/freiheit-com/kuberpult/pkg/api/v1/api.pb.go:789.2,789.24 1 0
github.com/freiheit-com/kuberpult/pkg/api/v1/api.pb.go:793.57,795.2 1 0
github.com/freiheit-com/kuberpult/pkg/api/v1/api.pb.go:797.54,798.14 1 0
github.com/freiheit-com/kuberpult/pkg/api/v1/api.pb.go:798.14,800.3 1 0
github.com/freiheit-com/kuberpult/pkg/api/v1/api.pb.go:801.2,801.12 1 0
github.com/freiheit-com/kuberpult/pkg/api/v1/api.pb.go:814.44,816.29 2 0
github.com/freiheit-com/kuberpult/pkg/api/v1/api.pb.go:816.29,820.3 3 0
github.com/freiheit-com/kuberpult/pkg/api/v1/api.pb.go:823.52,825.2 1 0
github.com/freiheit-com/kuberpult/pkg/api/v1/api.pb.go:827.50,827.51 0 0
github.com/freiheit-com/kuberpult/pkg/api/v1/api.pb.go:829.72,831.41 2 0
github.com/freiheit-com/kuberpult/pkg/api/v1/api.pb.go:831.41,833.34 2 0
github.com/freiheit-com/kuberpult/pkg/api/v1/api.pb.go:833.34,835.4 1 0
github.com/freiheit-com/kuberpult/pkg/api/v1/api.pb.go:836.3,836.12 1 0
github.com/freiheit-com/kuberpult/pkg/api/v1/api.pb.go:838.2,838.24 1 0
github.com/freiheit-com/kuberpult/pkg/api/v1/api.pb.go:842.63,844.2 1 0
github.com/freiheit-com/kuberpult/pkg/api/v1/api.pb.go:846.71,847.14 1 0
github.com/freiheit-com/kuberpult/pkg/api/v1/api.pb.go:847.14,849.3 1 0
github.com/freiheit-com/kuberpult/pkg/api/v1/api.pb.go:850.2,850.11 1 0
github.com/freiheit-com/kuberpult/pkg/api/v1/api.pb.go:853.60,854.38 1 0
github.com/freiheit-com/kuberpult/pkg/api/v1/api.pb.go:854.38,856.3 1 0
github.com/freiheit-com/kuberpult/pkg/api/v1/api.pb.go:857.2,857.11 1 0
github.com/freiheit-com/kuberpult/pkg/api/v1/api.pb.go:860.65,861.43 1 0
github.com/freiheit-com/kuberpult/pkg/api/v1/api.pb.go:861.43,863.3 1 0
github.com/freiheit-com/kuberpult/pkg/api/v1/api.pb.go:864.2,864.11 1 0
github.com/freiheit-com/kuberpult/pkg/api/v1/api.pb.go:875.45,877.29 2 0
github.com/freiheit-com/kuberpult/pkg/api/v1/api.pb.go:877.29,881.3 3 0
github.com/freiheit-com/kuberpult/pkg/api/v1/api.pb.go:884.53,886.2 1 0
github.com/freiheit-com/kuberpult/pkg/api/v1/api.pb.go:888.51,888.52 0 0
github.com/freiheit-com/kuberpult/pkg/api/v1/api.pb.go:890.73,892.41 2 0
github.com/freiheit-com/kuberpult/pkg/api/v1/api.pb.go:892.41,894.34 2 0
github.com/freiheit-com/kuberpult/pkg/api/v1/api.pb.go:894.34,896.4 1 0
github.com/freiheit-com/kuberpult/pkg/api/v1/api.pb.go:897.3,897.12 1 0
github.com/freiheit-com/kuberpult/pkg/api/v1/api.pb.go:899.2,899.24 1 0
github.com/freiheit-com/kuberpult/pkg/api/v1/api.pb.go:903.64,905.2 1 0
github.com/freiheit-com/kuberpult/pkg/api/v1/api.pb.go:907.75,908.14 1 0
github.com/freiheit-com/kuberpult/pkg/api/v1/api.pb.go:908.14,910.3 1 0
github.com/freiheit-com/kuberpult/pkg/api/v1/api.pb.go:911.2,911.12 1 0
github.com/freiheit-com/kuberpult/pkg/api/v1/api.pb.go:927.34,929.29 2 0
github.com/freiheit-com/kuberpult/pkg/api/v1/api.pb.go:929.29,933.3 3 0
github.com/freiheit-com/kuberpult/pkg/api/v1/api.pb.go:936.42,938.2 1 0
github.com/freiheit-com/kuberpult/pkg/api/v1/api.pb.go:940.40,940.41 0 0
github.com/freiheit-com/kuberpult/pkg/api/v1/api.pb.go:942.62,944.41 2 0
github.com/freiheit-com/kuberpult/pkg/api/v1/api.pb.go:944.41,946.34 2 0
github.com/freiheit-com/kuberpult/pkg/api/v1/api.pb.go:946.34,948.4 1 0
github.com/freiheit-com/kuberpult/pkg/api/v1/api.pb.go:949.3,949.12 1 0
github.com/freiheit-com/kuberpult/pkg/api/v1/api.pb.go:951.2,951.24 1 0
github.com/freiheit-com/kuberpult/pkg/api/v1/api.pb.go:955.53,957.2 1 0
github.com/freiheit-com/kuberpult/pkg/api/v1/api.pb.go:959.42,960.14 1 0
github.com/freiheit-com/kuberpult/pkg/api/v1/api.pb.go:960.14,962.3 1 0
github.com/freiheit-com/kuberpult/pkg/api/v1/api.pb.go:963.2,963.11 1 0
github.com/freiheit-com/kuberpult/pkg/api/v1/api.pb.go:966.46,967.14 1 0
github.com/freiheit-com/kuberpult/pkg/api/v1/api.pb.go:967.14,969.3 1 0
github.com/freiheit-com/kuberpult/pkg/api/v1/api.pb.go:970.2,970.11 1 0
github.com/freiheit-com/kuberpult/pkg/api/v1/api.pb.go:973.47,974.14 1 0
github.com/freiheit-com/kuberpult/pkg/api/v1/api.pb.go:974.14,976.3 1 0
github.com/freiheit-com/kuberpult/pkg/api/v1/api.pb.go:977.2,977.11 1 0
github.com/freiheit-com/kuberpult/pkg/api/v1/api.pb.go:980.53,981.14 1 0
github.com/freiheit-com/kuberpult/pkg/api/v1/api.pb.go:981.14,983.3 1 0
github.com/freiheit-com/kuberpult/pkg/api/v1/api.pb.go:984.2,984.11 1 0
github.com/freiheit-com/kuberpult/pkg/api/v1/api.pb.go:987.50,988.14 1 0
github.com/freiheit-com/kuberpult/pkg/api/v1/api.pb.go:988.14,990.3 1 0
github.com/freiheit-com/kuberpult/pkg/api/v1/api.pb.go:991.2,991.11 1 0
github.com/freiheit-com/kuberpult/pkg/api/v1/api.pb.go:994.43,995.14 1 0
github.com/freiheit-com/kuberpult/pkg/api/v1/api.pb.go:995.14,997.3 1 0
github.com/freiheit-com/kuberpult/pkg/api/v1/api.pb.go:998.2,998.11 1 0
github.com/freiheit-com/kuberpult/pkg/api/v1/api.pb.go:1011.40,1013.29 2 0
github.com/freiheit-com/kuberpult/pkg/api/v1/api.pb.go:1013.29,1017.3 3 0
github.com/freiheit-com/kuberpult/pkg/api/v1/api.pb.go:1020.48,1022.2 1 0
github.com/freiheit-com/kuberpult/pkg/api/v1/api.pb.go:1024.46,1024.47 0 0
github.com/freiheit-com/kuberpult/pkg/api/v1/api.pb.go:1026.68,1028.41 2 0
github.com/freiheit-com/kuberpult/pkg/api/v1/api.pb.go:1028.41,1030.34 2 0
github.com/freiheit-com/kuberpult/pkg/api/v1/api.pb.go:1030.34,1032.4 1 0
github.com/freiheit-com/kuberpult/pkg/api/v1/api.pb.go:1033.3,1033.12 1 0
github.com/freiheit-com/kuberpult/pkg/api/v1/api.pb.go:1035.2,1035.24 1 0
github.com/freiheit-com/kuberpult/pkg/api/v1/api.pb.go:1039.59,1041.2 1 0
github.com/freiheit-com/kuberpult/pkg/api/v1/api.pb.go:1043.55,1044.14 1 0
github.com/freiheit-com/kuberpult/pkg/api/v1/api.pb.go:1044.14,1046.3 1 0
github.com/freiheit-com/kuberpult/pkg/api/v1/api.pb.go:1047.2,1047.11 1 0
github.com/freiheit-com/kuberpult/pkg/api/v1/api.pb.go:1050.55,1051.14 1 0
github.com/freiheit-com/kuberpult/pkg/api/v1/api.pb.go:1051.14,1053.3 1 0
github.com/freiheit-com/kuberpult/pkg/api/v1/api.pb.go:1054.2,1054.10 1 0
github.com/freiheit-com/kuberpult/pkg/api/v1/api.pb.go:1073.41,1075.29 2 0
github.com/freiheit-com/kuberpult/pkg/api/v1/api.pb.go:1075.29,1079.3 3 0
github.com/freiheit-com/kuberpult/pkg/api/v1/api.pb.go:1082.49,1084.2 1 0
github.com/freiheit-com/kuberpult/pkg/api/v1/api.pb.go:1086.47,1086.48 0 0
github.com/freiheit-com/kuberpult/pkg/api/v1/api.pb.go:1088.69,1090.41 2 0
github.com/freiheit-com/kuberpult/pkg/api/v1/api.pb.go:1090.41,1092.34 2 0
github.com/freiheit-com/kuberpult/pkg/api/v1/api.pb.go:1092.34,1094.4 1 0
github.com/freiheit-com/kuberpult/pkg/api/v1/api.pb.go:1095.3,1095.12 1 0
github.com/freiheit-com/kuberpult/pkg/api/v1/api.pb.go:1097.2,1097.24 1 0
github.com/freiheit-com/kuberpult/pkg/api/v1/api.pb.go:1101.60,1103.2 1 0
github.com/freiheit-com/kuberpult/pkg/api/v1/api.pb.go:1105.56,1106.14 1 0
github.com/freiheit-com/kuberpult/pkg/api/v1/api.pb.go:1106.14,1108.3 1 0
github.com/freiheit-com/kuberpult/pkg/api/v1/api.pb.go:1109.2,1109.11 1 0
github.com/freiheit-com/kuberpult/pkg/api/v1/api.pb.go:1112.59,1113.14 1 0
github.com/freiheit-com/kuberpult/pkg/api/v1/api.pb.go:1113.14,1115.3 1 0
github.com/freiheit-com/kuberpult/pkg/api/v1/api.pb.go:1116.2,1116.11 1 0
github.com/freiheit-com/kuberpult/pkg/api/v1/api.pb.go:1119.59,1120.14 1 0
github.com/freiheit-com/kuberpult/pkg/api/v1/api.pb.go:1120.14,1122.3 1 0
github.com/freiheit-com/kuberpult/pkg/api/v1/api.pb.go:1123.2,1123.12 1 0
github.com/freiheit-com/kuberpult/pkg/api/v1/api.pb.go:1126.54,1127.14 1 0
github.com/freiheit-com/kuberpult/pkg/api/v1/api.pb.go:1127.14,1129.3 1 0
github.com/freiheit-com/kuberpult/pkg/api/v1/api.pb.go:1130.2,1130.12 1 0
github.com/freiheit-com/kuberpult/pkg/api/v1/api.pb.go:1133.60,1134.14 1 0
github.com/freiheit-com/kuberpult/pkg/api/v1/api.pb.go:1134.14,1136.3 1 0
github.com/freiheit-com/kuberpult/pkg/api/v1/api.pb.go:1137.2,1137.11 1 0
github.com/freiheit-com/kuberpult/pkg/api/v1/api.pb.go:1140.64,1141.14 1 0
github.com/freiheit-com/kuberpult/pkg/api/v1/api.pb.go:1141.14,1143.3 1 0
github.com/freiheit-com/kuberpult/pkg/api/v1/api.pb.go:1144.2,1144.11 1 0
github.com/freiheit-com/kuberpult/pkg/api/v1/api.pb.go:1147.52,1148.14 1 0
github.com/freiheit-com/kuberpult/pkg/api/v1/api.pb.go:1148.14,1150.3 1 0
github.com/freiheit-com/kuberpult/pkg/api/v1/api.pb.go:1151.2,1151.14 1 0
github.com/freiheit-com/kuberpult/pkg/api/v1/api.pb.go:1160.43,1162.29 2 0
github.com/freiheit-com/kuberpult/pkg/api/v1/api.pb.go:1162.29,1166.3 3 0
github.com/freiheit-com/kuberpult/pkg/api/v1/api.pb.go:1169.51,1171.2 1 0
github.com/freiheit-com/kuberpult/pkg/api/v1/api.pb.go:1173.49,1173.50 0 0
github.com/freiheit-com/kuberpult/pkg/api/v1/api.pb.go:1175.71,1177.41 2 0
github.com/freiheit-com/kuberpult/pkg/api/v1/api.pb.go:1177.41,1179.34 2 0
github.com/freiheit-com/kuberpult/pkg/api/v1/api.pb.go:1179.34,1181.4 1 0
github.com/freiheit-com/kuberpult/pkg/api/v1/api.pb.go:1182.3,1182.12 1 0
github.com/freiheit-com/kuberpult/pkg/api/v1/api.pb.go:1184.2,1184.24 1 0
github.com/freiheit-com/kuberpult/pkg/api/v1/api.pb.go:1188.62,1190.2 1 0
github.com/freiheit-com/kuberpult/pkg/api/v1/api.pb.go:1200.44,1202.29 2 0
github.com/freiheit-com/kuberpult/pkg/api/v1/api.pb.go:1202.29,1206.3 3 0
github.com/freiheit-com/kuberpult/pkg/api/v1/api.pb.go:1209.52,1211.2 1 0
github.com/freiheit-com/kuberpult/pkg/api/v1/api.pb.go:1213.50,1213.51 0 0
github.com/freiheit-com/kuberpult/pkg/api/v1/api.pb.go:1215.72,1217.41 2 0
github.com/freiheit-com/kuberpult/pkg/api/v1/api.pb.go:1217.41,1219.34 2 0
github.com/freiheit-com/kuberpult/pkg/api/v1/api.pb.go:1219.34,1221.4 1 0
github.com/freiheit-com/kuberpult/pkg/api/v1/api.pb.go:1222.3,1222.12 1 0
github.com/freiheit-com/kuberpult/pkg/api/v1/api.pb.go:1224.2,1224.24 1 0
github.com/freiheit-com/kuberpult/pkg/api/v1/api.pb.go:1228.63,1230.2 1 0
github.com/freiheit-com/kuberpult/pkg/api/v1/api.pb.go:1232.79,1233.14 1 0
github.com/freiheit-com/kuberpult/pkg/api/v1/api.pb.go:1233.14,1235.3 1 0
github.com/freiheit-com/kuberpult/pkg/api/v1/api.pb.go:1236.2,1236.12 1 0
github.com/freiheit-com/kuberpult/pkg/api/v1/api.pb.go:1247.33,1249.29 2 0
github.com/freiheit-com/kuberpult/pkg/api/v1/api.pb.go:1249.29,1253.3 3 0
github.com/freiheit-com/kuberpult/pkg/api/v1/api.pb.go:1256.41,1258.2 1 0
github.com/freiheit-com/kuberpult/pkg/api/v1/api.pb.go:1260.39,1260.40 0 0
github.com/freiheit-com/kuberpult/pkg/api/v1/api.pb.go:1262.61,1264.41 2 0
github.com/freiheit-com/kuberpult/pkg/api/v1/api.pb.go:1264.41,1266.34 2 0
github.com/freiheit-com/kuberpult/pkg/api/v1/api.pb.go:1266.34,1268.4 1 0
github.com/freiheit-com/kuberpult/pkg/api/v1/api.pb.go:1269.3,1269.12 1 0
github.com/freiheit-com/kuberpult/pkg/api/v1/api.pb.go:1271.2,1271.24 1 0
github.com/freiheit-com/kuberpult/pkg/api/v1/api.pb.go:1275.52,1277.2 1 0
github.com/freiheit-com/kuberpult/pkg/api/v1/api.pb.go:1279.65,1280.14 1 0
github.com/freiheit-com/kuberpult/pkg/api/v1/api.pb.go:1280.14,1282.3 1 0
github.com/freiheit-com/kuberpult/pkg/api/v1/api.pb.go:1283.2,1283.12 1 0
github.com/freiheit-com/kuberpult/pkg/api/v1/api.pb.go:1294.39,1296.29 2 0
github.com/freiheit-com/kuberpult/pkg/api/v1/api.pb.go:1296.29,1300.3 3 0
github.com/freiheit-com/kuberpult/pkg/api/v1/api.pb.go:1303.47,1305.2 1 0
github.com/freiheit-com/kuberpult/pkg/api/v1/api.pb.go:1307.45,1307.46 0 0
github.com/freiheit-com/kuberpult/pkg/api/v1/api.pb.go:1309.67,1311.41 2 0
github.com/freiheit-com/kuberpult/pkg/api/v1/api.pb.go:1311.41,1313.34 2 0
github.com/freiheit-com/kuberpult/pkg/api/v1/api.pb.go:1313.34,1315.4 1 0
github.com/freiheit-com/kuberpult/pkg/api/v1/api.pb.go:1316.3,1316.12 1 0
github.com/freiheit-com/kuberpult/pkg/api/v1/api.pb.go:1318.2,1318.24 1 0
github.com/freiheit-com/kuberpult/pkg/api/v1/api.pb.go:1322.58,1324.2 1 0
github.com/freiheit-com/kuberpult/pkg/api/v1/api.pb.go:1326.59,1327.14 1 0
github.com/freiheit-com/kuberpult/pkg/api/v1/api.pb.go:1327.14,1329.3 1 0
github.com/freiheit-com/kuberpult/pkg/api/v1/api.pb.go:1330.2,1330.10 1 0
github.com/freiheit-com/kuberpult/pkg/api/v1/api.pb.go:1339.40,1341.29 2 0
github.com/freiheit-com/kuberpult/pkg/api/v1/api.pb.go:1341.29,1345.3 3 0
github.com/freiheit-com/kuberpult/pkg/api/v1/api.pb.go:1348.48,1350.2 1 0
github.com/freiheit-com/kuberpult/pkg/api/v1/api.pb.go:1352.46,1352.47 0 0
github.com/freiheit-com/kuberpult/pkg/api/v1/api.pb.go:1354.68,1356.41 2 0
github.com/freiheit-com/kuberpult/pkg/api/v1/api.pb.go:1356.41,1358.34 2 0
github.com/freiheit-com/kuberpult/pkg/api/v1/api.pb.go:1358.34,1360.4 1 0
github.com/freiheit-com/kuberpult/pkg/api/v1/api.pb.go:1361.3,1361.12 1 0
github.com/freiheit-com/kuberpult/pkg/api/v1/api.pb.go:1363.2,1363.24 1 0
github.com/freiheit-com/kuberpult/pkg/api/v1/api.pb.go:1367.59,1369.2 1 0
github.com/freiheit-com/kuberpult/pkg/api/v1/api.pb.go:1390.25,1392.29 2 0
github.com/freiheit-com/kuberpult/pkg/api/v1/api.pb.go:1392.29,1396.3 3 0
github.com/freiheit-com/kuberpult/pkg/api/v1/api.pb.go:1399.33,1401.2 1 0
github.com/freiheit-com/kuberpult/pkg/api/v1/api.pb.go:1403.31,1403.32 0 0
github.com/freiheit-com/kuberpult/pkg/api/v1/api.pb.go:1405.53,1407.41 2 0
github.com/freiheit-com/kuberpult/pkg/api/v1/api.pb.go:1407.41,1409.34 2 0
github.com/freiheit-com/kuberpult/pkg/api/v1/api.pb.go:1409.34,1411.4 1 0
github.com/freiheit-com/kuberpult/pkg/api/v1/api.pb.go:1412.3,1412.12 1 0
github.com/freiheit-com/kuberpult/pkg/api/v1/api.pb.go:1414.2,1414.24 1 0
github.com/freiheit-com/kuberpult/pkg/api/v1/api.pb.go:1418.44,1420.2 1 0
github.com/freiheit-com/kuberpult/pkg/api/v1/api.pb.go:1422.55,1423.14 1 0
github.com/freiheit-com/kuberpult/pkg/api/v1/api.pb.go:1423.14,1425.3 1 0
github.com/freiheit-com/kuberpult/pkg/api/v1/api.pb.go:1426.2,1426.12 1 0
github.com/freiheit-com/kuberpult/pkg/api/v1/api.pb.go:1429.34,1430.14 1 0
github.com/freiheit-com/kuberpult/pkg/api/v1/api.pb.go:1430.14,1432.3 1 0
github.com/freiheit-com/kuberpult/pkg/api/v1/api.pb.go:1433.2,1433.11 1 0
github.com/freiheit-com/kuberpult/pkg/api/v1/api.pb.go:1436.50,1437.14 1 0
github.com/freiheit-com/kuberpult/pkg/api/v1/api.pb.go:1437.14,1439.3 1 0
github.com/freiheit-com/kuberpult/pkg/api/v1/api.pb.go:1440.2,1440.12 1 0
github.com/freiheit-com/kuberpult/pkg/api/v1/api.pb.go:1443.61,1444.63 1 0
github.com/freiheit-com/kuberpult/pkg/api/v1/api.pb.go:1444.63,1446.3 1 0
github.com/freiheit-com/kuberpult/pkg/api/v1/api.pb.go:1447.2,1447.12 1 0
github.com/freiheit-com/kuberpult/pkg/api/v1/api.pb.go:1450.55,1451.60 1 0
github.com/freiheit-com/kuberpult/pkg/api/v1/api.pb.go:1451.60,1453.3 1 0
github.com/freiheit-com/kuberpult/pkg/api/v1/api.pb.go:1454.2,1454.12 1 0
github.com/freiheit-com/kuberpult/pkg/api/v1/api.pb.go:1457.81,1458.73 1 0
github.com/freiheit-com/kuberpult/pkg/api/v1/api.pb.go:1458.73,1460.3 1 0
github.com/freiheit-com/kuberpult/pkg/api/v1/api.pb.go:1461.2,1461.12 1 0
github.com/freiheit-com/kuberpult/pkg/api/v1/api.pb.go:1464.55,1465.60 1 0
github.com/freiheit-com/kuberpult/pkg/api/v1/api.pb.go:1465.60,1467.3 1 0
github.com/freiheit-com/kuberpult/pkg/api/v1/api.pb.go:1468.2,1468.12 1 0
github.com/freiheit-com/kuberpult/pkg/api/v1/api.pb.go:1491.55,1491.56 0 0
github.com/freiheit-com/kuberpult/pkg/api/v1/api.pb.go:1493.52,1493.53 0 0
github.com/freiheit-com/kuberpult/pkg/api/v1/api.pb.go:1495.65,1495.66 0 0
github.com/freiheit-com/kuberpult/pkg/api/v1/api.pb.go:1497.52,1497.53 0 0
github.com/freiheit-com/kuberpult/pkg/api/v1/api.pb.go:1507.38,1509.29 2 0
github.com/freiheit-com/kuberpult/pkg/api/v1/api.pb.go:1509.29,1513.3 3 0
github.com/freiheit-com/kuberpult/pkg/api/v1/api.pb.go:1516.46,1518.2 1 0
github.com/freiheit-com/kuberpult/pkg/api/v1/api.pb.go:1520.44,1520.45 0 0
github.com/freiheit-com/kuberpult/pkg/api/v1/api.pb.go:1522.66,1524.41 2 0
github.com/freiheit-com/kuberpult/pkg/api/v1/api.pb.go:1524.41,1526.34 2 0
github.com/freiheit-com/kuberpult/pkg/api/v1/api.pb.go:1526.34,1528.4 1 0
github.com/freiheit-com/kuberpult/pkg/api/v1/api.pb.go:1529.3,1529.12 1 0
github.com/freiheit-com/kuberpult/pkg/api/v1/api.pb.go:1531.2,1531.24 1 0
github.com/freiheit-com/kuberpult/pkg/api/v1/api.pb.go:1535.57,1537.2 1 0
github.com/freiheit-com/kuberpult/pkg/api/v1/api.pb.go:1539.61,1540.14 1 0
github.com/freiheit-com/kuberpult/pkg/api/v1/api.pb.go:1540.14,1542.3 1 0
github.com/freiheit-com/kuberpult/pkg/api/v1/api.pb.go:1543.2,1543.12 1 0
github.com/freiheit-com/kuberpult/pkg/api/v1/api.pb.go:1556.35,1558.29 2 0
github.com/freiheit-com/kuberpult/pkg/api/v1/api.pb.go:1558.29,1562.3 3 0
github.com/freiheit-com/kuberpult/pkg/api/v1/api.pb.go:1565.43,1567.2 1 0
github.com/freiheit-com/kuberpult/pkg/api/v1/api.pb.go:1569.41,1569.42 0 0
github.com/freiheit-com/kuberpult/pkg/api/v1/api.pb.go:1571.63,1573.41 2 0
github.com/freiheit-com/kuberpult/pkg/api/v1/api.pb.go:1573.41,1575.34 2 0
github.com/freiheit-com/kuberpult/pkg/api/v1/api.pb.go:1575.34,1577.4 1 0
github.com/freiheit-com/kuberpult/pkg/api/v1/api.pb.go:1578.3,1578.12 1 0
github.com/freiheit-com/kuberpult/pkg/api/v1/api.pb.go:1580.2,1580.24 1 0
github.com/freiheit-com/kuberpult/pkg/api/v1/api.pb.go:1584.54,1586.2 1 0
github.com/freiheit-com/kuberpult/pkg/api/v1/api.pb.go:1588.51,1589.14 1 0
github.com/freiheit-com/kuberpult/pkg/api/v1/api.pb.go:1589.14,1591.3 1 0
github.com/freiheit-com/kuberpult/pkg/api/v1/api.pb.go:1592.2,1592.11 1 0
github.com/freiheit-com/kuberpult/pkg/api/v1/api.pb.go:1595.57,1596.14 1 0
github.com/freiheit-com/kuberpult/pkg/api/v1/api.pb.go:1596.14,1598.3 1 0
github.com/freiheit-com/kuberpult/pkg/api/v1/api.pb.go:1599.2,1599.11 1 0
github.com/freiheit-com/kuberpult/pkg/api/v1/api.pb.go:1602.87,1603.14 1 0
github.com/freiheit-com/kuberpult/pkg/api/v1/api.pb.go:1603.14,1605.3 1 0
github.com/freiheit-com/kuberpult/pkg/api/v1/api.pb.go:1606.2,1606.12 1 0
github.com/freiheit-com/kuberpult/pkg/api/v1/api.pb.go:1620.48,1622.29 2 0
github.com/freiheit-com/kuberpult/pkg/api/v1/api.pb.go:1622.29,1626.3 3 0
github.com/freiheit-com/kuberpult/pkg/api/v1/api.pb.go:1629.56,1631.2 1 0
github.com/freiheit-com/kuberpult/pkg/api/v1/api.pb.go:1633.54,1633.55 0 0
github.com/freiheit-com/kuberpult/pkg/api/v1/api.pb.go:1635.76,1637.41 2 0
github.com/freiheit-com/kuberpult/pkg/api/v1/api.pb.go:1637.41,1639.34 2 0
github.com/freiheit-com/kuberpult/pkg/api/v1/api.pb.go:1639.34,1641.4 1 0
github.com/freiheit-com/kuberpult/pkg/api/v1/api.pb.go:1642.3,1642.12 1 0
github.com/freiheit-com/kuberpult/pkg/api/v1/api.pb.go:1644.2,1644.24 1 0
github.com/freiheit-com/kuberpult/pkg/api/v1/api.pb.go:1648.67,1650.2 1 0
github.com/freiheit-com/kuberpult/pkg/api/v1/api.pb.go:1652.64,1653.14 1 0
github.com/freiheit-com/kuberpult/pkg/api/v1/api.pb.go:1653.14,1655.3 1 0
github.com/freiheit-com/kuberpult/pkg/api/v1/api.pb.go:1656.2,1656.11 1 0
github.com/freiheit-com/kuberpult/pkg/api/v1/api.pb.go:1659.64,1660.14 1 0
github.com/freiheit-com/kuberpult/pkg/api/v1/api.pb.go:1660.14,1662.3 1 0
github.com/freiheit-com/kuberpult/pkg/api/v1/api.pb.go:1663.2,1663.11 1 0
github.com/freiheit-com/kuberpult/pkg/api/v1/api.pb.go:1666.64,1667.14 1 0
github.com/freiheit-com/kuberpult/pkg/api/v1/api.pb.go:1667.14,1669.3 1 0
github.com/freiheit-com/kuberpult/pkg/api/v1/api.pb.go:1670.2,1670.11 1 0
github.com/freiheit-com/kuberpult/pkg/api/v1/api.pb.go:1673.92,1674.14 1 0
github.com/freiheit-com/kuberpult/pkg/api/v1/api.pb.go:1674.14,1676.3 1 0
github.com/freiheit-com/kuberpult/pkg/api/v1/api.pb.go:1677.2,1677.55 1 0
github.com/freiheit-com/kuberpult/pkg/api/v1/api.pb.go:1690.35,1692.29 2 0
github.com/freiheit-com/kuberpult/pkg/api/v1/api.pb.go:1692.29,1696.3 3 0
github.com/freiheit-com/kuberpult/pkg/api/v1/api.pb.go:1699.43,1701.2 1 0
github.com/freiheit-com/kuberpult/pkg/api/v1/api.pb.go:1703.41,1703.42 0 0
github.com/freiheit-com/kuberpult/pkg/api/v1/api.pb.go:1705.63,1707.41 2 0
github.com/freiheit-com/kuberpult/pkg/api/v1/api.pb.go:1707.41,1709.34 2 0
github.com/freiheit-com/kuberpult/pkg/api/v1/api.pb.go:1709.34,1711.4 1 0
github.com/freiheit-com/kuberpult/pkg/api/v1/api.pb.go:1712.3,1712.12 1 0
github.com/freiheit-com/kuberpult/pkg/api/v1/api.pb.go:1714.2,1714.24 1 0
github.com/freiheit-com/kuberpult/pkg/api/v1/api.pb.go:1718.54,1720.2 1 0
github.com/freiheit-com/kuberpult/pkg/api/v1/api.pb.go:1722.58,1723.14 1 0
github.com/freiheit-com/kuberpult/pkg/api/v1/api.pb.go:1723.14,1725.3 1 0
github.com/freiheit-com/kuberpult/pkg/api/v1/api.pb.go:1726.2,1726.11 1 0
github.com/freiheit-com/kuberpult/pkg/api/v1/api.pb.go:1729.51,1730.14 1 0
github.com/freiheit-com/kuberpult/pkg/api/v1/api.pb.go:1730.14,1732.3 1 0
github.com/freiheit-com/kuberpult/pkg/api/v1/api.pb.go:1733.2,1733.11 1 0
github.com/freiheit-com/kuberpult/pkg/api/v1/api.pb.go:1736.51,1737.14 1 0
github.com/freiheit-com/kuberpult/pkg/api/v1/api.pb.go:1737.14,1739.3 1 0
github.com/freiheit-com/kuberpult/pkg/api/v1/api.pb.go:1740.2,1740.11 1 0
github.com/freiheit-com/kuberpult/pkg/api/v1/api.pb.go:1752.27,1754.29 2 0
github.com/freiheit-com/kuberpult/pkg/api/v1/api.pb.go:1754.29,1758.3 3 0
github.com/freiheit-com/kuberpult/pkg/api/v1/api.pb.go:1761.35,1763.2 1 0
github.com/freiheit-com/kuberpult/pkg/api/v1/api.pb.go:1765.33,1765.34 0 0
github.com/freiheit-com/kuberpult/pkg/api/v1/api.pb.go:1767.55,1769.41 2 0
github.com/freiheit-com/kuberpult/pkg/api/v1/api.pb.go:1769.41,1771.34 2 0
github.com/freiheit-com/kuberpult/pkg/api/v1/api.pb.go:1771.34,1773.4 1 0
github.com/freiheit-com/kuberpult/pkg/api/v1/api.pb.go:1774.3,1774.12 1 0
github.com/freiheit-com/kuberpult/pkg/api/v1/api.pb.go:1776.2,1776.24 1 0
github.com/freiheit-com/kuberpult/pkg/api/v1/api.pb.go:1780.46,1782.2 1 0
github.com/freiheit-com/kuberpult/pkg/api/v1/api.pb.go:1784.35,1785.14 1 0
github.com/freiheit-com/kuberpult/pkg/api/v1/api.pb.go:1785.14,1787.3 1 0
github.com/freiheit-com/kuberpult/pkg/api/v1/api.pb.go:1788.2,1788.11 1 0
github.com/freiheit-com/kuberpult/pkg/api/v1/api.pb.go:1791.40,1792.14 1 0
github.com/freiheit-com/kuberpult/pkg/api/v1/api.pb.go:1792.14,1794.3 1 0
github.com/freiheit-com/kuberpult/pkg/api/v1/api.pb.go:1795.2,1795.11 1 0
github.com/freiheit-com/kuberpult/pkg/api/v1/api.pb.go:1806.32,1808.29 2 0
github.com/freiheit-com/kuberpult/pkg/api/v1/api.pb.go:1808.29,1812.3 3 0
github.com/freiheit-com/kuberpult/pkg/api/v1/api.pb.go:1815.40,1817.2 1 0
github.com/freiheit-com/kuberpult/pkg/api/v1/api.pb.go:1819.38,1819.39 0 0
github.com/freiheit-com/kuberpult/pkg/api/v1/api.pb.go:1821.60,1823.41 2 0
github.com/freiheit-com/kuberpult/pkg/api/v1/api.pb.go:1823.41,1825.34 2 0
github.com/freiheit-com/kuberpult/pkg/api/v1/api.pb.go:1825.34,1827.4 1 0
github.com/freiheit-com/kuberpult/pkg/api/v1/api.pb.go:1828.3,1828.12 1 0
github.com/freiheit-com/kuberpult/pkg/api/v1/api.pb.go:1830.2,1830.24 1 0
github.com/freiheit-com/kuberpult/pkg/api/v1/api.pb.go:1834.51,1836.2 1 0
github.com/freiheit-com/kuberpult/pkg/api/v1/api.pb.go:1838.52,1839.14 1 0
github.com/freiheit-com/kuberpult/pkg/api/v1/api.pb.go:1839.14,1841.3 1 0
github.com/freiheit-com/kuberpult/pkg/api/v1/api.pb.go:1842.2,1842.12 1 0
github.com/freiheit-com/kuberpult/pkg/api/v1/api.pb.go:1871.31,1873.29 2 0
github.com/freiheit-com/kuberpult/pkg/api/v1/api.pb.go:1873.29,1877.3 3 0
github.com/freiheit-com/kuberpult/pkg/api/v1/api.pb.go:1880.39,1882.2 1 0
github.com/freiheit-com/kuberpult/pkg/api/v1/api.pb.go:1884.37,1884.38 0 0
github.com/freiheit-com/kuberpult/pkg/api/v1/api.pb.go:1886.59,1888.41 2 0
github.com/freiheit-com/kuberpult/pkg/api/v1/api.pb.go:1888.41,1890.34 2 0
github.com/freiheit-com/kuberpult/pkg/api/v1/api.pb.go:1890.34,1892.4 1 0
github.com/freiheit-com/kuberpult/pkg/api/v1/api.pb.go:1893.3,1893.12 1 0
github.com/freiheit-com/kuberpult/pkg/api/v1/api.pb.go:1895.2,1895.24 1 0
github.com/freiheit-com/kuberpult/pkg/api/v1/api.pb.go:1899.50,1901.2 1 0
github.com/freiheit-com/kuberpult/pkg/api/v1/api.pb.go:1903.56,1904.14 1 0
github.com/freiheit-com/kuberpult/pkg/api/v1/api.pb.go:1904.14,1906.3 1 0
github.com/freiheit-com/kuberpult/pkg/api/v1/api.pb.go:1907.2,1907.12 1 0
github.com/freiheit-com/kuberpult/pkg/api/v1/api.pb.go:1910.80,1911.69 1 0
github.com/freiheit-com/kuberpult/pkg/api/v1/api.pb.go:1911.69,1913.3 1 0
github.com/freiheit-com/kuberpult/pkg/api/v1/api.pb.go:1914.2,1914.12 1 0
github.com/freiheit-com/kuberpult/pkg/api/v1/api.pb.go:1917.80,1918.69 1 0
github.com/freiheit-com/kuberpult/pkg/api/v1/api.pb.go:1918.69,1920.3 1 0
github.com/freiheit-com/kuberpult/pkg/api/v1/api.pb.go:1921.2,1921.12 1 0
github.com/freiheit-com/kuberpult/pkg/api/v1/api.pb.go:1924.102,1925.80 1 0
github.com/freiheit-com/kuberpult/pkg/api/v1/api.pb.go:1925.80,1927.3 1 0
github.com/freiheit-com/kuberpult/pkg/api/v1/api.pb.go:1928.2,1928.12 1 0
github.com/freiheit-com/kuberpult/pkg/api/v1/api.pb.go:1931.102,1932.80 1 0
github.com/freiheit-com/kuberpult/pkg/api/v1/api.pb.go:1932.80,1934.3 1 0
github.com/freiheit-com/kuberpult/pkg/api/v1/api.pb.go:1935.2,1935.12 1 0
github.com/freiheit-com/kuberpult/pkg/api/v1/api.pb.go:1938.50,1939.54 1 0
github.com/freiheit-com/kuberpult/pkg/api/v1/api.pb.go:1939.54,1941.3 1 0
github.com/freiheit-com/kuberpult/pkg/api/v1/api.pb.go:1942.2,1942.12 1 0
github.com/freiheit-com/kuberpult/pkg/api/v1/api.pb.go:1945.68,1946.63 1 0
github.com/freiheit-com/kuberpult/pkg/api/v1/api.pb.go:1946.63,1948.3 1 0
github.com/freiheit-com/kuberpult/pkg/api/v1/api.pb.go:1949.2,1949.12 1 0
github.com/freiheit-com/kuberpult/pkg/api/v1/api.pb.go:1952.54,1953.56 1 0
github.com/freiheit-com/kuberpult/pkg/api/v1/api.pb.go:1953.56,1955.3 1 0
github.com/freiheit-com/kuberpult/pkg/api/v1/api.pb.go:1956.2,1956.12 1 0
github.com/freiheit-com/kuberpult/pkg/api/v1/api.pb.go:1959.78,1960.64 1 0
github.com/freiheit-com/kuberpult/pkg/api/v1/api.pb.go:1960.64,1962.3 1 0
github.com/freiheit-com/kuberpult/pkg/api/v1/api.pb.go:1963.2,1963.12 1 0
github.com/freiheit-com/kuberpult/pkg/api/v1/api.pb.go:1966.72,1967.65 1 0
github.com/freiheit-com/kuberpult/pkg/api/v1/api.pb.go:1967.65,1969.3 1 0
github.com/freiheit-com/kuberpult/pkg/api/v1/api.pb.go:1970.2,1970.12 1 0
github.com/freiheit-com/kuberpult/pkg/api/v1/api.pb.go:1973.62,1974.60 1 0
github.com/freiheit-com/kuberpult/pkg/api/v1/api.pb.go:1974.60,1976.3 1 0
github.com/freiheit-com/kuberpult/pkg/api/v1/api.pb.go:1977.2,1977.12 1 0
github.com/freiheit-com/kuberpult/pkg/api/v1/api.pb.go:1980.64,1981.61 1 0
github.com/freiheit-com/kuberpult/pkg/api/v1/api.pb.go:1981.61,1983.3 1 0
github.com/freiheit-com/kuberpult/pkg/api/v1/api.pb.go:1984.2,1984.12 1 0
github.com/freiheit-com/kuberpult/pkg/api/v1/api.pb.go:1987.90,1988.74 1 0
github.com/freiheit-com/kuberpult/pkg/api/v1/api.pb.go:1988.74,1990.3 1 0
github.com/freiheit-com/kuberpult/pkg/api/v1/api.pb.go:1991.2,1991.12 1 0
github.com/freiheit-com/kuberpult/pkg/api/v1/api.pb.go:1994.90,1995.74 1 0
github.com/freiheit-com/kuberpult/pkg/api/v1/api.pb.go:1995.74,1997.3 1 0
github.com/freiheit-com/kuberpult/pkg/api/v1/api.pb.go:1998.2,1998.12 1 0
github.com/freiheit-com/kuberpult/pkg/api/v1/api.pb.go:2001.88,2002.73 1 0
github.com/freiheit-com/kuberpult/pkg/api/v1/api.pb.go:2002.73,2004.3 1 0
github.com/freiheit-com/kuberpult/pkg/api/v1/api.pb.go:2005.2,2005.12 1 0
github.com/freiheit-com/kuberpult/pkg/api/v1/api.pb.go:2008.88,2009.73 1 0
github.com/freiheit-com/kuberpult/pkg/api/v1/api.pb.go:2009.73,2011.3 1 0
github.com/freiheit-com/kuberpult/pkg/api/v1/api.pb.go:2012.2,2012.12 1 0
github.com/freiheit-com/kuberpult/pkg/api/v1/api.pb.go:2015.72,2016.65 1 0
github.com/freiheit-com/kuberpult/pkg/api/v1/api.pb.go:2016.65,2018.3 1 0
github.com/freiheit-com/kuberpult/pkg/api/v1/api.pb.go:2019.2,2019.12 1 0
github.com/freiheit-com/kuberpult/pkg/api/v1/api.pb.go:2090.67,2090.68 0 0
github.com/freiheit-com/kuberpult/pkg/api/v1/api.pb.go:2092.67,2092.68 0 0
github.com/freiheit-com/kuberpult/pkg/api/v1/api.pb.go:2094.78,2094.79 0 0
github.com/freiheit-com/kuberpult/pkg/api/v1/api.pb.go:2096.78,2096.79 0 0
github.com/freiheit-com/kuberpult/pkg/api/v1/api.pb.go:2098.52,2098.53 0 0
github.com/freiheit-com/kuberpult/pkg/api/v1/api.pb.go:2100.61,2100.62 0 0
github.com/freiheit-com/kuberpult/pkg/api/v1/api.pb.go:2102.54,2102.55 0 0
github.com/freiheit-com/kuberpult/pkg/api/v1/api.pb.go:2104.62,2104.63 0 0
github.com/freiheit-com/kuberpult/pkg/api/v1/api.pb.go:2106.63,2106.64 0 0
github.com/freiheit-com/kuberpult/pkg/api/v1/api.pb.go:2108.58,2108.59 0 0
github.com/freiheit-com/kuberpult/pkg/api/v1/api.pb.go:2110.59,2110.60 0 0
github.com/freiheit-com/kuberpult/pkg/api/v1/api.pb.go:2112.72,2112.73 0 0
github.com/freiheit-com/kuberpult/pkg/api/v1/api.pb.go:2114.72,2114.73 0 0
github.com/freiheit-com/kuberpult/pkg/api/v1/api.pb.go:2116.71,2116.72 0 0
github.com/freiheit-com/kuberpult/pkg/api/v1/api.pb.go:2118.71,2118.72 0 0
github.com/freiheit-com/kuberpult/pkg/api/v1/api.pb.go:2120.63,2120.64 0 0
github.com/freiheit-com/kuberpult/pkg/api/v1/api.pb.go:2130.33,2132.29 2 0
github.com/freiheit-com/kuberpult/pkg/api/v1/api.pb.go:2132.29,2136.3 3 0
github.com/freiheit-com/kuberpult/pkg/api/v1/api.pb.go:2139.41,2141.2 1 0
github.com/freiheit-com/kuberpult/pkg/api/v1/api.pb.go:2143.39,2143.40 0 0
github.com/freiheit-com/kuberpult/pkg/api/v1/api.pb.go:2145.61,2147.41 2 0
github.com/freiheit-com/kuberpult/pkg/api/v1/api.pb.go:2147.41,2149.34 2 0
github.com/freiheit-com/kuberpult/pkg/api/v1/api.pb.go:2149.34,2151.4 1 0
github.com/freiheit-com/kuberpult/pkg/api/v1/api.pb.go:2152.3,2152.12 1 0
github.com/freiheit-com/kuberpult/pkg/api/v1/api.pb.go:2154.2,2154.24 1 0
github.com/freiheit-com/kuberpult/pkg/api/v1/api.pb.go:2158.52,2160.2 1 0
github.com/freiheit-com/kuberpult/pkg/api/v1/api.pb.go:2162.53,2163.14 1 0
github.com/freiheit-com/kuberpult/pkg/api/v1/api.pb.go:2163.14,2165.3 1 0
github.com/freiheit-com/kuberpult/pkg/api/v1/api.pb.go:2166.2,2166.12 1 0
github.com/freiheit-com/kuberpult/pkg/api/v1/api.pb.go:2181.31,2183.29 2 0
github.com/freiheit-com/kuberpult/pkg/api/v1/api.pb.go:2183.29,2187.3 3 0
github.com/freiheit-com/kuberpult/pkg/api/v1/api.pb.go:2190.39,2192.2 1 0
github.com/freiheit-com/kuberpult/pkg/api/v1/api.pb.go:2194.37,2194.38 0 0
github.com/freiheit-com/kuberpult/pkg/api/v1/api.pb.go:2196.59,2198.41 2 0
github.com/freiheit-com/kuberpult/pkg/api/v1/api.pb.go:2198.41,2200.34 2 0
github.com/freiheit-com/kuberpult/pkg/api/v1/api.pb.go:2200.34,2202.4 1 0
github.com/freiheit-com/kuberpult/pkg/api/v1/api.pb.go:2203.3,2203.12 1 0
github.com/freiheit-com/kuberpult/pkg/api/v1/api.pb.go:2205.2,2205.24 1 0
github.com/freiheit-com/kuberpult/pkg/api/v1/api.pb.go:2209.50,2211.2 1 0
github.com/freiheit-com/kuberpult/pkg/api/v1/api.pb.go:2213.56,2214.14 1 0
github.com/freiheit-com/kuberpult/pkg/api/v1/api.pb.go:2214.14,2216.3 1 0
github.com/freiheit-com/kuberpult/pkg/api/v1/api.pb.go:2217.2,2217.12 1 0
github.com/freiheit-com/kuberpult/pkg/api/v1/api.pb.go:2220.63,2221.60 1 0
github.com/freiheit-com/kuberpult/pkg/api/v1/api.pb.go:2221.60,2223.3 1 0
github.com/freiheit-com/kuberpult/pkg/api/v1/api.pb.go:2224.2,2224.12 1 0
github.com/freiheit-com/kuberpult/pkg/api/v1/api.pb.go:2227.73,2228.69 1 0
github.com/freiheit-com/kuberpult/pkg/api/v1/api.pb.go:2228.69,2230.3 1 0
github.com/freiheit-com/kuberpult/pkg/api/v1/api.pb.go:2231.2,2231.12 1 0
github.com/freiheit-com/kuberpult/pkg/api/v1/api.pb.go:2246.58,2246.59 0 0
github.com/freiheit-com/kuberpult/pkg/api/v1/api.pb.go:2248.67,2248.68 0 0
github.com/freiheit-com/kuberpult/pkg/api/v1/api.pb.go:2262.48,2264.29 2 0
github.com/freiheit-com/kuberpult/pkg/api/v1/api.pb.go:2264.29,2268.3 3 0
github.com/freiheit-com/kuberpult/pkg/api/v1/api.pb.go:2271.56,2273.2 1 0
github.com/freiheit-com/kuberpult/pkg/api/v1/api.pb.go:2275.54,2275.55 0 0
github.com/freiheit-com/kuberpult/pkg/api/v1/api.pb.go:2277.76,2279.41 2 0
github.com/freiheit-com/kuberpult/pkg/api/v1/api.pb.go:2279.41,2281.34 2 0
github.com/freiheit-com/kuberpult/pkg/api/v1/api.pb.go:2281.34,2283.4 1 0
github.com/freiheit-com/kuberpult/pkg/api/v1/api.pb.go:2284.3,2284.12 1 0
github.com/freiheit-com/kuberpult/pkg/api/v1/api.pb.go:2286.2,2286.24 1 0
github.com/freiheit-com/kuberpult/pkg/api/v1/api.pb.go:2290.67,2292.2 1 0
github.com/freiheit-com/kuberpult/pkg/api/v1/api.pb.go:2294.64,2295.14 1 0
github.com/freiheit-com/kuberpult/pkg/api/v1/api.pb.go:2295.14,2297.3 1 0
github.com/freiheit-com/kuberpult/pkg/api/v1/api.pb.go:2298.2,2298.11 1 0
github.com/freiheit-com/kuberpult/pkg/api/v1/api.pb.go:2301.59,2302.14 1 0
github.com/freiheit-com/kuberpult/pkg/api/v1/api.pb.go:2302.14,2304.3 1 0
github.com/freiheit-com/kuberpult/pkg/api/v1/api.pb.go:2305.2,2305.11 1 0
github.com/freiheit-com/kuberpult/pkg/api/v1/api.pb.go:2308.60,2309.14 1 0
github.com/freiheit-com/kuberpult/pkg/api/v1/api.pb.go:2309.14,2311.3 1 0
github.com/freiheit-com/kuberpult/pkg/api/v1/api.pb.go:2312.2,2312.11 1 0
github.com/freiheit-com/kuberpult/pkg/api/v1/api.pb.go:2315.59,2316.14 1 0
github.com/freiheit-com/kuberpult/pkg/api/v1/api.pb.go:2316.14,2318.3 1 0
github.com/freiheit-com/kuberpult/pkg/api/v1/api.pb.go:2319.2,2319.11 1 0
github.com/freiheit-com/kuberpult/pkg/api/v1/api.pb.go:2322.70,2323.44 1 0
github.com/freiheit-com/kuberpult/pkg/api/v1/api.pb.go:2323.44,2325.3 1 0
github.com/freiheit-com/kuberpult/pkg/api/v1/api.pb.go:2326.2,2326.11 1 0
github.com/freiheit-com/kuberpult/pkg/api/v1/api.pb.go:2338.48,2340.29 2 0
github.com/freiheit-com/kuberpult/pkg/api/v1/api.pb.go:2340.29,2344.3 3 0
github.com/freiheit-com/kuberpult/pkg/api/v1/api.pb.go:2347.56,2349.2 1 0
github.com/freiheit-com/kuberpult/pkg/api/v1/api.pb.go:2351.54,2351.55 0 0
github.com/freiheit-com/kuberpult/pkg/api/v1/api.pb.go:2353.76,2355.41 2 0
github.com/freiheit-com/kuberpult/pkg/api/v1/api.pb.go:2355.41,2357.34 2 0
github.com/freiheit-com/kuberpult/pkg/api/v1/api.pb.go:2357.34,2359.4 1 0
github.com/freiheit-com/kuberpult/pkg/api/v1/api.pb.go:2360.3,2360.12 1 0
github.com/freiheit-com/kuberpult/pkg/api/v1/api.pb.go:2362.2,2362.24 1 0
github.com/freiheit-com/kuberpult/pkg/api/v1/api.pb.go:2366.67,2368.2 1 0
github.com/freiheit-com/kuberpult/pkg/api/v1/api.pb.go:2370.64,2371.14 1 0
github.com/freiheit-com/kuberpult/pkg/api/v1/api.pb.go:2371.14,2373.3 1 0
github.com/freiheit-com/kuberpult/pkg/api/v1/api.pb.go:2374.2,2374.11 1 0
github.com/freiheit-com/kuberpult/pkg/api/v1/api.pb.go:2377.59,2378.14 1 0
github.com/freiheit-com/kuberpult/pkg/api/v1/api.pb.go:2378.14,2380.3 1 0
github.com/freiheit-com/kuberpult/pkg/api/v1/api.pb.go:2381.2,2381.11 1 0
github.com/freiheit-com/kuberpult/pkg/api/v1/api.pb.go:2396.53,2398.29 2 0
github.com/freiheit-com/kuberpult/pkg/api/v1/api.pb.go:2398.29,2402.3 3 0
github.com/freiheit-com/kuberpult/pkg/api/v1/api.pb.go:2405.61,2407.2 1 0
github.com/freiheit-com/kuberpult/pkg/api/v1/api.pb.go:2409.59,2409.60 0 0
github.com/freiheit-com/kuberpult/pkg/api/v1/api.pb.go:2411.81,2413.41 2 0
github.com/freiheit-com/kuberpult/pkg/api/v1/api.pb.go:2413.41,2415.34 2 0
github.com/freiheit-com/kuberpult/pkg/api/v1/api.pb.go:2415.34,2417.4 1 0
github.com/freiheit-com/kuberpult/pkg/api/v1/api.pb.go:2418.3,2418.12 1 0
github.com/freiheit-com/kuberpult/pkg/api/v1/api.pb.go:2420.2,2420.24 1 0
github.com/freiheit-com/kuberpult/pkg/api/v1/api.pb.go:2424.72,2426.2 1 0
github.com/freiheit-com/kuberpult/pkg/api/v1/api.pb.go:2428.74,2429.14 1 0
github.com/freiheit-com/kuberpult/pkg/api/v1/api.pb.go:2429.14,2431.3 1 0
github.com/freiheit-com/kuberpult/pkg/api/v1/api.pb.go:2432.2,2432.11 1 0
github.com/freiheit-com/kuberpult/pkg/api/v1/api.pb.go:2435.64,2436.14 1 0
github.com/freiheit-com/kuberpult/pkg/api/v1/api.pb.go:2436.14,2438.3 1 0
github.com/freiheit-com/kuberpult/pkg/api/v1/api.pb.go:2439.2,2439.11 1 0
github.com/freiheit-com/kuberpult/pkg/api/v1/api.pb.go:2442.65,2443.14 1 0
github.com/freiheit-com/kuberpult/pkg/api/v1/api.pb.go:2443.14,2445.3 1 0
github.com/freiheit-com/kuberpult/pkg/api/v1/api.pb.go:2446.2,2446.11 1 0
github.com/freiheit-com/kuberpult/pkg/api/v1/api.pb.go:2449.64,2450.14 1 0
github.com/freiheit-com/kuberpult/pkg/api/v1/api.pb.go:2450.14,2452.3 1 0
github.com/freiheit-com/kuberpult/pkg/api/v1/api.pb.go:2453.2,2453.11 1 0
github.com/freiheit-com/kuberpult/pkg/api/v1/api.pb.go:2456.75,2457.44 1 0
github.com/freiheit-com/kuberpult/pkg/api/v1/api.pb.go:2457.44,2459.3 1 0
github.com/freiheit-com/kuberpult/pkg/api/v1/api.pb.go:2460.2,2460.11 1 0
github.com/freiheit-com/kuberpult/pkg/api/v1/api.pb.go:2472.53,2474.29 2 0
github.com/freiheit-com/kuberpult/pkg/api/v1/api.pb.go:2474.29,2478.3 3 0
github.com/freiheit-com/kuberpult/pkg/api/v1/api.pb.go:2481.61,2483.2 1 0
github.com/freiheit-com/kuberpult/pkg/api/v1/api.pb.go:2485.59,2485.60 0 0
github.com/freiheit-com/kuberpult/pkg/api/v1/api.pb.go:2487.81,2489.41 2 0
github.com/freiheit-com/kuberpult/pkg/api/v1/api.pb.go:2489.41,2491.34 2 0
github.com/freiheit-com/kuberpult/pkg/api/v1/api.pb.go:2491.34,2493.4 1 0
github.com/freiheit-com/kuberpult/pkg/api/v1/api.pb.go:2494.3,2494.12 1 0
github.com/freiheit-com/kuberpult/pkg/api/v1/api.pb.go:2496.2,2496.24 1 0
github.com/freiheit-com/kuberpult/pkg/api/v1/api.pb.go:2500.72,2502.2 1 0
github.com/freiheit-com/kuberpult/pkg/api/v1/api.pb.go:2504.74,2505.14 1 0
github.com/freiheit-com/kuberpult/pkg/api/v1/api.pb.go:2505.14,2507.3 1 0
github.com/freiheit-com/kuberpult/pkg/api/v1/api.pb.go:2508.2,2508.11 1 0
github.com/freiheit-com/kuberpult/pkg/api/v1/api.pb.go:2511.64,2512.14 1 0
github.com/freiheit-com/kuberpult/pkg/api/v1/api.pb.go:2512.14,2514.3 1 0
github.com/freiheit-com/kuberpult/pkg/api/v1/api.pb.go:2515.2,2515.11 1 0
github.com/freiheit-com/kuberpult/pkg/api/v1/api.pb.go:2531.59,2533.29 2 0
github.com/freiheit-com/kuberpult/pkg/api/v1/api.pb.go:2533.29,2537.3 3 0
github.com/freiheit-com/kuberpult/pkg/api/v1/api.pb.go:2540.67,2542.2 1 0
github.com/freiheit-com/kuberpult/pkg/api/v1/api.pb.go:2544.65,2544.66 0 0
github.com/freiheit-com/kuberpult/pkg/api/v1/api.pb.go:2546.87,2548.41 2 0
github.com/freiheit-com/kuberpult/pkg/api/v1/api.pb.go:2548.41,2550.34 2 0
github.com/freiheit-com/kuberpult/pkg/api/v1/api.pb.go:2550.34,2552.4 1 0
github.com/freiheit-com/kuberpult/pkg/api/v1/api.pb.go:2553.3,2553.12 1 0
github.com/freiheit-com/kuberpult/pkg/api/v1/api.pb.go:2555.2,2555.24 1 0
github.com/freiheit-com/kuberpult/pkg/api/v1/api.pb.go:2559.78,2561.2 1 0
github.com/freiheit-com/kuberpult/pkg/api/v1/api.pb.go:2563.75,2564.14 1 0
github.com/freiheit-com/kuberpult/pkg/api/v1/api.pb.go:2564.14,2566.3 1 0
github.com/freiheit-com/kuberpult/pkg/api/v1/api.pb.go:2567.2,2567.11 1 0
github.com/freiheit-com/kuberpult/pkg/api/v1/api.pb.go:2570.75,2571.14 1 0
github.com/freiheit-com/kuberpult/pkg/api/v1/api.pb.go:2571.14,2573.3 1 0
github.com/freiheit-com/kuberpult/pkg/api/v1/api.pb.go:2574.2,2574.11 1 0
github.com/freiheit-com/kuberpult/pkg/api/v1/api.pb.go:2577.70,2578.14 1 0
github.com/freiheit-com/kuberpult/pkg/api/v1/api.pb.go:2578.14,2580.3 1 0
github.com/freiheit-com/kuberpult/pkg/api/v1/api.pb.go:2581.2,2581.11 1 0
github.com/freiheit-com/kuberpult/pkg/api/v1/api.pb.go:2584.71,2585.14 1 0
github.com/freiheit-com/kuberpult/pkg/api/v1/api.pb.go:2585.14,2587.3 1 0
github.com/freiheit-com/kuberpult/pkg/api/v1/api.pb.go:2588.2,2588.11 1 0
github.com/freiheit-com/kuberpult/pkg/api/v1/api.pb.go:2591.70,2592.14 1 0
github.com/freiheit-com/kuberpult/pkg/api/v1/api.pb.go:2592.14,2594.3 1 0
github.com/freiheit-com/kuberpult/pkg/api/v1/api.pb.go:2595.2,2595.11 1 0
github.com/freiheit-com/kuberpult/pkg/api/v1/api.pb.go:2598.81,2599.44 1 0
github.com/freiheit-com/kuberpult/pkg/api/v1/api.pb.go:2599.44,2601.3 1 0
github.com/freiheit-com/kuberpult/pkg/api/v1/api.pb.go:2602.2,2602.11 1 0
github.com/freiheit-com/kuberpult/pkg/api/v1/api.pb.go:2615.59,2617.29 2 0
github.com/freiheit-com/kuberpult/pkg/api/v1/api.pb.go:2617.29,2621.3 3 0
github.com/freiheit-com/kuberpult/pkg/api/v1/api.pb.go:2624.67,2626.2 1 0
github.com/freiheit-com/kuberpult/pkg/api/v1/api.pb.go:2628.65,2628.66 0 0
github.com/freiheit-com/kuberpult/pkg/api/v1/api.pb.go:2630.87,2632.41 2 0
github.com/freiheit-com/kuberpult/pkg/api/v1/api.pb.go:2632.41,2634.34 2 0
github.com/freiheit-com/kuberpult/pkg/api/v1/api.pb.go:2634.34,2636.4 1 0
github.com/freiheit-com/kuberpult/pkg/api/v1/api.pb.go:2637.3,2637.12 1 0
github.com/freiheit-com/kuberpult/pkg/api/v1/api.pb.go:2639.2,2639.24 1 0
github.com/freiheit-com/kuberpult/pkg/api/v1/api.pb.go:2643.78,2645.2 1 0
github.com/freiheit-com/kuberpult/pkg/api/v1/api.pb.go:2647.75,2648.14 1 0
github.com/freiheit-com/kuberpult/pkg/api/v1/api.pb.go:2648.14,2650.3 1 0
github.com/freiheit-com/kuberpult/pkg/api/v1/api.pb.go:2651.2,2651.11 1 0
github.com/freiheit-com/kuberpult/pkg/api/v1/api.pb.go:2654.75,2655.14 1 0
github.com/freiheit-com/kuberpult/pkg/api/v1/api.pb.go:2655.14,2657.3 1 0
github.com/freiheit-com/kuberpult/pkg/api/v1/api.pb.go:2658.2,2658.11 1 0
github.com/freiheit-com/kuberpult/pkg/api/v1/api.pb.go:2661.70,2662.14 1 0
github.com/freiheit-com/kuberpult/pkg/api/v1/api.pb.go:2662.14,2664.3 1 0
github.com/freiheit-com/kuberpult/pkg/api/v1/api.pb.go:2665.2,2665.11 1 0
github.com/freiheit-com/kuberpult/pkg/api/v1/api.pb.go:2681.52,2683.29 2 0
github.com/freiheit-com/kuberpult/pkg/api/v1/api.pb.go:2683.29,2687.3 3 0
github.com/freiheit-com/kuberpult/pkg/api/v1/api.pb.go:2690.60,2692.2 1 0
github.com/freiheit-com/kuberpult/pkg/api/v1/api.pb.go:2694.58,2694.59 0 0
github.com/freiheit-com/kuberpult/pkg/api/v1/api.pb.go:2696.80,2698.41 2 0
github.com/freiheit-com/kuberpult/pkg/api/v1/api.pb.go:2698.41,2700.34 2 0
github.com/freiheit-com/kuberpult/pkg/api/v1/api.pb.go:2700.34,2702.4 1 0
github.com/freiheit-com/kuberpult/pkg/api/v1/api.pb.go:2703.3,2703.12 1 0
github.com/freiheit-com/kuberpult/pkg/api/v1/api.pb.go:2705.2,2705.24 1 0
github.com/freiheit-com/kuberpult/pkg/api/v1/api.pb.go:2709.71,2711.2 1 0
github.com/freiheit-com/kuberpult/pkg/api/v1/api.pb.go:2713.68,2714.14 1 0
github.com/freiheit-com/kuberpult/pkg/api/v1/api.pb.go:2714.14,2716.3 1 0
github.com/freiheit-com/kuberpult/pkg/api/v1/api.pb.go:2717.2,2717.11 1 0
github.com/freiheit-com/kuberpult/pkg/api/v1/api.pb.go:2720.61,2721.14 1 0
github.com/freiheit-com/kuberpult/pkg/api/v1/api.pb.go:2721.14,2723.3 1 0
github.com/freiheit-com/kuberpult/pkg/api/v1/api.pb.go:2724.2,2724.11 1 0
github.com/freiheit-com/kuberpult/pkg/api/v1/api.pb.go:2727.63,2728.14 1 0
github.com/freiheit-com/kuberpult/pkg/api/v1/api.pb.go:2728.14,2730.3 1 0
github.com/freiheit-com/kuberpult/pkg/api/v1/api.pb.go:2731.2,2731.11 1 0
github.com/freiheit-com/kuberpult/pkg/api/v1/api.pb.go:2734.64,2735.14 1 0
github.com/freiheit-com/kuberpult/pkg/api/v1/api.pb.go:2735.14,2737.3 1 0
github.com/freiheit-com/kuberpult/pkg/api/v1/api.pb.go:2738.2,2738.11 1 0
github.com/freiheit-com/kuberpult/pkg/api/v1/api.pb.go:2741.63,2742.14 1 0
github.com/freiheit-com/kuberpult/pkg/api/v1/api.pb.go:2742.14,2744.3 1 0
github.com/freiheit-com/kuberpult/pkg/api/v1/api.pb.go:2745.2,2745.11 1 0
github.com/freiheit-com/kuberpult/pkg/api/v1/api.pb.go:2748.74,2749.44 1 0
github.com/freiheit-com/kuberpult/pkg/api/v1/api.pb.go:2749.44,2751.3 1 0
github.com/freiheit-com/kuberpult/pkg/api/v1/api.pb.go:2752.2,2752.11 1 0
github.com/freiheit-com/kuberpult/pkg/api/v1/api.pb.go:2765.52,2767.29 2 0
github.com/freiheit-com/kuberpult/pkg/api/v1/api.pb.go:2767.29,2771.3 3 0
github.com/freiheit-com/kuberpult/pkg/api/v1/api.pb.go:2774.60,2776.2 1 0
github.com/freiheit-com/kuberpult/pkg/api/v1/api.pb.go:2778.58,2778.59 0 0
github.com/freiheit-com/kuberpult/pkg/api/v1/api.pb.go:2780.80,2782.41 2 0
github.com/freiheit-com/kuberpult/pkg/api/v1/api.pb.go:2782.41,2784.34 2 0
github.com/freiheit-com/kuberpult/pkg/api/v1/api.pb.go:2784.34,2786.4 1 0
github.com/freiheit-com/kuberpult/pkg/api/v1/api.pb.go:2787.3,2787.12 1 0
github.com/freiheit-com/kuberpult/pkg/api/v1/api.pb.go:2789.2,2789.24 1 0
github.com/freiheit-com/kuberpult/pkg/api/v1/api.pb.go:2793.71,2795.2 1 0
github.com/freiheit-com/kuberpult/pkg/api/v1/api.pb.go:2797.68,2798.14 1 0
github.com/freiheit-com/kuberpult/pkg/api/v1/api.pb.go:2798.14,2800.3 1 0
github.com/freiheit-com/kuberpult/pkg/api/v1/api.pb.go:2801.2,2801.11 1 0
github.com/freiheit-com/kuberpult/pkg/api/v1/api.pb.go:2804.61,2805.14 1 0
github.com/freiheit-com/kuberpult/pkg/api/v1/api.pb.go:2805.14,2807.3 1 0
github.com/freiheit-com/kuberpult/pkg/api/v1/api.pb.go:2808.2,2808.11 1 0
github.com/freiheit-com/kuberpult/pkg/api/v1/api.pb.go:2811.63,2812.14 1 0
github.com/freiheit-com/kuberpult/pkg/api/v1/api.pb.go:2812.14,2814.3 1 0
github.com/freiheit-com/kuberpult/pkg/api/v1/api.pb.go:2815.2,2815.11 1 0
github.com/freiheit-com/kuberpult/pkg/api/v1/api.pb.go:2840.40,2842.29 2 0
github.com/freiheit-com/kuberpult/pkg/api/v1/api.pb.go:2842.29,2846.3 3 0
github.com/freiheit-com/kuberpult/pkg/api/v1/api.pb.go:2849.48,2851.2 1 0
github.com/freiheit-com/kuberpult/pkg/api/v1/api.pb.go:2853.46,2853.47 0 0
github.com/freiheit-com/kuberpult/pkg/api/v1/api.pb.go:2855.68,2857.41 2 0
github.com/freiheit-com/kuberpult/pkg/api/v1/api.pb.go:2857.41,2859.34 2 0
github.com/freiheit-com/kuberpult/pkg/api/v1/api.pb.go:2859.34,2861.4 1 0
github.com/freiheit-com/kuberpult/pkg/api/v1/api.pb.go:2862.3,2862.12 1 0
github.com/freiheit-com/kuberpult/pkg/api/v1/api.pb.go:2864.2,2864.24 1 0
github.com/freiheit-com/kuberpult/pkg/api/v1/api.pb.go:2868.59,2870.2 1 0
github.com/freiheit-com/kuberpult/pkg/api/v1/api.pb.go:2872.56,2873.14 1 0
github.com/freiheit-com/kuberpult/pkg/api/v1/api.pb.go:2873.14,2875.3 1 0
github.com/freiheit-com/kuberpult/pkg/api/v1/api.pb.go:2876.2,2876.11 1 0
github.com/freiheit-com/kuberpult/pkg/api/v1/api.pb.go:2879.56,2880.14 1 0
github.com/freiheit-com/kuberpult/pkg/api/v1/api.pb.go:2880.14,2882.3 1 0
github.com/freiheit-com/kuberpult/pkg/api/v1/api.pb.go:2883.2,2883.11 1 0
github.com/freiheit-com/kuberpult/pkg/api/v1/api.pb.go:2886.49,2887.14 1 0
github.com/freiheit-com/kuberpult/pkg/api/v1/api.pb.go:2887.14,2889.3 1 0
github.com/freiheit-com/kuberpult/pkg/api/v1/api.pb.go:2890.2,2890.11 1 0
github.com/freiheit-com/kuberpult/pkg/api/v1/api.pb.go:2893.65,2894.14 1 0
github.com/freiheit-com/kuberpult/pkg/api/v1/api.pb.go:2894.14,2896.3 1 0
github.com/freiheit-com/kuberpult/pkg/api/v1/api.pb.go:2897.2,2897.12 1 0
github.com/freiheit-com/kuberpult/pkg/api/v1/api.pb.go:2900.52,2901.14 1 0
github.com/freiheit-com/kuberpult/pkg/api/v1/api.pb.go:2901.14,2903.3 1 0
github.com/freiheit-com/kuberpult/pkg/api/v1/api.pb.go:2904.2,2904.10 1 0
github.com/freiheit-com/kuberpult/pkg/api/v1/api.pb.go:2907.59,2908.14 1 0
github.com/freiheit-com/kuberpult/pkg/api/v1/api.pb.go:2908.14,2910.3 1 0
github.com/freiheit-com/kuberpult/pkg/api/v1/api.pb.go:2911.2,2911.11 1 0
github.com/freiheit-com/kuberpult/pkg/api/v1/api.pb.go:2914.57,2915.14 1 0
github.com/freiheit-com/kuberpult/pkg/api/v1/api.pb.go:2915.14,2917.3 1 0
github.com/freiheit-com/kuberpult/pkg/api/v1/api.pb.go:2918.2,2918.11 1 0
github.com/freiheit-com/kuberpult/pkg/api/v1/api.pb.go:2921.58,2922.14 1 0
github.com/freiheit-com/kuberpult/pkg/api/v1/api.pb.go:2922.14,2924.3 1 0
github.com/freiheit-com/kuberpult/pkg/api/v1/api.pb.go:2925.2,2925.11 1 0
github.com/freiheit-com/kuberpult/pkg/api/v1/api.pb.go:2928.58,2929.14 1 0
github.com/freiheit-com/kuberpult/pkg/api/v1/api.pb.go:2929.14,2931.3 1 0
github.com/freiheit-com/kuberpult/pkg/api/v1/api.pb.go:2932.2,2932.11 1 0
github.com/freiheit-com/kuberpult/pkg/api/v1/api.pb.go:2935.59,2936.14 1 0
github.com/freiheit-com/kuberpult/pkg/api/v1/api.pb.go:2936.14,2938.3 1 0
github.com/freiheit-com/kuberpult/pkg/api/v1/api.pb.go:2939.2,2939.11 1 0
github.com/freiheit-com/kuberpult/pkg/api/v1/api.pb.go:2942.61,2943.14 1 0
github.com/freiheit-com/kuberpult/pkg/api/v1/api.pb.go:2943.14,2945.3 1 0
github.com/freiheit-com/kuberpult/pkg/api/v1/api.pb.go:2946.2,2946.11 1 0
github.com/freiheit-com/kuberpult/pkg/api/v1/api.pb.go:2949.51,2950.14 1 0
github.com/freiheit-com/kuberpult/pkg/api/v1/api.pb.go:2950.14,2952.3 1 0
github.com/freiheit-com/kuberpult/pkg/api/v1/api.pb.go:2953.2,2953.11 1 0
github.com/freiheit-com/kuberpult/pkg/api/v1/api.pb.go:2956.55,2957.14 1 0
github.com/freiheit-com/kuberpult/pkg/api/v1/api.pb.go:2957.14,2959.3 1 0
github.com/freiheit-com/kuberpult/pkg/api/v1/api.pb.go:2960.2,2960.14 1 0
github.com/freiheit-com/kuberpult/pkg/api/v1/api.pb.go:2963.53,2964.14 1 0
github.com/freiheit-com/kuberpult/pkg/api/v1/api.pb.go:2964.14,2966.3 1 0
github.com/freiheit-com/kuberpult/pkg/api/v1/api.pb.go:2967.2,2967.11 1 0
github.com/freiheit-com/kuberpult/pkg/api/v1/api.pb.go:2976.48,2978.29 2 0
github.com/freiheit-com/kuberpult/pkg/api/v1/api.pb.go:2978.29,2982.3 3 0
github.com/freiheit-com/kuberpult/pkg/api/v1/api.pb.go:2985.56,2987.2 1 0
github.com/freiheit-com/kuberpult/pkg/api/v1/api.pb.go:2989.54,2989.55 0 0
github.com/freiheit-com/kuberpult/pkg/api/v1/api.pb.go:2991.76,2993.41 2 0
github.com/freiheit-com/kuberpult/pkg/api/v1/api.pb.go:2993.41,2995.34 2 0
github.com/freiheit-com/kuberpult/pkg/api/v1/api.pb.go:2995.34,2997.4 1 0
github.com/freiheit-com/kuberpult/pkg/api/v1/api.pb.go:2998.3,2998.12 1 0
github.com/freiheit-com/kuberpult/pkg/api/v1/api.pb.go:3000.2,3000.24 1 0
github.com/freiheit-com/kuberpult/pkg/api/v1/api.pb.go:3004.67,3006.2 1 0
github.com/freiheit-com/kuberpult/pkg/api/v1/api.pb.go:3016.55,3018.29 2 0
github.com/freiheit-com/kuberpult/pkg/api/v1/api.pb.go:3018.29,3022.3 3 0
github.com/freiheit-com/kuberpult/pkg/api/v1/api.pb.go:3025.63,3027.2 1 0
github.com/freiheit-com/kuberpult/pkg/api/v1/api.pb.go:3029.61,3029.62 0 0
github.com/freiheit-com/kuberpult/pkg/api/v1/api.pb.go:3031.83,3033.41 2 0
github.com/freiheit-com/kuberpult/pkg/api/v1/api.pb.go:3033.41,3035.34 2 0
github.com/freiheit-com/kuberpult/pkg/api/v1/api.pb.go:3035.34,3037.4 1 0
github.com/freiheit-com/kuberpult/pkg/api/v1/api.pb.go:3038.3,3038.12 1 0
github.com/freiheit-com/kuberpult/pkg/api/v1/api.pb.go:3040.2,3040.24 1 0
github.com/freiheit-com/kuberpult/pkg/api/v1/api.pb.go:3044.74,3046.2 1 0
github.com/freiheit-com/kuberpult/pkg/api/v1/api.pb.go:3048.67,3049.14 1 0
github.com/freiheit-com/kuberpult/pkg/api/v1/api.pb.go:3049.14,3051.3 1 0
github.com/freiheit-com/kuberpult/pkg/api/v1/api.pb.go:3052.2,3052.11 1 0
github.com/freiheit-com/kuberpult/pkg/api/v1/api.pb.go:3061.47,3063.29 2 0
github.com/freiheit-com/kuberpult/pkg/api/v1/api.pb.go:3063.29,3067.3 3 0
github.com/freiheit-com/kuberpult/pkg/api/v1/api.pb.go:3070.55,3072.2 1 0
github.com/freiheit-com/kuberpult/pkg/api/v1/api.pb.go:3074.53,3074.54 0 0
github.com/freiheit-com/kuberpult/pkg/api/v1/api.pb.go:3076.75,3078.41 2 0
github.com/freiheit-com/kuberpult/pkg/api/v1/api.pb.go:3078.41,3080.34 2 0
github.com/freiheit-com/kuberpult/pkg/api/v1/api.pb.go:3080.34,3082.4 1 0
github.com/freiheit-com/kuberpult/pkg/api/v1/api.pb.go:3083.3,3083.12 1 0
github.com/freiheit-com/kuberpult/pkg/api/v1/api.pb.go:3085.2,3085.24 1 0
github.com/freiheit-com/kuberpult/pkg/api/v1/api.pb.go:3089.66,3091.2 1 0
github.com/freiheit-com/kuberpult/pkg/api/v1/api.pb.go:3103.55,3105.29 2 0
github.com/freiheit-com/kuberpult/pkg/api/v1/api.pb.go:3105.29,3109.3 3 0
github.com/freiheit-com/kuberpult/pkg/api/v1/api.pb.go:3112.63,3114.2 1 0
github.com/freiheit-com/kuberpult/pkg/api/v1/api.pb.go:3116.61,3116.62 0 0
github.com/freiheit-com/kuberpult/pkg/api/v1/api.pb.go:3118.83,3120.41 2 0
github.com/freiheit-com/kuberpult/pkg/api/v1/api.pb.go:3120.41,3122.34 2 0
github.com/freiheit-com/kuberpult/pkg/api/v1/api.pb.go:3122.34,3124.4 1 0
github.com/freiheit-com/kuberpult/pkg/api/v1/api.pb.go:3125.3,3125.12 1 0
github.com/freiheit-com/kuberpult/pkg/api/v1/api.pb.go:3127.2,3127.24 1 0
github.com/freiheit-com/kuberpult/pkg/api/v1/api.pb.go:3131.74,3133.2 1 0
github.com/freiheit-com/kuberpult/pkg/api/v1/api.pb.go:3135.67,3136.14 1 0
github.com/freiheit-com/kuberpult/pkg/api/v1/api.pb.go:3136.14,3138.3 1 0
github.com/freiheit-com/kuberpult/pkg/api/v1/api.pb.go:3139.2,3139.11 1 0
github.com/freiheit-com/kuberpult/pkg/api/v1/api.pb.go:3142.66,3143.14 1 0
github.com/freiheit-com/kuberpult/pkg/api/v1/api.pb.go:3143.14,3145.3 1 0
github.com/freiheit-com/kuberpult/pkg/api/v1/api.pb.go:3146.2,3146.11 1 0
github.com/freiheit-com/kuberpult/pkg/api/v1/api.pb.go:3149.66,3150.14 1 0
github.com/freiheit-com/kuberpult/pkg/api/v1/api.pb.go:3150.14,3152.3 1 0
github.com/freiheit-com/kuberpult/pkg/api/v1/api.pb.go:3153.2,3153.10 1 0
github.com/freiheit-com/kuberpult/pkg/api/v1/api.pb.go:3162.58,3164.29 2 0
github.com/freiheit-com/kuberpult/pkg/api/v1/api.pb.go:3164.29,3168.3 3 0
github.com/freiheit-com/kuberpult/pkg/api/v1/api.pb.go:3171.66,3173.2 1 0
github.com/freiheit-com/kuberpult/pkg/api/v1/api.pb.go:3175.64,3175.65 0 0
github.com/freiheit-com/kuberpult/pkg/api/v1/api.pb.go:3177.86,3179.41 2 0
github.com/freiheit-com/kuberpult/pkg/api/v1/api.pb.go:3179.41,3181.34 2 0
github.com/freiheit-com/kuberpult/pkg/api/v1/api.pb.go:3181.34,3183.4 1 0
github.com/freiheit-com/kuberpult/pkg/api/v1/api.pb.go:3184.3,3184.12 1 0
github.com/freiheit-com/kuberpult/pkg/api/v1/api.pb.go:3186.2,3186.24 1 0
github.com/freiheit-com/kuberpult/pkg/api/v1/api.pb.go:3190.77,3192.2 1 0
github.com/freiheit-com/kuberpult/pkg/api/v1/api.pb.go:3203.63,3205.29 2 0
github.com/freiheit-com/kuberpult/pkg/api/v1/api.pb.go:3205.29,3209.3 3 0
github.com/freiheit-com/kuberpult/pkg/api/v1/api.pb.go:3212.71,3214.2 1 0
github.com/freiheit-com/kuberpult/pkg/api/v1/api.pb.go:3216.69,3216.70 0 0
github.com/freiheit-com/kuberpult/pkg/api/v1/api.pb.go:3218.91,3220.41 2 0
github.com/freiheit-com/kuberpult/pkg/api/v1/api.pb.go:3220.41,3222.34 2 0
github.com/freiheit-com/kuberpult/pkg/api/v1/api.pb.go:3222.34,3224.4 1 0
github.com/freiheit-com/kuberpult/pkg/api/v1/api.pb.go:3225.3,3225.12 1 0
github.com/freiheit-com/kuberpult/pkg/api/v1/api.pb.go:3227.2,3227.24 1 0
github.com/freiheit-com/kuberpult/pkg/api/v1/api.pb.go:3231.82,3233.2 1 0
github.com/freiheit-com/kuberpult/pkg/api/v1/api.pb.go:3235.95,3236.14 1 0
github.com/freiheit-com/kuberpult/pkg/api/v1/api.pb.go:3236.14,3238.3 1 0
github.com/freiheit-com/kuberpult/pkg/api/v1/api.pb.go:3239.2,3239.40 1 0
github.com/freiheit-com/kuberpult/pkg/api/v1/api.pb.go:3242.72,3243.14 1 0
github.com/freiheit-com/kuberpult/pkg/api/v1/api.pb.go:3243.14,3245.3 1 0
github.com/freiheit-com/kuberpult/pkg/api/v1/api.pb.go:3246.2,3246.11 1 0
github.com/freiheit-com/kuberpult/pkg/api/v1/api.pb.go:3265.41,3267.29 2 0
github.com/freiheit-com/kuberpult/pkg/api/v1/api.pb.go:3267.29,3271.3 3 0
github.com/freiheit-com/kuberpult/pkg/api/v1/api.pb.go:3274.49,3276.2 1 0
github.com/freiheit-com/kuberpult/pkg/api/v1/api.pb.go:3278.47,3278.48 0 0
github.com/freiheit-com/kuberpult/pkg/api/v1/api.pb.go:3280.69,3282.41 2 0
github.com/freiheit-com/kuberpult/pkg/api/v1/api.pb.go:3282.41,3284.34 2 0
github.com/freiheit-com/kuberpult/pkg/api/v1/api.pb.go:3284.34,3286.4 1 0
github.com/freiheit-com/kuberpult/pkg/api/v1/api.pb.go:3287.3,3287.12 1 0
github.com/freiheit-com/kuberpult/pkg/api/v1/api.pb.go:3289.2,3289.24 1 0
github.com/freiheit-com/kuberpult/pkg/api/v1/api.pb.go:3293.60,3295.2 1 0
github.com/freiheit-com/kuberpult/pkg/api/v1/api.pb.go:3297.80,3298.14 1 0
github.com/freiheit-com/kuberpult/pkg/api/v1/api.pb.go:3298.14,3300.3 1 0
github.com/freiheit-com/kuberpult/pkg/api/v1/api.pb.go:3301.2,3301.12 1 0
github.com/freiheit-com/kuberpult/pkg/api/v1/api.pb.go:3304.76,3305.67 1 0
github.com/freiheit-com/kuberpult/pkg/api/v1/api.pb.go:3305.67,3307.3 1 0
github.com/freiheit-com/kuberpult/pkg/api/v1/api.pb.go:3308.2,3308.12 1 0
github.com/freiheit-com/kuberpult/pkg/api/v1/api.pb.go:3311.74,3312.66 1 0
github.com/freiheit-com/kuberpult/pkg/api/v1/api.pb.go:3312.66,3314.3 1 0
github.com/freiheit-com/kuberpult/pkg/api/v1/api.pb.go:3315.2,3315.12 1 0
github.com/freiheit-com/kuberpult/pkg/api/v1/api.pb.go:3318.83,3319.67 1 0
github.com/freiheit-com/kuberpult/pkg/api/v1/api.pb.go:3319.67,3321.3 1 0
github.com/freiheit-com/kuberpult/pkg/api/v1/api.pb.go:3322.2,3322.12 1 0
github.com/freiheit-com/kuberpult/pkg/api/v1/api.pb.go:3325.90,3326.74 1 0
github.com/freiheit-com/kuberpult/pkg/api/v1/api.pb.go:3326.74,3328.3 1 0
github.com/freiheit-com/kuberpult/pkg/api/v1/api.pb.go:3329.2,3329.12 1 0
github.com/freiheit-com/kuberpult/pkg/api/v1/api.pb.go:3332.96,3333.77 1 0
github.com/freiheit-com/kuberpult/pkg/api/v1/api.pb.go:3333.77,3335.3 1 0
github.com/freiheit-com/kuberpult/pkg/api/v1/api.pb.go:3336.2,3336.12 1 0
github.com/freiheit-com/kuberpult/pkg/api/v1/api.pb.go:3339.106,3340.82 1 0
github.com/freiheit-com/kuberpult/pkg/api/v1/api.pb.go:3340.82,3342.3 1 0
github.com/freiheit-com/kuberpult/pkg/api/v1/api.pb.go:3343.2,3343.12 1 0
github.com/freiheit-com/kuberpult/pkg/api/v1/api.pb.go:3374.75,3374.76 0 0
github.com/freiheit-com/kuberpult/pkg/api/v1/api.pb.go:3376.74,3376.75 0 0
github.com/freiheit-com/kuberpult/pkg/api/v1/api.pb.go:3378.75,3378.76 0 0
github.com/freiheit-com/kuberpult/pkg/api/v1/api.pb.go:3380.82,3380.83 0 0
github.com/freiheit-com/kuberpult/pkg/api/v1/api.pb.go:3382.85,3382.86 0 0
github.com/freiheit-com/kuberpult/pkg/api/v1/api.pb.go:3384.90,3384.91 0 0
github.com/freiheit-com/kuberpult/pkg/api/v1/api.pb.go:3399.33,3401.29 2 0
github.com/freiheit-com/kuberpult/pkg/api/v1/api.pb.go:3401.29,3405.3 3 0
github.com/freiheit-com/kuberpult/pkg/api/v1/api.pb.go:3408.41,3410.2 1 0
github.com/freiheit-com/kuberpult/pkg/api/v1/api.pb.go:3412.39,3412.40 0 0
github.com/freiheit-com/kuberpult/pkg/api/v1/api.pb.go:3414.61,3416.41 2 0
github.com/freiheit-com/kuberpult/pkg/api/v1/api.pb.go:3416.41,3418.34 2 0
github.com/freiheit-com/kuberpult/pkg/api/v1/api.pb.go:3418.34,3420.4 1 0
github.com/freiheit-com/kuberpult/pkg/api/v1/api.pb.go:3421.3,3421.12 1 0
github.com/freiheit-com/kuberpult/pkg/api/v1/api.pb.go:3423.2,3423.24 1 0
github.com/freiheit-com/kuberpult/pkg/api/v1/api.pb.go:3427.52,3429.2 1 0
github.com/freiheit-com/kuberpult/pkg/api/v1/api.pb.go:3431.49,3432.14 1 0
github.com/freiheit-com/kuberpult/pkg/api/v1/api.pb.go:3432.14,3434.3 1 0
github.com/freiheit-com/kuberpult/pkg/api/v1/api.pb.go:3435.2,3435.11 1 0
github.com/freiheit-com/kuberpult/pkg/api/v1/api.pb.go:3438.49,3439.14 1 0
github.com/freiheit-com/kuberpult/pkg/api/v1/api.pb.go:3439.14,3441.3 1 0
github.com/freiheit-com/kuberpult/pkg/api/v1/api.pb.go:3442.2,3442.11 1 0
github.com/freiheit-com/kuberpult/pkg/api/v1/api.pb.go:3445.45,3446.14 1 0
github.com/freiheit-com/kuberpult/pkg/api/v1/api.pb.go:3446.14,3448.3 1 0
github.com/freiheit-com/kuberpult/pkg/api/v1/api.pb.go:3449.2,3449.10 1 0
github.com/freiheit-com/kuberpult/pkg/api/v1/api.pb.go:3453.50,3454.14 1 0
github.com/freiheit-com/kuberpult/pkg/api/v1/api.pb.go:3454.14,3456.3 1 0
github.com/freiheit-com/kuberpult/pkg/api/v1/api.pb.go:3457.2,3457.14 1 0
github.com/freiheit-com/kuberpult/pkg/api/v1/api.pb.go:3460.56,3461.14 1 0
github.com/freiheit-com/kuberpult/pkg/api/v1/api.pb.go:3461.14,3463.3 1 0
github.com/freiheit-com/kuberpult/pkg/api/v1/api.pb.go:3464.2,3464.28 1 0
github.com/freiheit-com/kuberpult/pkg/api/v1/api.pb.go:3475.42,3477.29 2 0
github.com/freiheit-com/kuberpult/pkg/api/v1/api.pb.go:3477.29,3481.3 3 0
github.com/freiheit-com/kuberpult/pkg/api/v1/api.pb.go:3484.50,3486.2 1 0
github.com/freiheit-com/kuberpult/pkg/api/v1/api.pb.go:3488.48,3488.49 0 0
github.com/freiheit-com/kuberpult/pkg/api/v1/api.pb.go:3490.70,3492.41 2 0
github.com/freiheit-com/kuberpult/pkg/api/v1/api.pb.go:3492.41,3494.34 2 0
github.com/freiheit-com/kuberpult/pkg/api/v1/api.pb.go:3494.34,3496.4 1 0
github.com/freiheit-com/kuberpult/pkg/api/v1/api.pb.go:3497.3,3497.12 1 0
github.com/freiheit-com/kuberpult/pkg/api/v1/api.pb.go:3499.2,3499.24 1 0
github.com/freiheit-com/kuberpult/pkg/api/v1/api.pb.go:3503.61,3505.2 1 0
github.com/freiheit-com/kuberpult/pkg/api/v1/api.pb.go:3507.58,3508.14 1 0
github.com/freiheit-com/kuberpult/pkg/api/v1/api.pb.go:3508.14,3510.3 1 0
github.com/freiheit-com/kuberpult/pkg/api/v1/api.pb.go:3511.2,3511.11 1 0
github.com/freiheit-com/kuberpult/pkg/api/v1/api.pb.go:3522.35,3524.29 2 0
github.com/freiheit-com/kuberpult/pkg/api/v1/api.pb.go:3524.29,3528.3 3 0
github.com/freiheit-com/kuberpult/pkg/api/v1/api.pb.go:3531.43,3533.2 1 0
github.com/freiheit-com/kuberpult/pkg/api/v1/api.pb.go:3535.41,3535.42 0 0
github.com/freiheit-com/kuberpult/pkg/api/v1/api.pb.go:3537.63,3539.41 2 0
github.com/freiheit-com/kuberpult/pkg/api/v1/api.pb.go:3539.41,3541.34 2 0
github.com/freiheit-com/kuberpult/pkg/api/v1/api.pb.go:3541.34,3543.4 1 0
github.com/freiheit-com/kuberpult/pkg/api/v1/api.pb.go:3544.3,3544.12 1 0
github.com/freiheit-com/kuberpult/pkg/api/v1/api.pb.go:3546.2,3546.24 1 0
github.com/freiheit-com/kuberpult/pkg/api/v1/api.pb.go:3550.54,3552.2 1 0
github.com/freiheit-com/kuberpult/pkg/api/v1/api.pb.go:3554.51,3555.14 1 0
github.com/freiheit-com/kuberpult/pkg/api/v1/api.pb.go:3555.14,3557.3 1 0
github.com/freiheit-com/kuberpult/pkg/api/v1/api.pb.go:3558.2,3558.11 1 0
github.com/freiheit-com/kuberpult/pkg/api/v1/api.pb.go:3570.51,3572.29 2 0
github.com/freiheit-com/kuberpult/pkg/api/v1/api.pb.go:3572.29,3576.3 3 0
github.com/freiheit-com/kuberpult/pkg/api/v1/api.pb.go:3579.59,3581.2 1 0
github.com/freiheit-com/kuberpult/pkg/api/v1/api.pb.go:3583.57,3583.58 0 0
github.com/freiheit-com/kuberpult/pkg/api/v1/api.pb.go:3585.79,3587.41 2 0
github.com/freiheit-com/kuberpult/pkg/api/v1/api.pb.go:3587.41,3589.34 2 0
github.com/freiheit-com/kuberpult/pkg/api/v1/api.pb.go:3589.34,3591.4 1 0
github.com/freiheit-com/kuberpult/pkg/api/v1/api.pb.go:3592.3,3592.12 1 0
github.com/freiheit-com/kuberpult/pkg/api/v1/api.pb.go:3594.2,3594.24 1 0
github.com/freiheit-com/kuberpult/pkg/api/v1/api.pb.go:3598.70,3600.2 1 0
github.com/freiheit-com/kuberpult/pkg/api/v1/api.pb.go:3602.67,3603.14 1 0
github.com/freiheit-com/kuberpult/pkg/api/v1/api.pb.go:3603.14,3605.3 1 0
github.com/freiheit-com/kuberpult/pkg/api/v1/api.pb.go:3606.2,3606.11 1 0
github.com/freiheit-com/kuberpult/pkg/api/v1/api.pb.go:3609.67,3610.14 1 0
github.com/freiheit-com/kuberpult/pkg/api/v1/api.pb.go:3610.14,3612.3 1 0
github.com/freiheit-com/kuberpult/pkg/api/v1/api.pb.go:3613.2,3613.11 1 0
github.com/freiheit-com/kuberpult/pkg/api/v1/api.pb.go:3628.39,3630.29 2 0
github.com/freiheit-com/kuberpult/pkg/api/v1/api.pb.go:3630.29,3634.3 3 0
github.com/freiheit-com/kuberpult/pkg/api/v1/api.pb.go:3637.47,3639.2 1 0
github.com/freiheit-com/kuberpult/pkg/api/v1/api.pb.go:3641.45,3641.46 0 0
github.com/freiheit-com/kuberpult/pkg/api/v1/api.pb.go:3643.67,3645.41 2 0
github.com/freiheit-com/kuberpult/pkg/api/v1/api.pb.go:3645.41,3647.34 2 0
github.com/freiheit-com/kuberpult/pkg/api/v1/api.pb.go:3647.34,3649.4 1 0
github.com/freiheit-com/kuberpult/pkg/api/v1/api.pb.go:3650.3,3650.12 1 0
github.com/freiheit-com/kuberpult/pkg/api/v1/api.pb.go:3652.2,3652.24 1 0
github.com/freiheit-com/kuberpult/pkg/api/v1/api.pb.go:3656.58,3658.2 1 0
github.com/freiheit-com/kuberpult/pkg/api/v1/api.pb.go:3660.50,3661.14 1 0
github.com/freiheit-com/kuberpult/pkg/api/v1/api.pb.go:3661.14,3663.3 1 0
github.com/freiheit-com/kuberpult/pkg/api/v1/api.pb.go:3664.2,3664.11 1 0
github.com/freiheit-com/kuberpult/pkg/api/v1/api.pb.go:3667.48,3668.14 1 0
github.com/freiheit-com/kuberpult/pkg/api/v1/api.pb.go:3668.14,3670.3 1 0
github.com/freiheit-com/kuberpult/pkg/api/v1/api.pb.go:3671.2,3671.11 1 0
github.com/freiheit-com/kuberpult/pkg/api/v1/api.pb.go:3674.54,3675.14 1 0
github.com/freiheit-com/kuberpult/pkg/api/v1/api.pb.go:3675.14,3677.3 1 0
github.com/freiheit-com/kuberpult/pkg/api/v1/api.pb.go:3678.2,3678.11 1 0
github.com/freiheit-com/kuberpult/pkg/api/v1/api.pb.go:3681.78,3682.14 1 0
github.com/freiheit-com/kuberpult/pkg/api/v1/api.pb.go:3682.14,3684.3 1 0
github.com/freiheit-com/kuberpult/pkg/api/v1/api.pb.go:3685.2,3685.36 1 0
github.com/freiheit-com/kuberpult/pkg/api/v1/api.pb.go:3688.50,3689.14 1 0
github.com/freiheit-com/kuberpult/pkg/api/v1/api.pb.go:3689.14,3691.3 1 0
github.com/freiheit-com/kuberpult/pkg/api/v1/api.pb.go:3692.2,3692.11 1 0
github.com/freiheit-com/kuberpult/pkg/api/v1/api.pb.go:3704.40,3706.29 2 0
github.com/freiheit-com/kuberpult/pkg/api/v1/api.pb.go:3706.29,3710.3 3 0
github.com/freiheit-com/kuberpult/pkg/api/v1/api.pb.go:3713.48,3715.2 1 0
github.com/freiheit-com/kuberpult/pkg/api/v1/api.pb.go:3717.46,3717.47 0 0
github.com/freiheit-com/kuberpult/pkg/api/v1/api.pb.go:3719.68,3721.41 2 0
github.com/freiheit-com/kuberpult/pkg/api/v1/api.pb.go:3721.41,3723.34 2 0
github.com/freiheit-com/kuberpult/pkg/api/v1/api.pb.go:3723.34,3725.4 1 0
github.com/freiheit-com/kuberpult/pkg/api/v1/api.pb.go:3726.3,3726.12 1 0
github.com/freiheit-com/kuberpult/pkg/api/v1/api.pb.go:3728.2,3728.24 1 0
github.com/freiheit-com/kuberpult/pkg/api/v1/api.pb.go:3732.59,3734.2 1 0
github.com/freiheit-com/kuberpult/pkg/api/v1/api.pb.go:3736.51,3737.14 1 0
github.com/freiheit-com/kuberpult/pkg/api/v1/api.pb.go:3737.14,3739.3 1 0
github.com/freiheit-com/kuberpult/pkg/api/v1/api.pb.go:3740.2,3740.11 1 0
github.com/freiheit-com/kuberpult/pkg/api/v1/api.pb.go:3743.49,3744.14 1 0
github.com/freiheit-com/kuberpult/pkg/api/v1/api.pb.go:3744.14,3746.3 1 0
github.com/freiheit-com/kuberpult/pkg/api/v1/api.pb.go:3747.2,3747.11 1 0
github.com/freiheit-com/kuberpult/pkg/api/v1/api.pb.go:3763.24,3765.29 2 0
github.com/freiheit-com/kuberpult/pkg/api/v1/api.pb.go:3765.29,3769.3 3 0
github.com/freiheit-com/kuberpult/pkg/api/v1/api.pb.go:3772.32,3774.2 1 0
github.com/freiheit-com/kuberpult/pkg/api/v1/api.pb.go:3776.30,3776.31 0 0
github.com/freiheit-com/kuberpult/pkg/api/v1/api.pb.go:3778.52,3780.41 2 0
github.com/freiheit-com/kuberpult/pkg/api/v1/api.pb.go:3780.41,3782.34 2 0
github.com/freiheit-com/kuberpult/pkg/api/v1/api.pb.go:3782.34,3784.4 1 0
github.com/freiheit-com/kuberpult/pkg/api/v1/api.pb.go:3785.3,3785.12 1 0
github.com/freiheit-com/kuberpult/pkg/api/v1/api.pb.go:3787.2,3787.24 1 0
github.com/freiheit-com/kuberpult/pkg/api/v1/api.pb.go:3791.43,3793.2 1 0
github.com/freiheit-com/kuberpult/pkg/api/v1/api.pb.go:3795.36,3796.14 1 0
github.com/freiheit-com/kuberpult/pkg/api/v1/api.pb.go:3796.14,3798.3 1 0
github.com/freiheit-com/kuberpult/pkg/api/v1/api.pb.go:3799.2,3799.11 1 0
github.com/freiheit-com/kuberpult/pkg/api/v1/api.pb.go:3802.35,3803.14 1 0
github.com/freiheit-com/kuberpult/pkg/api/v1/api.pb.go:3803.14,3805.3 1 0
github.com/freiheit-com/kuberpult/pkg/api/v1/api.pb.go:3806.2,3806.11 1 0
github.com/freiheit-com/kuberpult/pkg/api/v1/api.pb.go:3809.54,3810.14 1 0
github.com/freiheit-com/kuberpult/pkg/api/v1/api.pb.go:3810.14,3812.3 1 0
github.com/freiheit-com/kuberpult/pkg/api/v1/api.pb.go:3813.2,3813.12 1 0
github.com/freiheit-com/kuberpult/pkg/api/v1/api.pb.go:3816.38,3817.14 1 0
github.com/freiheit-com/kuberpult/pkg/api/v1/api.pb.go:3817.14,3819.3 1 0
github.com/freiheit-com/kuberpult/pkg/api/v1/api.pb.go:3820.2,3820.12 1 0
github.com/freiheit-com/kuberpult/pkg/api/v1/api.pb.go:3823.35,3824.14 1 0
github.com/freiheit-com/kuberpult/pkg/api/v1/api.pb.go:3824.14,3826.3 1 0
github.com/freiheit-com/kuberpult/pkg/api/v1/api.pb.go:3827.2,3827.11 1 0
github.com/freiheit-com/kuberpult/pkg/api/v1/api.pb.go:3830.46,3831.14 1 0
github.com/freiheit-com/kuberpult/pkg/api/v1/api.pb.go:3831.14,3833.3 1 0
github.com/freiheit-com/kuberpult/pkg/api/v1/api.pb.go:3834.2,3834.11 1 0
github.com/freiheit-com/kuberpult/pkg/api/v1/api.pb.go:3847.31,3849.29 2 0
github.com/freiheit-com/kuberpult/pkg/api/v1/api.pb.go:3849.29,3853.3 3 0
github.com/freiheit-com/kuberpult/pkg/api/v1/api.pb.go:3856.39,3858.2 1 0
github.com/freiheit-com/kuberpult/pkg/api/v1/api.pb.go:3860.37,3860.38 0 0
github.com/freiheit-com/kuberpult/pkg/api/v1/api.pb.go:3862.59,3864.41 2 0
github.com/freiheit-com/kuberpult/pkg/api/v1/api.pb.go:3864.41,3866.34 2 0
github.com/freiheit-com/kuberpult/pkg/api/v1/api.pb.go:3866.34,3868.4 1 0
github.com/freiheit-com/kuberpult/pkg/api/v1/api.pb.go:3869.3,3869.12 1 0
github.com/freiheit-com/kuberpult/pkg/api/v1/api.pb.go:3871.2,3871.24 1 0
github.com/freiheit-com/kuberpult/pkg/api/v1/api.pb.go:3875.50,3877.2 1 0
github.com/freiheit-com/kuberpult/pkg/api/v1/api.pb.go:3879.62,3880.14 1 0
github.com/freiheit-com/kuberpult/pkg/api/v1/api.pb.go:3880.14,3882.3 1 0
github.com/freiheit-com/kuberpult/pkg/api/v1/api.pb.go:3883.2,3883.12 1 0
github.com/freiheit-com/kuberpult/pkg/api/v1/api.pb.go:3886.73,3887.14 1 0
github.com/freiheit-com/kuberpult/pkg/api/v1/api.pb.go:3887.14,3889.3 1 0
github.com/freiheit-com/kuberpult/pkg/api/v1/api.pb.go:3890.2,3890.12 1 0
github.com/freiheit-com/kuberpult/pkg/api/v1/api.pb.go:3893.66,3894.14 1 0
github.com/freiheit-com/kuberpult/pkg/api/v1/api.pb.go:3894.14,3896.3 1 0
github.com/freiheit-com/kuberpult/pkg/api/v1/api.pb.go:3897.2,3897.12 1 0
github.com/freiheit-com/kuberpult/pkg/api/v1/api.pb.go:3906.44,3908.29 2 0
github.com/freiheit-com/kuberpult/pkg/api/v1/api.pb.go:3908.29,3912.3 3 0
github.com/freiheit-com/kuberpult/pkg/api/v1/api.pb.go:3915.52,3917.2 1 0
github.com/freiheit-com/kuberpult/pkg/api/v1/api.pb.go:3919.50,3919.51 0 0
github.com/freiheit-com/kuberpult/pkg/api/v1/api.pb.go:3921.72,3923.41 2 0
github.com/freiheit-com/kuberpult/pkg/api/v1/api.pb.go:3923.41,3925.34 2 0
github.com/freiheit-com/kuberpult/pkg/api/v1/api.pb.go:3925.34,3927.4 1 0
github.com/freiheit-com/kuberpult/pkg/api/v1/api.pb.go:3928.3,3928.12 1 0
github.com/freiheit-com/kuberpult/pkg/api/v1/api.pb.go:3930.2,3930.24 1 0
github.com/freiheit-com/kuberpult/pkg/api/v1/api.pb.go:3934.63,3936.2 1 0
github.com/freiheit-com/kuberpult/pkg/api/v1/api.pb.go:3951.45,3953.29 2 0
github.com/freiheit-com/kuberpult/pkg/api/v1/api.pb.go:3953.29,3957.3 3 0
github.com/freiheit-com/kuberpult/pkg/api/v1/api.pb.go:3960.53,3962.2 1 0
github.com/freiheit-com/kuberpult/pkg/api/v1/api.pb.go:3964.51,3964.52 0 0
github.com/freiheit-com/kuberpult/pkg/api/v1/api.pb.go:3966.73,3968.41 2 0
github.com/freiheit-com/kuberpult/pkg/api/v1/api.pb.go:3968.41,3970.34 2 0
github.com/freiheit-com/kuberpult/pkg/api/v1/api.pb.go:3970.34,3972.4 1 0
github.com/freiheit-com/kuberpult/pkg/api/v1/api.pb.go:3973.3,3973.12 1 0
github.com/freiheit-com/kuberpult/pkg/api/v1/api.pb.go:3975.2,3975.24 1 0
github.com/freiheit-com/kuberpult/pkg/api/v1/api.pb.go:3979.64,3981.2 1 0
github.com/freiheit-com/kuberpult/pkg/api/v1/api.pb.go:3983.83,3984.14 1 0
github.com/freiheit-com/kuberpult/pkg/api/v1/api.pb.go:3984.14,3986.3 1 0
github.com/freiheit-com/kuberpult/pkg/api/v1/api.pb.go:3987.2,3987.12 1 0
github.com/freiheit-com/kuberpult/pkg/api/v1/api.pb.go:3990.85,3991.14 1 0
github.com/freiheit-com/kuberpult/pkg/api/v1/api.pb.go:3991.14,3993.3 1 0
github.com/freiheit-com/kuberpult/pkg/api/v1/api.pb.go:3994.2,3994.12 1 0
github.com/freiheit-com/kuberpult/pkg/api/v1/api.pb.go:3997.63,3998.14 1 0
github.com/freiheit-com/kuberpult/pkg/api/v1/api.pb.go:3998.14,4000.3 1 0
github.com/freiheit-com/kuberpult/pkg/api/v1/api.pb.go:4001.2,4001.11 1 0
github.com/freiheit-com/kuberpult/pkg/api/v1/api.pb.go:4004.66,4005.14 1 0
github.com/freiheit-com/kuberpult/pkg/api/v1/api.pb.go:4005.14,4007.3 1 0
github.com/freiheit-com/kuberpult/pkg/api/v1/api.pb.go:4008.2,4008.11 1 0
github.com/freiheit-com/kuberpult/pkg/api/v1/api.pb.go:4011.56,4012.14 1 0
github.com/freiheit-com/kuberpult/pkg/api/v1/api.pb.go:4012.14,4014.3 1 0
github.com/freiheit-com/kuberpult/pkg/api/v1/api.pb.go:4015.2,4015.11 1 0
github.com/freiheit-com/kuberpult/pkg/api/v1/api.pb.go:4018.65,4019.14 1 0
github.com/freiheit-com/kuberpult/pkg/api/v1/api.pb.go:4019.14,4021.3 1 0
github.com/freiheit-com/kuberpult/pkg/api/v1/api.pb.go:4022.2,4022.11 1 0
github.com/freiheit-com/kuberpult/pkg/api/v1/api.pb.go:4035.37,4037.29 2 0
github.com/freiheit-com/kuberpult/pkg/api/v1/api.pb.go:4037.29,4041.3 3 0
github.com/freiheit-com/kuberpult/pkg/api/v1/api.pb.go:4044.45,4046.2 1 0
github.com/freiheit-com/kuberpult/pkg/api/v1/api.pb.go:4048.43,4048.44 0 0
github.com/freiheit-com/kuberpult/pkg/api/v1/api.pb.go:4050.65,4052.41 2 0
github.com/freiheit-com/kuberpult/pkg/api/v1/api.pb.go:4052.41,4054.34 2 0
github.com/freiheit-com/kuberpult/pkg/api/v1/api.pb.go:4054.34,4056.4 1 0
github.com/freiheit-com/kuberpult/pkg/api/v1/api.pb.go:4057.3,4057.12 1 0
github.com/freiheit-com/kuberpult/pkg/api/v1/api.pb.go:4059.2,4059.24 1 0
github.com/freiheit-com/kuberpult/pkg/api/v1/api.pb.go:4063.56,4065.2 1 0
github.com/freiheit-com/kuberpult/pkg/api/v1/api.pb.go:4067.53,4068.14 1 0
github.com/freiheit-com/kuberpult/pkg/api/v1/api.pb.go:4068.14,4070.3 1 0
github.com/freiheit-com/kuberpult/pkg/api/v1/api.pb.go:4071.2,4071.11 1 0
github.com/freiheit-com/kuberpult/pkg/api/v1/api.pb.go:4074.53,4075.14 1 0
github.com/freiheit-com/kuberpult/pkg/api/v1/api.pb.go:4075.14,4077.3 1 0
github.com/freiheit-com/kuberpult/pkg/api/v1/api.pb.go:4078.2,4078.11 1 0
github.com/freiheit-com/kuberpult/pkg/api/v1/api.pb.go:4081.53,4082.14 1 0
github.com/freiheit-com/kuberpult/pkg/api/v1/api.pb.go:4082.14,4084.3 1 0
[...]
github.com/freiheit-com/kuberpult/pkg/db/db_sync_status.go:290.2,290.20 1 0
github.com/freiheit-com/kuberpult/pkg/db/db_sync_status.go:293.102,294.16 1 1
github.com/freiheit-com/kuberpult/pkg/db/db_sync_status.go:294.16,296.3 1 0
github.com/freiheit-com/kuberpult/pkg/db/db_sync_status.go:298.2,298.29 1 1
github.com/freiheit-com/kuberpult/pkg/db/db_sync_status.go:298.29,300.17 2 1
github.com/freiheit-com/kuberpult/pkg/db/db_sync_status.go:300.17,302.4 1 0
github.com/freiheit-com/kuberpult/pkg/db/db_sync_status.go:305.2,306.18 2 1
github.com/freiheit-com/kuberpult/pkg/db/db_sync_status.go:306.18,310.17 3 1
github.com/freiheit-com/kuberpult/pkg/db/db_sync_status.go:310.17,311.37 1 0
github.com/freiheit-com/kuberpult/pkg/db/db_sync_status.go:311.37,313.5 1 0
github.com/freiheit-com/kuberpult/pkg/db/db_sync_status.go:314.4,314.84 1 0
github.com/freiheit-com/kuberpult/pkg/db/db_sync_status.go:316.3,316.36 1 1
github.com/freiheit-com/kuberpult/pkg/db/db_sync_status.go:318.2,319.16 2 1
github.com/freiheit-com/kuberpult/pkg/db/db_sync_status.go:319.16,321.3 1 0
github.com/freiheit-com/kuberpult/pkg/db/db_sync_status.go:322.2,322.22 1 1
github.com/freiheit-com/kuberpult/pkg/db/db_sync_status.go:325.136,328.14 3 1
github.com/freiheit-com/kuberpult/pkg/db/db_sync_status.go:328.14,330.3 1 0
github.com/freiheit-com/kuberpult/pkg/db/db_sync_status.go:331.2,331.15 1 1
github.com/freiheit-com/kuberpult/pkg/db/db_sync_status.go:331.15,333.3 1 0
github.com/freiheit-com/kuberpult/pkg/db/db_sync_status.go:335.2,344.16 4 1
github.com/freiheit-com/kuberpult/pkg/db/db_sync_status.go:344.16,346.3 1 0
github.com/freiheit-com/kuberpult/pkg/db/db_sync_status.go:347.2,347.22 1 1
github.com/freiheit-com/kuberpult/pkg/db/db_sync_status.go:347.22,349.3 1 0
github.com/freiheit-com/kuberpult/pkg/db/db_sync_status.go:350.2,350.24 1 1
github.com/freiheit-com/kuberpult/pkg/db/db_sync_status.go:354.166,362.19 3 1
github.com/freiheit-com/kuberpult/pkg/db/db_sync_status.go:362.19,364.3 1 1
github.com/freiheit-com/kuberpult/pkg/db/db_sync_status.go:365.2,365.40 1 1
github.com/freiheit-com/kuberpult/pkg/db/db_sync_status.go:365.40,367.53 2 1
github.com/freiheit-com/kuberpult/pkg/db/db_sync_status.go:367.53,369.18 2 1
github.com/freiheit-com/kuberpult/pkg/db/db_sync_status.go:369.18,371.5 1 0
github.com/freiheit-com/kuberpult/pkg/db/db_sync_status.go:372.4,372.21 1 1
github.com/freiheit-com/kuberpult/pkg/db/db_sync_status.go:375.2,375.12 1 1
github.com/freiheit-com/kuberpult/pkg/db/db_sync_status.go:378.108,381.14 3 0
github.com/freiheit-com/kuberpult/pkg/db/db_sync_status.go:381.14,383.3 1 0
github.com/freiheit-com/kuberpult/pkg/db/db_sync_status.go:384.2,384.15 1 0
github.com/freiheit-com/kuberpult/pkg/db/db_sync_status.go:384.15,386.3 1 0
github.com/freiheit-com/kuberpult/pkg/db/db_sync_status.go:388.2,395.16 3 0
github.com/freiheit-com/kuberpult/pkg/db/db_sync_status.go:395.16,397.3 1 0
github.com/freiheit-com/kuberpult/pkg/db/db_sync_status.go:399.2,399.29 1 0
github.com/freiheit-com/kuberpult/pkg/db/db_sync_status.go:399.29,401.17 2 0
github.com/freiheit-com/kuberpult/pkg/db/db_sync_status.go:401.17,403.4 1 0
github.com/freiheit-com/kuberpult/pkg/db/db_sync_status.go:406.2,407.17 2 0
github.com/freiheit-com/kuberpult/pkg/db/db_sync_status.go:407.17,409.17 2 0
github.com/freiheit-com/kuberpult/pkg/db/db_sync_status.go:409.17,410.37 1 0
github.com/freiheit-com/kuberpult/pkg/db/db_sync_status.go:410.37,412.5 1 0
github.com/freiheit-com/kuberpult/pkg/db/db_sync_status.go:413.4,413.134 1 0
github.com/freiheit-com/kuberpult/pkg/db/db_sync_status.go:416.2,417.16 2 0
github.com/freiheit-com/kuberpult/pkg/db/db_sync_status.go:417.16,419.3 1 0
github.com/freiheit-com/kuberpult/pkg/db/db_sync_status.go:420.2,420.19 1 0
github.com/freiheit-com/kuberpult/pkg/db/db_team_locks.go:50.133,53.14 3 1
github.com/freiheit-com/kuberpult/pkg/db/db_team_locks.go:53.14,55.3 1 0
github.com/freiheit-com/kuberpult/pkg/db/db_team_locks.go:56.2,56.15 1 1
github.com/freiheit-com/kuberpult/pkg/db/db_team_locks.go:56.15,58.3 1 0
github.com/freiheit-com/kuberpult/pkg/db/db_team_locks.go:60.2,69.16 4 1
github.com/freiheit-com/kuberpult/pkg/db/db_team_locks.go:69.16,71.3 1 0
github.com/freiheit-com/kuberpult/pkg/db/db_team_locks.go:72.2,73.18 2 1
github.com/freiheit-com/kuberpult/pkg/db/db_team_locks.go:73.18,91.17 4 1
github.com/freiheit-com/kuberpult/pkg/db/db_team_locks.go:91.17,92.37 1 0
github.com/freiheit-com/kuberpult/pkg/db/db_team_locks.go:92.37,94.5 1 0
github.com/freiheit-com/kuberpult/pkg/db/db_team_locks.go:95.4,95.92 1 0
github.com/freiheit-com/kuberpult/pkg/db/db_team_locks.go:99.3,101.17 3 1
github.com/freiheit-com/kuberpult/pkg/db/db_team_locks.go:101.17,103.4 1 0
github.com/freiheit-com/kuberpult/pkg/db/db_team_locks.go:104.3,104.39 1 1
github.com/freiheit-com/kuberpult/pkg/db/db_team_locks.go:104.39,106.4 1 1
github.com/freiheit-com/kuberpult/pkg/db/db_team_locks.go:107.3,107.49 1 1
github.com/freiheit-com/kuberpult/pkg/db/db_team_locks.go:107.49,109.4 1 1
github.com/freiheit-com/kuberpult/pkg/db/db_team_locks.go:110.3,116.5 1 1
github.com/freiheit-com/kuberpult/pkg/db/db_team_locks.go:118.2,119.16 2 1
github.com/freiheit-com/kuberpult/pkg/db/db_team_locks.go:119.16,121.3 1 0
github.com/freiheit-com/kuberpult/pkg/db/db_team_locks.go:123.2,123.23 1 1
github.com/freiheit-com/kuberpult/pkg/db/db_team_locks.go:126.99,140.16 6 0
github.com/freiheit-com/kuberpult/pkg/db/db_team_locks.go:140.16,142.3 1 0
github.com/freiheit-com/kuberpult/pkg/db/db_team_locks.go:143.2,143.17 1 0
github.com/freiheit-com/kuberpult/pkg/db/db_team_locks.go:143.17,161.17 4 0
github.com/freiheit-com/kuberpult/pkg/db/db_team_locks.go:161.17,162.37 1 0
github.com/freiheit-com/kuberpult/pkg/db/db_team_locks.go:162.37,164.5 1 0
github.com/freiheit-com/kuberpult/pkg/db/db_team_locks.go:165.4,165.85 1 0
github.com/freiheit-com/kuberpult/pkg/db/db_team_locks.go:169.3,171.17 3 0
github.com/freiheit-com/kuberpult/pkg/db/db_team_locks.go:171.17,173.4 1 0
github.com/freiheit-com/kuberpult/pkg/db/db_team_locks.go:174.3,175.19 2 0
github.com/freiheit-com/kuberpult/pkg/db/db_team_locks.go:177.2,178.16 2 0
github.com/freiheit-com/kuberpult/pkg/db/db_team_locks.go:178.16,180.3 1 0
github.com/freiheit-com/kuberpult/pkg/db/db_team_locks.go:181.2,181.17 1 0
github.com/freiheit-com/kuberpult/pkg/db/db_team_locks.go:184.125,201.2 6 0
github.com/freiheit-com/kuberpult/pkg/db/db_team_locks.go:203.125,207.14 3 1
github.com/freiheit-com/kuberpult/pkg/db/db_team_locks.go:207.14,209.3 1 0
github.com/freiheit-com/kuberpult/pkg/db/db_team_locks.go:210.2,210.15 1 1
github.com/freiheit-com/kuberpult/pkg/db/db_team_locks.go:210.15,212.3 1 0
github.com/freiheit-com/kuberpult/pkg/db/db_team_locks.go:214.2,219.46 3 1
github.com/freiheit-com/kuberpult/pkg/db/db_team_locks.go:222.142,242.16 7 1
github.com/freiheit-com/kuberpult/pkg/db/db_team_locks.go:242.16,244.3 1 0
github.com/freiheit-com/kuberpult/pkg/db/db_team_locks.go:245.2,245.22 1 1
github.com/freiheit-com/kuberpult/pkg/db/db_team_locks.go:245.22,247.3 1 1
github.com/freiheit-com/kuberpult/pkg/db/db_team_locks.go:248.2,248.24 1 1
github.com/freiheit-com/kuberpult/pkg/db/db_team_locks.go:251.137,254.14 3 0
github.com/freiheit-com/kuberpult/pkg/db/db_team_locks.go:254.14,256.3 1 0
github.com/freiheit-com/kuberpult/pkg/db/db_team_locks.go:257.2,257.15 1 0
github.com/freiheit-com/kuberpult/pkg/db/db_team_locks.go:257.15,259.3 1 0
github.com/freiheit-com/kuberpult/pkg/db/db_team_locks.go:260.2,268.50 4 0
github.com/freiheit-com/kuberpult/pkg/db/db_team_locks.go:272.179,276.14 3 1
github.com/freiheit-com/kuberpult/pkg/db/db_team_locks.go:276.14,278.3 1 0
github.com/freiheit-com/kuberpult/pkg/db/db_team_locks.go:279.2,279.15 1 1
github.com/freiheit-com/kuberpult/pkg/db/db_team_locks.go:279.15,281.3 1 0
github.com/freiheit-com/kuberpult/pkg/db/db_team_locks.go:283.2,300.16 4 1
github.com/freiheit-com/kuberpult/pkg/db/db_team_locks.go:300.16,302.3 1 0
github.com/freiheit-com/kuberpult/pkg/db/db_team_locks.go:303.2,303.29 1 1
github.com/freiheit-com/kuberpult/pkg/db/db_team_locks.go:303.29,305.17 2 1
github.com/freiheit-com/kuberpult/pkg/db/db_team_locks.go:305.17,307.4 1 0
github.com/freiheit-com/kuberpult/pkg/db/db_team_locks.go:309.2,310.18 2 1
github.com/freiheit-com/kuberpult/pkg/db/db_team_locks.go:310.18,329.17 4 1
github.com/freiheit-com/kuberpult/pkg/db/db_team_locks.go:329.17,330.37 1 0
github.com/freiheit-com/kuberpult/pkg/db/db_team_locks.go:330.37,332.5 1 0
github.com/freiheit-com/kuberpult/pkg/db/db_team_locks.go:333.4,333.85 1 0
github.com/freiheit-com/kuberpult/pkg/db/db_team_locks.go:337.3,339.17 3 1
github.com/freiheit-com/kuberpult/pkg/db/db_team_locks.go:339.17,341.4 1 0
github.com/freiheit-com/kuberpult/pkg/db/db_team_locks.go:342.3,343.37 2 1
github.com/freiheit-com/kuberpult/pkg/db/db_team_locks.go:345.2,346.16 2 1
github.com/freiheit-com/kuberpult/pkg/db/db_team_locks.go:346.16,348.3 1 0
github.com/freiheit-com/kuberpult/pkg/db/db_team_locks.go:349.2,349.23 1 1
github.com/freiheit-com/kuberpult/pkg/db/db_team_locks.go:353.158,357.14 3 1
github.com/freiheit-com/kuberpult/pkg/db/db_team_locks.go:357.14,359.3 1 0
github.com/freiheit-com/kuberpult/pkg/db/db_team_locks.go:360.2,360.15 1 1
github.com/freiheit-com/kuberpult/pkg/db/db_team_locks.go:360.15,362.3 1 0
github.com/freiheit-com/kuberpult/pkg/db/db_team_locks.go:363.2,364.16 2 1
github.com/freiheit-com/kuberpult/pkg/db/db_team_locks.go:364.16,366.3 1 0
github.com/freiheit-com/kuberpult/pkg/db/db_team_locks.go:367.2,368.16 2 1
github.com/freiheit-com/kuberpult/pkg/db/db_team_locks.go:368.16,370.3 1 0
github.com/freiheit-com/kuberpult/pkg/db/db_team_locks.go:371.2,371.12 1 1
github.com/freiheit-com/kuberpult/pkg/db/db_team_locks.go:374.156,378.23 3 0
github.com/freiheit-com/kuberpult/pkg/db/db_team_locks.go:378.23,380.3 1 0
github.com/freiheit-com/kuberpult/pkg/db/db_team_locks.go:381.2,381.14 1 0
github.com/freiheit-com/kuberpult/pkg/db/db_team_locks.go:381.14,383.3 1 0
github.com/freiheit-com/kuberpult/pkg/db/db_team_locks.go:384.2,384.15 1 0
github.com/freiheit-com/kuberpult/pkg/db/db_team_locks.go:384.15,386.3 1 0
github.com/freiheit-com/kuberpult/pkg/db/db_team_locks.go:388.2,390.29 2 0
github.com/freiheit-com/kuberpult/pkg/db/db_team_locks.go:390.29,392.17 2 0
github.com/freiheit-com/kuberpult/pkg/db/db_team_locks.go:392.17,394.4 1 0
github.com/freiheit-com/kuberpult/pkg/db/db_team_locks.go:395.3,395.43 1 0
github.com/freiheit-com/kuberpult/pkg/db/db_team_locks.go:397.2,397.23 1 0
github.com/freiheit-com/kuberpult/pkg/db/db_team_locks.go:400.129,404.14 3 1
github.com/freiheit-com/kuberpult/pkg/db/db_team_locks.go:404.14,406.3 1 0
github.com/freiheit-com/kuberpult/pkg/db/db_team_locks.go:407.2,407.15 1 1
github.com/freiheit-com/kuberpult/pkg/db/db_team_locks.go:407.15,409.3 1 0
github.com/freiheit-com/kuberpult/pkg/db/db_team_locks.go:410.2,412.16 2 1
github.com/freiheit-com/kuberpult/pkg/db/db_team_locks.go:412.16,414.3 1 0
github.com/freiheit-com/kuberpult/pkg/db/db_team_locks.go:416.2,416.29 1 1
github.com/freiheit-com/kuberpult/pkg/db/db_team_locks.go:416.29,419.3 2 0
github.com/freiheit-com/kuberpult/pkg/db/db_team_locks.go:420.2,421.16 2 1
github.com/freiheit-com/kuberpult/pkg/db/db_team_locks.go:421.16,423.3 1 0
github.com/freiheit-com/kuberpult/pkg/db/db_team_locks.go:424.2,425.16 2 1
github.com/freiheit-com/kuberpult/pkg/db/db_team_locks.go:425.16,427.3 1 0
github.com/freiheit-com/kuberpult/pkg/db/db_team_locks.go:428.2,428.12 1 1
github.com/freiheit-com/kuberpult/pkg/db/db_team_locks.go:433.169,444.16 6 1
github.com/freiheit-com/kuberpult/pkg/db/db_team_locks.go:444.16,446.3 1 0
github.com/freiheit-com/kuberpult/pkg/db/db_team_locks.go:448.2,449.16 2 1
github.com/freiheit-com/kuberpult/pkg/db/db_team_locks.go:449.16,451.3 1 0
github.com/freiheit-com/kuberpult/pkg/db/db_team_locks.go:452.2,460.16 2 1
github.com/freiheit-com/kuberpult/pkg/db/db_team_locks.go:460.16,467.3 1 0
github.com/freiheit-com/kuberpult/pkg/db/db_team_locks.go:468.2,468.12 1 1
github.com/freiheit-com/kuberpult/pkg/db/db_team_locks.go:471.146,484.16 6 1
github.com/freiheit-com/kuberpult/pkg/db/db_team_locks.go:484.16,491.3 1 0
github.com/freiheit-com/kuberpult/pkg/db/db_team_locks.go:492.2,492.12 1 1
github.com/freiheit-com/kuberpult/pkg/db/db_team_locks.go:495.190,504.16 6 1
github.com/freiheit-com/kuberpult/pkg/db/db_team_locks.go:504.16,506.3 1 0
github.com/freiheit-com/kuberpult/pkg/db/db_team_locks.go:508.2,509.16 2 1
github.com/freiheit-com/kuberpult/pkg/db/db_team_locks.go:509.16,511.3 1 0
github.com/freiheit-com/kuberpult/pkg/db/db_team_locks.go:512.2,521.16 2 1
github.com/freiheit-com/kuberpult/pkg/db/db_team_locks.go:521.16,528.3 1 0
github.com/freiheit-com/kuberpult/pkg/db/db_team_locks.go:529.2,529.12 1 1
github.com/freiheit-com/kuberpult/pkg/db/db_team_locks.go:533.109,534.16 1 1
github.com/freiheit-com/kuberpult/pkg/db/db_team_locks.go:534.16,536.3 1 0
github.com/freiheit-com/kuberpult/pkg/db/db_team_locks.go:537.2,537.29 1 1
github.com/freiheit-com/kuberpult/pkg/db/db_team_locks.go:537.29,539.17 2 1
github.com/freiheit-com/kuberpult/pkg/db/db_team_locks.go:539.17,541.4 1 0
github.com/freiheit-com/kuberpult/pkg/db/db_team_locks.go:543.2,544.18 2 1
github.com/freiheit-com/kuberpult/pkg/db/db_team_locks.go:544.18,562.17 4 1
github.com/freiheit-com/kuberpult/pkg/db/db_team_locks.go:562.17,563.37 1 0
github.com/freiheit-com/kuberpult/pkg/db/db_team_locks.go:563.37,565.5 1 0
github.com/freiheit-com/kuberpult/pkg/db/db_team_locks.go:566.4,566.92 1 0
github.com/freiheit-com/kuberpult/pkg/db/db_team_locks.go:570.3,572.17 3 1
github.com/freiheit-com/kuberpult/pkg/db/db_team_locks.go:572.17,574.4 1 0
github.com/freiheit-com/kuberpult/pkg/db/db_team_locks.go:575.3,576.37 2 1
github.com/freiheit-com/kuberpult/pkg/db/db_team_locks.go:578.2,579.16 2 1
github.com/freiheit-com/kuberpult/pkg/db/db_team_locks.go:579.16,581.3 1 0
github.com/freiheit-com/kuberpult/pkg/db/db_team_locks.go:583.2,583.23 1 1
github.com/freiheit-com/kuberpult/pkg/db/db_team_locks.go:586.111,590.16 3 0
github.com/freiheit-com/kuberpult/pkg/db/db_team_locks.go:590.16,592.3 1 0
github.com/freiheit-com/kuberpult/pkg/db/db_team_locks.go:593.2,593.29 1 0
github.com/freiheit-com/kuberpult/pkg/db/db_team_locks.go:593.29,595.17 2 0
github.com/freiheit-com/kuberpult/pkg/db/db_team_locks.go:595.17,597.4 1 0
github.com/freiheit-com/kuberpult/pkg/db/db_team_locks.go:600.2,601.18 2 0
github.com/freiheit-com/kuberpult/pkg/db/db_team_locks.go:601.18,604.17 3 0
github.com/freiheit-com/kuberpult/pkg/db/db_team_locks.go:604.17,605.37 1 0
github.com/freiheit-com/kuberpult/pkg/db/db_team_locks.go:605.37,607.5 1 0
github.com/freiheit-com/kuberpult/pkg/db/db_team_locks.go:608.4,608.83 1 0
github.com/freiheit-com/kuberpult/pkg/db/db_team_locks.go:611.3,611.34 1 0
github.com/freiheit-com/kuberpult/pkg/db/db_team_locks.go:613.2,614.16 2 0
github.com/freiheit-com/kuberpult/pkg/db/db_team_locks.go:614.16,616.3 1 0
github.com/freiheit-com/kuberpult/pkg/db/db_team_locks.go:617.2,617.20 1 0
github.com/freiheit-com/kuberpult/pkg/db/db_testutil.go:30.34,32.25 2 1
github.com/freiheit-com/kuberpult/pkg/db/db_testutil.go:32.25,34.3 1 1
github.com/freiheit-com/kuberpult/pkg/db/db_testutil.go:35.2,35.34 1 1
github.com/freiheit-com/kuberpult/pkg/db/db_testutil.go:39.56,42.16 3 1
github.com/freiheit-com/kuberpult/pkg/db/db_testutil.go:42.16,43.37 1 0
github.com/freiheit-com/kuberpult/pkg/db/db_testutil.go:43.37,45.18 2 0
github.com/freiheit-com/kuberpult/pkg/db/db_testutil.go:45.18,47.5 1 0
github.com/freiheit-com/kuberpult/pkg/db/db_testutil.go:49.4,49.60 1 0
github.com/freiheit-com/kuberpult/pkg/db/db_testutil.go:51.3,51.17 1 0
github.com/freiheit-com/kuberpult/pkg/db/db_testutil.go:53.2,53.28 1 1
github.com/freiheit-com/kuberpult/pkg/db/db_testutil.go:56.150,75.16 3 1
github.com/freiheit-com/kuberpult/pkg/db/db_testutil.go:75.16,77.3 1 0
github.com/freiheit-com/kuberpult/pkg/db/db_testutil.go:79.2,86.16 5 1
github.com/freiheit-com/kuberpult/pkg/db/db_testutil.go:86.16,89.3 1 0
github.com/freiheit-com/kuberpult/pkg/db/db_testutil.go:90.2,95.16 3 1
github.com/freiheit-com/kuberpult/pkg/db/db_testutil.go:95.16,97.3 1 0
github.com/freiheit-com/kuberpult/pkg/db/db_testutil.go:98.2,103.16 5 1
github.com/freiheit-com/kuberpult/pkg/db/db_testutil.go:103.16,105.3 1 0
github.com/freiheit-com/kuberpult/pkg/db/db_testutil.go:107.2,107.22 1 1
github.com/freiheit-com/kuberpult/pkg/db/transactions.go:42.93,43.135 1 1
github.com/freiheit-com/kuberpult/pkg/db/transactions.go:43.135,45.18 2 1
github.com/freiheit-com/kuberpult/pkg/db/transactions.go:45.18,47.4 1 0
github.com/freiheit-com/kuberpult/pkg/db/transactions.go:48.3,48.18 1 1
github.com/freiheit-com/kuberpult/pkg/db/transactions.go:50.2,50.16 1 1
github.com/freiheit-com/kuberpult/pkg/db/transactions.go:50.16,52.3 1 0
github.com/freiheit-com/kuberpult/pkg/db/transactions.go:53.2,53.12 1 1
github.com/freiheit-com/kuberpult/pkg/db/transactions.go:57.112,58.128 1 1
github.com/freiheit-com/kuberpult/pkg/db/transactions.go:58.128,60.18 2 1
github.com/freiheit-com/kuberpult/pkg/db/transactions.go:60.18,62.4 1 0
github.com/freiheit-com/kuberpult/pkg/db/transactions.go:63.3,63.18 1 1
github.com/freiheit-com/kuberpult/pkg/db/transactions.go:65.2,65.16 1 1
github.com/freiheit-com/kuberpult/pkg/db/transactions.go:65.16,67.3 1 0
github.com/freiheit-com/kuberpult/pkg/db/transactions.go:68.2,68.12 1 1
github.com/freiheit-com/kuberpult/pkg/db/transactions.go:72.128,79.65 4 1
github.com/freiheit-com/kuberpult/pkg/db/transactions.go:79.65,81.18 2 1
github.com/freiheit-com/kuberpult/pkg/db/transactions.go:81.18,83.4 1 0
github.com/freiheit-com/kuberpult/pkg/db/transactions.go:84.3,84.18 1 1
github.com/freiheit-com/kuberpult/pkg/db/transactions.go:84.18,86.4 1 1
github.com/freiheit-com/kuberpult/pkg/db/transactions.go:87.3,87.25 1 1
github.com/freiheit-com/kuberpult/pkg/db/transactions.go:89.2,89.33 1 1
github.com/freiheit-com/kuberpult/pkg/db/transactions.go:89.33,92.3 2 1
github.com/freiheit-com/kuberpult/pkg/db/transactions.go:93.2,93.21 1 1
github.com/freiheit-com/kuberpult/pkg/db/transactions.go:97.141,102.2 1 0
github.com/freiheit-com/kuberpult/pkg/db/transactions.go:110.145,116.40 5 1
github.com/freiheit-com/kuberpult/pkg/db/transactions.go:116.40,119.3 2 0
github.com/freiheit-com/kuberpult/pkg/db/transactions.go:121.2,121.76 1 1
github.com/freiheit-com/kuberpult/pkg/db/transactions.go:121.76,122.27 1 0
github.com/freiheit-com/kuberpult/pkg/db/transactions.go:122.27,124.4 1 0
github.com/freiheit-com/kuberpult/pkg/db/transactions.go:125.3,125.34 1 0
github.com/freiheit-com/kuberpult/pkg/db/transactions.go:125.34,137.4 6 0
github.com/freiheit-com/kuberpult/pkg/db/transactions.go:137.9,139.4 1 0
github.com/freiheit-com/kuberpult/pkg/db/transactions.go:140.3,140.16 1 0
github.com/freiheit-com/kuberpult/pkg/db/transactions.go:143.2,144.16 2 1
github.com/freiheit-com/kuberpult/pkg/db/transactions.go:144.16,146.3 1 0
github.com/freiheit-com/kuberpult/pkg/db/transactions.go:147.2,147.25 1 1
github.com/freiheit-com/kuberpult/pkg/db/transactions.go:147.25,151.3 1 1
github.com/freiheit-com/kuberpult/pkg/db/transactions.go:153.2,154.16 2 1
github.com/freiheit-com/kuberpult/pkg/db/transactions.go:154.16,156.3 1 0
github.com/freiheit-com/kuberpult/pkg/db/transactions.go:157.2,158.16 2 1
github.com/freiheit-com/kuberpult/pkg/db/transactions.go:158.16,160.3 1 0
github.com/freiheit-com/kuberpult/pkg/db/transactions.go:161.2,161.20 1 1
github.com/freiheit-com/kuberpult/pkg/db/transactions.go:164.91,169.2 1 1
github.com/freiheit-com/kuberpult/pkg/db/transactions.go:171.47,173.18 2 1
github.com/freiheit-com/kuberpult/pkg/db/transactions.go:173.18,176.3 1 1
github.com/freiheit-com/kuberpult/pkg/db/transactions.go:177.2,179.80 2 1
github.com/freiheit-com/kuberpult/pkg/db/transactions.go:182.52,184.28 2 1
github.com/freiheit-com/kuberpult/pkg/db/transactions.go:184.28,186.3 1 1
github.com/freiheit-com/kuberpult/pkg/db/transactions.go:187.2,187.12 1 1
