mode: set
github.com/freiheit-com/kuberpult/pkg/api/v1/api.pb.go:49.46,53.2 3 0
github.com/freiheit-com/kuberpult/pkg/api/v1/api.pb.go:55.40,57.2 1 0
github.com/freiheit-com/kuberpult/pkg/api/v1/api.pb.go:59.63,61.2 1 0
github.com/freiheit-com/kuberpult/pkg/api/v1/api.pb.go:63.51,65.2 1 0
github.com/freiheit-com/kuberpult/pkg/api/v1/api.pb.go:67.57,69.2 1 0
github.com/freiheit-com/kuberpult/pkg/api/v1/api.pb.go:72.55,74.2 1 0
github.com/freiheit-com/kuberpult/pkg/api/v1/api.pb.go:110.48,114.2 3 0
github.com/freiheit-com/kuberpult/pkg/api/v1/api.pb.go:116.41,118.2 1 0
github.com/freiheit-com/kuberpult/pkg/api/v1/api.pb.go:120.64,122.2 1 0
github.com/freiheit-com/kuberpult/pkg/api/v1/api.pb.go:124.52,126.2 1 0
github.com/freiheit-com/kuberpult/pkg/api/v1/api.pb.go:128.58,130.2 1 0
github.com/freiheit-com/kuberpult/pkg/api/v1/api.pb.go:133.56,135.2 1 0
github.com/freiheit-com/kuberpult/pkg/api/v1/api.pb.go:159.44,163.2 3 0
github.com/freiheit-com/kuberpult/pkg/api/v1/api.pb.go:165.39,167.2 1 0
github.com/freiheit-com/kuberpult/pkg/api/v1/api.pb.go:169.62,171.2 1 0
github.com/freiheit-com/kuberpult/pkg/api/v1/api.pb.go:173.50,175.2 1 0
github.com/freiheit-com/kuberpult/pkg/api/v1/api.pb.go:177.56,179.2 1 0
github.com/freiheit-com/kuberpult/pkg/api/v1/api.pb.go:182.54,184.2 1 0
github.com/freiheit-com/kuberpult/pkg/api/v1/api.pb.go:224.36,228.2 3 0
github.com/freiheit-com/kuberpult/pkg/api/v1/api.pb.go:230.35,232.2 1 0
github.com/freiheit-com/kuberpult/pkg/api/v1/api.pb.go:234.58,236.2 1 0
github.com/freiheit-com/kuberpult/pkg/api/v1/api.pb.go:238.46,240.2 1 0
github.com/freiheit-com/kuberpult/pkg/api/v1/api.pb.go:242.52,244.2 1 0
github.com/freiheit-com/kuberpult/pkg/api/v1/api.pb.go:247.50,249.2 1 0
github.com/freiheit-com/kuberpult/pkg/api/v1/api.pb.go:276.50,280.2 3 0
github.com/freiheit-com/kuberpult/pkg/api/v1/api.pb.go:282.42,284.2 1 0
github.com/freiheit-com/kuberpult/pkg/api/v1/api.pb.go:286.65,288.2 1 0
github.com/freiheit-com/kuberpult/pkg/api/v1/api.pb.go:290.53,292.2 1 0
github.com/freiheit-com/kuberpult/pkg/api/v1/api.pb.go:294.59,296.2 1 0
github.com/freiheit-com/kuberpult/pkg/api/v1/api.pb.go:299.57,301.2 1 0
github.com/freiheit-com/kuberpult/pkg/api/v1/api.pb.go:338.46,342.2 3 0
github.com/freiheit-com/kuberpult/pkg/api/v1/api.pb.go:344.40,346.2 1 0
github.com/freiheit-com/kuberpult/pkg/api/v1/api.pb.go:348.63,350.2 1 0
github.com/freiheit-com/kuberpult/pkg/api/v1/api.pb.go:352.51,354.2 1 0
github.com/freiheit-com/kuberpult/pkg/api/v1/api.pb.go:356.57,358.2 1 0
github.com/freiheit-com/kuberpult/pkg/api/v1/api.pb.go:361.55,363.2 1 0
github.com/freiheit-com/kuberpult/pkg/api/v1/api.pb.go:402.68,406.2 3 0
github.com/freiheit-com/kuberpult/pkg/api/v1/api.pb.go:408.51,410.2 1 0
github.com/freiheit-com/kuberpult/pkg/api/v1/api.pb.go:412.74,414.2 1 0
github.com/freiheit-com/kuberpult/pkg/api/v1/api.pb.go:416.62,418.2 1 0
github.com/freiheit-com/kuberpult/pkg/api/v1/api.pb.go:420.68,422.2 1 0
github.com/freiheit-com/kuberpult/pkg/api/v1/api.pb.go:425.66,427.2 1 0
github.com/freiheit-com/kuberpult/pkg/api/v1/api.pb.go:457.68,461.2 3 0
github.com/freiheit-com/kuberpult/pkg/api/v1/api.pb.go:463.51,465.2 1 0
github.com/freiheit-com/kuberpult/pkg/api/v1/api.pb.go:467.74,469.2 1 0
github.com/freiheit-com/kuberpult/pkg/api/v1/api.pb.go:471.62,473.2 1 0
github.com/freiheit-com/kuberpult/pkg/api/v1/api.pb.go:475.68,477.2 1 0
github.com/freiheit-com/kuberpult/pkg/api/v1/api.pb.go:480.66,482.2 1 0
github.com/freiheit-com/kuberpult/pkg/api/v1/api.pb.go:506.64,510.2 3 0
github.com/freiheit-com/kuberpult/pkg/api/v1/api.pb.go:512.49,514.2 1 0
github.com/freiheit-com/kuberpult/pkg/api/v1/api.pb.go:516.72,518.2 1 0
github.com/freiheit-com/kuberpult/pkg/api/v1/api.pb.go:520.60,522.2 1 0
github.com/freiheit-com/kuberpult/pkg/api/v1/api.pb.go:524.66,526.2 1 0
github.com/freiheit-com/kuberpult/pkg/api/v1/api.pb.go:529.64,531.2 1 0
github.com/freiheit-com/kuberpult/pkg/api/v1/api.pb.go:558.94,562.2 3 0
github.com/freiheit-com/kuberpult/pkg/api/v1/api.pb.go:564.64,566.2 1 0
github.com/freiheit-com/kuberpult/pkg/api/v1/api.pb.go:568.87,570.2 1 0
github.com/freiheit-com/kuberpult/pkg/api/v1/api.pb.go:572.75,574.2 1 0
github.com/freiheit-com/kuberpult/pkg/api/v1/api.pb.go:576.81,578.2 1 0
github.com/freiheit-com/kuberpult/pkg/api/v1/api.pb.go:581.79,583.2 1 0
github.com/freiheit-com/kuberpult/pkg/api/v1/api.pb.go:607.80,611.2 3 0
github.com/freiheit-com/kuberpult/pkg/api/v1/api.pb.go:613.57,615.2 1 0
github.com/freiheit-com/kuberpult/pkg/api/v1/api.pb.go:617.80,619.2 1 0
github.com/freiheit-com/kuberpult/pkg/api/v1/api.pb.go:621.68,623.2 1 0
github.com/freiheit-com/kuberpult/pkg/api/v1/api.pb.go:625.74,627.2 1 0
github.com/freiheit-com/kuberpult/pkg/api/v1/api.pb.go:630.72,632.2 1 0
github.com/freiheit-com/kuberpult/pkg/api/v1/api.pb.go:640.37,642.29 2 0
github.com/freiheit-com/kuberpult/pkg/api/v1/api.pb.go:642.29,646.3 3 0
github.com/freiheit-com/kuberpult/pkg/api/v1/api.pb.go:649.45,651.2 1 0
github.com/freiheit-com/kuberpult/pkg/api/v1/api.pb.go:653.43,653.44 0 0
github.com/freiheit-com/kuberpult/pkg/api/v1/api.pb.go:655.65,657.41 2 0
github.com/freiheit-com/kuberpult/pkg/api/v1/api.pb.go:657.41,659.34 2 0
github.com/freiheit-com/kuberpult/pkg/api/v1/api.pb.go:659.34,661.4 1 0
github.com/freiheit-com/kuberpult/pkg/api/v1/api.pb.go:662.3,662.12 1 0
github.com/freiheit-com/kuberpult/pkg/api/v1/api.pb.go:664.2,664.24 1 0
github.com/freiheit-com/kuberpult/pkg/api/v1/api.pb.go:668.56,670.2 1 0
github.com/freiheit-com/kuberpult/pkg/api/v1/api.pb.go:680.43,682.29 2 0
github.com/freiheit-com/kuberpult/pkg/api/v1/api.pb.go:682.29,686.3 3 0
github.com/freiheit-com/kuberpult/pkg/api/v1/api.pb.go:689.51,691.2 1 0
github.com/freiheit-com/kuberpult/pkg/api/v1/api.pb.go:693.49,693.50 0 0
github.com/freiheit-com/kuberpult/pkg/api/v1/api.pb.go:695.71,697.41 2 0
github.com/freiheit-com/kuberpult/pkg/api/v1/api.pb.go:697.41,699.34 2 0
github.com/freiheit-com/kuberpult/pkg/api/v1/api.pb.go:699.34,701.4 1 0
github.com/freiheit-com/kuberpult/pkg/api/v1/api.pb.go:702.3,702.12 1 0
github.com/freiheit-com/kuberpult/pkg/api/v1/api.pb.go:704.2,704.24 1 0
github.com/freiheit-com/kuberpult/pkg/api/v1/api.pb.go:708.62,710.2 1 0
github.com/freiheit-com/kuberpult/pkg/api/v1/api.pb.go:712.58,713.14 1 0
github.com/freiheit-com/kuberpult/pkg/api/v1/api.pb.go:713.14,715.3 1 0
github.com/freiheit-com/kuberpult/pkg/api/v1/api.pb.go:716.2,716.10 1 0
github.com/freiheit-com/kuberpult/pkg/api/v1/api.pb.go:725.44,727.29 2 0
github.com/freiheit-com/kuberpult/pkg/api/v1/api.pb.go:727.29,731.3 3 0
github.com/freiheit-com/kuberpult/pkg/api/v1/api.pb.go:734.52,736.2 1 0
github.com/freiheit-com/kuberpult/pkg/api/v1/api.pb.go:738.50,738.51 0 0
github.com/freiheit-com/kuberpult/pkg/api/v1/api.pb.go:740.72,742.41 2 0
github.com/freiheit-com/kuberpult/pkg/api/v1/api.pb.go:742.41,744.34 2 0
github.com/freiheit-com/kuberpult/pkg/api/v1/api.pb.go:744.34,746.4 1 0
github.com/freiheit-com/kuberpult/pkg/api/v1/api.pb.go:747.3,747.12 1 0
github.com/freiheit-com/kuberpult/pkg/api/v1/api.pb.go:749.2,749.24 1 0
github.com/freiheit-com/kuberpult/pkg/api/v1/api.pb.go:753.63,755.2 1 0
github.com/freiheit-com/kuberpult/pkg/api/v1/api.pb.go:765.38,767.29 2 0
github.com/freiheit-com/kuberpult/pkg/api/v1/api.pb.go:767.29,771.3 3 0
github.com/freiheit-com/kuberpult/pkg/api/v1/api.pb.go:774.46,776.2 1 0
github.com/freiheit-com/kuberpult/pkg/api/v1/api.pb.go:778.44,778.45 0 0
github.com/freiheit-com/kuberpult/pkg/api/v1/api.pb.go:780.66,782.41 2 0
github.com/freiheit-com/kuberpult/pkg/api/v1/api.pb.go:782.41,784.34 2 0
github.com/freiheit-com/kuberpult/pkg/api/v1/api.pb.go:784.34,786.4 1 0
github.com/freiheit-com/kuberpult/pkg/api/v1/api.pb.go:787.3,787.12 1 0
github.com/freiheit-com/kuberpult/pkg/api/v1/api.pb.go:789.2,789.24 1 0
github.com/freiheit-com/kuberpult/pkg/api/v1/api.pb.go:793.57,795.2 1 0
github.com/freiheit-com/kuberpult/pkg/api/v1/api.pb.go:797.54,798.14 1 0
github.com/freiheit-com/kuberpult/pkg/api/v1/api.pb.go:798.14,800.3 1 0
github.com/freiheit-com/kuberpult/pkg/api/v1/api.pb.go:801.2,801.12 1 0
github.com/freiheit-com/kuberpult/pkg/api/v1/api.pb.go:814.44,816.29 2 0
github.com/freiheit-com/kuberpult/pkg/api/v1/api.pb.go:816.29,820.3 3 0
github.com/freiheit-com/kuberpult/pkg/api/v1/api.pb.go:823.52,825.2 1 0
github.com/freiheit-com/kuberpult/pkg/api/v1/api.pb.go:827.50,827.51 0 0
github.com/freiheit-com/kuberpult/pkg/api/v1/api.pb.go:829.72,831.41 2 0
github.com/freiheit-com/kuberpult/pkg/api/v1/api.pb.go:831.41,833.34 2 0
github.com/freiheit-com/kuberpult/pkg/api/v1/api.pb.go:833.34,835.4 1 0
github.com/freiheit-com/kuberpult/pkg/api/v1/api.pb.go:836.3,836.12 1 0
github.com/freiheit-com/kuberpult/pkg/api/v1/api.pb.go:838.2,838.24 1 0
github.com/freiheit-com/kuberpult/pkg/api/v1/api.pb.go:842.63,844.2 1 0
github.com/freiheit-com/kuberpult/pkg/api/v1/api.pb.go:846.71,847.14 1 0
github.com/freiheit-com/kuberpult/pkg/api/v1/api.pb.go:847.14,849.3 1 0
github.com/freiheit-com/kuberpult/pkg/api/v1/api.pb.go:850.2,850.11 1 0
github.com/freiheit-com/kuberpult/pkg/api/v1/api.pb.go:853.60,854.38 1 0
github.com/freiheit-com/kuberpult/pkg/api/v1/api.pb.go:854.38,856.3 1 0
github.com/freiheit-com/kuberpult/pkg/api/v1/api.pb.go:857.2,857.11 1 0
github.com/freiheit-com/kuberpult/pkg/api/v1/api.pb.go:860.65,861.43 1 0
github.com/freiheit-com/kuberpult/pkg/api/v1/api.pb.go:861.43,863.3 1 0
github.com/freiheit-com/kuberpult/pkg/api/v1/api.pb.go:864.2,864.11 1 0
github.com/freiheit-com/kuberpult/pkg/api/v1/api.pb.go:875.45,877.29 2 0
github.com/freiheit-com/kuberpult/pkg/api/v1/api.pb.go:877.29,881.3 3 0
github.com/freiheit-com/kuberpult/pkg/api/v1/api.pb.go:884.53,886.2 1 0
github.com/freiheit-com/kuberpult/pkg/api/v1/api.pb.go:888.51,888.52 0 0
github.com/freiheit-com/kuberpult/pkg/api/v1/api.pb.go:890.73,892.41 2 0
github.com/freiheit-com/kuberpult/pkg/api/v1/api.pb.go:892.41,894.34 2 0
github.com/freiheit-com/kuberpult/pkg/api/v1/api.pb.go:894.34,896.4 1 0
github.com/freiheit-com/kuberpult/pkg/api/v1/api.pb.go:897.3,897.12 1 0
github.com/freiheit-com/kuberpult/pkg/api/v1/api.pb.go:899.2,899.24 1 0
github.com/freiheit-com/kuberpult/pkg/api/v1/api.pb.go:903.64,905.2 1 0
github.com/freiheit-com/kuberpult/pkg/api/v1/api.pb.go:907.75,908.14 1 0
github.com/freiheit-com/kuberpult/pkg/api/v1/api.pb.go:908.14,910.3 1 0
github.com/freiheit-com/kuberpult/pkg/api/v1/api.pb.go:911.2,911.12 1 0
github.com/freiheit-com/kuberpult/pkg/api/v1/api.pb.go:927.34,929.29 2 0
github.com/freiheit-com/kuberpult/pkg/api/v1/api.pb.go:929.29,933.3 3 0
github.com/freiheit-com/kuberpult/pkg/api/v1/api.pb.go:936.42,938.2 1 0
github.com/freiheit-com/kuberpult/pkg/api/v1/api.pb.go:940.40,940.41 0 0
github.com/freiheit-com/kuberpult/pkg/api/v1/api.pb.go:942.62,944.41 2 0
github.com/freiheit-com/kuberpult/pkg/api/v1/api.pb.go:944.41,946.34 2 0
github.com/freiheit-com/kuberpult/pkg/api/v1/api.pb.go:946.34,948.4 1 0
github.com/freiheit-com/kuberpult/pkg/api/v1/api.pb.go:949.3,949.12 1 0
github.com/freiheit-com/kuberpult/pkg/api/v1/api.pb.go:951.2,951.24 1 0
github.com/freiheit-com/kuberpult/pkg/api/v1/api.pb.go:955.53,957.2 1 0
github.com/freiheit-com/kuberpult/pkg/api/v1/api.pb.go:959.42,960.14 1 0
github.com/freiheit-com/kuberpult/pkg/api/v1/api.pb.go:960.14,962.3 1 0
github.com/freiheit-com/kuberpult/pkg/api/v1/api.pb.go:963.2,963.11 1 0
github.com/freiheit-com/kuberpult/pkg/api/v1/api.pb.go:966.46,967.14 1 0
github.com/freiheit-com/kuberpult/pkg/api/v1/api.pb.go:967.14,969.3 1 0
github.com/freiheit-com/kuberpult/pkg/api/v1/api.pb.go:970.2,970.11 1 0
github.com/freiheit-com/kuberpult/pkg/api/v1/api.pb.go:973.47,974.14 1 0
github.com/freiheit-com/kuberpult/pkg/api/v1/api.pb.go:974.14,976.3 1 0
github.com/freiheit-com/kuberpult/pkg/api/v1/api.pb.go:977.2,977.11 1 0
github.com/freiheit-com/kuberpult/pkg/api/v1/api.pb.go:980.53,981.14 1 0
github.com/freiheit-com/kuberpult/pkg/api/v1/api.pb.go:981.14,983.3 1 0
github.com/freiheit-com/kuberpult/pkg/api/v1/api.pb.go:984.2,984.11 1 0
github.com/freiheit-com/kuberpult/pkg/api/v1/api.pb.go:987.50,988.14 1 0
github.com/freiheit-com/kuberpult/pkg/api/v1/api.pb.go:988.14,990.3 1 0
github.com/freiheit-com/kuberpult/pkg/api/v1/api.pb.go:991.2,991.11 1 0
github.com/freiheit-com/kuberpult/pkg/api/v1/api.pb.go:994.43,995.14 1 0
github.com/freiheit-com/kuberpult/pkg/api/v1/api.pb.go:995.14,997.3 1 0
github.com/freiheit-com/kuberpult/pkg/api/v1/api.pb.go:998.2,998.11 1 0
github.com/freiheit-com/kuberpult/pkg/api/v1/api.pb.go:1011.40,1013.29 2 0
github.com/freiheit-com/kuberpult/pkg/api/v1/api.pb.go:1013.29,1017.3 3 0
github.com/freiheit-com/kuberpult/pkg/api/v1/api.pb.go:1020.48,1022.2 1 0
github.com/freiheit-com/kuberpult/pkg/api/v1/api.pb.go:1024.46,1024.47 0 0
github.com/freiheit-com/kuberpult/pkg/api/v1/api.pb.go:1026.68,1028.41 2 0
github.com/freiheit-com/kuberpult/pkg/api/v1/api.pb.go:1028.41,1030.34 2 0
github.com/freiheit-com/kuberpult/pkg/api/v1/api.pb.go:1030.34,1032.4 1 0
github.com/freiheit-com/kuberpult/pkg/api/v1/api.pb.go:1033.3,1033.12 1 0
github.com/freiheit-com/kuberpult/pkg/api/v1/api.pb.go:1035.2,1035.24 1 0
github.com/freiheit-com/kuberpult/pkg/api/v1/api.pb.go:1039.59,1041.2 1 0
github.com/freiheit-com/kuberpult/pkg/api/v1/api.pb.go:1043.55,1044.14 1 0
github.com/freiheit-com/kuberpult/pkg/api/v1/api.pb.go:1044.14,1046.3 1 0
github.com/freiheit-com/kuberpult/pkg/api/v1/api.pb.go:1047.2,1047.11 1 0
github.com/freiheit-com/kuberpult/pkg/api/v1/api.pb.go:1050.55,1051.14 1 0
github.com/freiheit-com/kuberpult/pkg/api/v1/api.pb.go:1051.14,1053.3 1 0
github.com/freiheit-com/kuberpult/pkg/api/v1/api.pb.go:1054.2,1054.10 1 0
github.com/freiheit-com/kuberpult/pkg/api/v1/api.pb.go:1073.41,1075.29 2 0
github.com/freiheit-com/kuberpult/pkg/api/v1/api.pb.go:1075.29,1079.3 3 0
github.com/freiheit-com/kuberpult/pkg/api/v1/api.pb.go:1082.49,1084.2 1 0
github.com/freiheit-com/kuberpult/pkg/api/v1/api.pb.go:1086.47,1086.48 0 0
github.com/freiheit-com/kuberpult/pkg/api/v1/api.pb.go:1088.69,1090.41 2 0
github.com/freiheit-com/kuberpult/pkg/api/v1/api.pb.go:1090.41,1092.34 2 0
github.com/freiheit-com/kuberpult/pkg/api/v1/api.pb.go:1092.34,1094.4 1 0
github.com/freiheit-com/kuberpult/pkg/api/v1/api.pb.go:1095.3,1095.12 1 0
github.com/freiheit-com/kuberpult/pkg/api/v1/api.pb.go:1097.2,1097.24 1 0
github.com/freiheit-com/kuberpult/pkg/api/v1/api.pb.go:1101.60,1103.2 1 0
github.com/freiheit-com/kuberpult/pkg/api/v1/api.pb.go:1105.56,1106.14 1 0
github.com/freiheit-com/kuberpult/pkg/api/v1/api.pb.go:1106.14,1108.3 1 0
github.com/freiheit-com/kuberpult/pkg/api/v1/api.pb.go:1109.2,1109.11 1 0
github.com/freiheit-com/kuberpult/pkg/api/v1/api.pb.go:1112.59,1113.14 1 0
github.com/freiheit-com/kuberpult/pkg/api/v1/api.pb.go:1113.14,1115.3 1 0
github.com/freiheit-com/kuberpult/pkg/api/v1/api.pb.go:1116.2,1116.11 1 0
github.com/freiheit-com/kuberpult/pkg/api/v1/api.pb.go:1119.59,1120.14 1 0
github.com/freiheit-com/kuberpult/pkg/api/v1/api.pb.go:1120.14,1122.3 1 0
github.com/freiheit-com/kuberpult/pkg/api/v1/api.pb.go:1123.2,1123.12 1 0
github.com/freiheit-com/kuberpult/pkg/api/v1/api.pb.go:1126.54,1127.14 1 0
github.com/freiheit-com/kuberpult/pkg/api/v1/api.pb.go:1127.14,1129.3 1 0
github.com/freiheit-com/kuberpult/pkg/api/v1/api.pb.go:1130.2,1130.12 1 0
github.com/freiheit-com/kuberpult/pkg/api/v1/api.pb.go:1133.60,1134.14 1 0
github.com/freiheit-com/kuberpult/pkg/api/v1/api.pb.go:1134.14,1136.3 1 0
github.com/freiheit-com/kuberpult/pkg/api/v1/api.pb.go:1137.2,1137.11 1 0
github.com/freiheit-com/kuberpult/pkg/api/v1/api.pb.go:1140.64,1141.14 1 0
github.com/freiheit-com/kuberpult/pkg/api/v1/api.pb.go:1141.14,1143.3 1 0
github.com/freiheit-com/kuberpult/pkg/api/v1/api.pb.go:1144.2,1144.11 1 0
github.com/freiheit-com/kuberpult/pkg/api/v1/api.pb.go:1147.52,1148.14 1 0
github.com/freiheit-com/kuberpult/pkg/api/v1/api.pb.go:1148.14,1150.3 1 0
github.com/freiheit-com/kuberpult/pkg/api/v1/api.pb.go:1151.2,1151.14 1 0
github.com/freiheit-com/kuberpult/pkg/api/v1/api.pb.go:1160.43,1162.29 2 0
github.com/freiheit-com/kuberpult/pkg/api/v1/api.pb.go:1162.29,1166.3 3 0
github.com/freiheit-com/kuberpult/pkg/api/v1/api.pb.go:1169.51,1171.2 1 0
github.com/freiheit-com/kuberpult/pkg/api/v1/api.pb.go:1173.49,1173.50 0 0
github.com/freiheit-com/kuberpult/pkg/api/v1/api.pb.go:1175.71,1177.41 2 0
github.com/freiheit-com/kuberpult/pkg/api/v1/api.pb.go:1177.41,1179.34 2 0
github.com/freiheit-com/kuberpult/pkg/api/v1/api.pb.go:1179.34,1181.4 1 0
github.com/freiheit-com/kuberpult/pkg/api/v1/api.pb.go:1182.3,1182.12 1 0
github.com/freiheit-com/kuberpult/pkg/api/v1/api.pb.go:1184.2,1184.24 1 0
github.com/freiheit-com/kuberpult/pkg/api/v1/api.pb.go:1188.62,1190.2 1 0
github.com/freiheit-com/kuberpult/pkg/api/v1/api.pb.go:1200.44,1202.29 2 0
github.com/freiheit-com/kuberpult/pkg/api/v1/api.pb.go:1202.29,1206.3 3 0
github.com/freiheit-com/kuberpult/pkg/api/v1/api.pb.go:1209.52,1211.2 1 0
github.com/freiheit-com/kuberpult/pkg/api/v1/api.pb.go:1213.50,1213.51 0 0
github.com/freiheit-com/kuberpult/pkg/api/v1/api.pb.go:1215.72,1217.41 2 0
github.com/freiheit-com/kuberpult/pkg/api/v1/api.pb.go:1217.41,1219.34 2 0
github.com/freiheit-com/kuberpult/pkg/api/v1/api.pb.go:1219.34,1221.4 1 0
github.com/freiheit-com/kuberpult/pkg/api/v1/api.pb.go:1222.3,1222.12 1 0
github.com/freiheit-com/kuberpult/pkg/api/v1/api.pb.go:1224.2,1224.24 1 0
github.com/freiheit-com/kuberpult/pkg/api/v1/api.pb.go:1228.63,1230.2 1 0
github.com/freiheit-com/kuberpult/pkg/api/v1/api.pb.go:1232.79,1233.14 1 0
github.com/freiheit-com/kuberpult/pkg/api/v1/api.pb.go:1233.14,1235.3 1 0
github.com/freiheit-com/kuberpult/pkg/api/v1/api.pb.go:1236.2,1236.12 1 0
github.com/freiheit-com/kuberpult/pkg/api/v1/api.pb.go:1247.33,1249.29 2 0
github.com/freiheit-com/kuberpult/pkg/api/v1/api.pb.go:1249.29,1253.3 3 0
github.com/freiheit-com/kuberpult/pkg/api/v1/api.pb.go:1256.41,1258.2 1 0
github.com/freiheit-com/kuberpult/pkg/api/v1/api.pb.go:1260.39,1260.40 0 0
github.com/freiheit-com/kuberpult/pkg/api/v1/api.pb.go:1262.61,1264.41 2 0
github.com/freiheit-com/kuberpult/pkg/api/v1/api.pb.go:1264.41,1266.34 2 0
github.com/freiheit-com/kuberpult/pkg/api/v1/api.pb.go:1266.34,1268.4 1 0
github.com/freiheit-com/kuberpult/pkg/api/v1/api.pb.go:1269.3,1269.12 1 0
github.com/freiheit-com/kuberpult/pkg/api/v1/api.pb.go:1271.2,1271.24 1 0
github.com/freiheit-com/kuberpult/pkg/api/v1/api.pb.go:1275.52,1277.2 1 0
github.com/freiheit-com/kuberpult/pkg/api/v1/api.pb.go:1279.65,1280.14 1 0
github.com/freiheit-com/kuberpult/pkg/api/v1/api.pb.go:1280.14,1282.3 1 0
github.com/freiheit-com/kuberpult/pkg/api/v1/api.pb.go:1283.2,1283.12 1 0
github.com/freiheit-com/kuberpult/pkg/api/v1/api.pb.go:1294.39,1296.29 2 0
github.com/freiheit-com/kuberpult/pkg/api/v1/api.pb.go:1296.29,1300.3 3 0
github.com/freiheit-com/kuberpult/pkg/api/v1/api.pb.go:1303.47,1305.2 1 0
github.com/freiheit-com/kuberpult/pkg/api/v1/api.pb.go:1307.45,1307.46 0 0
github.com/freiheit-com/kuberpult/pkg/api/v1/api.pb.go:1309.67,1311.41 2 0
github.com/freiheit-com/kuberpult/pkg/api/v1/api.pb.go:1311.41,1313.34 2 0
github.com/freiheit-com/kuberpult/pkg/api/v1/api.pb.go:1313.34,1315.4 1 0
github.com/freiheit-com/kuberpult/pkg/api/v1/api.pb.go:1316.3,1316.12 1 0
github.com/freiheit-com/kuberpult/pkg/api/v1/api.pb.go:1318.2,1318.24 1 0
github.com/freiheit-com/kuberpult/pkg/api/v1/api.pb.go:1322.58,1324.2 1 0
github.com/freiheit-com/kuberpult/pkg/api/v1/api.pb.go:1326.59,1327.14 1 0
github.com/freiheit-com/kuberpult/pkg/api/v1/api.pb.go:1327.14,1329.3 1 0
github.com/freiheit-com/kuberpult/pkg/api/v1/api.pb.go:1330.2,1330.10 1 0
github.com/freiheit-com/kuberpult/pkg/api/v1/api.pb.go:1339.40,1341.29 2 0
github.com/freiheit-com/kuberpult/pkg/api/v1/api.pb.go:1341.29,1345.3 3 0
github.com/freiheit-com/kuberpult/pkg/api/v1/api.pb.go:1348.48,1350.2 1 0
github.com/freiheit-com/kuberpult/pkg/api/v1/api.pb.go:1352.46,1352.47 0 0
github.com/freiheit-com/kuberpult/pkg/api/v1/api.pb.go:1354.68,1356.41 2 0
github.com/freiheit-com/kuberpult/pkg/api/v1/api.pb.go:1356.41,1358.34 2 0
github.com/freiheit-com/kuberpult/pkg/api/v1/api.pb.go:1358.34,1360.4 1 0
github.com/freiheit-com/kuberpult/pkg/api/v1/api.pb.go:1361.3,1361.12 1 0
github.com/freiheit-com/kuberpult/pkg/api/v1/api.pb.go:1363.2,1363.24 1 0
github.com/freiheit-com/kuberpult/pkg/api/v1/api.pb.go:1367.59,1369.2 1 0
github.com/freiheit-com/kuberpult/pkg/api/v1/api.pb.go:1390.25,1392.29 2 0
github.com/freiheit-com/kuberpult/pkg/api/v1/api.pb.go:1392.29,1396.3 3 0
github.com/freiheit-com/kuberpult/pkg/api/v1/api.pb.go:1399.33,1401.2 1 0
github.com/freiheit-com/kuberpult/pkg/api/v1/api.pb.go:1403.31,1403.32 0 0
github.com/freiheit-com/kuberpult/pkg/api/v1/api.pb.go:1405.53,1407.41 2 0
github.com/freiheit-com/kuberpult/pkg/api/v1/api.pb.go:1407.41,1409.34 2 0
github.com/freiheit-com/kuberpult/pkg/api/v1/api.pb.go:1409.34,1411.4 1 0
github.com/freiheit-com/kuberpult/pkg/api/v1/api.pb.go:1412.3,1412.12 1 0
github.com/freiheit-com/kuberpult/pkg/api/v1/api.pb.go:1414.2,1414.24 1 0
github.com/freiheit-com/kuberpult/pkg/api/v1/api.pb.go:1418.44,1420.2 1 0
github.com/freiheit-com/kuberpult/pkg/api/v1/api.pb.go:1422.55,1423.14 1 0
github.com/freiheit-com/kuberpult/pkg/api/v1/api.pb.go:1423.14,1425.3 1 0
github.com/freiheit-com/kuberpult/pkg/api/v1/api.pb.go:1426.2,1426.12 1 0
github.com/freiheit-com/kuberpult/pkg/api/v1/api.pb.go:1429.34,1430.14 1 0
github.com/freiheit-com/kuberpult/pkg/api/v1/api.pb.go:1430.14,1432.3 1 0
github.com/freiheit-com/kuberpult/pkg/api/v1/api.pb.go:1433.2,1433.11 1 0
github.com/freiheit-com/kuberpult/pkg/api/v1/api.pb.go:1436.50,1437.14 1 0
github.com/freiheit-com/kuberpult/pkg/api/v1/api.pb.go:1437.14,1439.3 1 0
github.com/freiheit-com/kuberpult/pkg/api/v1/api.pb.go:1440.2,1440.12 1 0
github.com/freiheit-com/kuberpult/pkg/api/v1/api.pb.go:1443.61,1444.63 1 0
github.com/freiheit-com/kuberpult/pkg/api/v1/api.pb.go:1444.63,1446.3 1 0
github.com/freiheit-com/kuberpult/pkg/api/v1/api.pb.go:1447.2,1447.12 1 0
github.com/freiheit-com/kuberpult/pkg/api/v1/api.pb.go:1450.55,1451.60 1 0
github.com/freiheit-com/kuberpult/pkg/api/v1/api.pb.go:1451.60,1453.3 1 0
github.com/freiheit-com/kuberpult/pkg/api/v1/api.pb.go:1454.2,1454.12 1 0
github.com/freiheit-com/kuberpult/pkg/api/v1/api.pb.go:1457.81,1458.73 1 0
github.com/freiheit-com/kuberpult/pkg/api/v1/api.pb.go:1458.73,1460.3 1 0
github.com/freiheit-com/kuberpult/pkg/api/v1/api.pb.go:1461.2,1461.12 1 0
github.com/freiheit-com/kuberpult/pkg/api/v1/api.pb.go:1464.55,1465.60 1 0
github.com/freiheit-com/kuberpult/pkg/api/v1/api.pb.go:1465.60,1467.3 1 0
github.com/freiheit-com/kuberpult/pkg/api/v1/api.pb.go:1468.2,1468.12 1 0
github.com/freiheit-com/kuberpult/pkg/api/v1/api.pb.go:1491.55,1491.56 0 0
github.com/freiheit-com/kuberpult/pkg/api/v1/api.pb.go:1493.52,1493.53 0 0
github.com/freiheit-com/kuberpult/pkg/api/v1/api.pb.go:1495.65,1495.66 0 0
github.com/freiheit-com/kuberpult/pkg/api/v1/api.pb.go:1497.52,1497.53 0 0
github.com/freiheit-com/kuberpult/pkg/api/v1/api.pb.go:1507.38,1509.29 2 0
github.com/freiheit-com/kuberpult/pkg/api/v1/api.pb.go:1509.29,1513.3 3 0
github.com/freiheit-com/kuberpult/pkg/api/v1/api.pb.go:1516.46,1518.2 1 0
github.com/freiheit-com/kuberpult/pkg/api/v1/api.pb.go:1520.44,1520.45 0 0
github.com/freiheit-com/kuberpult/pkg/api/v1/api.pb.go:1522.66,1524.41 2 0
github.com/freiheit-com/kuberpult/pkg/api/v1/api.pb.go:1524.41,1526.34 2 0
github.com/freiheit-com/kuberpult/pkg/api/v1/api.pb.go:1526.34,1528.4 1 0
github.com/freiheit-com/kuberpult/pkg/api/v1/api.pb.go:1529.3,1529.12 1 0
github.com/freiheit-com/kuberpult/pkg/api/v1/api.pb.go:1531.2,1531.24 1 0
github.com/freiheit-com/kuberpult/pkg/api/v1/api.pb.go:1535.57,1537.2 1 0
github.com/freiheit-com/kuberpult/pkg/api/v1/api.pb.go:1539.61,1540.14 1 0
github.com/freiheit-com/kuberpult/pkg/api/v1/api.pb.go:1540.14,1542.3 1 0
github.com/freiheit-com/kuberpult/pkg/api/v1/api.pb.go:1543.2,1543.12 1 0
github.com/freiheit-com/kuberpult/pkg/api/v1/api.pb.go:1556.35,1558.29 2 0
github.com/freiheit-com/kuberpult/pkg/api/v1/api.pb.go:1558.29,1562.3 3 0
github.com/freiheit-com/kuberpult/pkg/api/v1/api.pb.go:1565.43,1567.2 1 0
github.com/freiheit-com/kuberpult/pkg/api/v1/api.pb.go:1569.41,1569.42 0 0
github.com/freiheit-com/kuberpult/pkg/api/v1/api.pb.go:1571.63,1573.41 2 0
github.com/freiheit-com/kuberpult/pkg/api/v1/api.pb.go:1573.41,1575.34 2 0
github.com/freiheit-com/kuberpult/pkg/api/v1/api.pb.go:1575.34,1577.4 1 0
github.com/freiheit-com/kuberpult/pkg/api/v1/api.pb.go:1578.3,1578.12 1 0
github.com/freiheit-com/kuberpult/pkg/api/v1/api.pb.go:1580.2,1580.24 1 0
github.com/freiheit-com/kuberpult/pkg/api/v1/api.pb.go:1584.54,1586.2 1 0
github.com/freiheit-com/kuberpult/pkg/api/v1/api.pb.go:1588.51,1589.14 1 0
github.com/freiheit-com/kuberpult/pkg/api/v1/api.pb.go:1589.14,1591.3 1 0
github.com/freiheit-com/kuberpult/pkg/api/v1/api.pb.go:1592.2,1592.11 1 0
github.com/freiheit-com/kuberpult/pkg/api/v1/api.pb.go:1595.57,1596.14 1 0
github.com/freiheit-com/kuberpult/pkg/api/v1/api.pb.go:1596.14,1598.3 1 0
github.com/freiheit-com/kuberpult/pkg/api/v1/api.pb.go:1599.2,1599.11 1 0
github.com/freiheit-com/kuberpult/pkg/api/v1/api.pb.go:1602.87,1603.14 1 0
github.com/freiheit-com/kuberpult/pkg/api/v1/api.pb.go:1603.14,1605.3 1 0
github.com/freiheit-com/kuberpult/pkg/api/v1/api.pb.go:1606.2,1606.12 1 0
github.com/freiheit-com/kuberpult/pkg/api/v1/api.pb.go:1620.48,1622.29 2 0
github.com/freiheit-com/kuberpult/pkg/api/v1/api.pb.go:1622.29,1626.3 3 0
github.com/freiheit-com/kuberpult/pkg/api/v1/api.pb.go:1629.56,1631.2 1 0
github.com/freiheit-com/kuberpult/pkg/api/v1/api.pb.go:1633.54,1633.55 0 0
github.com/freiheit-com/kuberpult/pkg/api/v1/api.pb.go:1635.76,1637.41 2 0
github.com/freiheit-com/kuberpult/pkg/api/v1/api.pb.go:1637.41,1639.34 2 0
github.com/freiheit-com/kuberpult/pkg/api/v1/api.pb.go:1639.34,1641.4 1 0
github.com/freiheit-com/kuberpult/pkg/api/v1/api.pb.go:1642.3,1642.12 1 0
github.com/freiheit-com/kuberpult/pkg/api/v1/api.pb.go:1644.2,1644.24 1 0
github.com/freiheit-com/kuberpult/pkg/api/v1/api.pb.go:1648.67,1650.2 1 0
github.com/freiheit-com/kuberpult/pkg/api/v1/api.pb.go:1652.64,1653.14 1 0
github.com/freiheit-com/kuberpult/pkg/api/v1/api.pb.go:1653.14,1655.3 1 0
github.com/freiheit-com/kuberpult/pkg/api/v1/api.pb.go:1656.2,1656.11 1 0
github.com/freiheit-com/kuberpult/pkg/api/v1/api.pb.go:1659.64,1660.14 1 0
github.com/freiheit-com/kuberpult/pkg/api/v1/api.pb.go:1660.14,1662.3 1 0
github.com/freiheit-com/kuberpult/pkg/api/v1/api.pb.go:1663.2,1663.11 1 0
github.com/freiheit-com/kuberpult/pkg/api/v1/api.pb.go:1666.64,1667.14 1 0
github.com/freiheit-com/kuberpult/pkg/api/v1/api.pb.go:1667.14,1669.3 1 0
github.com/freiheit-com/kuberpult/pkg/api/v1/api.pb.go:1670.2,1670.11 1 0
github.com/freiheit-com/kuberpult/pkg/api/v1/api.pb.go:1673.92,1674.14 1 0
github.com/freiheit-com/kuberpult/pkg/api/v1/api.pb.go:1674.14,1676.3 1 0
github.com/freiheit-com/kuberpult/pkg/api/v1/api.pb.go:1677.2,1677.55 1 0
github.com/freiheit-com/kuberpult/pkg/api/v1/api.pb.go:1690.35,1692.29 2 0
github.com/freiheit-com/kuberpult/pkg/api/v1/api.pb.go:1692.29,1696.3 3 0
github.com/freiheit-com/kuberpult/pkg/api/v1/api.pb.go:1699.43,1701.2 1 0
github.com/freiheit-com/kuberpult/pkg/api/v1/api.pb.go:1703.41,1703.42 0 0
github.com/freiheit-com/kuberpult/pkg/api/v1/api.pb.go:1705.63,1707.41 2 0
github.com/freiheit-com/kuberpult/pkg/api/v1/api.pb.go:1707.41,1709.34 2 0
github.com/freiheit-com/kuberpult/pkg/api/v1/api.pb.go:1709.34,1711.4 1 0
github.com/freiheit-com/kuberpult/pkg/api/v1/api.pb.go:1712.3,1712.12 1 0
github.com/freiheit-com/kuberpult/pkg/api/v1/api.pb.go:1714.2,1714.24 1 0
github.com/freiheit-com/kuberpult/pkg/api/v1/api.pb.go:1718.54,1720.2 1 0
github.com/freiheit-com/kuberpult/pkg/api/v1/api.pb.go:1722.58,1723.14 1 0
github.com/freiheit-com/kuberpult/pkg/api/v1/api.pb.go:1723.14,1725.3 1 0
github.com/freiheit-com/kuberpult/pkg/api/v1/api.pb.go:1726.2,1726.11 1 0
github.com/freiheit-com/kuberpult/pkg/api/v1/api.pb.go:1729.51,1730.14 1 0
github.com/freiheit-com/kuberpult/pkg/api/v1/api.pb.go:1730.14,1732.3 1 0
github.com/freiheit-com/kuberpult/pkg/api/v1/api.pb.go:1733.2,1733.11 1 0
github.com/freiheit-com/kuberpult/pkg/api/v1/api.pb.go:1736.51,1737.14 1 0
github.com/freiheit-com/kuberpult/pkg/api/v1/api.pb.go:1737.14,1739.3 1 0
github.com/freiheit-com/kuberpult/pkg/api/v1/api.pb.go:1740.2,1740.11 1 0
github.com/freiheit-com/kuberpult/pkg/api/v1/api.pb.go:1752.27,1754.29 2 0
github.com/freiheit-com/kuberpult/pkg/api/v1/api.pb.go:1754.29,1758.3 3 0
github.com/freiheit-com/kuberpult/pkg/api/v1/api.pb.go:1761.35,1763.2 1 0
github.com/freiheit-com/kuberpult/pkg/api/v1/api.pb.go:1765.33,1765.34 0 0
github.com/freiheit-com/kuberpult/pkg/api/v1/api.pb.go:1767.55,1769.41 2 0
github.com/freiheit-com/kuberpult/pkg/api/v1/api.pb.go:1769.41,1771.34 2 0
github.com/freiheit-com/kuberpult/pkg/api/v1/api.pb.go:1771.34,1773.4 1 0
github.com/freiheit-com/kuberpult/pkg/api/v1/api.pb.go:1774.3,1774.12 1 0
github.com/freiheit-com/kuberpult/pkg/api/v1/api.pb.go:1776.2,1776.24 1 0
github.com/freiheit-com/kuberpult/pkg/api/v1/api.pb.go:1780.46,1782.2 1 0
github.com/freiheit-com/kuberpult/pkg/api/v1/api.pb.go:1784.35,1785.14 1 0
github.com/freiheit-com/kuberpult/pkg/api/v1/api.pb.go:1785.14,1787.3 1 0
github.com/freiheit-com/kuberpult/pkg/api/v1/api.pb.go:1788.2,1788.11 1 0
github.com/freiheit-com/kuberpult/pkg/api/v1/api.pb.go:1791.40,1792.14 1 0
github.com/freiheit-com/kuberpult/pkg/api/v1/api.pb.go:1792.14,1794.3 1 0
github.com/freiheit-com/kuberpult/pkg/api/v1/api.pb.go:1795.2,1795.11 1 0
github.com/freiheit-com/kuberpult/pkg/api/v1/api.pb.go:1806.32,1808.29 2 0
github.com/freiheit-com/kuberpult/pkg/api/v1/api.pb.go:1808.29,1812.3 3 0
github.com/freiheit-com/kuberpult/pkg/api/v1/api.pb.go:1815.40,1817.2 1 0
github.com/freiheit-com/kuberpult/pkg/api/v1/api.pb.go:1819.38,1819.39 0 0
github.com/freiheit-com/kuberpult/pkg/api/v1/api.pb.go:1821.60,1823.41 2 0
github.com/freiheit-com/kuberpult/pkg/api/v1/api.pb.go:1823.41,1825.34 2 0
github.com/freiheit-com/kuberpult/pkg/api/v1/api.pb.go:1825.34,1827.4 1 0
github.com/freiheit-com/kuberpult/pkg/api/v1/api.pb.go:1828.3,1828.12 1 0
github.com/freiheit-com/kuberpult/pkg/api/v1/api.pb.go:1830.2,1830.24 1 0
github.com/freiheit-com/kuberpult/pkg/api/v1/api.pb.go:1834.51,1836.2 1 0
github.com/freiheit-com/kuberpult/pkg/api/v1/api.pb.go:1838.52,1839.14 1 0
github.com/freiheit-com/kuberpult/pkg/api/v1/api.pb.go:1839.14,1841.3 1 0
github.com/freiheit-com/kuberpult/pkg/api/v1/api.pb.go:1842.2,1842.12 1 0
github.com/freiheit-com/kuberpult/pkg/api/v1/api.pb.go:1871.31,1873.29 2 0
github.com/freiheit-com/kuberpult/pkg/api/v1/api.pb.go:1873.29,1877.3 3 0
github.com/freiheit-com/kuberpult/pkg/api/v1/api.pb.go:1880.39,1882.2 1 0
github.com/freiheit-com/kuberpult/pkg/api/v1/api.pb.go:1884.37,1884.38 0 0
github.com/freiheit-com/kuberpult/pkg/api/v1/api.pb.go:1886.59,1888.41 2 0
github.com/freiheit-com/kuberpult/pkg/api/v1/api.pb.go:1888.41,1890.34 2 0
github.com/freiheit-com/kuberpult/pkg/api/v1/api.pb.go:1890.34,1892.4 1 0
github.com/freiheit-com/kuberpult/pkg/api/v1/api.pb.go:1893.3,1893.12 1 0
github.com/freiheit-com/kuberpult/pkg/api/v1/api.pb.go:1895.2,1895.24 1 0
github.com/freiheit-com/kuberpult/pkg/api/v1/api.pb.go:1899.50,1901.2 1 0
github.com/freiheit-com/kuberpult/pkg/api/v1/api.pb.go:1903.56,1904.14 1 0
github.com/freiheit-com/kuberpult/pkg/api/v1/api.pb.go:1904.14,1906.3 1 0
github.com/freiheit-com/kuberpult/pkg/api/v1/api.pb.go:1907.2,1907.12 1 0
github.com/freiheit-com/kuberpult/pkg/api/v1/api.pb.go:1910.80,1911.69 1 0
github.com/freiheit-com/kuberpult/pkg/api/v1/api.pb.go:1911.69,1913.3 1 0
github.com/freiheit-com/kuberpult/pkg/api/v1/api.pb.go:1914.2,1914.12 1 0
github.com/freiheit-com/kuberpult/pkg/api/v1/api.pb.go:1917.80,1918.69 1 0
github.com/freiheit-com/kuberpult/pkg/api/v1/api.pb.go:1918.69,1920.3 1 0
github.com/freiheit-com/kuberpult/pkg/api/v1/api.pb.go:1921.2,1921.12 1 0
github.com/freiheit-com/kuberpult/pkg/api/v1/api.pb.go:1924.102,1925.80 1 0
github.com/freiheit-com/kuberpult/pkg/api/v1/api.pb.go:1925.80,1927.3 1 0
github.com/freiheit-com/kuberpult/pkg/api/v1/api.pb.go:1928.2,1928.12 1 0
github.com/freiheit-com/kuberpult/pkg/api/v1/api.pb.go:1931.102,1932.80 1 0
github.com/freiheit-com/kuberpult/pkg/api/v1/api.pb.go:1932.80,1934.3 1 0
github.com/freiheit-com/kuberpult/pkg/api/v1/api.pb.go:1935.2,1935.12 1 0
github.com/freiheit-com/kuberpult/pkg/api/v1/api.pb.go:1938.50,1939.54 1 0
github.com/freiheit-com/kuberpult/pkg/api/v1/api.pb.go:1939.54,1941.3 1 0
github.com/freiheit-com/kuberpult/pkg/api/v1/api.pb.go:1942.2,1942.12 1 0
github.com/freiheit-com/kuberpult/pkg/api/v1/api.pb.go:1945.68,1946.63 1 0
github.com/freiheit-com/kuberpult/pkg/api/v1/api.pb.go:1946.63,1948.3 1 0
github.com/freiheit-com/kuberpult/pkg/api/v1/api.pb.go:1949.2,1949.12 1 0
github.com/freiheit-com/kuberpult/pkg/api/v1/api.pb.go:1952.54,1953.56 1 0
github.com/freiheit-com/kuberpult/pkg/api/v1/api.pb.go:1953.56,1955.3 1 0
github.com/freiheit-com/kuberpult/pkg/api/v1/api.pb.go:1956.2,1956.12 1 0
github.com/freiheit-com/kuberpult/pkg/api/v1/api.pb.go:1959.78,1960.64 1 0
github.com/freiheit-com/kuberpult/pkg/api/v1/api.pb.go:1960.64,1962.3 1 0
github.com/freiheit-com/kuberpult/pkg/api/v1/api.pb.go:1963.2,1963.12 1 0
github.com/freiheit-com/kuberpult/pkg/api/v1/api.pb.go:1966.72,1967.65 1 0
github.com/freiheit-com/kuberpult/pkg/api/v1/api.pb.go:1967.65,1969.3 1 0
github.com/freiheit-com/kuberpult/pkg/api/v1/api.pb.go:1970.2,1970.12 1 0
github.com/freiheit-com/kuberpult/pkg/api/v1/api.pb.go:1973.62,1974.60 1 0
github.com/freiheit-com/kuberpult/pkg/api/v1/api.pb.go:1974.60,1976.3 1 0
github.com/freiheit-com/kuberpult/pkg/api/v1/api.pb.go:1977.2,1977.12 1 0
github.com/freiheit-com/kuberpult/pkg/api/v1/api.pb.go:1980.64,1981.61 1 0
github.com/freiheit-com/kuberpult/pkg/api/v1/api.pb.go:1981.61,1983.3 1 0
github.com/freiheit-com/kuberpult/pkg/api/v1/api.pb.go:1984.2,1984.12 1 0
github.com/freiheit-com/kuberpult/pkg/api/v1/api.pb.go:1987.90,1988.74 1 0
github.com/freiheit-com/kuberpult/pkg/api/v1/api.pb.go:1988.74,1990.3 1 0
github.com/freiheit-com/kuberpult/pkg/api/v1/api.pb.go:1991.2,1991.12 1 0
github.com/freiheit-com/kuberpult/pkg/api/v1/api.pb.go:1994.90,1995.74 1 0
github.com/freiheit-com/kuberpult/pkg/api/v1/api.pb.go:1995.74,1997.3 1 0
github.com/freiheit-com/kuberpult/pkg/api/v1/api.pb.go:1998.2,1998.12 1 0
github.com/freiheit-com/kuberpult/pkg/api/v1/api.pb.go:2001.88,2002.73 1 0
github.com/freiheit-com/kuberpult/pkg/api/v1/api.pb.go:2002.73,2004.3 1 0
github.com/freiheit-com/kuberpult/pkg/api/v1/api.pb.go:2005.2,2005.12 1 0
github.com/freiheit-com/kuberpult/pkg/api/v1/api.pb.go:2008.88,2009.73 1 0
github.com/freiheit-com/kuberpult/pkg/api/v1/api.pb.go:2009.73,2011.3 1 0
github.com/freiheit-com/kuberpult/pkg/api/v1/api.pb.go:2012.2,2012.12 1 0
github.com/freiheit-com/kuberpult/pkg/api/v1/api.pb.go:2015.72,2016.65 1 0
github.com/freiheit-com/kuberpult/pkg/api/v1/api.pb.go:2016.65,2018.3 1 0
github.com/freiheit-com/kuberpult/pkg/api/v1/api.pb.go:2019.2,2019.12 1 0
github.com/freiheit-com/kuberpult/pkg/api/v1/api.pb.go:2090.67,2090.68 0 0
github.com/freiheit-com/kuberpult/pkg/api/v1/api.pb.go:2092.67,2092.68 0 0
github.com/freiheit-com/kuberpult/pkg/api/v1/api.pb.go:2094.78,2094.79 0 0
github.com/freiheit-com/kuberpult/pkg/api/v1/api.pb.go:2096.78,2096.79 0 0
github.com/freiheit-com/kuberpult/pkg/api/v1/api.pb.go:2098.52,2098.53 0 0
github.com/freiheit-com/kuberpult/pkg/api/v1/api.pb.go:2100.61,2100.62 0 0
github.com/freiheit-com/kuberpult/pkg/api/v1/api.pb.go:2102.54,2102.55 0 0
github.com/freiheit-com/kuberpult/pkg/api/v1/api.pb.go:2104.62,2104.63 0 0
github.com/freiheit-com/kuberpult/pkg/api/v1/api.pb.go:2106.63,2106.64 0 0
github.com/freiheit-com/kuberpult/pkg/api/v1/api.pb.go:2108.58,2108.59 0 0
github.com/freiheit-com/kuberpult/pkg/api/v1/api.pb.go:2110.59,2110.60 0 0
github.com/freiheit-com/kuberpult/pkg/api/v1/api.pb.go:2112.72,2112.73 0 0
github.com/freiheit-com/kuberpult/pkg/api/v1/api.pb.go:2114.72,2114.73 0 0
github.com/freiheit-com/kuberpult/pkg/api/v1/api.pb.go:2116.71,2116.72 0 0
github.com/freiheit-com/kuberpult/pkg/api/v1/api.pb.go:2118.71,2118.72 0 0
github.com/freiheit-com/kuberpult/pkg/api/v1/api.pb.go:2120.63,2120.64 0 0
github.com/freiheit-com/kuberpult/pkg/api/v1/api.pb.go:2130.33,2132.29 2 0
github.com/freiheit-com/kuberpult/pkg/api/v1/api.pb.go:2132.29,2136.3 3 0
github.com/freiheit-com/kuberpult/pkg/api/v1/api.pb.go:2139.41,2141.2 1 0
github.com/freiheit-com/kuberpult/pkg/api/v1/api.pb.go:2143.39,2143.40 0 0
github.com/freiheit-com/kuberpult/pkg/api/v1/api.pb.go:2145.61,2147.41 2 0
github.com/freiheit-com/kuberpult/pkg/api/v1/api.pb.go:2147.41,2149.34 2 0
github.com/freiheit-com/kuberpult/pkg/api/v1/api.pb.go:2149.34,2151.4 1 0
github.com/freiheit-com/kuberpult/pkg/api/v1/api.pb.go:2152.3,2152.12 1 0
github.com/freiheit-com/kuberpult/pkg/api/v1/api.pb.go:2154.2,2154.24 1 0
github.com/freiheit-com/kuberpult/pkg/api/v1/api.pb.go:2158.52,2160.2 1 0
github.com/freiheit-com/kuberpult/pkg/api/v1/api.pb.go:2162.53,2163.14 1 0
github.com/freiheit-com/kuberpult/pkg/api/v1/api.pb.go:2163.14,2165.3 1 0
github.com/freiheit-com/kuberpult/pkg/api/v1/api.pb.go:2166.2,2166.12 1 0
github.com/freiheit-com/kuberpult/pkg/api/v1/api.pb.go:2181.31,2183.29 2 0
github.com/freiheit-com/kuberpult/pkg/api/v1/api.pb.go:2183.29,2187.3 3 0
github.com/freiheit-com/kuberpult/pkg/api/v1/api.pb.go:2190.39,2192.2 1 0
github.com/freiheit-com/kuberpult/pkg/api/v1/api.pb.go:2194.37,2194.38 0 0
github.com/freiheit-com/kuberpult/pkg/api/v1/api.pb.go:2196.59,2198.41 2 0
github.com/freiheit-com/kuberpult/pkg/api/v1/api.pb.go:2198.41,2200.34 2 0
github.com/freiheit-com/kuberpult/pkg/api/v1/api.pb.go:2200.34,2202.4 1 0
github.com/freiheit-com/kuberpult/pkg/api/v1/api.pb.go:2203.3,2203.12 1 0
github.com/freiheit-com/kuberpult/pkg/api/v1/api.pb.go:2205.2,2205.24 1 0
github.com/freiheit-com/kuberpult/pkg/api/v1/api.pb.go:2209.50,2211.2 1 0
github.com/freiheit-com/kuberpult/pkg/api/v1/api.pb.go:2213.56,2214.14 1 0
github.com/freiheit-com/kuberpult/pkg/api/v1/api.pb.go:2214.14,2216.3 1 0
github.com/freiheit-com/kuberpult/pkg/api/v1/api.pb.go:2217.2,2217.12 1 0
github.com/freiheit-com/kuberpult/pkg/api/v1/api.pb.go:2220.63,2221.60 1 0
github.com/freiheit-com/kuberpult/pkg/api/v1/api.pb.go:2221.60,2223.3 1 0
github.com/freiheit-com/kuberpult/pkg/api/v1/api.pb.go:2224.2,2224.12 1 0
github.com/freiheit-com/kuberpult/pkg/api/v1/api.pb.go:2227.73,2228.69 1 0
github.com/freiheit-com/kuberpult/pkg/api/v1/api.pb.go:2228.69,2230.3 1 0
github.com/freiheit-com/kuberpult/pkg/api/v1/api.pb.go:2231.2,2231.12 1 0
github.com/freiheit-com/kuberpult/pkg/api/v1/api.pb.go:2246.58,2246.59 0 0
github.com/freiheit-com/kuberpult/pkg/api/v1/api.pb.go:2248.67,2248.68 0 0
github.com/freiheit-com/kuberpult/pkg/api/v1/api.pb.go:2262.48,2264.29 2 0
github.com/freiheit-com/kuberpult/pkg/api/v1/api.pb.go:2264.29,2268.3 3 0
github.com/freiheit-com/kuberpult/pkg/api/v1/api.pb.go:2271.56,2273.2 1 0
github.com/freiheit-com/kuberpult/pkg/api/v1/api.pb.go:2275.54,2275.55 0 0
github.com/freiheit-com/kuberpult/pkg/api/v1/api.pb.go:2277.76,2279.41 2 0
github.com/freiheit-com/kuberpult/pkg/api/v1/api.pb.go:2279.41,2281.34 2 0
github.com/freiheit-com/kuberpult/pkg/api/v1/api.pb.go:2281.34,2283.4 1 0
github.com/freiheit-com/kuberpult/pkg/api/v1/api.pb.go:2284.3,2284.12 1 0
github.com/freiheit-com/kuberpult/pkg/api/v1/api.pb.go:2286.2,2286.24 1 0
github.com/freiheit-com/kuberpult/pkg/api/v1/api.pb.go:2290.67,2292.2 1 0
github.com/freiheit-com/kuberpult/pkg/api/v1/api.pb.go:2294.64,2295.14 1 0
github.com/freiheit-com/kuberpult/pkg/api/v1/api.pb.go:2295.14,2297.3 1 0
github.com/freiheit-com/kuberpult/pkg/api/v1/api.pb.go:2298.2,2298.11 1 0
github.com/freiheit-com/kuberpult/pkg/api/v1/api.pb.go:2301.59,2302.14 1 0
github.com/freiheit-com/kuberpult/pkg/api/v1/api.pb.go:2302.14,2304.3 1 0
github.com/freiheit-com/kuberpult/pkg/api/v1/api.pb.go:2305.2,2305.11 1 0
github.com/freiheit-com/kuberpult/pkg/api/v1/api.pb.go:2308.60,2309.14 1 0
github.com/freiheit-com/kuberpult/pkg/api/v1/api.pb.go:2309.14,2311.3 1 0
github.com/freiheit-com/kuberpult/pkg/api/v1/api.pb.go:2312.2,2312.11 1 0
github.com/freiheit-com/kuberpult/pkg/api/v1/api.pb.go:2315.59,2316.14 1 0
github.com/freiheit-com/kuberpult/pkg/api/v1/api.pb.go:2316.14,2318.3 1 0
github.com/freiheit-com/kuberpult/pkg/api/v1/api.pb.go:2319.2,2319.11 1 0
github.com/freiheit-com/kuberpult/pkg/api/v1/api.pb.go:2322.70,2323.44 1 0
github.com/freiheit-com/kuberpult/pkg/api/v1/api.pb.go:2323.44,2325.3 1 0
github.com/freiheit-com/kuberpult/pkg/api/v1/api.pb.go:2326.2,2326.11 1 0
github.com/freiheit-com/kuberpult/pkg/api/v1/api.pb.go:2338.48,2340.29 2 0
github.com/freiheit-com/kuberpult/pkg/api/v1/api.pb.go:2340.29,2344.3 3 0
github.com/freiheit-com/kuberpult/pkg/api/v1/api.pb.go:2347.56,2349.2 1 0
github.com/freiheit-com/kuberpult/pkg/api/v1/api.pb.go:2351.54,2351.55 0 0
github.com/freiheit-com/kuberpult/pkg/api/v1/api.pb.go:2353.76,2355.41 2 0
github.com/freiheit-com/kuberpult/pkg/api/v1/api.pb.go:2355.41,2357.34 2 0
github.com/freiheit-com/kuberpult/pkg/api/v1/api.pb.go:2357.34,2359.4 1 0
github.com/freiheit-com/kuberpult/pkg/api/v1/api.pb.go:2360.3,2360.12 1 0
github.com/freiheit-com/kuberpult/pkg/api/v1/api.pb.go:2362.2,2362.24 1 0
github.com/freiheit-com/kuberpult/pkg/api/v1/api.pb.go:2366.67,2368.2 1 0
github.com/freiheit-com/kuberpult/pkg/api/v1/api.pb.go:2370.64,2371.14 1 0
github.com/freiheit-com/kuberpult/pkg/api/v1/api.pb.go:2371.14,2373.3 1 0
github.com/freiheit-com/kuberpult/pkg/api/v1/api.pb.go:2374.2,2374.11 1 0
github.com/freiheit-com/kuberpult/pkg/api/v1/api.pb.go:2377.59,2378.14 1 0
github.com/freiheit-com/kuberpult/pkg/api/v1/api.pb.go:2378.14,2380.3 1 0
github.com/freiheit-com/kuberpult/pkg/api/v1/api.pb.go:2381.2,2381.11 1 0
github.com/freiheit-com/kuberpult/pkg/api/v1/api.pb.go:2396.53,2398.29 2 0
github.com/freiheit-com/kuberpult/pkg/api/v1/api.pb.go:2398.29,2402.3 3 0
github.com/freiheit-com/kuberpult/pkg/api/v1/api.pb.go:2405.61,2407.2 1 0
github.com/freiheit-com/kuberpult/pkg/api/v1/api.pb.go:2409.59,2409.60 0 0
github.com/freiheit-com/kuberpult/pkg/api/v1/api.pb.go:2411.81,2413.41 2 0
github.com/freiheit-com/kuberpult/pkg/api/v1/api.pb.go:2413.41,2415.34 2 0
github.com/freiheit-com/kuberpult/pkg/api/v1/api.pb.go:2415.34,2417.4 1 0
github.com/freiheit-com/kuberpult/pkg/api/v1/api.pb.go:2418.3,2418.12 1 0
github.com/freiheit-com/kuberpult/pkg/api/v1/api.pb.go:2420.2,2420.24 1 0
github.com/freiheit-com/kuberpult/pkg/api/v1/api.pb.go:2424.72,2426.2 1 0
github.com/freiheit-com/kuberpult/pkg/api/v1/api.pb.go:2428.74,2429.14 1 0
github.com/freiheit-com/kuberpult/pkg/api/v1/api.pb.go:2429.14,2431.3 1 0
github.com/freiheit-com/kuberpult/pkg/api/v1/api.pb.go:2432.2,2432.11 1 0
github.com/freiheit-com/kuberpult/pkg/api/v1/api.pb.go:2435.64,2436.14 1 0
github.com/freiheit-com/kuberpult/pkg/api/v1/api.pb.go:2436.14,2438.3 1 0
github.com/freiheit-com/kuberpult/pkg/api/v1/api.pb.go:2439.2,2439.11 1 0
github.com/freiheit-com/kuberpult/pkg/api/v1/api.pb.go:2442.65,2443.14 1 0
github.com/freiheit-com/kuberpult/pkg/api/v1/api.pb.go:2443.14,2445.3 1 0
github.com/freiheit-com/kuberpult/pkg/api/v1/api.pb.go:2446.2,2446.11 1 0
github.com/freiheit-com/kuberpult/pkg/api/v1/api.pb.go:2449.64,2450.14 1 0
github.com/freiheit-com/kuberpult/pkg/api/v1/api.pb.go:2450.14,2452.3 1 0
github.com/freiheit-com/kuberpult/pkg/api/v1/api.pb.go:2453.2,2453.11 1 0
github.com/freiheit-com/kuberpult/pkg/api/v1/api.pb.go:2456.75,2457.44 1 0
github.com/freiheit-com/kuberpult/pkg/api/v1/api.pb.go:2457.44,2459.3 1 0
github.com/freiheit-com/kuberpult/pkg/api/v1/api.pb.go:2460.2,2460.11 1 0
github.com/freiheit-com/kuberpult/pkg/api/v1/api.pb.go:2472.53,2474.29 2 0
github.com/freiheit-com/kuberpult/pkg/api/v1/api.pb.go:2474.29,2478.3 3 0
github.com/freiheit-com/kuberpult/pkg/api/v1/api.pb.go:2481.61,2483.2 1 0
github.com/freiheit-com/kuberpult/pkg/api/v1/api.pb.go:2485.59,2485.60 0 0
github.com/freiheit-com/kuberpult/pkg/api/v1/api.pb.go:2487.81,2489.41 2 0
github.com/freiheit-com/kuberpult/pkg/api/v1/api.pb.go:2489.41,2491.34 2 0
github.com/freiheit-com/kuberpult/pkg/api/v1/api.pb.go:2491.34,2493.4 1 0
github.com/freiheit-com/kuberpult/pkg/api/v1/api.pb.go:2494.3,2494.12 1 0
github.com/freiheit-com/kuberpult/pkg/api/v1/api.pb.go:2496.2,2496.24 1 0
github.com/freiheit-com/kuberpult/pkg/api/v1/api.pb.go:2500.72,2502.2 1 0
github.com/freiheit-com/kuberpult/pkg/api/v1/api.pb.go:2504.74,2505.14 1 0
github.com/freiheit-com/kuberpult/pkg/api/v1/api.pb.go:2505.14,2507.3 1 0
github.com/freiheit-com/kuberpult/pkg/api/v1/api.pb.go:2508.2,2508.11 1 0
github.com/freiheit-com/kuberpult/pkg/api/v1/api.pb.go:2511.64,2512.14 1 0
github.com/freiheit-com/kuberpult/pkg/api/v1/api.pb.go:2512.14,2514.3 1 0
github.com/freiheit-com/kuberpult/pkg/api/v1/api.pb.go:2515.2,2515.11 1 0
github.com/freiheit-com/kuberpult/pkg/api/v1/api.pb.go:2531.59,2533.29 2 0
github.com/freiheit-com/kuberpult/pkg/api/v1/api.pb.go:2533.29,2537.3 3 0
github.com/freiheit-com/kuberpult/pkg/api/v1/api.pb.go:2540.67,2542.2 1 0
github.com/freiheit-com/kuberpult/pkg/api/v1/api.pb.go:2544.65,2544.66 0 0
github.com/freiheit-com/kuberpult/pkg/api/v1/api.pb.go:2546.87,2548.41 2 0
github.com/freiheit-com/kuberpult/pkg/api/v1/api.pb.go:2548.41,2550.34 2 0
github.com/freiheit-com/kuberpult/pkg/api/v1/api.pb.go:2550.34,2552.4 1 0
github.com/freiheit-com/kuberpult/pkg/api/v1/api.pb.go:2553.3,2553.12 1 0
github.com/freiheit-com/kuberpult/pkg/api/v1/api.pb.go:2555.2,2555.24 1 0
github.com/freiheit-com/kuberpult/pkg/api/v1/api.pb.go:2559.78,2561.2 1 0
github.com/freiheit-com/kuberpult/pkg/api/v1/api.pb.go:2563.75,2564.14 1 0
github.com/freiheit-com/kuberpult/pkg/api/v1/api.pb.go:2564.14,2566.3 1 0
github.com/freiheit-com/kuberpult/pkg/api/v1/api.pb.go:2567.2,2567.11 1 0
github.com/freiheit-com/kuberpult/pkg/api/v1/api.pb.go:2570.75,2571.14 1 0
github.com/freiheit-com/kuberpult/pkg/api/v1/api.pb.go:2571.14,2573.3 1 0
github.com/freiheit-com/kuberpult/pkg/api/v1/api.pb.go:2574.2,2574.11 1 0
github.com/freiheit-com/kuberpult/pkg/api/v1/api.pb.go:2577.70,2578.14 1 0
github.com/freiheit-com/kuberpult/pkg/api/v1/api.pb.go:2578.14,2580.3 1 0
github.com/freiheit-com/kuberpult/pkg/api/v1/api.pb.go:2581.2,2581.11 1 0
github.com/freiheit-com/kuberpult/pkg/api/v1/api.pb.go:2584.71,2585.14 1 0
github.com/freiheit-com/kuberpult/pkg/api/v1/api.pb.go:2585.14,2587.3 1 0
github.com/freiheit-com/kuberpult/pkg/api/v1/api.pb.go:2588.2,2588.11 1 0
github.com/freiheit-com/kuberpult/pkg/api/v1/api.pb.go:2591.70,2592.14 1 0
github.com/freiheit-com/kuberpult/pkg/api/v1/api.pb.go:2592.14,2594.3 1 0
github.com/freiheit-com/kuberpult/pkg/api/v1/api.pb.go:2595.2,2595.11 1 0
github.com/freiheit-com/kuberpult/pkg/api/v1/api.pb.go:2598.81,2599.44 1 0
github.com/freiheit-com/kuberpult/pkg/api/v1/api.pb.go:2599.44,2601.3 1 0
github.com/freiheit-com/kuberpult/pkg/api/v1/api.pb.go:2602.2,2602.11 1 0
github.com/freiheit-com/kuberpult/pkg/api/v1/api.pb.go:2615.59,2617.29 2 0
github.com/freiheit-com/kuberpult/pkg/api/v1/api.pb.go:2617.29,2621.3 3 0
github.com/freiheit-com/kuberpult/pkg/api/v1/api.pb.go:2624.67,2626.2 1 0
github.com/freiheit-com/kuberpult/pkg/api/v1/api.pb.go:2628.65,2628.66 0 0
github.com/freiheit-com/kuberpult/pkg/api/v1/api.pb.go:2630.87,2632.41 2 0
github.com/freiheit-com/kuberpult/pkg/api/v1/api.pb.go:2632.41,2634.34 2 0
github.com/freiheit-com/kuberpult/pkg/api/v1/api.pb.go:2634.34,2636.4 1 0
github.com/freiheit-com/kuberpult/pkg/api/v1/api.pb.go:2637.3,2637.12 1 0
github.com/freiheit-com/kuberpult/pkg/api/v1/api.pb.go:2639.2,2639.24 1 0
github.com/freiheit-com/kuberpult/pkg/api/v1/api.pb.go:2643.78,2645.2 1 0
github.com/freiheit-com/kuberpult/pkg/api/v1/api.pb.go:2647.75,2648.14 1 0
github.com/freiheit-com/kuberpult/pkg/api/v1/api.pb.go:2648.14,2650.3 1 0
github.com/freiheit-com/kuberpult/pkg/api/v1/api.pb.go:2651.2,2651.11 1 0
github.com/freiheit-com/kuberpult/pkg/api/v1/api.pb.go:2654.75,2655.14 1 0
github.com/freiheit-com/kuberpult/pkg/api/v1/api.pb.go:2655.14,2657.3 1 0
github.com/freiheit-com/kuberpult/pkg/api/v1/api.pb.go:2658.2,2658.11 1 0
github.com/freiheit-com/kuberpult/pkg/api/v1/api.pb.go:2661.70,2662.14 1 0
github.com/freiheit-com/kuberpult/pkg/api/v1/api.pb.go:2662.14,2664.3 1 0
github.com/freiheit-com/kuberpult/pkg/api/v1/api.pb.go:2665.2,2665.11 1 0
github.com/freiheit-com/kuberpult/pkg/api/v1/api.pb.go:2681.52,2683.29 2 0
github.com/freiheit-com/kuberpult/pkg/api/v1/api.pb.go:2683.29,2687.3 3 0
github.com/freiheit-com/kuberpult/pkg/api/v1/api.pb.go:2690.60,2692.2 1 0
github.com/freiheit-com/kuberpult/pkg/api/v1/api.pb.go:2694.58,2694.59 0 0
github.com/freiheit-com/kuberpult/pkg/api/v1/api.pb.go:2696.80,2698.41 2 0
github.com/freiheit-com/kuberpult/pkg/api/v1/api.pb.go:2698.41,2700.34 2 0
github.com/freiheit-com/kuberpult/pkg/api/v1/api.pb.go:2700.34,2702.4 1 0
github.com/freiheit-com/kuberpult/pkg/api/v1/api.pb.go:2703.3,2703.12 1 0
github.com/freiheit-com/kuberpult/pkg/api/v1/api.pb.go:2705.2,2705.24 1 0
github.com/freiheit-com/kuberpult/pkg/api/v1/api.pb.go:2709.71,2711.2 1 0
github.com/freiheit-com/kuberpult/pkg/api/v1/api.pb.go:2713.68,2714.14 1 0
github.com/freiheit-com/kuberpult/pkg/api/v1/api.pb.go:2714.14,2716.3 1 0
github.com/freiheit-com/kuberpult/pkg/api/v1/api.pb.go:2717.2,2717.11 1 0
github.com/freiheit-com/kuberpult/pkg/api/v1/api.pb.go:2720.61,2721.14 1 0
github.com/freiheit-com/kuberpult/pkg/api/v1/api.pb.go:2721.14,2723.3 1 0
github.com/freiheit-com/kuberpult/pkg/api/v1/api.pb.go:2724.2,2724.11 1 0
github.com/freiheit-com/kuberpult/pkg/api/v1/api.pb.go:2727.63,2728.14 1 0
github.com/freiheit-com/kuberpult/pkg/api/v1/api.pb.go:2728.14,2730.3 1 0
github.com/freiheit-com/kuberpult/pkg/api/v1/api.pb.go:2731.2,2731.11 1 0
github.com/freiheit-com/kuberpult/pkg/api/v1/api.pb.go:2734.64,2735.14 1 0
github.com/freiheit-com/kuberpult/pkg/api/v1/api.pb.go:2735.14,2737.3 1 0
github.com/freiheit-com/kuberpult/pkg/api/v1/api.pb.go:2738.2,2738.11 1 0
github.com/freiheit-com/kuberpult/pkg/api/v1/api.pb.go:2741.63,2742.14 1 0
github.com/freiheit-com/kuberpult/pkg/api/v1/api.pb.go:2742.14,2744.3 1 0
github.com/freiheit-com/kuberpult/pkg/api/v1/api.pb.go:2745.2,2745.11 1 0
github.com/freiheit-com/kuberpult/pkg/api/v1/api.pb.go:2748.74,2749.44 1 0
github.com/freiheit-com/kuberpult/pkg/api/v1/api.pb.go:2749.44,2751.3 1 0
github.com/freiheit-com/kuberpult/pkg/api/v1/api.pb.go:2752.2,2752.11 1 0
github.com/freiheit-com/kuberpult/pkg/api/v1/api.pb.go:2765.52,2767.29 2 0
github.com/freiheit-com/kuberpult/pkg/api/v1/api.pb.go:2767.29,2771.3 3 0
github.com/freiheit-com/kuberpult/pkg/api/v1/api.pb.go:2774.60,2776.2 1 0
github.com/freiheit-com/kuberpult/pkg/api/v1/api.pb.go:2778.58,2778.59 0 0
github.com/freiheit-com/kuberpult/pkg/api/v1/api.pb.go:2780.80,2782.41 2 0
github.com/freiheit-com/kuberpult/pkg/api/v1/api.pb.go:2782.41,2784.34 2 0
github.com/freiheit-com/kuberpult/pkg/api/v1/api.pb.go:2784.34,2786.4 1 0
github.com/freiheit-com/kuberpult/pkg/api/v1/api.pb.go:2787.3,2787.12 1 0
github.com/freiheit-com/kuberpult/pkg/api/v1/api.pb.go:2789.2,2789.24 1 0
github.com/freiheit-com/kuberpult/pkg/api/v1/api.pb.go:2793.71,2795.2 1 0
github.com/freiheit-com/kuberpult/pkg/api/v1/api.pb.go:2797.68,2798.14 1 0
github.com/freiheit-com/kuberpult/pkg/api/v1/api.pb.go:2798.14,2800.3 1 0
github.com/freiheit-com/kuberpult/pkg/api/v1/api.pb.go:2801.2,2801.11 1 0
github.com/freiheit-com/kuberpult/pkg/api/v1/api.pb.go:2804.61,2805.14 1 0
github.com/freiheit-com/kuberpult/pkg/api/v1/api.pb.go:2805.14,2807.3 1 0
github.com/freiheit-com/kuberpult/pkg/api/v1/api.pb.go:2808.2,2808.11 1 0
github.com/freiheit-com/kuberpult/pkg/api/v1/api.pb.go:2811.63,2812.14 1 0
github.com/freiheit-com/kuberpult/pkg/api/v1/api.pb.go:2812.14,2814.3 1 0
github.com/freiheit-com/kuberpult/pkg/api/v1/api.pb.go:2815.2,2815.11 1 0
github.com/freiheit-com/kuberpult/pkg/api/v1/api.pb.go:2839.40,2841.29 2 0
github.com/freiheit-com/kuberpult/pkg/api/v1/api.pb.go:2841.29,2845.3 3 0
github.com/freiheit-com/kuberpult/pkg/api/v1/api.pb.go:2848.48,2850.2 1 0
github.com/freiheit-com/kuberpult/pkg/api/v1/api.pb.go:2852.46,2852.47 0 0
github.com/freiheit-com/kuberpult/pkg/api/v1/api.pb.go:2854.68,2856.41 2 0
github.com/freiheit-com/kuberpult/pkg/api/v1/api.pb.go:2856.41,2858.34 2 0
github.com/freiheit-com/kuberpult/pkg/api/v1/api.pb.go:2858.34,2860.4 1 0
github.com/freiheit-com/kuberpult/pkg/api/v1/api.pb.go:2861.3,2861.12 1 0
github.com/freiheit-com/kuberpult/pkg/api/v1/api.pb.go:2863.2,2863.24 1 0
github.com/freiheit-com/kuberpult/pkg/api/v1/api.pb.go:2867.59,2869.2 1 0
github.com/freiheit-com/kuberpult/pkg/api/v1/api.pb.go:2871.56,2872.14 1 0
github.com/freiheit-com/kuberpult/pkg/api/v1/api.pb.go:2872.14,2874.3 1 0
github.com/freiheit-com/kuberpult/pkg/api/v1/api.pb.go:2875.2,2875.11 1 0
github.com/freiheit-com/kuberpult/pkg/api/v1/api.pb.go:2878.56,2879.14 1 0
github.com/freiheit-com/kuberpult/pkg/api/v1/api.pb.go:2879.14,2881.3 1 0
github.com/freiheit-com/kuberpult/pkg/api/v1/api.pb.go:2882.2,2882.11 1 0
github.com/freiheit-com/kuberpult/pkg/api/v1/api.pb.go:2885.49,2886.14 1 0
github.com/freiheit-com/kuberpult/pkg/api/v1/api.pb.go:2886.14,2888.3 1 0
github.com/freiheit-com/kuberpult/pkg/api/v1/api.pb.go:2889.2,2889.11 1 0
github.com/freiheit-com/kuberpult/pkg/api/v1/api.pb.go:2892.65,2893.14 1 0
github.com/freiheit-com/kuberpult/pkg/api/v1/api.pb.go:2893.14,2895.3 1 0
github.com/freiheit-com/kuberpult/pkg/api/v1/api.pb.go:2896.2,2896.12 1 0
github.com/freiheit-com/kuberpult/pkg/api/v1/api.pb.go:2899.52,2900.14 1 0
github.com/freiheit-com/kuberpult/pkg/api/v1/api.pb.go:2900.14,2902.3 1 0
github.com/freiheit-com/kuberpult/pkg/api/v1/api.pb.go:2903.2,2903.10 1 0
github.com/freiheit-com/kuberpult/pkg/api/v1/api.pb.go:2906.59,2907.14 1 0
github.com/freiheit-com/kuberpult/pkg/api/v1/api.pb.go:2907.14,2909.3 1 0
github.com/freiheit-com/kuberpult/pkg/api/v1/api.pb.go:2910.2,2910.11 1 0
github.com/freiheit-com/kuberpult/pkg/api/v1/api.pb.go:2913.57,2914.14 1 0
github.com/freiheit-com/kuberpult/pkg/api/v1/api.pb.go:2914.14,2916.3 1 0
github.com/freiheit-com/kuberpult/pkg/api/v1/api.pb.go:2917.2,2917.11 1 0
github.com/freiheit-com/kuberpult/pkg/api/v1/api.pb.go:2920.58,2921.14 1 0
github.com/freiheit-com/kuberpult/pkg/api/v1/api.pb.go:2921.14,2923.3 1 0
github.com/freiheit-com/kuberpult/pkg/api/v1/api.pb.go:2924.2,2924.11 1 0
github.com/freiheit-com/kuberpult/pkg/api/v1/api.pb.go:2927.58,2928.14 1 0
github.com/freiheit-com/kuberpult/pkg/api/v1/api.pb.go:2928.14,2930.3 1 0
github.com/freiheit-com/kuberpult/pkg/api/v1/api.pb.go:2931.2,2931.11 1 0
github.com/freiheit-com/kuberpult/pkg/api/v1/api.pb.go:2934.59,2935.14 1 0
github.com/freiheit-com/kuberpult/pkg/api/v1/api.pb.go:2935.14,2937.3 1 0
github.com/freiheit-com/kuberpult/pkg/api/v1/api.pb.go:2938.2,2938.11 1 0
github.com/freiheit-com/kuberpult/pkg/api/v1/api.pb.go:2941.61,2942.14 1 0
github.com/freiheit-com/kuberpult/pkg/api/v1/api.pb.go:2942.14,2944.3 1 0
github.com/freiheit-com/kuberpult/pkg/api/v1/api.pb.go:2945.2,2945.11 1 0
github.com/freiheit-com/kuberpult/pkg/api/v1/api.pb.go:2948.51,2949.14 1 0
github.com/freiheit-com/kuberpult/pkg/api/v1/api.pb.go:2949.14,2951.3 1 0
github.com/freiheit-com/kuberpult/pkg/api/v1/api.pb.go:2952.2,2952.11 1 0
github.com/freiheit-com/kuberpult/pkg/api/v1/api.pb.go:2955.55,2956.14 1 0
github.com/freiheit-com/kuberpult/pkg/api/v1/api.pb.go:2956.14,2958.3 1 0
github.com/freiheit-com/kuberpult/pkg/api/v1/api.pb.go:2959.2,2959.14 1 0
github.com/freiheit-com/kuberpult/pkg/api/v1/api.pb.go:2968.48,2970.29 2 0
github.com/freiheit-com/kuberpult/pkg/api/v1/api.pb.go:2970.29,2974.3 3 0
github.com/freiheit-com/kuberpult/pkg/api/v1/api.pb.go:2977.56,2979.2 1 0
github.com/freiheit-com/kuberpult/pkg/api/v1/api.pb.go:2981.54,2981.55 0 0
github.com/freiheit-com/kuberpult/pkg/api/v1/api.pb.go:2983.76,2985.41 2 0
github.com/freiheit-com/kuberpult/pkg/api/v1/api.pb.go:2985.41,2987.34 2 0
github.com/freiheit-com/kuberpult/pkg/api/v1/api.pb.go:2987.34,2989.4 1 0
github.com/freiheit-com/kuberpult/pkg/api/v1/api.pb.go:2990.3,2990.12 1 0
github.com/freiheit-com/kuberpult/pkg/api/v1/api.pb.go:2992.2,2992.24 1 0
github.com/freiheit-com/kuberpult/pkg/api/v1/api.pb.go:2996.67,2998.2 1 0
github.com/freiheit-com/kuberpult/pkg/api/v1/api.pb.go:3008.55,3010.29 2 0
github.com/freiheit-com/kuberpult/pkg/api/v1/api.pb.go:3010.29,3014.3 3 0
github.com/freiheit-com/kuberpult/pkg/api/v1/api.pb.go:3017.63,3019.2 1 0
github.com/freiheit-com/kuberpult/pkg/api/v1/api.pb.go:3021.61,3021.62 0 0
github.com/freiheit-com/kuberpult/pkg/api/v1/api.pb.go:3023.83,3025.41 2 0
github.com/freiheit-com/kuberpult/pkg/api/v1/api.pb.go:3025.41,3027.34 2 0
github.com/freiheit-com/kuberpult/pkg/api/v1/api.pb.go:3027.34,3029.4 1 0
github.com/freiheit-com/kuberpult/pkg/api/v1/api.pb.go:3030.3,3030.12 1 0
github.com/freiheit-com/kuberpult/pkg/api/v1/api.pb.go:3032.2,3032.24 1 0
github.com/freiheit-com/kuberpult/pkg/api/v1/api.pb.go:3036.74,3038.2 1 0
github.com/freiheit-com/kuberpult/pkg/api/v1/api.pb.go:3040.67,3041.14 1 0
github.com/freiheit-com/kuberpult/pkg/api/v1/api.pb.go:3041.14,3043.3 1 0
github.com/freiheit-com/kuberpult/pkg/api/v1/api.pb.go:3044.2,3044.11 1 0
github.com/freiheit-com/kuberpult/pkg/api/v1/api.pb.go:3053.47,3055.29 2 0
github.com/freiheit-com/kuberpult/pkg/api/v1/api.pb.go:3055.29,3059.3 3 0
github.com/freiheit-com/kuberpult/pkg/api/v1/api.pb.go:3062.55,3064.2 1 0
github.com/freiheit-com/kuberpult/pkg/api/v1/api.pb.go:3066.53,3066.54 0 0
github.com/freiheit-com/kuberpult/pkg/api/v1/api.pb.go:3068.75,3070.41 2 0
github.com/freiheit-com/kuberpult/pkg/api/v1/api.pb.go:3070.41,3072.34 2 0
github.com/freiheit-com/kuberpult/pkg/api/v1/api.pb.go:3072.34,3074.4 1 0
github.com/freiheit-com/kuberpult/pkg/api/v1/api.pb.go:3075.3,3075.12 1 0
github.com/freiheit-com/kuberpult/pkg/api/v1/api.pb.go:3077.2,3077.24 1 0
github.com/freiheit-com/kuberpult/pkg/api/v1/api.pb.go:3081.66,3083.2 1 0
github.com/freiheit-com/kuberpult/pkg/api/v1/api.pb.go:3095.55,3097.29 2 0
github.com/freiheit-com/kuberpult/pkg/api/v1/api.pb.go:3097.29,3101.3 3 0
github.com/freiheit-com/kuberpult/pkg/api/v1/api.pb.go:3104.63,3106.2 1 0
github.com/freiheit-com/kuberpult/pkg/api/v1/api.pb.go:3108.61,3108.62 0 0
github.com/freiheit-com/kuberpult/pkg/api/v1/api.pb.go:3110.83,3112.41 2 0
github.com/freiheit-com/kuberpult/pkg/api/v1/api.pb.go:3112.41,3114.34 2 0
github.com/freiheit-com/kuberpult/pkg/api/v1/api.pb.go:3114.34,3116.4 1 0
github.com/freiheit-com/kuberpult/pkg/api/v1/api.pb.go:3117.3,3117.12 1 0
github.com/freiheit-com/kuberpult/pkg/api/v1/api.pb.go:3119.2,3119.24 1 0
github.com/freiheit-com/kuberpult/pkg/api/v1/api.pb.go:3123.74,3125.2 1 0
github.com/freiheit-com/kuberpult/pkg/api/v1/api.pb.go:3127.67,3128.14 1 0
github.com/freiheit-com/kuberpult/pkg/api/v1/api.pb.go:3128.14,3130.3 1 0
github.com/freiheit-com/kuberpult/pkg/api/v1/api.pb.go:3131.2,3131.11 1 0
github.com/freiheit-com/kuberpult/pkg/api/v1/api.pb.go:3134.66,3135.14 1 0
github.com/freiheit-com/kuberpult/pkg/api/v1/api.pb.go:3135.14,3137.3 1 0
github.com/freiheit-com/kuberpult/pkg/api/v1/api.pb.go:3138.2,3138.11 1 0
github.com/freiheit-com/kuberpult/pkg/api/v1/api.pb.go:3141.66,3142.14 1 0
github.com/freiheit-com/kuberpult/pkg/api/v1/api.pb.go:3142.14,3144.3 1 0
github.com/freiheit-com/kuberpult/pkg/api/v1/api.pb.go:3145.2,3145.10 1 0
github.com/freiheit-com/kuberpult/pkg/api/v1/api.pb.go:3154.58,3156.29 2 0
github.com/freiheit-com/kuberpult/pkg/api/v1/api.pb.go:3156.29,3160.3 3 0
github.com/freiheit-com/kuberpult/pkg/api/v1/api.pb.go:3163.66,3165.2 1 0
github.com/freiheit-com/kuberpult/pkg/api/v1/api.pb.go:3167.64,3167.65 0 0
github.com/freiheit-com/kuberpult/pkg/api/v1/api.pb.go:3169.86,3171.41 2 0
github.com/freiheit-com/kuberpult/pkg/api/v1/api.pb.go:3171.41,3173.34 2 0
github.com/freiheit-com/kuberpult/pkg/api/v1/api.pb.go:3173.34,3175.4 1 0
github.com/freiheit-com/kuberpult/pkg/api/v1/api.pb.go:3176.3,3176.12 1 0
github.com/freiheit-com/kuberpult/pkg/api/v1/api.pb.go:3178.2,3178.24 1 0
github.com/freiheit-com/kuberpult/pkg/api/v1/api.pb.go:3182.77,3184.2 1 0
github.com/freiheit-com/kuberpult/pkg/api/v1/api.pb.go:3195.63,3197.29 2 0
github.com/freiheit-com/kuberpult/pkg/api/v1/api.pb.go:3197.29,3201.3 3 0
github.com/freiheit-com/kuberpult/pkg/api/v1/api.pb.go:3204.71,3206.2 1 0
github.com/freiheit-com/kuberpult/pkg/api/v1/api.pb.go:3208.69,3208.70 0 0
github.com/freiheit-com/kuberpult/pkg/api/v1/api.pb.go:3210.91,3212.41 2 0
github.com/freiheit-com/kuberpult/pkg/api/v1/api.pb.go:3212.41,3214.34 2 0
github.com/freiheit-com/kuberpult/pkg/api/v1/api.pb.go:3214.34,3216.4 1 0
github.com/freiheit-com/kuberpult/pkg/api/v1/api.pb.go:3217.3,3217.12 1 0
github.com/freiheit-com/kuberpult/pkg/api/v1/api.pb.go:3219.2,3219.24 1 0
github.com/freiheit-com/kuberpult/pkg/api/v1/api.pb.go:3223.82,3225.2 1 0
github.com/freiheit-com/kuberpult/pkg/api/v1/api.pb.go:3227.95,3228.14 1 0
github.com/freiheit-com/kuberpult/pkg/api/v1/api.pb.go:3228.14,3230.3 1 0
github.com/freiheit-com/kuberpult/pkg/api/v1/api.pb.go:3231.2,3231.40 1 0
github.com/freiheit-com/kuberpult/pkg/api/v1/api.pb.go:3234.72,3235.14 1 0
github.com/freiheit-com/kuberpult/pkg/api/v1/api.pb.go:3235.14,3237.3 1 0
github.com/freiheit-com/kuberpult/pkg/api/v1/api.pb.go:3238.2,3238.11 1 0
github.com/freiheit-com/kuberpult/pkg/api/v1/api.pb.go:3257.41,3259.29 2 0
github.com/freiheit-com/kuberpult/pkg/api/v1/api.pb.go:3259.29,3263.3 3 0
github.com/freiheit-com/kuberpult/pkg/api/v1/api.pb.go:3266.49,3268.2 1 0
github.com/freiheit-com/kuberpult/pkg/api/v1/api.pb.go:3270.47,3270.48 0 0
github.com/freiheit-com/kuberpult/pkg/api/v1/api.pb.go:3272.69,3274.41 2 0
github.com/freiheit-com/kuberpult/pkg/api/v1/api.pb.go:3274.41,3276.34 2 0
github.com/freiheit-com/kuberpult/pkg/api/v1/api.pb.go:3276.34,3278.4 1 0
github.com/freiheit-com/kuberpult/pkg/api/v1/api.pb.go:3279.3,3279.12 1 0
github.com/freiheit-com/kuberpult/pkg/api/v1/api.pb.go:3281.2,3281.24 1 0
github.com/freiheit-com/kuberpult/pkg/api/v1/api.pb.go:3285.60,3287.2 1 0
github.com/freiheit-com/kuberpult/pkg/api/v1/api.pb.go:3289.80,3290.14 1 0
github.com/freiheit-com/kuberpult/pkg/api/v1/api.pb.go:3290.14,3292.3 1 0
github.com/freiheit-com/kuberpult/pkg/api/v1/api.pb.go:3293.2,3293.12 1 0
github.com/freiheit-com/kuberpult/pkg/api/v1/api.pb.go:3296.76,3297.67 1 0
github.com/freiheit-com/kuberpult/pkg/api/v1/api.pb.go:3297.67,3299.3 1 0
github.com/freiheit-com/kuberpult/pkg/api/v1/api.pb.go:3300.2,3300.12 1 0
github.com/freiheit-com/kuberpult/pkg/api/v1/api.pb.go:3303.74,3304.66 1 0
github.com/freiheit-com/kuberpult/pkg/api/v1/api.pb.go:3304.66,3306.3 1 0
github.com/freiheit-com/kuberpult/pkg/api/v1/api.pb.go:3307.2,3307.12 1 0
github.com/freiheit-com/kuberpult/pkg/api/v1/api.pb.go:3310.83,3311.67 1 0
github.com/freiheit-com/kuberpult/pkg/api/v1/api.pb.go:3311.67,3313.3 1 0
github.com/freiheit-com/kuberpult/pkg/api/v1/api.pb.go:3314.2,3314.12 1 0
github.com/freiheit-com/kuberpult/pkg/api/v1/api.pb.go:3317.90,3318.74 1 0
github.com/freiheit-com/kuberpult/pkg/api/v1/api.pb.go:3318.74,3320.3 1 0
github.com/freiheit-com/kuberpult/pkg/api/v1/api.pb.go:3321.2,3321.12 1 0
github.com/freiheit-com/kuberpult/pkg/api/v1/api.pb.go:3324.96,3325.77 1 0
github.com/freiheit-com/kuberpult/pkg/api/v1/api.pb.go:3325.77,3327.3 1 0
github.com/freiheit-com/kuberpult/pkg/api/v1/api.pb.go:3328.2,3328.12 1 0
github.com/freiheit-com/kuberpult/pkg/api/v1/api.pb.go:3331.106,3332.82 1 0
github.com/freiheit-com/kuberpult/pkg/api/v1/api.pb.go:3332.82,3334.3 1 0
github.com/freiheit-com/kuberpult/pkg/api/v1/api.pb.go:3335.2,3335.12 1 0
github.com/freiheit-com/kuberpult/pkg/api/v1/api.pb.go:3366.75,3366.76 0 0
github.com/freiheit-com/kuberpult/pkg/api/v1/api.pb.go:3368.74,3368.75 0 0
github.com/freiheit-com/kuberpult/pkg/api/v1/api.pb.go:3370.75,3370.76 0 0
github.com/freiheit-com/kuberpult/pkg/api/v1/api.pb.go:3372.82,3372.83 0 0
github.com/freiheit-com/kuberpult/pkg/api/v1/api.pb.go:3374.85,3374.86 0 0
github.com/freiheit-com/kuberpult/pkg/api/v1/api.pb.go:3376.90,3376.91 0 0
github.com/freiheit-com/kuberpult/pkg/api/v1/api.pb.go:3391.33,3393.29 2 0
github.com/freiheit-com/kuberpult/pkg/api/v1/api.pb.go:3393.29,3397.3 3 0
github.com/freiheit-com/kuberpult/pkg/api/v1/api.pb.go:3400.41,3402.2 1 0
github.com/freiheit-com/kuberpult/pkg/api/v1/api.pb.go:3404.39,3404.40 0 0
github.com/freiheit-com/kuberpult/pkg/api/v1/api.pb.go:3406.61,3408.41 2 0
github.com/freiheit-com/kuberpult/pkg/api/v1/api.pb.go:3408.41,3410.34 2 0
github.com/freiheit-com/kuberpult/pkg/api/v1/api.pb.go:3410.34,3412.4 1 0
github.com/freiheit-com/kuberpult/pkg/api/v1/api.pb.go:3413.3,3413.12 1 0
github.com/freiheit-com/kuberpult/pkg/api/v1/api.pb.go:3415.2,3415.24 1 0
github.com/freiheit-com/kuberpult/pkg/api/v1/api.pb.go:3419.52,3421.2 1 0
github.com/freiheit-com/kuberpult/pkg/api/v1/api.pb.go:3423.49,3424.14 1 0
github.com/freiheit-com/kuberpult/pkg/api/v1/api.pb.go:3424.14,3426.3 1 0
github.com/freiheit-com/kuberpult/pkg/api/v1/api.pb.go:3427.2,3427.11 1 0
github.com/freiheit-com/kuberpult/pkg/api/v1/api.pb.go:3430.49,3431.14 1 0
github.com/freiheit-com/kuberpult/pkg/api/v1/api.pb.go:3431.14,3433.3 1 0
github.com/freiheit-com/kuberpult/pkg/api/v1/api.pb.go:3434.2,3434.11 1 0
github.com/freiheit-com/kuberpult/pkg/api/v1/api.pb.go:3437.45,3438.14 1 0
github.com/freiheit-com/kuberpult/pkg/api/v1/api.pb.go:3438.14,3440.3 1 0
github.com/freiheit-com/kuberpult/pkg/api/v1/api.pb.go:3441.2,3441.10 1 0
github.com/freiheit-com/kuberpult/pkg/api/v1/api.pb.go:3445.50,3446.14 1 0
github.com/freiheit-com/kuberpult/pkg/api/v1/api.pb.go:3446.14,3448.3 1 0
github.com/freiheit-com/kuberpult/pkg/api/v1/api.pb.go:3449.2,3449.14 1 0
github.com/freiheit-com/kuberpult/pkg/api/v1/api.pb.go:3452.56,3453.14 1 0
github.com/freiheit-com/kuberpult/pkg/api/v1/api.pb.go:3453.14,3455.3 1 0
github.com/freiheit-com/kuberpult/pkg/api/v1/api.pb.go:3456.2,3456.28 1 0
github.com/freiheit-com/kuberpult/pkg/api/v1/api.pb.go:3467.42,3469.29 2 0
github.com/freiheit-com/kuberpult/pkg/api/v1/api.pb.go:3469.29,3473.3 3 0
github.com/freiheit-com/kuberpult/pkg/api/v1/api.pb.go:3476.50,3478.2 1 0
github.com/freiheit-com/kuberpult/pkg/api/v1/api.pb.go:3480.48,3480.49 0 0
github.com/freiheit-com/kuberpult/pkg/api/v1/api.pb.go:3482.70,3484.41 2 0
github.com/freiheit-com/kuberpult/pkg/api/v1/api.pb.go:3484.41,3486.34 2 0
github.com/freiheit-com/kuberpult/pkg/api/v1/api.pb.go:3486.34,3488.4 1 0
github.com/freiheit-com/kuberpult/pkg/api/v1/api.pb.go:3489.3,3489.12 1 0
github.com/freiheit-com/kuberpult/pkg/api/v1/api.pb.go:3491.2,3491.24 1 0
github.com/freiheit-com/kuberpult/pkg/api/v1/api.pb.go:3495.61,3497.2 1 0
github.com/freiheit-com/kuberpult/pkg/api/v1/api.pb.go:3499.58,3500.14 1 0
github.com/freiheit-com/kuberpult/pkg/api/v1/api.pb.go:3500.14,3502.3 1 0
github.com/freiheit-com/kuberpult/pkg/api/v1/api.pb.go:3503.2,3503.11 1 0
github.com/freiheit-com/kuberpult/pkg/api/v1/api.pb.go:3514.35,3516.29 2 0
github.com/freiheit-com/kuberpult/pkg/api/v1/api.pb.go:3516.29,3520.3 3 0
github.com/freiheit-com/kuberpult/pkg/api/v1/api.pb.go:3523.43,3525.2 1 0
github.com/freiheit-com/kuberpult/pkg/api/v1/api.pb.go:3527.41,3527.42 0 0
github.com/freiheit-com/kuberpult/pkg/api/v1/api.pb.go:3529.63,3531.41 2 0
github.com/freiheit-com/kuberpult/pkg/api/v1/api.pb.go:3531.41,3533.34 2 0
github.com/freiheit-com/kuberpult/pkg/api/v1/api.pb.go:3533.34,3535.4 1 0
github.com/freiheit-com/kuberpult/pkg/api/v1/api.pb.go:3536.3,3536.12 1 0
github.com/freiheit-com/kuberpult/pkg/api/v1/api.pb.go:3538.2,3538.24 1 0
github.com/freiheit-com/kuberpult/pkg/api/v1/api.pb.go:3542.54,3544.2 1 0
github.com/freiheit-com/kuberpult/pkg/api/v1/api.pb.go:3546.51,3547.14 1 0
github.com/freiheit-com/kuberpult/pkg/api/v1/api.pb.go:3547.14,3549.3 1 0
github.com/freiheit-com/kuberpult/pkg/api/v1/api.pb.go:3550.2,3550.11 1 0
github.com/freiheit-com/kuberpult/pkg/api/v1/api.pb.go:3562.51,3564.29 2 0
github.com/freiheit-com/kuberpult/pkg/api/v1/api.pb.go:3564.29,3568.3 3 0
github.com/freiheit-com/kuberpult/pkg/api/v1/api.pb.go:3571.59,3573.2 1 0
github.com/freiheit-com/kuberpult/pkg/api/v1/api.pb.go:3575.57,3575.58 0 0
github.com/freiheit-com/kuberpult/pkg/api/v1/api.pb.go:3577.79,3579.41 2 0
github.com/freiheit-com/kuberpult/pkg/api/v1/api.pb.go:3579.41,3581.34 2 0
github.com/freiheit-com/kuberpult/pkg/api/v1/api.pb.go:3581.34,3583.4 1 0
github.com/freiheit-com/kuberpult/pkg/api/v1/api.pb.go:3584.3,3584.12 1 0
github.com/freiheit-com/kuberpult/pkg/api/v1/api.pb.go:3586.2,3586.24 1 0
github.com/freiheit-com/kuberpult/pkg/api/v1/api.pb.go:3590.70,3592.2 1 0
github.com/freiheit-com/kuberpult/pkg/api/v1/api.pb.go:3594.67,3595.14 1 0
github.com/freiheit-com/kuberpult/pkg/api/v1/api.pb.go:3595.14,3597.3 1 0
github.com/freiheit-com/kuberpult/pkg/api/v1/api.pb.go:3598.2,3598.11 1 0
github.com/freiheit-com/kuberpult/pkg/api/v1/api.pb.go:3601.67,3602.14 1 0
github.com/freiheit-com/kuberpult/pkg/api/v1/api.pb.go:3602.14,3604.3 1 0
github.com/freiheit-com/kuberpult/pkg/api/v1/api.pb.go:3605.2,3605.11 1 0
github.com/freiheit-com/kuberpult/pkg/api/v1/api.pb.go:3620.39,3622.29 2 0
github.com/freiheit-com/kuberpult/pkg/api/v1/api.pb.go:3622.29,3626.3 3 0
github.com/freiheit-com/kuberpult/pkg/api/v1/api.pb.go:3629.47,3631.2 1 0
github.com/freiheit-com/kuberpult/pkg/api/v1/api.pb.go:3633.45,3633.46 0 0
github.com/freiheit-com/kuberpult/pkg/api/v1/api.pb.go:3635.67,3637.41 2 0
github.com/freiheit-com/kuberpult/pkg/api/v1/api.pb.go:3637.41,3639.34 2 0
github.com/freiheit-com/kuberpult/pkg/api/v1/api.pb.go:3639.34,3641.4 1 0
github.com/freiheit-com/kuberpult/pkg/api/v1/api.pb.go:3642.3,3642.12 1 0
github.com/freiheit-com/kuberpult/pkg/api/v1/api.pb.go:3644.2,3644.24 1 0
github.com/freiheit-com/kuberpult/pkg/api/v1/api.pb.go:3648.58,3650.2 1 0
github.com/freiheit-com/kuberpult/pkg/api/v1/api.pb.go:3652.50,3653.14 1 0
github.com/freiheit-com/kuberpult/pkg/api/v1/api.pb.go:3653.14,3655.3 1 0
github.com/freiheit-com/kuberpult/pkg/api/v1/api.pb.go:3656.2,3656.11 1 0
github.com/freiheit-com/kuberpult/pkg/api/v1/api.pb.go:3659.48,3660.14 1 0
github.com/freiheit-com/kuberpult/pkg/api/v1/api.pb.go:3660.14,3662.3 1 0
github.com/freiheit-com/kuberpult/pkg/api/v1/api.pb.go:3663.2,3663.11 1 0
github.com/freiheit-com/kuberpult/pkg/api/v1/api.pb.go:3666.54,3667.14 1 0
github.com/freiheit-com/kuberpult/pkg/api/v1/api.pb.go:3667.14,3669.3 1 0
github.com/freiheit-com/kuberpult/pkg/api/v1/api.pb.go:3670.2,3670.11 1 0
github.com/freiheit-com/kuberpult/pkg/api/v1/api.pb.go:3673.78,3674.14 1 0
github.com/freiheit-com/kuberpult/pkg/api/v1/api.pb.go:3674.14,3676.3 1 0
github.com/freiheit-com/kuberpult/pkg/api/v1/api.pb.go:3677.2,3677.36 1 0
github.com/freiheit-com/kuberpult/pkg/api/v1/api.pb.go:3680.50,3681.14 1 0
github.com/freiheit-com/kuberpult/pkg/api/v1/api.pb.go:3681.14,3683.3 1 0
github.com/freiheit-com/kuberpult/pkg/api/v1/api.pb.go:3684.2,3684.11 1 0
github.com/freiheit-com/kuberpult/pkg/api/v1/api.pb.go:3696.40,3698.29 2 0
github.com/freiheit-com/kuberpult/pkg/api/v1/api.pb.go:3698.29,3702.3 3 0
github.com/freiheit-com/kuberpult/pkg/api/v1/api.pb.go:3705.48,3707.2 1 0
github.com/freiheit-com/kuberpult/pkg/api/v1/api.pb.go:3709.46,3709.47 0 0
github.com/freiheit-com/kuberpult/pkg/api/v1/api.pb.go:3711.68,3713.41 2 0
github.com/freiheit-com/kuberpult/pkg/api/v1/api.pb.go:3713.41,3715.34 2 0
github.com/freiheit-com/kuberpult/pkg/api/v1/api.pb.go:3715.34,3717.4 1 0
github.com/freiheit-com/kuberpult/pkg/api/v1/api.pb.go:3718.3,3718.12 1 0
github.com/freiheit-com/kuberpult/pkg/api/v1/api.pb.go:3720.2,3720.24 1 0
github.com/freiheit-com/kuberpult/pkg/api/v1/api.pb.go:3724.59,3726.2 1 0
github.com/freiheit-com/kuberpult/pkg/api/v1/api.pb.go:3728.51,3729.14 1 0
github.com/freiheit-com/kuberpult/pkg/api/v1/api.pb.go:3729.14,3731.3 1 0
github.com/freiheit-com/kuberpult/pkg/api/v1/api.pb.go:3732.2,3732.11 1 0
github.com/freiheit-com/kuberpult/pkg/api/v1/api.pb.go:3735.49,3736.14 1 0
github.com/freiheit-com/kuberpult/pkg/api/v1/api.pb.go:3736.14,3738.3 1 0
github.com/freiheit-com/kuberpult/pkg/api/v1/api.pb.go:3739.2,3739.11 1 0
github.com/freiheit-com/kuberpult/pkg/api/v1/api.pb.go:3755.24,3757.29 2 0
github.com/freiheit-com/kuberpult/pkg/api/v1/api.pb.go:3757.29,3761.3 3 0
github.com/freiheit-com/kuberpult/pkg/api/v1/api.pb.go:3764.32,3766.2 1 0
github.com/freiheit-com/kuberpult/pkg/api/v1/api.pb.go:3768.30,3768.31 0 0
github.com/freiheit-com/kuberpult/pkg/api/v1/api.pb.go:3770.52,3772.41 2 0
github.com/freiheit-com/kuberpult/pkg/api/v1/api.pb.go:3772.41,3774.34 2 0
github.com/freiheit-com/kuberpult/pkg/api/v1/api.pb.go:3774.34,3776.4 1 0
github.com/freiheit-com/kuberpult/pkg/api/v1/api.pb.go:3777.3,3777.12 1 0
github.com/freiheit-com/kuberpult/pkg/api/v1/api.pb.go:3779.2,3779.24 1 0
github.com/freiheit-com/kuberpult/pkg/api/v1/api.pb.go:3783.43,3785.2 1 0
github.com/freiheit-com/kuberpult/pkg/api/v1/api.pb.go:3787.36,3788.14 1 0
github.com/freiheit-com/kuberpult/pkg/api/v1/api.pb.go:3788.14,3790.3 1 0
github.com/freiheit-com/kuberpult/pkg/api/v1/api.pb.go:3791.2,3791.11 1 0
github.com/freiheit-com/kuberpult/pkg/api/v1/api.pb.go:3794.35,3795.14 1 0
github.com/freiheit-com/kuberpult/pkg/api/v1/api.pb.go:3795.14,3797.3 1 0
github.com/freiheit-com/kuberpult/pkg/api/v1/api.pb.go:3798.2,3798.11 1 0
github.com/freiheit-com/kuberpult/pkg/api/v1/api.pb.go:3801.54,3802.14 1 0
github.com/freiheit-com/kuberpult/pkg/api/v1/api.pb.go:3802.14,3804.3 1 0
github.com/freiheit-com/kuberpult/pkg/api/v1/api.pb.go:3805.2,3805.12 1 0
github.com/freiheit-com/kuberpult/pkg/api/v1/api.pb.go:3808.38,3809.14 1 0
github.com/freiheit-com/kuberpult/pkg/api/v1/api.pb.go:3809.14,3811.3 1 0
github.com/freiheit-com/kuberpult/pkg/api/v1/api.pb.go:3812.2,3812.12 1 0
github.com/freiheit-com/kuberpult/pkg/api/v1/api.pb.go:3815.35,3816.14 1 0
github.com/freiheit-com/kuberpult/pkg/api/v1/api.pb.go:3816.14,3818.3 1 0
github.com/freiheit-com/kuberpult/pkg/api/v1/api.pb.go:3819.2,3819.11 1 0
github.com/freiheit-com/kuberpult/pkg/api/v1/api.pb.go:3822.46,3823.14 1 0
github.com/freiheit-com/kuberpult/pkg/api/v1/api.pb.go:3823.14,3825.3 1 0
github.com/freiheit-com/kuberpult/pkg/api/v1/api.pb.go:3826.2,3826.11 1 0
github.com/freiheit-com/kuberpult/pkg/api/v1/api.pb.go:3839.31,3841.29 2 0
github.com/freiheit-com/kuberpult/pkg/api/v1/api.pb.go:3841.29,3845.3 3 0
github.com/freiheit-com/kuberpult/pkg/api/v1/api.pb.go:3848.39,3850.2 1 0
github.com/freiheit-com/kuberpult/pkg/api/v1/api.pb.go:3852.37,3852.38 0 0
github.com/freiheit-com/kuberpult/pkg/api/v1/api.pb.go:3854.59,3856.41 2 0
github.com/freiheit-com/kuberpult/pkg/api/v1/api.pb.go:3856.41,3858.34 2 0
github.com/freiheit-com/kuberpult/pkg/api/v1/api.pb.go:3858.34,3860.4 1 0
github.com/freiheit-com/kuberpult/pkg/api/v1/api.pb.go:3861.3,3861.12 1 0
github.com/freiheit-com/kuberpult/pkg/api/v1/api.pb.go:3863.2,3863.24 1 0
github.com/freiheit-com/kuberpult/pkg/api/v1/api.pb.go:3867.50,3869.2 1 0
github.com/freiheit-com/kuberpult/pkg/api/v1/api.pb.go:3871.62,3872.14 1 0
github.com/freiheit-com/kuberpult/pkg/api/v1/api.pb.go:3872.14,3874.3 1 0
github.com/freiheit-com/kuberpult/pkg/api/v1/api.pb.go:3875.2,3875.12 1 0
github.com/freiheit-com/kuberpult/pkg/api/v1/api.pb.go:3878.73,3879.14 1 0
github.com/freiheit-com/kuberpult/pkg/api/v1/api.pb.go:3879.14,3881.3 1 0
github.com/freiheit-com/kuberpult/pkg/api/v1/api.pb.go:3882.2,3882.12 1 0
github.com/freiheit-com/kuberpult/pkg/api/v1/api.pb.go:3885.66,3886.14 1 0
github.com/freiheit-com/kuberpult/pkg/api/v1/api.pb.go:3886.14,3888.3 1 0
github.com/freiheit-com/kuberpult/pkg/api/v1/api.pb.go:3889.2,3889.12 1 0
github.com/freiheit-com/kuberpult/pkg/api/v1/api.pb.go:3898.44,3900.29 2 0
github.com/freiheit-com/kuberpult/pkg/api/v1/api.pb.go:3900.29,3904.3 3 0
github.com/freiheit-com/kuberpult/pkg/api/v1/api.pb.go:3907.52,3909.2 1 0
github.com/freiheit-com/kuberpult/pkg/api/v1/api.pb.go:3911.50,3911.51 0 0
github.com/freiheit-com/kuberpult/pkg/api/v1/api.pb.go:3913.72,3915.41 2 0
github.com/freiheit-com/kuberpult/pkg/api/v1/api.pb.go:3915.41,3917.34 2 0
github.com/freiheit-com/kuberpult/pkg/api/v1/api.pb.go:3917.34,3919.4 1 0
github.com/freiheit-com/kuberpult/pkg/api/v1/api.pb.go:3920.3,3920.12 1 0
github.com/freiheit-com/kuberpult/pkg/api/v1/api.pb.go:3922.2,3922.24 1 0
github.com/freiheit-com/kuberpult/pkg/api/v1/api.pb.go:3926.63,3928.2 1 0
github.com/freiheit-com/kuberpult/pkg/api/v1/api.pb.go:3943.45,3945.29 2 0
github.com/freiheit-com/kuberpult/pkg/api/v1/api.pb.go:3945.29,3949.3 3 0
github.com/freiheit-com/kuberpult/pkg/api/v1/api.pb.go:3952.53,3954.2 1 0
github.com/freiheit-com/kuberpult/pkg/api/v1/api.pb.go:3956.51,3956.52 0 0
github.com/freiheit-com/kuberpult/pkg/api/v1/api.pb.go:3958.73,3960.41 2 0
github.com/freiheit-com/kuberpult/pkg/api/v1/api.pb.go:3960.41,3962.34 2 0
github.com/freiheit-com/kuberpult/pkg/api/v1/api.pb.go:3962.34,3964.4 1 0
github.com/freiheit-com/kuberpult/pkg/api/v1/api.pb.go:3965.3,3965.12 1 0
github.com/freiheit-com/kuberpult/pkg/api/v1/api.pb.go:3967.2,3967.24 1 0
github.com/freiheit-com/kuberpult/pkg/api/v1/api.pb.go:3971.64,3973.2 1 0
github.com/freiheit-com/kuberpult/pkg/api/v1/api.pb.go:3975.83,3976.14 1 0
github.com/freiheit-com/kuberpult/pkg/api/v1/api.pb.go:3976.14,3978.3 1 0
github.com/freiheit-com/kuberpult/pkg/api/v1/api.pb.go:3979.2,3979.12 1 0
github.com/freiheit-com/kuberpult/pkg/api/v1/api.pb.go:3982.85,3983.14 1 0
github.com/freiheit-com/kuberpult/pkg/api/v1/api.pb.go:3983.14,3985.3 1 0
github.com/freiheit-com/kuberpult/pkg/api/v1/api.pb.go:3986.2,3986.12 1 0
github.com/freiheit-com/kuberpult/pkg/api/v1/api.pb.go:3989.63,3990.14 1 0
github.com/freiheit-com/kuberpult/pkg/api/v1/api.pb.go:3990.14,3992.3 1 0
github.com/freiheit-com/kuberpult/pkg/api/v1/api.pb.go:3993.2,3993.11 1 0
github.com/freiheit-com/kuberpult/pkg/api/v1/api.pb.go:3996.66,3997.14 1 0
github.com/freiheit-com/kuberpult/pkg/api/v1/api.pb.go:3997.14,3999.3 1 0
github.com/freiheit-com/kuberpult/pkg/api/v1/api.pb.go:4000.2,4000.11 1 0
github.com/freiheit-com/kuberpult/pkg/api/v1/api.pb.go:4003.56,4004.14 1 0
github.com/freiheit-com/kuberpult/pkg/api/v1/api.pb.go:4004.14,4006.3 1 0
github.com/freiheit-com/kuberpult/pkg/api/v1/api.pb.go:4007.2,4007.11 1 0
github.com/freiheit-com/kuberpult/pkg/api/v1/api.pb.go:4010.65,4011.14 1 0
github.com/freiheit-com/kuberpult/pkg/api/v1/api.pb.go:4011.14,4013.3 1 0
github.com/freiheit-com/kuberpult/pkg/api/v1/api.pb.go:4014.2,4014.11 1 0
github.com/freiheit-com/kuberpult/pkg/api/v1/api.pb.go:4027.37,4029.29 2 0
github.com/freiheit-com/kuberpult/pkg/api/v1/api.pb.go:4029.29,4033.3 3 0
github.com/freiheit-com/kuberpult/pkg/api/v1/api.pb.go:4036.45,4038.2 1 0
github.com/freiheit-com/kuberpult/pkg/api/v1/api.pb.go:4040.43,4040.44 0 0
github.com/freiheit-com/kuberpult/pkg/api/v1/api.pb.go:4042.65,4044.41 2 0
github.com/freiheit-com/kuberpult/pkg/api/v1/api.pb.go:4044.41,4046.34 2 0
github.com/freiheit-com/kuberpult/pkg/api/v1/api.pb.go:4046.34,4048.4 1 0
github.com/freiheit-com/kuberpult/pkg/api/v1/api.pb.go:4049.3,4049.12 1 0
github.com/freiheit-com/kuberpult/pkg/api/v1/api.pb.go:4051.2,4051.24 1 0
github.com/freiheit-com/kuberpult/pkg/api/v1/api.pb.go:4055.56,4057.2 1 0
github.com/freiheit-com/kuberpult/pkg/api/v1/api.pb.go:4059.53,4060.14 1 0
github.com/freiheit-com/kuberpult/pkg/api/v1/api.pb.go:4060.14,4062.3 1 0
github.com/freiheit-com/kuberpult/pkg/api/v1/api.pb.go:4063.2,4063.11 1 0
github.com/freiheit-com/kuberpult/pkg/api/v1/api.pb.go:4066.53,4067.14 1 0
github.com/freiheit-com/kuberpult/pkg/api/v1/api.pb.go:4067.14,4069.3 1 0
github.com/freiheit-com/kuberpult/pkg/api/v1/api.pb.go:4070.2,4070.11 1 0
github.com/freiheit-com/kuberpult/pkg/api/v1/api.pb.go:4073.53,4074.14 1 0
github.com/freiheit-com/kuberpult/pkg/api/v1/api.pb.go:4074.14,4076.3 1 0
github.com/freiheit-com/kuberpult/pkg/api/v1/api.pb.go:4077.2,4077.11 1 0
github.com/freiheit-com/kuberpult/pkg/api/v1/api.pb.go:4090.38,4092.29 2 0
github.com/freiheit-com/kuberpult/pkg/api/v1/api.pb.go:4092.29,4096.3 3 0
[...]
github.com/freiheit-com/kuberpult/pkg/db/db_sync_status.go:290.2,290.20 1 0
github.com/freiheit-com/kuberpult/pkg/db/db_sync_status.go:293.102,294.16 1 1
github.com/freiheit-com/kuberpult/pkg/db/db_sync_status.go:294.16,296.3 1 0
github.com/freiheit-com/kuberpult/pkg/db/db_sync_status.go:298.2,298.29 1 1
github.com/freiheit-com/kuberpult/pkg/db/db_sync_status.go:298.29,300.17 2 1
github.com/freiheit-com/kuberpult/pkg/db/db_sync_status.go:300.17,302.4 1 0
github.com/freiheit-com/kuberpult/pkg/db/db_sync_status.go:305.2,306.18 2 1
github.com/freiheit-com/kuberpult/pkg/db/db_sync_status.go:306.18,310.17 3 1
github.com/freiheit-com/kuberpult/pkg/db/db_sync_status.go:310.17,311.37 1 0
github.com/freiheit-com/kuberpult/pkg/db/db_sync_status.go:311.37,313.5 1 0
github.com/freiheit-com/kuberpult/pkg/db/db_sync_status.go:314.4,314.84 1 0
github.com/freiheit-com/kuberpult/pkg/db/db_sync_status.go:316.3,316.36 1 1
github.com/freiheit-com/kuberpult/pkg/db/db_sync_status.go:318.2,319.16 2 1
github.com/freiheit-com/kuberpult/pkg/db/db_sync_status.go:319.16,321.3 1 0
github.com/freiheit-com/kuberpult/pkg/db/db_sync_status.go:322.2,322.22 1 1
github.com/freiheit-com/kuberpult/pkg/db/db_sync_status.go:325.136,328.14 3 1
github.com/freiheit-com/kuberpult/pkg/db/db_sync_status.go:328.14,330.3 1 0
github.com/freiheit-com/kuberpult/pkg/db/db_sync_status.go:331.2,331.15 1 1
github.com/freiheit-com/kuberpult/pkg/db/db_sync_status.go:331.15,333.3 1 0
github.com/freiheit-com/kuberpult/pkg/db/db_sync_status.go:335.2,344.16 4 1
github.com/freiheit-com/kuberpult/pkg/db/db_sync_status.go:344.16,346.3 1 0
github.com/freiheit-com/kuberpult/pkg/db/db_sync_status.go:347.2,347.22 1 1
github.com/freiheit-com/kuberpult/pkg/db/db_sync_status.go:347.22,349.3 1 0
github.com/freiheit-com/kuberpult/pkg/db/db_sync_status.go:350.2,350.24 1 1
github.com/freiheit-com/kuberpult/pkg/db/db_sync_status.go:354.166,362.19 3 1
github.com/freiheit-com/kuberpult/pkg/db/db_sync_status.go:362.19,364.3 1 1
github.com/freiheit-com/kuberpult/pkg/db/db_sync_status.go:365.2,365.40 1 1
github.com/freiheit-com/kuberpult/pkg/db/db_sync_status.go:365.40,367.53 2 1
github.com/freiheit-com/kuberpult/pkg/db/db_sync_status.go:367.53,369.18 2 1
github.com/freiheit-com/kuberpult/pkg/db/db_sync_status.go:369.18,371.5 1 0
github.com/freiheit-com/kuberpult/pkg/db/db_sync_status.go:372.4,372.21 1 1
github.com/freiheit-com/kuberpult/pkg/db/db_sync_status.go:375.2,375.12 1 1
github.com/freiheit-com/kuberpult/pkg/db/db_sync_status.go:378.108,381.14 3 0
github.com/freiheit-com/kuberpult/pkg/db/db_sync_status.go:381.14,383.3 1 0
github.com/freiheit-com/kuberpult/pkg/db/db_sync_status.go:384.2,384.15 1 0
github.com/freiheit-com/kuberpult/pkg/db/db_sync_status.go:384.15,386.3 1 0
github.com/freiheit-com/kuberpult/pkg/db/db_sync_status.go:388.2,395.16 3 0
github.com/freiheit-com/kuberpult/pkg/db/db_sync_status.go:395.16,397.3 1 0
github.com/freiheit-com/kuberpult/pkg/db/db_sync_status.go:399.2,399.29 1 0
github.com/freiheit-com/kuberpult/pkg/db/db_sync_status.go:399.29,401.17 2 0
github.com/freiheit-com/kuberpult/pkg/db/db_sync_status.go:401.17,403.4 1 0
github.com/freiheit-com/kuberpult/pkg/db/db_sync_status.go:406.2,407.17 2 0
github.com/freiheit-com/kuberpult/pkg/db/db_sync_status.go:407.17,409.17 2 0
github.com/freiheit-com/kuberpult/pkg/db/db_sync_status.go:409.17,410.37 1 0
github.com/freiheit-com/kuberpult/pkg/db/db_sync_status.go:410.37,412.5 1 0
github.com/freiheit-com/kuberpult/pkg/db/db_sync_status.go:413.4,413.134 1 0
github.com/freiheit-com/kuberpult/pkg/db/db_sync_status.go:416.2,417.16 2 0
github.com/freiheit-com/kuberpult/pkg/db/db_sync_status.go:417.16,419.3 1 0
github.com/freiheit-com/kuberpult/pkg/db/db_sync_status.go:420.2,420.19 1 0
github.com/freiheit-com/kuberpult/pkg/db/db_team_locks.go:50.133,53.14 3 1
github.com/freiheit-com/kuberpult/pkg/db/db_team_locks.go:53.14,55.3 1 0
github.com/freiheit-com/kuberpult/pkg/db/db_team_locks.go:56.2,56.15 1 1
github.com/freiheit-com/kuberpult/pkg/db/db_team_locks.go:56.15,58.3 1 0
github.com/freiheit-com/kuberpult/pkg/db/db_team_locks.go:60.2,69.16 4 1
github.com/freiheit-com/kuberpult/pkg/db/db_team_locks.go:69.16,71.3 1 0
github.com/freiheit-com/kuberpult/pkg/db/db_team_locks.go:72.2,73.18 2 1
github.com/freiheit-com/kuberpult/pkg/db/db_team_locks.go:73.18,91.17 4 1
github.com/freiheit-com/kuberpult/pkg/db/db_team_locks.go:91.17,92.37 1 0
github.com/freiheit-com/kuberpult/pkg/db/db_team_locks.go:92.37,94.5 1 0
github.com/freiheit-com/kuberpult/pkg/db/db_team_locks.go:95.4,95.92 1 0
github.com/freiheit-com/kuberpult/pkg/db/db_team_locks.go:99.3,101.17 3 1
github.com/freiheit-com/kuberpult/pkg/db/db_team_locks.go:101.17,103.4 1 0
github.com/freiheit-com/kuberpult/pkg/db/db_team_locks.go:104.3,104.39 1 1
github.com/freiheit-com/kuberpult/pkg/db/db_team_locks.go:104.39,106.4 1 1
github.com/freiheit-com/kuberpult/pkg/db/db_team_locks.go:107.3,107.49 1 1
github.com/freiheit-com/kuberpult/pkg/db/db_team_locks.go:107.49,109.4 1 1
github.com/freiheit-com/kuberpult/pkg/db/db_team_locks.go:110.3,116.5 1 1
github.com/freiheit-com/kuberpult/pkg/db/db_team_locks.go:118.2,119.16 2 1
github.com/freiheit-com/kuberpult/pkg/db/db_team_locks.go:119.16,121.3 1 0
github.com/freiheit-com/kuberpult/pkg/db/db_team_locks.go:123.2,123.23 1 1
github.com/freiheit-com/kuberpult/pkg/db/db_team_locks.go:126.99,140.16 6 0
github.com/freiheit-com/kuberpult/pkg/db/db_team_locks.go:140.16,142.3 1 0
github.com/freiheit-com/kuberpult/pkg/db/db_team_locks.go:143.2,143.17 1 0
github.com/freiheit-com/kuberpult/pkg/db/db_team_locks.go:143.17,161.17 4 0
github.com/freiheit-com/kuberpult/pkg/db/db_team_locks.go:161.17,162.37 1 0
github.com/freiheit-com/kuberpult/pkg/db/db_team_locks.go:162.37,164.5 1 0
github.com/freiheit-com/kuberpult/pkg/db/db_team_locks.go:165.4,165.85 1 0
github.com/freiheit-com/kuberpult/pkg/db/db_team_locks.go:169.3,171.17 3 0
github.com/freiheit-com/kuberpult/pkg/db/db_team_locks.go:171.17,173.4 1 0
github.com/freiheit-com/kuberpult/pkg/db/db_team_locks.go:174.3,175.19 2 0
github.com/freiheit-com/kuberpult/pkg/db/db_team_locks.go:177.2,178.16 2 0
github.com/freiheit-com/kuberpult/pkg/db/db_team_locks.go:178.16,180.3 1 0
github.com/freiheit-com/kuberpult/pkg/db/db_team_locks.go:181.2,181.17 1 0
github.com/freiheit-com/kuberpult/pkg/db/db_team_locks.go:184.125,201.2 6 0
github.com/freiheit-com/kuberpult/pkg/db/db_team_locks.go:203.125,207.14 3 1
github.com/freiheit-com/kuberpult/pkg/db/db_team_locks.go:207.14,209.3 1 0
github.com/freiheit-com/kuberpult/pkg/db/db_team_locks.go:210.2,210.15 1 1
github.com/freiheit-com/kuberpult/pkg/db/db_team_locks.go:210.15,212.3 1 0
github.com/freiheit-com/kuberpult/pkg/db/db_team_locks.go:214.2,219.46 3 1
github.com/freiheit-com/kuberpult/pkg/db/db_team_locks.go:222.142,242.16 7 1
github.com/freiheit-com/kuberpult/pkg/db/db_team_locks.go:242.16,244.3 1 0
github.com/freiheit-com/kuberpult/pkg/db/db_team_locks.go:245.2,245.22 1 1
github.com/freiheit-com/kuberpult/pkg/db/db_team_locks.go:245.22,247.3 1 1
github.com/freiheit-com/kuberpult/pkg/db/db_team_locks.go:248.2,248.24 1 1
github.com/freiheit-com/kuberpult/pkg/db/db_team_locks.go:251.137,254.14 3 0
github.com/freiheit-com/kuberpult/pkg/db/db_team_locks.go:254.14,256.3 1 0
github.com/freiheit-com/kuberpult/pkg/db/db_team_locks.go:257.2,257.15 1 0
github.com/freiheit-com/kuberpult/pkg/db/db_team_locks.go:257.15,259.3 1 0
github.com/freiheit-com/kuberpult/pkg/db/db_team_locks.go:260.2,268.50 4 0
github.com/freiheit-com/kuberpult/pkg/db/db_team_locks.go:272.179,276.14 3 1
github.com/freiheit-com/kuberpult/pkg/db/db_team_locks.go:276.14,278.3 1 0
github.com/freiheit-com/kuberpult/pkg/db/db_team_locks.go:279.2,279.15 1 1
github.com/freiheit-com/kuberpult/pkg/db/db_team_locks.go:279.15,281.3 1 0
github.com/freiheit-com/kuberpult/pkg/db/db_team_locks.go:283.2,300.16 4 1
github.com/freiheit-com/kuberpult/pkg/db/db_team_locks.go:300.16,302.3 1 0
github.com/freiheit-com/kuberpult/pkg/db/db_team_locks.go:303.2,303.29 1 1
github.com/freiheit-com/kuberpult/pkg/db/db_team_locks.go:303.29,305.17 2 1
github.com/freiheit-com/kuberpult/pkg/db/db_team_locks.go:305.17,307.4 1 0
github.com/freiheit-com/kuberpult/pkg/db/db_team_locks.go:309.2,310.18 2 1
github.com/freiheit-com/kuberpult/pkg/db/db_team_locks.go:310.18,329.17 4 1
github.com/freiheit-com/kuberpult/pkg/db/db_team_locks.go:329.17,330.37 1 0
github.com/freiheit-com/kuberpult/pkg/db/db_team_locks.go:330.37,332.5 1 0
github.com/freiheit-com/kuberpult/pkg/db/db_team_locks.go:333.4,333.85 1 0
github.com/freiheit-com/kuberpult/pkg/db/db_team_locks.go:337.3,339.17 3 1
github.com/freiheit-com/kuberpult/pkg/db/db_team_locks.go:339.17,341.4 1 0
github.com/freiheit-com/kuberpult/pkg/db/db_team_locks.go:342.3,343.37 2 1
github.com/freiheit-com/kuberpult/pkg/db/db_team_locks.go:345.2,346.16 2 1
github.com/freiheit-com/kuberpult/pkg/db/db_team_locks.go:346.16,348.3 1 0
github.com/freiheit-com/kuberpult/pkg/db/db_team_locks.go:349.2,349.23 1 1
github.com/freiheit-com/kuberpult/pkg/db/db_team_locks.go:353.158,357.14 3 1
github.com/freiheit-com/kuberpult/pkg/db/db_team_locks.go:357.14,359.3 1 0
github.com/freiheit-com/kuberpult/pkg/db/db_team_locks.go:360.2,360.15 1 1
github.com/freiheit-com/kuberpult/pkg/db/db_team_locks.go:360.15,362.3 1 0
github.com/freiheit-com/kuberpult/pkg/db/db_team_locks.go:363.2,364.16 2 1
github.com/freiheit-com/kuberpult/pkg/db/db_team_locks.go:364.16,366.3 1 0
github.com/freiheit-com/kuberpult/pkg/db/db_team_locks.go:367.2,368.16 2 1
github.com/freiheit-com/kuberpult/pkg/db/db_team_locks.go:368.16,370.3 1 0
github.com/freiheit-com/kuberpult/pkg/db/db_team_locks.go:371.2,371.12 1 1
github.com/freiheit-com/kuberpult/pkg/db/db_team_locks.go:374.156,378.23 3 0
github.com/freiheit-com/kuberpult/pkg/db/db_team_locks.go:378.23,380.3 1 0
github.com/freiheit-com/kuberpult/pkg/db/db_team_locks.go:381.2,381.14 1 0
github.com/freiheit-com/kuberpult/pkg/db/db_team_locks.go:381.14,383.3 1 0
github.com/freiheit-com/kuberpult/pkg/db/db_team_locks.go:384.2,384.15 1 0
github.com/freiheit-com/kuberpult/pkg/db/db_team_locks.go:384.15,386.3 1 0
github.com/freiheit-com/kuberpult/pkg/db/db_team_locks.go:388.2,390.29 2 0
github.com/freiheit-com/kuberpult/pkg/db/db_team_locks.go:390.29,392.17 2 0
github.com/freiheit-com/kuberpult/pkg/db/db_team_locks.go:392.17,394.4 1 0
github.com/freiheit-com/kuberpult/pkg/db/db_team_locks.go:395.3,395.43 1 0
github.com/freiheit-com/kuberpult/pkg/db/db_team_locks.go:397.2,397.23 1 0
github.com/freiheit-com/kuberpult/pkg/db/db_team_locks.go:400.129,404.14 3 1
github.com/freiheit-com/kuberpult/pkg/db/db_team_locks.go:404.14,406.3 1 0
github.com/freiheit-com/kuberpult/pkg/db/db_team_locks.go:407.2,407.15 1 1
github.com/freiheit-com/kuberpult/pkg/db/db_team_locks.go:407.15,409.3 1 0
github.com/freiheit-com/kuberpult/pkg/db/db_team_locks.go:410.2,412.16 2 1
github.com/freiheit-com/kuberpult/pkg/db/db_team_locks.go:412.16,414.3 1 0
github.com/freiheit-com/kuberpult/pkg/db/db_team_locks.go:416.2,416.29 1 1
github.com/freiheit-com/kuberpult/pkg/db/db_team_locks.go:416.29,419.3 2 0
github.com/freiheit-com/kuberpult/pkg/db/db_team_locks.go:420.2,421.16 2 1
github.com/freiheit-com/kuberpult/pkg/db/db_team_locks.go:421.16,423.3 1 0
github.com/freiheit-com/kuberpult/pkg/db/db_team_locks.go:424.2,425.16 2 1
github.com/freiheit-com/kuberpult/pkg/db/db_team_locks.go:425.16,427.3 1 0
github.com/freiheit-com/kuberpult/pkg/db/db_team_locks.go:428.2,428.12 1 1
github.com/freiheit-com/kuberpult/pkg/db/db_team_locks.go:433.169,444.16 6 1
github.com/freiheit-com/kuberpult/pkg/db/db_team_locks.go:444.16,446.3 1 0
github.com/freiheit-com/kuberpult/pkg/db/db_team_locks.go:448.2,449.16 2 1
github.com/freiheit-com/kuberpult/pkg/db/db_team_locks.go:449.16,451.3 1 0
github.com/freiheit-com/kuberpult/pkg/db/db_team_locks.go:452.2,460.16 2 1
github.com/freiheit-com/kuberpult/pkg/db/db_team_locks.go:460.16,467.3 1 0
github.com/freiheit-com/kuberpult/pkg/db/db_team_locks.go:468.2,468.12 1 1
github.com/freiheit-com/kuberpult/pkg/db/db_team_locks.go:471.146,484.16 6 1
github.com/freiheit-com/kuberpult/pkg/db/db_team_locks.go:484.16,491.3 1 0
github.com/freiheit-com/kuberpult/pkg/db/db_team_locks.go:492.2,492.12 1 1
github.com/freiheit-com/kuberpult/pkg/db/db_team_locks.go:495.190,504.16 6 1
github.com/freiheit-com/kuberpult/pkg/db/db_team_locks.go:504.16,506.3 1 0
github.com/freiheit-com/kuberpult/pkg/db/db_team_locks.go:508.2,509.16 2 1
github.com/freiheit-com/kuberpult/pkg/db/db_team_locks.go:509.16,511.3 1 0
github.com/freiheit-com/kuberpult/pkg/db/db_team_locks.go:512.2,521.16 2 1
github.com/freiheit-com/kuberpult/pkg/db/db_team_locks.go:521.16,528.3 1 0
github.com/freiheit-com/kuberpult/pkg/db/db_team_locks.go:529.2,529.12 1 1
github.com/freiheit-com/kuberpult/pkg/db/db_team_locks.go:533.109,534.16 1 1
github.com/freiheit-com/kuberpult/pkg/db/db_team_locks.go:534.16,536.3 1 0
github.com/freiheit-com/kuberpult/pkg/db/db_team_locks.go:537.2,537.29 1 1
github.com/freiheit-com/kuberpult/pkg/db/db_team_locks.go:537.29,539.17 2 1
github.com/freiheit-com/kuberpult/pkg/db/db_team_locks.go:539.17,541.4 1 0
github.com/freiheit-com/kuberpult/pkg/db/db_team_locks.go:543.2,544.18 2 1
github.com/freiheit-com/kuberpult/pkg/db/db_team_locks.go:544.18,562.17 4 1
github.com/freiheit-com/kuberpult/pkg/db/db_team_locks.go:562.17,563.37 1 0
github.com/freiheit-com/kuberpult/pkg/db/db_team_locks.go:563.37,565.5 1 0
github.com/freiheit-com/kuberpult/pkg/db/db_team_locks.go:566.4,566.92 1 0
github.com/freiheit-com/kuberpult/pkg/db/db_team_locks.go:570.3,572.17 3 1
github.com/freiheit-com/kuberpult/pkg/db/db_team_locks.go:572.17,574.4 1 0
github.com/freiheit-com/kuberpult/pkg/db/db_team_locks.go:575.3,576.37 2 1
github.com/freiheit-com/kuberpult/pkg/db/db_team_locks.go:578.2,579.16 2 1
github.com/freiheit-com/kuberpult/pkg/db/db_team_locks.go:579.16,581.3 1 0
github.com/freiheit-com/kuberpult/pkg/db/db_team_locks.go:583.2,583.23 1 1
github.com/freiheit-com/kuberpult/pkg/db/db_team_locks.go:586.111,590.16 3 0
github.com/freiheit-com/kuberpult/pkg/db/db_team_locks.go:590.16,592.3 1 0
github.com/freiheit-com/kuberpult/pkg/db/db_team_locks.go:593.2,593.29 1 0
github.com/freiheit-com/kuberpult/pkg/db/db_team_locks.go:593.29,595.17 2 0
github.com/freiheit-com/kuberpult/pkg/db/db_team_locks.go:595.17,597.4 1 0
github.com/freiheit-com/kuberpult/pkg/db/db_team_locks.go:600.2,601.18 2 0
github.com/freiheit-com/kuberpult/pkg/db/db_team_locks.go:601.18,604.17 3 0
github.com/freiheit-com/kuberpult/pkg/db/db_team_locks.go:604.17,605.37 1 0
github.com/freiheit-com/kuberpult/pkg/db/db_team_locks.go:605.37,607.5 1 0
github.com/freiheit-com/kuberpult/pkg/db/db_team_locks.go:608.4,608.83 1 0
github.com/freiheit-com/kuberpult/pkg/db/db_team_locks.go:611.3,611.34 1 0
github.com/freiheit-com/kuberpult/pkg/db/db_team_locks.go:613.2,614.16 2 0
github.com/freiheit-com/kuberpult/pkg/db/db_team_locks.go:614.16,616.3 1 0
github.com/freiheit-com/kuberpult/pkg/db/db_team_locks.go:617.2,617.20 1 0
github.com/freiheit-com/kuberpult/pkg/db/db_testutil.go:30.34,32.25 2 1
github.com/freiheit-com/kuberpult/pkg/db/db_testutil.go:32.25,34.3 1 1
github.com/freiheit-com/kuberpult/pkg/db/db_testutil.go:35.2,35.34 1 1
github.com/freiheit-com/kuberpult/pkg/db/db_testutil.go:39.56,42.16 3 1
github.com/freiheit-com/kuberpult/pkg/db/db_testutil.go:42.16,43.37 1 0
github.com/freiheit-com/kuberpult/pkg/db/db_testutil.go:43.37,45.18 2 0
github.com/freiheit-com/kuberpult/pkg/db/db_testutil.go:45.18,47.5 1 0
github.com/freiheit-com/kuberpult/pkg/db/db_testutil.go:49.4,49.60 1 0
github.com/freiheit-com/kuberpult/pkg/db/db_testutil.go:51.3,51.17 1 0
github.com/freiheit-com/kuberpult/pkg/db/db_testutil.go:53.2,53.28 1 1
github.com/freiheit-com/kuberpult/pkg/db/db_testutil.go:56.150,75.16 3 1
github.com/freiheit-com/kuberpult/pkg/db/db_testutil.go:75.16,77.3 1 0
github.com/freiheit-com/kuberpult/pkg/db/db_testutil.go:79.2,86.16 5 1
github.com/freiheit-com/kuberpult/pkg/db/db_testutil.go:86.16,89.3 1 0
github.com/freiheit-com/kuberpult/pkg/db/db_testutil.go:90.2,95.16 3 1
github.com/freiheit-com/kuberpult/pkg/db/db_testutil.go:95.16,97.3 1 0
github.com/freiheit-com/kuberpult/pkg/db/db_testutil.go:98.2,103.16 5 1
github.com/freiheit-com/kuberpult/pkg/db/db_testutil.go:103.16,105.3 1 0
github.com/freiheit-com/kuberpult/pkg/db/db_testutil.go:107.2,107.22 1 1
github.com/freiheit-com/kuberpult/pkg/db/transactions.go:42.93,43.135 1 1
github.com/freiheit-com/kuberpult/pkg/db/transactions.go:43.135,45.18 2 1
github.com/freiheit-com/kuberpult/pkg/db/transactions.go:45.18,47.4 1 0
github.com/freiheit-com/kuberpult/pkg/db/transactions.go:48.3,48.18 1 1
github.com/freiheit-com/kuberpult/pkg/db/transactions.go:50.2,50.16 1 1
github.com/freiheit-com/kuberpult/pkg/db/transactions.go:50.16,52.3 1 0
github.com/freiheit-com/kuberpult/pkg/db/transactions.go:53.2,53.12 1 1
github.com/freiheit-com/kuberpult/pkg/db/transactions.go:57.112,58.128 1 1
github.com/freiheit-com/kuberpult/pkg/db/transactions.go:58.128,60.18 2 1
github.com/freiheit-com/kuberpult/pkg/db/transactions.go:60.18,62.4 1 0
github.com/freiheit-com/kuberpult/pkg/db/transactions.go:63.3,63.18 1 1
github.com/freiheit-com/kuberpult/pkg/db/transactions.go:65.2,65.16 1 1
github.com/freiheit-com/kuberpult/pkg/db/transactions.go:65.16,67.3 1 0
github.com/freiheit-com/kuberpult/pkg/db/transactions.go:68.2,68.12 1 1
github.com/freiheit-com/kuberpult/pkg/db/transactions.go:72.128,79.65 4 1
github.com/freiheit-com/kuberpult/pkg/db/transactions.go:79.65,81.18 2 1
github.com/freiheit-com/kuberpult/pkg/db/transactions.go:81.18,83.4 1 0
github.com/freiheit-com/kuberpult/pkg/db/transactions.go:84.3,84.18 1 1
github.com/freiheit-com/kuberpult/pkg/db/transactions.go:84.18,86.4 1 1
github.com/freiheit-com/kuberpult/pkg/db/transactions.go:87.3,87.25 1 1
github.com/freiheit-com/kuberpult/pkg/db/transactions.go:89.2,89.33 1 1
github.com/freiheit-com/kuberpult/pkg/db/transactions.go:89.33,92.3 2 1
github.com/freiheit-com/kuberpult/pkg/db/transactions.go:93.2,93.21 1 1
github.com/freiheit-com/kuberpult/pkg/db/transactions.go:97.141,102.2 1 0
github.com/freiheit-com/kuberpult/pkg/db/transactions.go:110.145,116.40 5 1
github.com/freiheit-com/kuberpult/pkg/db/transactions.go:116.40,119.3 2 0
github.com/freiheit-com/kuberpult/pkg/db/transactions.go:121.2,121.76 1 1
github.com/freiheit-com/kuberpult/pkg/db/transactions.go:121.76,122.27 1 0
github.com/freiheit-com/kuberpult/pkg/db/transactions.go:122.27,124.4 1 0
github.com/freiheit-com/kuberpult/pkg/db/transactions.go:125.3,125.34 1 0
github.com/freiheit-com/kuberpult/pkg/db/transactions.go:125.34,137.4 6 0
github.com/freiheit-com/kuberpult/pkg/db/transactions.go:137.9,139.4 1 0
github.com/freiheit-com/kuberpult/pkg/db/transactions.go:140.3,140.16 1 0
github.com/freiheit-com/kuberpult/pkg/db/transactions.go:143.2,144.16 2 1
github.com/freiheit-com/kuberpult/pkg/db/transactions.go:144.16,146.3 1 0
github.com/freiheit-com/kuberpult/pkg/db/transactions.go:147.2,147.25 1 1
github.com/freiheit-com/kuberpult/pkg/db/transactions.go:147.25,151.3 1 1
github.com/freiheit-com/kuberpult/pkg/db/transactions.go:153.2,154.16 2 1
github.com/freiheit-com/kuberpult/pkg/db/transactions.go:154.16,156.3 1 0
github.com/freiheit-com/kuberpult/pkg/db/transactions.go:157.2,158.16 2 1
github.com/freiheit-com/kuberpult/pkg/db/transactions.go:158.16,160.3 1 0
github.com/freiheit-com/kuberpult/pkg/db/transactions.go:161.2,161.20 1 1
github.com/freiheit-com/kuberpult/pkg/db/transactions.go:164.91,169.2 1 1
github.com/freiheit-com/kuberpult/pkg/db/transactions.go:171.47,173.18 2 1
github.com/freiheit-com/kuberpult/pkg/db/transactions.go:173.18,176.3 1 1
github.com/freiheit-com/kuberpult/pkg/db/transactions.go:177.2,179.80 2 1
github.com/freiheit-com/kuberpult/pkg/db/transactions.go:182.52,184.28 2 1
github.com/freiheit-com/kuberpult/pkg/db/transactions.go:184.28,186.3 1 1
github.com/freiheit-com/kuberpult/pkg/db/transactions.go:187.2,187.12 1 1
